CRITICAL - 2021-09-27 13:51:39 --> rmdir(medical_records): No such file or directory
#0 [internal function]: CodeIgniter\Debug\Exceptions->errorHandler(2, 'rmdir(medical_r...', 'C:\\xampp\\htdocs...', 168)
#1 C:\xampp\htdocs\myLPU-HIMS\admin\app\Controllers\UserInformations.php(168): rmdir('medical_records')
#2 C:\xampp\htdocs\myLPU-HIMS\codeigniter\system\CodeIgniter.php(802): App\Controllers\UserInformations->deleteLyceanInformation('2018-2-02181')
#3 C:\xampp\htdocs\myLPU-HIMS\codeigniter\system\CodeIgniter.php(399): CodeIgniter\CodeIgniter->runController(Object(App\Controllers\UserInformations))
#4 C:\xampp\htdocs\myLPU-HIMS\codeigniter\system\CodeIgniter.php(317): CodeIgniter\CodeIgniter->handleRequest(NULL, Object(Config\Cache), false)
#5 C:\xampp\htdocs\myLPU-HIMS\admin\public\index.php(37): CodeIgniter\CodeIgniter->run()
#6 {main}
CRITICAL - 2021-09-27 13:53:35 --> rmdir(./uploaded): No such file or directory
#0 [internal function]: CodeIgniter\Debug\Exceptions->errorHandler(2, 'rmdir(./uploade...', 'C:\\xampp\\htdocs...', 168)
#1 C:\xampp\htdocs\myLPU-HIMS\admin\app\Controllers\UserInformations.php(168): rmdir('./uploaded')
#2 C:\xampp\htdocs\myLPU-HIMS\codeigniter\system\CodeIgniter.php(802): App\Controllers\UserInformations->deleteLyceanInformation('2018-2-02181')
#3 C:\xampp\htdocs\myLPU-HIMS\codeigniter\system\CodeIgniter.php(399): CodeIgniter\CodeIgniter->runController(Object(App\Controllers\UserInformations))
#4 C:\xampp\htdocs\myLPU-HIMS\codeigniter\system\CodeIgniter.php(317): CodeIgniter\CodeIgniter->handleRequest(NULL, Object(Config\Cache), false)
#5 C:\xampp\htdocs\myLPU-HIMS\admin\public\index.php(37): CodeIgniter\CodeIgniter->run()
#6 {main}
CRITICAL - 2021-09-27 13:54:43 --> dirname() expects at least 1 argument, 0 given
#0 C:\xampp\htdocs\myLPU-HIMS\admin\app\Controllers\UserInformations.php(168): dirname()
#1 C:\xampp\htdocs\myLPU-HIMS\codeigniter\system\CodeIgniter.php(802): App\Controllers\UserInformations->deleteLyceanInformation('2018-2-02181')
#2 C:\xampp\htdocs\myLPU-HIMS\codeigniter\system\CodeIgniter.php(399): CodeIgniter\CodeIgniter->runController(Object(App\Controllers\UserInformations))
#3 C:\xampp\htdocs\myLPU-HIMS\codeigniter\system\CodeIgniter.php(317): CodeIgniter\CodeIgniter->handleRequest(NULL, Object(Config\Cache), false)
#4 C:\xampp\htdocs\myLPU-HIMS\admin\public\index.php(37): CodeIgniter\CodeIgniter->run()
#5 {main}
CRITICAL - 2021-09-27 13:54:44 --> dirname() expects at least 1 argument, 0 given
#0 C:\xampp\htdocs\myLPU-HIMS\admin\app\Controllers\UserInformations.php(168): dirname()
#1 C:\xampp\htdocs\myLPU-HIMS\codeigniter\system\CodeIgniter.php(802): App\Controllers\UserInformations->deleteLyceanInformation('2018-2-02181')
#2 C:\xampp\htdocs\myLPU-HIMS\codeigniter\system\CodeIgniter.php(399): CodeIgniter\CodeIgniter->runController(Object(App\Controllers\UserInformations))
#3 C:\xampp\htdocs\myLPU-HIMS\codeigniter\system\CodeIgniter.php(317): CodeIgniter\CodeIgniter->handleRequest(NULL, Object(Config\Cache), false)
#4 C:\xampp\htdocs\myLPU-HIMS\admin\public\index.php(37): CodeIgniter\CodeIgniter->run()
#5 {main}
CRITICAL - 2021-09-27 14:03:43 --> dir(myLPU-HIMS): The system cannot find the file specifi (code: 2)
#0 [internal function]: CodeIgniter\Debug\Exceptions->errorHandler(2, 'dir(myLPU-HIMS)...', 'C:\\xampp\\htdocs...', 168)
#1 C:\xampp\htdocs\myLPU-HIMS\admin\app\Controllers\UserInformations.php(168): dir('myLPU-HIMS')
#2 C:\xampp\htdocs\myLPU-HIMS\codeigniter\system\CodeIgniter.php(802): App\Controllers\UserInformations->deleteLyceanInformation('2018-2-02181')
#3 C:\xampp\htdocs\myLPU-HIMS\codeigniter\system\CodeIgniter.php(399): CodeIgniter\CodeIgniter->runController(Object(App\Controllers\UserInformations))
#4 C:\xampp\htdocs\myLPU-HIMS\codeigniter\system\CodeIgniter.php(317): CodeIgniter\CodeIgniter->handleRequest(NULL, Object(Config\Cache), false)
#5 C:\xampp\htdocs\myLPU-HIMS\admin\public\index.php(37): CodeIgniter\CodeIgniter->run()
#6 {main}
CRITICAL - 2021-09-27 14:23:57 --> Undefined array key "HOST"
#0 C:\xampp\htdocs\myLPU-HIMS\admin\app\Controllers\UserInformations.php(168): CodeIgniter\Debug\Exceptions->errorHandler(2, 'Undefined array...', 'C:\\xampp\\htdocs...', 168)
#1 C:\xampp\htdocs\myLPU-HIMS\codeigniter\system\CodeIgniter.php(802): App\Controllers\UserInformations->deleteLyceanInformation('2018-2-02181')
#2 C:\xampp\htdocs\myLPU-HIMS\codeigniter\system\CodeIgniter.php(399): CodeIgniter\CodeIgniter->runController(Object(App\Controllers\UserInformations))
#3 C:\xampp\htdocs\myLPU-HIMS\codeigniter\system\CodeIgniter.php(317): CodeIgniter\CodeIgniter->handleRequest(NULL, Object(Config\Cache), false)
#4 C:\xampp\htdocs\myLPU-HIMS\admin\public\index.php(37): CodeIgniter\CodeIgniter->run()
#5 {main}
CRITICAL - 2021-09-27 14:24:56 --> Undefined array key "HTTP_REFERER"
#0 C:\xampp\htdocs\myLPU-HIMS\admin\app\Controllers\UserInformations.php(168): CodeIgniter\Debug\Exceptions->errorHandler(2, 'Undefined array...', 'C:\\xampp\\htdocs...', 168)
#1 C:\xampp\htdocs\myLPU-HIMS\codeigniter\system\CodeIgniter.php(802): App\Controllers\UserInformations->deleteLyceanInformation('2018-2-02181')
#2 C:\xampp\htdocs\myLPU-HIMS\codeigniter\system\CodeIgniter.php(399): CodeIgniter\CodeIgniter->runController(Object(App\Controllers\UserInformations))
#3 C:\xampp\htdocs\myLPU-HIMS\codeigniter\system\CodeIgniter.php(317): CodeIgniter\CodeIgniter->handleRequest(NULL, Object(Config\Cache), false)
#4 C:\xampp\htdocs\myLPU-HIMS\admin\public\index.php(37): CodeIgniter\CodeIgniter->run()
#5 {main}
CRITICAL - 2021-09-27 14:31:59 --> rmdir(C:/xampp/htdocs/myLPU-HIMS/clinic/public/uploaded/medical_records/2014-1-72634): Directory not empty
#0 [internal function]: CodeIgniter\Debug\Exceptions->errorHandler(2, 'rmdir(C:/xampp/...', 'C:\\xampp\\htdocs...', 168)
#1 C:\xampp\htdocs\myLPU-HIMS\admin\app\Controllers\UserInformations.php(168): rmdir('C:/xampp/htdocs...')
#2 C:\xampp\htdocs\myLPU-HIMS\codeigniter\system\CodeIgniter.php(802): App\Controllers\UserInformations->deleteLyceanInformation('2018-2-02181')
#3 C:\xampp\htdocs\myLPU-HIMS\codeigniter\system\CodeIgniter.php(399): CodeIgniter\CodeIgniter->runController(Object(App\Controllers\UserInformations))
#4 C:\xampp\htdocs\myLPU-HIMS\codeigniter\system\CodeIgniter.php(317): CodeIgniter\CodeIgniter->handleRequest(NULL, Object(Config\Cache), false)
#5 C:\xampp\htdocs\myLPU-HIMS\admin\public\index.php(37): CodeIgniter\CodeIgniter->run()
#6 {main}
CRITICAL - 2021-09-27 17:44:03 --> Too few arguments to function App\Controllers\UserInformations::deleteLyceanInformation(), 0 passed in C:\xampp\htdocs\myLPU-HIMS\codeigniter\system\CodeIgniter.php on line 802 and exactly 1 expected
#0 C:\xampp\htdocs\myLPU-HIMS\codeigniter\system\CodeIgniter.php(802): App\Controllers\UserInformations->deleteLyceanInformation()
#1 C:\xampp\htdocs\myLPU-HIMS\codeigniter\system\CodeIgniter.php(399): CodeIgniter\CodeIgniter->runController(Object(App\Controllers\UserInformations))
#2 C:\xampp\htdocs\myLPU-HIMS\codeigniter\system\CodeIgniter.php(317): CodeIgniter\CodeIgniter->handleRequest(NULL, Object(Config\Cache), false)
#3 C:\xampp\htdocs\myLPU-HIMS\admin\public\index.php(37): CodeIgniter\CodeIgniter->run()
#4 {main}
CRITICAL - 2021-09-27 17:44:09 --> rmdir(C:/xampp/htdocs/myLPU-HIMS/clinic/public/uploaded/medical_records/2014-1-72634): Directory not empty
#0 [internal function]: CodeIgniter\Debug\Exceptions->errorHandler(2, 'rmdir(C:/xampp/...', 'C:\\xampp\\htdocs...', 168)
#1 C:\xampp\htdocs\myLPU-HIMS\admin\app\Controllers\UserInformations.php(168): rmdir('C:/xampp/htdocs...')
#2 C:\xampp\htdocs\myLPU-HIMS\codeigniter\system\CodeIgniter.php(802): App\Controllers\UserInformations->deleteLyceanInformation('2018-2-02181')
#3 C:\xampp\htdocs\myLPU-HIMS\codeigniter\system\CodeIgniter.php(399): CodeIgniter\CodeIgniter->runController(Object(App\Controllers\UserInformations))
#4 C:\xampp\htdocs\myLPU-HIMS\codeigniter\system\CodeIgniter.php(317): CodeIgniter\CodeIgniter->handleRequest(NULL, Object(Config\Cache), false)
#5 C:\xampp\htdocs\myLPU-HIMS\admin\public\index.php(37): CodeIgniter\CodeIgniter->run()
#6 {main}
CRITICAL - 2021-09-27 17:44:23 --> rmdir(myLPU-HIMS/clinic/public/uploaded/medical_records/2014-1-72634): No such file or directory
#0 [internal function]: CodeIgniter\Debug\Exceptions->errorHandler(2, 'rmdir(myLPU-HIM...', 'C:\\xampp\\htdocs...', 168)
#1 C:\xampp\htdocs\myLPU-HIMS\admin\app\Controllers\UserInformations.php(168): rmdir('myLPU-HIMS/clin...')
#2 C:\xampp\htdocs\myLPU-HIMS\codeigniter\system\CodeIgniter.php(802): App\Controllers\UserInformations->deleteLyceanInformation('2018-2-02181')
#3 C:\xampp\htdocs\myLPU-HIMS\codeigniter\system\CodeIgniter.php(399): CodeIgniter\CodeIgniter->runController(Object(App\Controllers\UserInformations))
#4 C:\xampp\htdocs\myLPU-HIMS\codeigniter\system\CodeIgniter.php(317): CodeIgniter\CodeIgniter->handleRequest(NULL, Object(Config\Cache), false)
#5 C:\xampp\htdocs\myLPU-HIMS\admin\public\index.php(37): CodeIgniter\CodeIgniter->run()
#6 {main}
CRITICAL - 2021-09-27 18:31:02 --> rmdir(C:/xampp/htdocs/myLPU-HIMS/clinic/public/uploaded/medical_records/2018-2-03248): Directory not empty
#0 [internal function]: CodeIgniter\Debug\Exceptions->errorHandler(2, 'rmdir(C:/xampp/...', 'C:\\xampp\\htdocs...', 168)
#1 C:\xampp\htdocs\myLPU-HIMS\admin\app\Controllers\UserInformations.php(168): rmdir('C:/xampp/htdocs...')
#2 C:\xampp\htdocs\myLPU-HIMS\codeigniter\system\CodeIgniter.php(802): App\Controllers\UserInformations->deleteLyceanInformation('2018-2-03248')
#3 C:\xampp\htdocs\myLPU-HIMS\codeigniter\system\CodeIgniter.php(399): CodeIgniter\CodeIgniter->runController(Object(App\Controllers\UserInformations))
#4 C:\xampp\htdocs\myLPU-HIMS\codeigniter\system\CodeIgniter.php(317): CodeIgniter\CodeIgniter->handleRequest(NULL, Object(Config\Cache), false)
#5 C:\xampp\htdocs\myLPU-HIMS\admin\public\index.php(37): CodeIgniter\CodeIgniter->run()
#6 {main}
CRITICAL - 2021-09-27 18:46:36 --> unlink(C:/xampp/htdocs/myLPU-HIMS/clinic/public/uploaded/medical_records/2018-2-03248/*): No such file or directory
#0 [internal function]: CodeIgniter\Debug\Exceptions->errorHandler(2, 'unlink(C:/xampp...', 'C:\\xampp\\htdocs...', 168)
#1 C:\xampp\htdocs\myLPU-HIMS\admin\app\Controllers\UserInformations.php(168): unlink('C:/xampp/htdocs...')
#2 C:\xampp\htdocs\myLPU-HIMS\codeigniter\system\CodeIgniter.php(802): App\Controllers\UserInformations->deleteLyceanInformation('2018-2-03248')
#3 C:\xampp\htdocs\myLPU-HIMS\codeigniter\system\CodeIgniter.php(399): CodeIgniter\CodeIgniter->runController(Object(App\Controllers\UserInformations))
#4 C:\xampp\htdocs\myLPU-HIMS\codeigniter\system\CodeIgniter.php(317): CodeIgniter\CodeIgniter->handleRequest(NULL, Object(Config\Cache), false)
#5 C:\xampp\htdocs\myLPU-HIMS\admin\public\index.php(37): CodeIgniter\CodeIgniter->run()
#6 {main}
CRITICAL - 2021-09-27 18:46:38 --> unlink(C:/xampp/htdocs/myLPU-HIMS/clinic/public/uploaded/medical_records/2018-2-03248/*): No such file or directory
#0 [internal function]: CodeIgniter\Debug\Exceptions->errorHandler(2, 'unlink(C:/xampp...', 'C:\\xampp\\htdocs...', 168)
#1 C:\xampp\htdocs\myLPU-HIMS\admin\app\Controllers\UserInformations.php(168): unlink('C:/xampp/htdocs...')
#2 C:\xampp\htdocs\myLPU-HIMS\codeigniter\system\CodeIgniter.php(802): App\Controllers\UserInformations->deleteLyceanInformation('2018-2-03248')
#3 C:\xampp\htdocs\myLPU-HIMS\codeigniter\system\CodeIgniter.php(399): CodeIgniter\CodeIgniter->runController(Object(App\Controllers\UserInformations))
#4 C:\xampp\htdocs\myLPU-HIMS\codeigniter\system\CodeIgniter.php(317): CodeIgniter\CodeIgniter->handleRequest(NULL, Object(Config\Cache), false)
#5 C:\xampp\htdocs\myLPU-HIMS\admin\public\index.php(37): CodeIgniter\CodeIgniter->run()
#6 {main}
CRITICAL - 2021-09-27 18:46:40 --> unlink(C:/xampp/htdocs/myLPU-HIMS/clinic/public/uploaded/medical_records/2018-2-03248/*): No such file or directory
#0 [internal function]: CodeIgniter\Debug\Exceptions->errorHandler(2, 'unlink(C:/xampp...', 'C:\\xampp\\htdocs...', 168)
#1 C:\xampp\htdocs\myLPU-HIMS\admin\app\Controllers\UserInformations.php(168): unlink('C:/xampp/htdocs...')
#2 C:\xampp\htdocs\myLPU-HIMS\codeigniter\system\CodeIgniter.php(802): App\Controllers\UserInformations->deleteLyceanInformation('2018-2-03248')
#3 C:\xampp\htdocs\myLPU-HIMS\codeigniter\system\CodeIgniter.php(399): CodeIgniter\CodeIgniter->runController(Object(App\Controllers\UserInformations))
#4 C:\xampp\htdocs\myLPU-HIMS\codeigniter\system\CodeIgniter.php(317): CodeIgniter\CodeIgniter->handleRequest(NULL, Object(Config\Cache), false)
#5 C:\xampp\htdocs\myLPU-HIMS\admin\public\index.php(37): CodeIgniter\CodeIgniter->run()
#6 {main}
CRITICAL - 2021-09-27 18:51:10 --> Array to string conversion
#0 C:\xampp\htdocs\myLPU-HIMS\admin\app\Controllers\UserInformations.php(169): CodeIgniter\Debug\Exceptions->errorHandler(2, 'Array to string...', 'C:\\xampp\\htdocs...', 169)
#1 C:\xampp\htdocs\myLPU-HIMS\codeigniter\system\CodeIgniter.php(802): App\Controllers\UserInformations->deleteLyceanInformation('2018-2-03248')
#2 C:\xampp\htdocs\myLPU-HIMS\codeigniter\system\CodeIgniter.php(399): CodeIgniter\CodeIgniter->runController(Object(App\Controllers\UserInformations))
#3 C:\xampp\htdocs\myLPU-HIMS\codeigniter\system\CodeIgniter.php(317): CodeIgniter\CodeIgniter->handleRequest(NULL, Object(Config\Cache), false)
#4 C:\xampp\htdocs\myLPU-HIMS\admin\public\index.php(37): CodeIgniter\CodeIgniter->run()
#5 {main}
CRITICAL - 2021-09-27 18:57:29 --> rmdir(./myLPU-HIMS/clinic/public/uploaded/medical_records/2018-2-03248): No such file or directory
#0 [internal function]: CodeIgniter\Debug\Exceptions->errorHandler(2, 'rmdir(./myLPU-H...', 'C:\\xampp\\htdocs...', 170)
#1 C:\xampp\htdocs\myLPU-HIMS\admin\app\Controllers\UserInformations.php(170): rmdir('./myLPU-HIMS/cl...')
#2 C:\xampp\htdocs\myLPU-HIMS\codeigniter\system\CodeIgniter.php(802): App\Controllers\UserInformations->deleteLyceanInformation('2018-2-03248')
#3 C:\xampp\htdocs\myLPU-HIMS\codeigniter\system\CodeIgniter.php(399): CodeIgniter\CodeIgniter->runController(Object(App\Controllers\UserInformations))
#4 C:\xampp\htdocs\myLPU-HIMS\codeigniter\system\CodeIgniter.php(317): CodeIgniter\CodeIgniter->handleRequest(NULL, Object(Config\Cache), false)
#5 C:\xampp\htdocs\myLPU-HIMS\admin\public\index.php(37): CodeIgniter\CodeIgniter->run()
#6 {main}
CRITICAL - 2021-09-27 19:11:40 --> unlink(C:/xampp/htdocs/myLPU-HIMS/clinic/public/uploaded/medical_records/2018-2-03248/*): No such file or directory
#0 [internal function]: CodeIgniter\Debug\Exceptions->errorHandler(2, 'unlink(C:/xampp...', 'C:\\xampp\\htdocs...', 170)
#1 C:\xampp\htdocs\myLPU-HIMS\admin\app\Controllers\UserInformations.php(170): unlink('C:/xampp/htdocs...')
#2 C:\xampp\htdocs\myLPU-HIMS\codeigniter\system\CodeIgniter.php(802): App\Controllers\UserInformations->deleteLyceanInformation('2018-2-03248')
#3 C:\xampp\htdocs\myLPU-HIMS\codeigniter\system\CodeIgniter.php(399): CodeIgniter\CodeIgniter->runController(Object(App\Controllers\UserInformations))
#4 C:\xampp\htdocs\myLPU-HIMS\codeigniter\system\CodeIgniter.php(317): CodeIgniter\CodeIgniter->handleRequest(NULL, Object(Config\Cache), false)
#5 C:\xampp\htdocs\myLPU-HIMS\admin\public\index.php(37): CodeIgniter\CodeIgniter->run()
#6 {main}
CRITICAL - 2021-09-27 19:11:41 --> unlink(C:/xampp/htdocs/myLPU-HIMS/clinic/public/uploaded/medical_records/2018-2-03248/*): No such file or directory
#0 [internal function]: CodeIgniter\Debug\Exceptions->errorHandler(2, 'unlink(C:/xampp...', 'C:\\xampp\\htdocs...', 170)
#1 C:\xampp\htdocs\myLPU-HIMS\admin\app\Controllers\UserInformations.php(170): unlink('C:/xampp/htdocs...')
#2 C:\xampp\htdocs\myLPU-HIMS\codeigniter\system\CodeIgniter.php(802): App\Controllers\UserInformations->deleteLyceanInformation('2018-2-03248')
#3 C:\xampp\htdocs\myLPU-HIMS\codeigniter\system\CodeIgniter.php(399): CodeIgniter\CodeIgniter->runController(Object(App\Controllers\UserInformations))
#4 C:\xampp\htdocs\myLPU-HIMS\codeigniter\system\CodeIgniter.php(317): CodeIgniter\CodeIgniter->handleRequest(NULL, Object(Config\Cache), false)
#5 C:\xampp\htdocs\myLPU-HIMS\admin\public\index.php(37): CodeIgniter\CodeIgniter->run()
#6 {main}
CRITICAL - 2021-09-27 19:11:42 --> unlink(C:/xampp/htdocs/myLPU-HIMS/clinic/public/uploaded/medical_records/2018-2-03248/*): No such file or directory
#0 [internal function]: CodeIgniter\Debug\Exceptions->errorHandler(2, 'unlink(C:/xampp...', 'C:\\xampp\\htdocs...', 170)
#1 C:\xampp\htdocs\myLPU-HIMS\admin\app\Controllers\UserInformations.php(170): unlink('C:/xampp/htdocs...')
#2 C:\xampp\htdocs\myLPU-HIMS\codeigniter\system\CodeIgniter.php(802): App\Controllers\UserInformations->deleteLyceanInformation('2018-2-03248')
#3 C:\xampp\htdocs\myLPU-HIMS\codeigniter\system\CodeIgniter.php(399): CodeIgniter\CodeIgniter->runController(Object(App\Controllers\UserInformations))
#4 C:\xampp\htdocs\myLPU-HIMS\codeigniter\system\CodeIgniter.php(317): CodeIgniter\CodeIgniter->handleRequest(NULL, Object(Config\Cache), false)
#5 C:\xampp\htdocs\myLPU-HIMS\admin\public\index.php(37): CodeIgniter\CodeIgniter->run()
#6 {main}
CRITICAL - 2021-09-27 19:11:42 --> unlink(C:/xampp/htdocs/myLPU-HIMS/clinic/public/uploaded/medical_records/2018-2-03248/*): No such file or directory
#0 [internal function]: CodeIgniter\Debug\Exceptions->errorHandler(2, 'unlink(C:/xampp...', 'C:\\xampp\\htdocs...', 170)
#1 C:\xampp\htdocs\myLPU-HIMS\admin\app\Controllers\UserInformations.php(170): unlink('C:/xampp/htdocs...')
#2 C:\xampp\htdocs\myLPU-HIMS\codeigniter\system\CodeIgniter.php(802): App\Controllers\UserInformations->deleteLyceanInformation('2018-2-03248')
#3 C:\xampp\htdocs\myLPU-HIMS\codeigniter\system\CodeIgniter.php(399): CodeIgniter\CodeIgniter->runController(Object(App\Controllers\UserInformations))
#4 C:\xampp\htdocs\myLPU-HIMS\codeigniter\system\CodeIgniter.php(317): CodeIgniter\CodeIgniter->handleRequest(NULL, Object(Config\Cache), false)
#5 C:\xampp\htdocs\myLPU-HIMS\admin\public\index.php(37): CodeIgniter\CodeIgniter->run()
#6 {main}
CRITICAL - 2021-09-27 19:12:37 --> unlink(): Argument #1 ($filename) must be of type string, array given
#0 C:\xampp\htdocs\myLPU-HIMS\admin\app\Controllers\UserInformations.php(170): unlink(Array)
#1 C:\xampp\htdocs\myLPU-HIMS\codeigniter\system\CodeIgniter.php(802): App\Controllers\UserInformations->deleteLyceanInformation('2018-2-03248')
#2 C:\xampp\htdocs\myLPU-HIMS\codeigniter\system\CodeIgniter.php(399): CodeIgniter\CodeIgniter->runController(Object(App\Controllers\UserInformations))
#3 C:\xampp\htdocs\myLPU-HIMS\codeigniter\system\CodeIgniter.php(317): CodeIgniter\CodeIgniter->handleRequest(NULL, Object(Config\Cache), false)
#4 C:\xampp\htdocs\myLPU-HIMS\admin\public\index.php(37): CodeIgniter\CodeIgniter->run()
#5 {main}
CRITICAL - 2021-09-27 19:20:46 --> Trying to access array offset on value of type null
#0 C:\xampp\htdocs\myLPU-HIMS\admin\app\Controllers\UserInformations.php(170): CodeIgniter\Debug\Exceptions->errorHandler(2, 'Trying to acces...', 'C:\\xampp\\htdocs...', 170)
#1 C:\xampp\htdocs\myLPU-HIMS\codeigniter\system\CodeIgniter.php(802): App\Controllers\UserInformations->deleteLyceanInformation('2018-2-03248')
#2 C:\xampp\htdocs\myLPU-HIMS\codeigniter\system\CodeIgniter.php(399): CodeIgniter\CodeIgniter->runController(Object(App\Controllers\UserInformations))
#3 C:\xampp\htdocs\myLPU-HIMS\codeigniter\system\CodeIgniter.php(317): CodeIgniter\CodeIgniter->handleRequest(NULL, Object(Config\Cache), false)
#4 C:\xampp\htdocs\myLPU-HIMS\admin\public\index.php(37): CodeIgniter\CodeIgniter->run()
#5 {main}
CRITICAL - 2021-09-27 19:26:00 --> rmdir(C:/xampp/htdocs/myLPU-HIMS/clinic/public/uploaded/medical_records/2018-2-03248): No such file or directory
#0 [internal function]: CodeIgniter\Debug\Exceptions->errorHandler(2, 'rmdir(C:/xampp/...', 'C:\\xampp\\htdocs...', 175)
#1 C:\xampp\htdocs\myLPU-HIMS\admin\app\Controllers\UserInformations.php(175): rmdir('C:/xampp/htdocs...')
#2 C:\xampp\htdocs\myLPU-HIMS\codeigniter\system\CodeIgniter.php(802): App\Controllers\UserInformations->deleteLyceanInformation('2018-2-03248')
#3 C:\xampp\htdocs\myLPU-HIMS\codeigniter\system\CodeIgniter.php(399): CodeIgniter\CodeIgniter->runController(Object(App\Controllers\UserInformations))
#4 C:\xampp\htdocs\myLPU-HIMS\codeigniter\system\CodeIgniter.php(317): CodeIgniter\CodeIgniter->handleRequest(NULL, Object(Config\Cache), false)
#5 C:\xampp\htdocs\myLPU-HIMS\admin\public\index.php(37): CodeIgniter\CodeIgniter->run()
#6 {main}
ERROR - 2021-09-27 19:41:49 --> Cannot delete or update a parent row: a foreign key constraint fails (`mylpuhims_db`.`lyceans_account`, CONSTRAINT `fk_lycean_credentials_lyceans1` FOREIGN KEY (`id_no`) REFERENCES `lyceans` (`id_no`) ON DELETE NO ACTION ON UPDATE NO ACTION)
CRITICAL - 2021-09-27 19:41:49 --> Cannot delete or update a parent row: a foreign key constraint fails (`mylpuhims_db`.`lyceans_account`, CONSTRAINT `fk_lycean_credentials_lyceans1` FOREIGN KEY (`id_no`) REFERENCES `lyceans` (`id_no`) ON DELETE NO ACTION ON UPDATE NO ACTION)
#0 C:\xampp\htdocs\myLPU-HIMS\codeigniter\system\Database\MySQLi\Connection.php(280): mysqli->query('DELETE FROM `ly...')
#1 C:\xampp\htdocs\myLPU-HIMS\codeigniter\system\Database\BaseConnection.php(663): CodeIgniter\Database\MySQLi\Connection->execute('DELETE FROM `ly...')
#2 C:\xampp\htdocs\myLPU-HIMS\codeigniter\system\Database\BaseConnection.php(591): CodeIgniter\Database\BaseConnection->simpleQuery('DELETE FROM `ly...')
#3 C:\xampp\htdocs\myLPU-HIMS\codeigniter\system\Database\BaseBuilder.php(2175): CodeIgniter\Database\BaseConnection->query('DELETE FROM `ly...', Array, false)
#4 C:\xampp\htdocs\myLPU-HIMS\codeigniter\system\Model.php(359): CodeIgniter\Database\BaseBuilder->delete()
#5 C:\xampp\htdocs\myLPU-HIMS\codeigniter\system\BaseModel.php(963): CodeIgniter\Model->doDelete(Array, false)
#6 C:\xampp\htdocs\myLPU-HIMS\admin\app\Controllers\UserInformations.php(158): CodeIgniter\BaseModel->delete(Array)
#7 C:\xampp\htdocs\myLPU-HIMS\codeigniter\system\CodeIgniter.php(802): App\Controllers\UserInformations->deleteLyceanInformation('2018-2-03248')
#8 C:\xampp\htdocs\myLPU-HIMS\codeigniter\system\CodeIgniter.php(399): CodeIgniter\CodeIgniter->runController(Object(App\Controllers\UserInformations))
#9 C:\xampp\htdocs\myLPU-HIMS\codeigniter\system\CodeIgniter.php(317): CodeIgniter\CodeIgniter->handleRequest(NULL, Object(Config\Cache), false)
#10 C:\xampp\htdocs\myLPU-HIMS\admin\public\index.php(37): CodeIgniter\CodeIgniter->run()
#11 {main}
ERROR - 2021-09-27 19:42:40 --> Cannot delete or update a parent row: a foreign key constraint fails (`mylpuhims_db`.`lyceans_account`, CONSTRAINT `fk_lycean_credentials_lyceans1` FOREIGN KEY (`id_no`) REFERENCES `lyceans` (`id_no`) ON DELETE NO ACTION ON UPDATE NO ACTION)
CRITICAL - 2021-09-27 19:42:40 --> Cannot delete or update a parent row: a foreign key constraint fails (`mylpuhims_db`.`lyceans_account`, CONSTRAINT `fk_lycean_credentials_lyceans1` FOREIGN KEY (`id_no`) REFERENCES `lyceans` (`id_no`) ON DELETE NO ACTION ON UPDATE NO ACTION)
#0 C:\xampp\htdocs\myLPU-HIMS\codeigniter\system\Database\MySQLi\Connection.php(280): mysqli->query('DELETE FROM `ly...')
#1 C:\xampp\htdocs\myLPU-HIMS\codeigniter\system\Database\BaseConnection.php(663): CodeIgniter\Database\MySQLi\Connection->execute('DELETE FROM `ly...')
#2 C:\xampp\htdocs\myLPU-HIMS\codeigniter\system\Database\BaseConnection.php(591): CodeIgniter\Database\BaseConnection->simpleQuery('DELETE FROM `ly...')
#3 C:\xampp\htdocs\myLPU-HIMS\codeigniter\system\Database\BaseBuilder.php(2175): CodeIgniter\Database\BaseConnection->query('DELETE FROM `ly...', Array, false)
#4 C:\xampp\htdocs\myLPU-HIMS\codeigniter\system\Model.php(359): CodeIgniter\Database\BaseBuilder->delete()
#5 C:\xampp\htdocs\myLPU-HIMS\codeigniter\system\BaseModel.php(963): CodeIgniter\Model->doDelete(Array, false)
#6 C:\xampp\htdocs\myLPU-HIMS\admin\app\Controllers\UserInformations.php(158): CodeIgniter\BaseModel->delete(Array)
#7 C:\xampp\htdocs\myLPU-HIMS\codeigniter\system\CodeIgniter.php(802): App\Controllers\UserInformations->deleteLyceanInformation('2015-2-06969')
#8 C:\xampp\htdocs\myLPU-HIMS\codeigniter\system\CodeIgniter.php(399): CodeIgniter\CodeIgniter->runController(Object(App\Controllers\UserInformations))
#9 C:\xampp\htdocs\myLPU-HIMS\codeigniter\system\CodeIgniter.php(317): CodeIgniter\CodeIgniter->handleRequest(NULL, Object(Config\Cache), false)
#10 C:\xampp\htdocs\myLPU-HIMS\admin\public\index.php(37): CodeIgniter\CodeIgniter->run()
#11 {main}
ERROR - 2021-09-27 19:47:57 --> Cannot delete or update a parent row: a foreign key constraint fails (`mylpuhims_db`.`health_records`, CONSTRAINT `fk_health_record_lyceans1` FOREIGN KEY (`id_no`) REFERENCES `lyceans` (`id_no`) ON DELETE NO ACTION ON UPDATE NO ACTION)
CRITICAL - 2021-09-27 19:47:57 --> Cannot delete or update a parent row: a foreign key constraint fails (`mylpuhims_db`.`health_records`, CONSTRAINT `fk_health_record_lyceans1` FOREIGN KEY (`id_no`) REFERENCES `lyceans` (`id_no`) ON DELETE NO ACTION ON UPDATE NO ACTION)
#0 C:\xampp\htdocs\myLPU-HIMS\codeigniter\system\Database\MySQLi\Connection.php(280): mysqli->query('DELETE FROM `ly...')
#1 C:\xampp\htdocs\myLPU-HIMS\codeigniter\system\Database\BaseConnection.php(663): CodeIgniter\Database\MySQLi\Connection->execute('DELETE FROM `ly...')
#2 C:\xampp\htdocs\myLPU-HIMS\codeigniter\system\Database\BaseConnection.php(591): CodeIgniter\Database\BaseConnection->simpleQuery('DELETE FROM `ly...')
#3 C:\xampp\htdocs\myLPU-HIMS\codeigniter\system\Database\BaseBuilder.php(2175): CodeIgniter\Database\BaseConnection->query('DELETE FROM `ly...', Array, false)
#4 C:\xampp\htdocs\myLPU-HIMS\codeigniter\system\Model.php(359): CodeIgniter\Database\BaseBuilder->delete()
#5 C:\xampp\htdocs\myLPU-HIMS\codeigniter\system\BaseModel.php(963): CodeIgniter\Model->doDelete(Array, false)
#6 C:\xampp\htdocs\myLPU-HIMS\admin\app\Controllers\UserInformations.php(158): CodeIgniter\BaseModel->delete(Array)
#7 C:\xampp\htdocs\myLPU-HIMS\admin\app\Controllers\UserInformations.php(181): App\Controllers\UserInformations->deleteLyceanInformation('2018-2-03248')
#8 C:\xampp\htdocs\myLPU-HIMS\codeigniter\system\CodeIgniter.php(802): App\Controllers\UserInformations->deleteStudentInformation('2018-2-03248')
#9 C:\xampp\htdocs\myLPU-HIMS\codeigniter\system\CodeIgniter.php(399): CodeIgniter\CodeIgniter->runController(Object(App\Controllers\UserInformations))
#10 C:\xampp\htdocs\myLPU-HIMS\codeigniter\system\CodeIgniter.php(317): CodeIgniter\CodeIgniter->handleRequest(NULL, Object(Config\Cache), false)
#11 C:\xampp\htdocs\myLPU-HIMS\admin\public\index.php(37): CodeIgniter\CodeIgniter->run()
#12 {main}
ERROR - 2021-09-27 19:50:11 --> Cannot delete or update a parent row: a foreign key constraint fails (`mylpuhims_db`.`health_records`, CONSTRAINT `fk_health_record_lyceans1` FOREIGN KEY (`id_no`) REFERENCES `lyceans` (`id_no`) ON DELETE NO ACTION ON UPDATE NO ACTION)
CRITICAL - 2021-09-27 19:50:11 --> Cannot delete or update a parent row: a foreign key constraint fails (`mylpuhims_db`.`health_records`, CONSTRAINT `fk_health_record_lyceans1` FOREIGN KEY (`id_no`) REFERENCES `lyceans` (`id_no`) ON DELETE NO ACTION ON UPDATE NO ACTION)
#0 C:\xampp\htdocs\myLPU-HIMS\codeigniter\system\Database\MySQLi\Connection.php(280): mysqli->query('DELETE FROM `ly...')
#1 C:\xampp\htdocs\myLPU-HIMS\codeigniter\system\Database\BaseConnection.php(663): CodeIgniter\Database\MySQLi\Connection->execute('DELETE FROM `ly...')
#2 C:\xampp\htdocs\myLPU-HIMS\codeigniter\system\Database\BaseConnection.php(591): CodeIgniter\Database\BaseConnection->simpleQuery('DELETE FROM `ly...')
#3 C:\xampp\htdocs\myLPU-HIMS\codeigniter\system\Database\BaseBuilder.php(2175): CodeIgniter\Database\BaseConnection->query('DELETE FROM `ly...', Array, false)
#4 C:\xampp\htdocs\myLPU-HIMS\codeigniter\system\Model.php(359): CodeIgniter\Database\BaseBuilder->delete()
#5 C:\xampp\htdocs\myLPU-HIMS\codeigniter\system\BaseModel.php(963): CodeIgniter\Model->doDelete(Array, false)
#6 C:\xampp\htdocs\myLPU-HIMS\admin\app\Controllers\UserInformations.php(158): CodeIgniter\BaseModel->delete(Array)
#7 C:\xampp\htdocs\myLPU-HIMS\admin\app\Controllers\UserInformations.php(181): App\Controllers\UserInformations->deleteLyceanInformation('2018-2-03248')
#8 C:\xampp\htdocs\myLPU-HIMS\codeigniter\system\CodeIgniter.php(802): App\Controllers\UserInformations->deleteStudentInformation('2018-2-03248')
#9 C:\xampp\htdocs\myLPU-HIMS\codeigniter\system\CodeIgniter.php(399): CodeIgniter\CodeIgniter->runController(Object(App\Controllers\UserInformations))
#10 C:\xampp\htdocs\myLPU-HIMS\codeigniter\system\CodeIgniter.php(317): CodeIgniter\CodeIgniter->handleRequest(NULL, Object(Config\Cache), false)
#11 C:\xampp\htdocs\myLPU-HIMS\admin\public\index.php(37): CodeIgniter\CodeIgniter->run()
#12 {main}
CRITICAL - 2021-09-27 20:03:51 --> Deletes are not allowed unless they contain a "where" or "like" clause.
#0 C:\xampp\htdocs\myLPU-HIMS\codeigniter\system\Model.php(359): CodeIgniter\Database\BaseBuilder->delete()
#1 C:\xampp\htdocs\myLPU-HIMS\codeigniter\system\BaseModel.php(963): CodeIgniter\Model->doDelete(NULL, false)
#2 C:\xampp\htdocs\myLPU-HIMS\admin\app\Controllers\UserInformations.php(253): CodeIgniter\BaseModel->delete()
#3 C:\xampp\htdocs\myLPU-HIMS\codeigniter\system\CodeIgniter.php(802): App\Controllers\UserInformations->deleteAllInformations()
#4 C:\xampp\htdocs\myLPU-HIMS\codeigniter\system\CodeIgniter.php(399): CodeIgniter\CodeIgniter->runController(Object(App\Controllers\UserInformations))
#5 C:\xampp\htdocs\myLPU-HIMS\codeigniter\system\CodeIgniter.php(317): CodeIgniter\CodeIgniter->handleRequest(NULL, Object(Config\Cache), false)
#6 C:\xampp\htdocs\myLPU-HIMS\admin\public\index.php(37): CodeIgniter\CodeIgniter->run()
#7 {main}
CRITICAL - 2021-09-27 20:15:47 --> Deletes are not allowed unless they contain a "where" or "like" clause.
#0 C:\xampp\htdocs\myLPU-HIMS\admin\app\Controllers\UserInformations.php(255): CodeIgniter\Database\BaseBuilder->delete()
#1 C:\xampp\htdocs\myLPU-HIMS\codeigniter\system\CodeIgniter.php(802): App\Controllers\UserInformations->deleteAllInformations()
#2 C:\xampp\htdocs\myLPU-HIMS\codeigniter\system\CodeIgniter.php(399): CodeIgniter\CodeIgniter->runController(Object(App\Controllers\UserInformations))
#3 C:\xampp\htdocs\myLPU-HIMS\codeigniter\system\CodeIgniter.php(317): CodeIgniter\CodeIgniter->handleRequest(NULL, Object(Config\Cache), false)
#4 C:\xampp\htdocs\myLPU-HIMS\admin\public\index.php(37): CodeIgniter\CodeIgniter->run()
#5 {main}
CRITICAL - 2021-09-27 20:15:48 --> Deletes are not allowed unless they contain a "where" or "like" clause.
#0 C:\xampp\htdocs\myLPU-HIMS\admin\app\Controllers\UserInformations.php(255): CodeIgniter\Database\BaseBuilder->delete()
#1 C:\xampp\htdocs\myLPU-HIMS\codeigniter\system\CodeIgniter.php(802): App\Controllers\UserInformations->deleteAllInformations()
#2 C:\xampp\htdocs\myLPU-HIMS\codeigniter\system\CodeIgniter.php(399): CodeIgniter\CodeIgniter->runController(Object(App\Controllers\UserInformations))
#3 C:\xampp\htdocs\myLPU-HIMS\codeigniter\system\CodeIgniter.php(317): CodeIgniter\CodeIgniter->handleRequest(NULL, Object(Config\Cache), false)
#4 C:\xampp\htdocs\myLPU-HIMS\admin\public\index.php(37): CodeIgniter\CodeIgniter->run()
#5 {main}
CRITICAL - 2021-09-27 20:15:49 --> Deletes are not allowed unless they contain a "where" or "like" clause.
#0 C:\xampp\htdocs\myLPU-HIMS\admin\app\Controllers\UserInformations.php(255): CodeIgniter\Database\BaseBuilder->delete()
#1 C:\xampp\htdocs\myLPU-HIMS\codeigniter\system\CodeIgniter.php(802): App\Controllers\UserInformations->deleteAllInformations()
#2 C:\xampp\htdocs\myLPU-HIMS\codeigniter\system\CodeIgniter.php(399): CodeIgniter\CodeIgniter->runController(Object(App\Controllers\UserInformations))
#3 C:\xampp\htdocs\myLPU-HIMS\codeigniter\system\CodeIgniter.php(317): CodeIgniter\CodeIgniter->handleRequest(NULL, Object(Config\Cache), false)
#4 C:\xampp\htdocs\myLPU-HIMS\admin\public\index.php(37): CodeIgniter\CodeIgniter->run()
#5 {main}
CRITICAL - 2021-09-27 20:15:49 --> Deletes are not allowed unless they contain a "where" or "like" clause.
#0 C:\xampp\htdocs\myLPU-HIMS\admin\app\Controllers\UserInformations.php(255): CodeIgniter\Database\BaseBuilder->delete()
#1 C:\xampp\htdocs\myLPU-HIMS\codeigniter\system\CodeIgniter.php(802): App\Controllers\UserInformations->deleteAllInformations()
#2 C:\xampp\htdocs\myLPU-HIMS\codeigniter\system\CodeIgniter.php(399): CodeIgniter\CodeIgniter->runController(Object(App\Controllers\UserInformations))
#3 C:\xampp\htdocs\myLPU-HIMS\codeigniter\system\CodeIgniter.php(317): CodeIgniter\CodeIgniter->handleRequest(NULL, Object(Config\Cache), false)
#4 C:\xampp\htdocs\myLPU-HIMS\admin\public\index.php(37): CodeIgniter\CodeIgniter->run()
#5 {main}
CRITICAL - 2021-09-27 20:15:50 --> Deletes are not allowed unless they contain a "where" or "like" clause.
#0 C:\xampp\htdocs\myLPU-HIMS\admin\app\Controllers\UserInformations.php(255): CodeIgniter\Database\BaseBuilder->delete()
#1 C:\xampp\htdocs\myLPU-HIMS\codeigniter\system\CodeIgniter.php(802): App\Controllers\UserInformations->deleteAllInformations()
#2 C:\xampp\htdocs\myLPU-HIMS\codeigniter\system\CodeIgniter.php(399): CodeIgniter\CodeIgniter->runController(Object(App\Controllers\UserInformations))
#3 C:\xampp\htdocs\myLPU-HIMS\codeigniter\system\CodeIgniter.php(317): CodeIgniter\CodeIgniter->handleRequest(NULL, Object(Config\Cache), false)
#4 C:\xampp\htdocs\myLPU-HIMS\admin\public\index.php(37): CodeIgniter\CodeIgniter->run()
#5 {main}
CRITICAL - 2021-09-27 20:15:50 --> Deletes are not allowed unless they contain a "where" or "like" clause.
#0 C:\xampp\htdocs\myLPU-HIMS\admin\app\Controllers\UserInformations.php(255): CodeIgniter\Database\BaseBuilder->delete()
#1 C:\xampp\htdocs\myLPU-HIMS\codeigniter\system\CodeIgniter.php(802): App\Controllers\UserInformations->deleteAllInformations()
#2 C:\xampp\htdocs\myLPU-HIMS\codeigniter\system\CodeIgniter.php(399): CodeIgniter\CodeIgniter->runController(Object(App\Controllers\UserInformations))
#3 C:\xampp\htdocs\myLPU-HIMS\codeigniter\system\CodeIgniter.php(317): CodeIgniter\CodeIgniter->handleRequest(NULL, Object(Config\Cache), false)
#4 C:\xampp\htdocs\myLPU-HIMS\admin\public\index.php(37): CodeIgniter\CodeIgniter->run()
#5 {main}
CRITICAL - 2021-09-27 20:17:27 --> syntax error, unexpected token "}"
#0 C:\xampp\htdocs\myLPU-HIMS\codeigniter\system\Router\Router.php(160): CodeIgniter\Router\Router->autoRoute('userinformation...')
#1 C:\xampp\htdocs\myLPU-HIMS\codeigniter\system\CodeIgniter.php(702): CodeIgniter\Router\Router->handle('userinformation...')
#2 C:\xampp\htdocs\myLPU-HIMS\codeigniter\system\CodeIgniter.php(358): CodeIgniter\CodeIgniter->tryToRouteIt(Object(CodeIgniter\Router\RouteCollection))
#3 C:\xampp\htdocs\myLPU-HIMS\codeigniter\system\CodeIgniter.php(317): CodeIgniter\CodeIgniter->handleRequest(NULL, Object(Config\Cache), false)
#4 C:\xampp\htdocs\myLPU-HIMS\admin\public\index.php(37): CodeIgniter\CodeIgniter->run()
#5 {main}
CRITICAL - 2021-09-27 20:17:33 --> Deletes are not allowed unless they contain a "where" or "like" clause.
#0 C:\xampp\htdocs\myLPU-HIMS\codeigniter\system\Model.php(359): CodeIgniter\Database\BaseBuilder->delete()
#1 C:\xampp\htdocs\myLPU-HIMS\codeigniter\system\BaseModel.php(963): CodeIgniter\Model->doDelete(NULL, false)
#2 C:\xampp\htdocs\myLPU-HIMS\admin\app\Controllers\UserInformations.php(254): CodeIgniter\BaseModel->delete()
#3 C:\xampp\htdocs\myLPU-HIMS\codeigniter\system\CodeIgniter.php(802): App\Controllers\UserInformations->deleteAllInformations()
#4 C:\xampp\htdocs\myLPU-HIMS\codeigniter\system\CodeIgniter.php(399): CodeIgniter\CodeIgniter->runController(Object(App\Controllers\UserInformations))
#5 C:\xampp\htdocs\myLPU-HIMS\codeigniter\system\CodeIgniter.php(317): CodeIgniter\CodeIgniter->handleRequest(NULL, Object(Config\Cache), false)
#6 C:\xampp\htdocs\myLPU-HIMS\admin\public\index.php(37): CodeIgniter\CodeIgniter->run()
#7 {main}
CRITICAL - 2021-09-27 20:17:59 --> Deletes are not allowed unless they contain a "where" or "like" clause.
#0 C:\xampp\htdocs\myLPU-HIMS\codeigniter\system\Model.php(359): CodeIgniter\Database\BaseBuilder->delete()
#1 C:\xampp\htdocs\myLPU-HIMS\codeigniter\system\BaseModel.php(963): CodeIgniter\Model->doDelete(Array, false)
#2 C:\xampp\htdocs\myLPU-HIMS\admin\app\Controllers\UserInformations.php(254): CodeIgniter\BaseModel->delete(Array)
#3 C:\xampp\htdocs\myLPU-HIMS\codeigniter\system\CodeIgniter.php(802): App\Controllers\UserInformations->deleteAllInformations()
#4 C:\xampp\htdocs\myLPU-HIMS\codeigniter\system\CodeIgniter.php(399): CodeIgniter\CodeIgniter->runController(Object(App\Controllers\UserInformations))
#5 C:\xampp\htdocs\myLPU-HIMS\codeigniter\system\CodeIgniter.php(317): CodeIgniter\CodeIgniter->handleRequest(NULL, Object(Config\Cache), false)
#6 C:\xampp\htdocs\myLPU-HIMS\admin\public\index.php(37): CodeIgniter\CodeIgniter->run()
#7 {main}
