CRITICAL - 2021-11-28 21:05:32 --> Undefined variable $widget_counter
#0 C:\xampp\htdocs\myLPU-HIMS\admin\app\Views\components\dashboard.php(93): CodeIgniter\Debug\Exceptions->errorHandler(2, 'Undefined varia...', 'C:\\xampp\\htdocs...', 93)
#1 C:\xampp\htdocs\myLPU-HIMS\vendor\codeigniter\system\View\View.php(214): include('C:\\xampp\\htdocs...')
#2 C:\xampp\htdocs\myLPU-HIMS\vendor\codeigniter\system\View\View.php(217): CodeIgniter\View\View->CodeIgniter\View\{closure}()
#3 C:\xampp\htdocs\myLPU-HIMS\vendor\codeigniter\system\Common.php(1092): CodeIgniter\View\View->render('components/dash...', Array, true)
#4 C:\xampp\htdocs\myLPU-HIMS\admin\app\Controllers\Dashboard.php(38): view('components/dash...', Array)
#5 C:\xampp\htdocs\myLPU-HIMS\vendor\codeigniter\system\CodeIgniter.php(802): App\Controllers\Dashboard->index()
#6 C:\xampp\htdocs\myLPU-HIMS\vendor\codeigniter\system\CodeIgniter.php(399): CodeIgniter\CodeIgniter->runController(Object(App\Controllers\Dashboard))
#7 C:\xampp\htdocs\myLPU-HIMS\vendor\codeigniter\system\CodeIgniter.php(317): CodeIgniter\CodeIgniter->handleRequest(NULL, Object(Config\Cache), false)
#8 C:\xampp\htdocs\myLPU-HIMS\admin\public\index.php(37): CodeIgniter\CodeIgniter->run()
#9 {main}
CRITICAL - 2021-11-28 21:08:02 --> Required parameter $role follows optional parameter $id
#0 C:\xampp\htdocs\myLPU-HIMS\vendor\codeigniter\system\Router\Router.php(491): CodeIgniter\Debug\Exceptions->errorHandler(8192, 'Required parame...', 'C:\\xampp\\htdocs...', 378)
#1 C:\xampp\htdocs\myLPU-HIMS\vendor\codeigniter\system\Router\Router.php(491): include_once()
#2 C:\xampp\htdocs\myLPU-HIMS\vendor\codeigniter\system\Router\Router.php(160): CodeIgniter\Router\Router->autoRoute('useraccounts/st...')
#3 C:\xampp\htdocs\myLPU-HIMS\vendor\codeigniter\system\CodeIgniter.php(702): CodeIgniter\Router\Router->handle('useraccounts/st...')
#4 C:\xampp\htdocs\myLPU-HIMS\vendor\codeigniter\system\CodeIgniter.php(358): CodeIgniter\CodeIgniter->tryToRouteIt(Object(CodeIgniter\Router\RouteCollection))
#5 C:\xampp\htdocs\myLPU-HIMS\vendor\codeigniter\system\CodeIgniter.php(317): CodeIgniter\CodeIgniter->handleRequest(NULL, Object(Config\Cache), false)
#6 C:\xampp\htdocs\myLPU-HIMS\admin\public\index.php(37): CodeIgniter\CodeIgniter->run()
#7 {main}
CRITICAL - 2021-11-28 21:08:06 --> Required parameter $role follows optional parameter $id
#0 C:\xampp\htdocs\myLPU-HIMS\vendor\codeigniter\system\Router\Router.php(491): CodeIgniter\Debug\Exceptions->errorHandler(8192, 'Required parame...', 'C:\\xampp\\htdocs...', 378)
#1 C:\xampp\htdocs\myLPU-HIMS\vendor\codeigniter\system\Router\Router.php(491): include_once()
#2 C:\xampp\htdocs\myLPU-HIMS\vendor\codeigniter\system\Router\Router.php(160): CodeIgniter\Router\Router->autoRoute('useraccounts/st...')
#3 C:\xampp\htdocs\myLPU-HIMS\vendor\codeigniter\system\CodeIgniter.php(702): CodeIgniter\Router\Router->handle('useraccounts/st...')
#4 C:\xampp\htdocs\myLPU-HIMS\vendor\codeigniter\system\CodeIgniter.php(358): CodeIgniter\CodeIgniter->tryToRouteIt(Object(CodeIgniter\Router\RouteCollection))
#5 C:\xampp\htdocs\myLPU-HIMS\vendor\codeigniter\system\CodeIgniter.php(317): CodeIgniter\CodeIgniter->handleRequest(NULL, Object(Config\Cache), false)
#6 C:\xampp\htdocs\myLPU-HIMS\admin\public\index.php(37): CodeIgniter\CodeIgniter->run()
#7 {main}
CRITICAL - 2021-11-28 21:09:48 --> Required parameter $role follows optional parameter $id
#0 C:\xampp\htdocs\myLPU-HIMS\vendor\codeigniter\system\Router\Router.php(491): CodeIgniter\Debug\Exceptions->errorHandler(8192, 'Required parame...', 'C:\\xampp\\htdocs...', 378)
#1 C:\xampp\htdocs\myLPU-HIMS\vendor\codeigniter\system\Router\Router.php(491): include_once()
#2 C:\xampp\htdocs\myLPU-HIMS\vendor\codeigniter\system\Router\Router.php(160): CodeIgniter\Router\Router->autoRoute('useraccounts/fa...')
#3 C:\xampp\htdocs\myLPU-HIMS\vendor\codeigniter\system\CodeIgniter.php(702): CodeIgniter\Router\Router->handle('useraccounts/fa...')
#4 C:\xampp\htdocs\myLPU-HIMS\vendor\codeigniter\system\CodeIgniter.php(358): CodeIgniter\CodeIgniter->tryToRouteIt(Object(CodeIgniter\Router\RouteCollection))
#5 C:\xampp\htdocs\myLPU-HIMS\vendor\codeigniter\system\CodeIgniter.php(317): CodeIgniter\CodeIgniter->handleRequest(NULL, Object(Config\Cache), false)
#6 C:\xampp\htdocs\myLPU-HIMS\admin\public\index.php(37): CodeIgniter\CodeIgniter->run()
#7 {main}
CRITICAL - 2021-11-28 21:09:55 --> Required parameter $role follows optional parameter $id
#0 C:\xampp\htdocs\myLPU-HIMS\vendor\codeigniter\system\Router\Router.php(491): CodeIgniter\Debug\Exceptions->errorHandler(8192, 'Required parame...', 'C:\\xampp\\htdocs...', 378)
#1 C:\xampp\htdocs\myLPU-HIMS\vendor\codeigniter\system\Router\Router.php(491): include_once()
#2 C:\xampp\htdocs\myLPU-HIMS\vendor\codeigniter\system\Router\Router.php(160): CodeIgniter\Router\Router->autoRoute('useraccounts/st...')
#3 C:\xampp\htdocs\myLPU-HIMS\vendor\codeigniter\system\CodeIgniter.php(702): CodeIgniter\Router\Router->handle('useraccounts/st...')
#4 C:\xampp\htdocs\myLPU-HIMS\vendor\codeigniter\system\CodeIgniter.php(358): CodeIgniter\CodeIgniter->tryToRouteIt(Object(CodeIgniter\Router\RouteCollection))
#5 C:\xampp\htdocs\myLPU-HIMS\vendor\codeigniter\system\CodeIgniter.php(317): CodeIgniter\CodeIgniter->handleRequest(NULL, Object(Config\Cache), false)
#6 C:\xampp\htdocs\myLPU-HIMS\admin\public\index.php(37): CodeIgniter\CodeIgniter->run()
#7 {main}
CRITICAL - 2021-11-28 21:11:26 --> Required parameter $role follows optional parameter $id
#0 C:\xampp\htdocs\myLPU-HIMS\vendor\codeigniter\system\Router\Router.php(491): CodeIgniter\Debug\Exceptions->errorHandler(8192, 'Required parame...', 'C:\\xampp\\htdocs...', 378)
#1 C:\xampp\htdocs\myLPU-HIMS\vendor\codeigniter\system\Router\Router.php(491): include_once()
#2 C:\xampp\htdocs\myLPU-HIMS\vendor\codeigniter\system\Router\Router.php(160): CodeIgniter\Router\Router->autoRoute('useraccounts/st...')
#3 C:\xampp\htdocs\myLPU-HIMS\vendor\codeigniter\system\CodeIgniter.php(702): CodeIgniter\Router\Router->handle('useraccounts/st...')
#4 C:\xampp\htdocs\myLPU-HIMS\vendor\codeigniter\system\CodeIgniter.php(358): CodeIgniter\CodeIgniter->tryToRouteIt(Object(CodeIgniter\Router\RouteCollection))
#5 C:\xampp\htdocs\myLPU-HIMS\vendor\codeigniter\system\CodeIgniter.php(317): CodeIgniter\CodeIgniter->handleRequest(NULL, Object(Config\Cache), false)
#6 C:\xampp\htdocs\myLPU-HIMS\admin\public\index.php(37): CodeIgniter\CodeIgniter->run()
#7 {main}
CRITICAL - 2021-11-28 21:13:08 --> Required parameter $role follows optional parameter $id
#0 C:\xampp\htdocs\myLPU-HIMS\vendor\codeigniter\system\Router\Router.php(491): CodeIgniter\Debug\Exceptions->errorHandler(8192, 'Required parame...', 'C:\\xampp\\htdocs...', 378)
#1 C:\xampp\htdocs\myLPU-HIMS\vendor\codeigniter\system\Router\Router.php(491): include_once()
#2 C:\xampp\htdocs\myLPU-HIMS\vendor\codeigniter\system\Router\Router.php(160): CodeIgniter\Router\Router->autoRoute('useraccounts/st...')
#3 C:\xampp\htdocs\myLPU-HIMS\vendor\codeigniter\system\CodeIgniter.php(702): CodeIgniter\Router\Router->handle('useraccounts/st...')
#4 C:\xampp\htdocs\myLPU-HIMS\vendor\codeigniter\system\CodeIgniter.php(358): CodeIgniter\CodeIgniter->tryToRouteIt(Object(CodeIgniter\Router\RouteCollection))
#5 C:\xampp\htdocs\myLPU-HIMS\vendor\codeigniter\system\CodeIgniter.php(317): CodeIgniter\CodeIgniter->handleRequest(NULL, Object(Config\Cache), false)
#6 C:\xampp\htdocs\myLPU-HIMS\admin\public\index.php(37): CodeIgniter\CodeIgniter->run()
#7 {main}
CRITICAL - 2021-11-28 21:13:09 --> Required parameter $role follows optional parameter $id
#0 C:\xampp\htdocs\myLPU-HIMS\vendor\codeigniter\system\Router\Router.php(491): CodeIgniter\Debug\Exceptions->errorHandler(8192, 'Required parame...', 'C:\\xampp\\htdocs...', 378)
#1 C:\xampp\htdocs\myLPU-HIMS\vendor\codeigniter\system\Router\Router.php(491): include_once()
#2 C:\xampp\htdocs\myLPU-HIMS\vendor\codeigniter\system\Router\Router.php(160): CodeIgniter\Router\Router->autoRoute('useraccounts/st...')
#3 C:\xampp\htdocs\myLPU-HIMS\vendor\codeigniter\system\CodeIgniter.php(702): CodeIgniter\Router\Router->handle('useraccounts/st...')
#4 C:\xampp\htdocs\myLPU-HIMS\vendor\codeigniter\system\CodeIgniter.php(358): CodeIgniter\CodeIgniter->tryToRouteIt(Object(CodeIgniter\Router\RouteCollection))
#5 C:\xampp\htdocs\myLPU-HIMS\vendor\codeigniter\system\CodeIgniter.php(317): CodeIgniter\CodeIgniter->handleRequest(NULL, Object(Config\Cache), false)
#6 C:\xampp\htdocs\myLPU-HIMS\admin\public\index.php(37): CodeIgniter\CodeIgniter->run()
#7 {main}
CRITICAL - 2021-11-28 21:13:09 --> Required parameter $role follows optional parameter $id
#0 C:\xampp\htdocs\myLPU-HIMS\vendor\codeigniter\system\Router\Router.php(491): CodeIgniter\Debug\Exceptions->errorHandler(8192, 'Required parame...', 'C:\\xampp\\htdocs...', 378)
#1 C:\xampp\htdocs\myLPU-HIMS\vendor\codeigniter\system\Router\Router.php(491): include_once()
#2 C:\xampp\htdocs\myLPU-HIMS\vendor\codeigniter\system\Router\Router.php(160): CodeIgniter\Router\Router->autoRoute('useraccounts/st...')
#3 C:\xampp\htdocs\myLPU-HIMS\vendor\codeigniter\system\CodeIgniter.php(702): CodeIgniter\Router\Router->handle('useraccounts/st...')
#4 C:\xampp\htdocs\myLPU-HIMS\vendor\codeigniter\system\CodeIgniter.php(358): CodeIgniter\CodeIgniter->tryToRouteIt(Object(CodeIgniter\Router\RouteCollection))
#5 C:\xampp\htdocs\myLPU-HIMS\vendor\codeigniter\system\CodeIgniter.php(317): CodeIgniter\CodeIgniter->handleRequest(NULL, Object(Config\Cache), false)
#6 C:\xampp\htdocs\myLPU-HIMS\admin\public\index.php(37): CodeIgniter\CodeIgniter->run()
#7 {main}
CRITICAL - 2021-11-28 21:13:10 --> Required parameter $role follows optional parameter $id
#0 C:\xampp\htdocs\myLPU-HIMS\vendor\codeigniter\system\Router\Router.php(491): CodeIgniter\Debug\Exceptions->errorHandler(8192, 'Required parame...', 'C:\\xampp\\htdocs...', 378)
#1 C:\xampp\htdocs\myLPU-HIMS\vendor\codeigniter\system\Router\Router.php(491): include_once()
#2 C:\xampp\htdocs\myLPU-HIMS\vendor\codeigniter\system\Router\Router.php(160): CodeIgniter\Router\Router->autoRoute('useraccounts/st...')
#3 C:\xampp\htdocs\myLPU-HIMS\vendor\codeigniter\system\CodeIgniter.php(702): CodeIgniter\Router\Router->handle('useraccounts/st...')
#4 C:\xampp\htdocs\myLPU-HIMS\vendor\codeigniter\system\CodeIgniter.php(358): CodeIgniter\CodeIgniter->tryToRouteIt(Object(CodeIgniter\Router\RouteCollection))
#5 C:\xampp\htdocs\myLPU-HIMS\vendor\codeigniter\system\CodeIgniter.php(317): CodeIgniter\CodeIgniter->handleRequest(NULL, Object(Config\Cache), false)
#6 C:\xampp\htdocs\myLPU-HIMS\admin\public\index.php(37): CodeIgniter\CodeIgniter->run()
#7 {main}
CRITICAL - 2021-11-28 21:13:10 --> Required parameter $role follows optional parameter $id
#0 C:\xampp\htdocs\myLPU-HIMS\vendor\codeigniter\system\Router\Router.php(491): CodeIgniter\Debug\Exceptions->errorHandler(8192, 'Required parame...', 'C:\\xampp\\htdocs...', 378)
#1 C:\xampp\htdocs\myLPU-HIMS\vendor\codeigniter\system\Router\Router.php(491): include_once()
#2 C:\xampp\htdocs\myLPU-HIMS\vendor\codeigniter\system\Router\Router.php(160): CodeIgniter\Router\Router->autoRoute('useraccounts/st...')
#3 C:\xampp\htdocs\myLPU-HIMS\vendor\codeigniter\system\CodeIgniter.php(702): CodeIgniter\Router\Router->handle('useraccounts/st...')
#4 C:\xampp\htdocs\myLPU-HIMS\vendor\codeigniter\system\CodeIgniter.php(358): CodeIgniter\CodeIgniter->tryToRouteIt(Object(CodeIgniter\Router\RouteCollection))
#5 C:\xampp\htdocs\myLPU-HIMS\vendor\codeigniter\system\CodeIgniter.php(317): CodeIgniter\CodeIgniter->handleRequest(NULL, Object(Config\Cache), false)
#6 C:\xampp\htdocs\myLPU-HIMS\admin\public\index.php(37): CodeIgniter\CodeIgniter->run()
#7 {main}
CRITICAL - 2021-11-28 21:13:13 --> Required parameter $role follows optional parameter $id
#0 C:\xampp\htdocs\myLPU-HIMS\vendor\codeigniter\system\Router\Router.php(491): CodeIgniter\Debug\Exceptions->errorHandler(8192, 'Required parame...', 'C:\\xampp\\htdocs...', 378)
#1 C:\xampp\htdocs\myLPU-HIMS\vendor\codeigniter\system\Router\Router.php(491): include_once()
#2 C:\xampp\htdocs\myLPU-HIMS\vendor\codeigniter\system\Router\Router.php(160): CodeIgniter\Router\Router->autoRoute('useraccounts/st...')
#3 C:\xampp\htdocs\myLPU-HIMS\vendor\codeigniter\system\CodeIgniter.php(702): CodeIgniter\Router\Router->handle('useraccounts/st...')
#4 C:\xampp\htdocs\myLPU-HIMS\vendor\codeigniter\system\CodeIgniter.php(358): CodeIgniter\CodeIgniter->tryToRouteIt(Object(CodeIgniter\Router\RouteCollection))
#5 C:\xampp\htdocs\myLPU-HIMS\vendor\codeigniter\system\CodeIgniter.php(317): CodeIgniter\CodeIgniter->handleRequest(NULL, Object(Config\Cache), false)
#6 C:\xampp\htdocs\myLPU-HIMS\admin\public\index.php(37): CodeIgniter\CodeIgniter->run()
#7 {main}
CRITICAL - 2021-11-28 21:13:14 --> Required parameter $role follows optional parameter $id
#0 C:\xampp\htdocs\myLPU-HIMS\vendor\codeigniter\system\Router\Router.php(491): CodeIgniter\Debug\Exceptions->errorHandler(8192, 'Required parame...', 'C:\\xampp\\htdocs...', 378)
#1 C:\xampp\htdocs\myLPU-HIMS\vendor\codeigniter\system\Router\Router.php(491): include_once()
#2 C:\xampp\htdocs\myLPU-HIMS\vendor\codeigniter\system\Router\Router.php(160): CodeIgniter\Router\Router->autoRoute('useraccounts/st...')
#3 C:\xampp\htdocs\myLPU-HIMS\vendor\codeigniter\system\CodeIgniter.php(702): CodeIgniter\Router\Router->handle('useraccounts/st...')
#4 C:\xampp\htdocs\myLPU-HIMS\vendor\codeigniter\system\CodeIgniter.php(358): CodeIgniter\CodeIgniter->tryToRouteIt(Object(CodeIgniter\Router\RouteCollection))
#5 C:\xampp\htdocs\myLPU-HIMS\vendor\codeigniter\system\CodeIgniter.php(317): CodeIgniter\CodeIgniter->handleRequest(NULL, Object(Config\Cache), false)
#6 C:\xampp\htdocs\myLPU-HIMS\admin\public\index.php(37): CodeIgniter\CodeIgniter->run()
#7 {main}
CRITICAL - 2021-11-28 21:13:14 --> Required parameter $role follows optional parameter $id
#0 C:\xampp\htdocs\myLPU-HIMS\vendor\codeigniter\system\Router\Router.php(491): CodeIgniter\Debug\Exceptions->errorHandler(8192, 'Required parame...', 'C:\\xampp\\htdocs...', 378)
#1 C:\xampp\htdocs\myLPU-HIMS\vendor\codeigniter\system\Router\Router.php(491): include_once()
#2 C:\xampp\htdocs\myLPU-HIMS\vendor\codeigniter\system\Router\Router.php(160): CodeIgniter\Router\Router->autoRoute('useraccounts/st...')
#3 C:\xampp\htdocs\myLPU-HIMS\vendor\codeigniter\system\CodeIgniter.php(702): CodeIgniter\Router\Router->handle('useraccounts/st...')
#4 C:\xampp\htdocs\myLPU-HIMS\vendor\codeigniter\system\CodeIgniter.php(358): CodeIgniter\CodeIgniter->tryToRouteIt(Object(CodeIgniter\Router\RouteCollection))
#5 C:\xampp\htdocs\myLPU-HIMS\vendor\codeigniter\system\CodeIgniter.php(317): CodeIgniter\CodeIgniter->handleRequest(NULL, Object(Config\Cache), false)
#6 C:\xampp\htdocs\myLPU-HIMS\admin\public\index.php(37): CodeIgniter\CodeIgniter->run()
#7 {main}
CRITICAL - 2021-11-28 21:13:35 --> Required parameter $role follows optional parameter $id
#0 C:\xampp\htdocs\myLPU-HIMS\vendor\codeigniter\system\Router\Router.php(491): CodeIgniter\Debug\Exceptions->errorHandler(8192, 'Required parame...', 'C:\\xampp\\htdocs...', 378)
#1 C:\xampp\htdocs\myLPU-HIMS\vendor\codeigniter\system\Router\Router.php(491): include_once()
#2 C:\xampp\htdocs\myLPU-HIMS\vendor\codeigniter\system\Router\Router.php(160): CodeIgniter\Router\Router->autoRoute('useraccounts/st...')
#3 C:\xampp\htdocs\myLPU-HIMS\vendor\codeigniter\system\CodeIgniter.php(702): CodeIgniter\Router\Router->handle('useraccounts/st...')
#4 C:\xampp\htdocs\myLPU-HIMS\vendor\codeigniter\system\CodeIgniter.php(358): CodeIgniter\CodeIgniter->tryToRouteIt(Object(CodeIgniter\Router\RouteCollection))
#5 C:\xampp\htdocs\myLPU-HIMS\vendor\codeigniter\system\CodeIgniter.php(317): CodeIgniter\CodeIgniter->handleRequest(NULL, Object(Config\Cache), false)
#6 C:\xampp\htdocs\myLPU-HIMS\admin\public\index.php(37): CodeIgniter\CodeIgniter->run()
#7 {main}
CRITICAL - 2021-11-28 21:13:36 --> Required parameter $role follows optional parameter $id
#0 C:\xampp\htdocs\myLPU-HIMS\vendor\codeigniter\system\Router\Router.php(491): CodeIgniter\Debug\Exceptions->errorHandler(8192, 'Required parame...', 'C:\\xampp\\htdocs...', 378)
#1 C:\xampp\htdocs\myLPU-HIMS\vendor\codeigniter\system\Router\Router.php(491): include_once()
#2 C:\xampp\htdocs\myLPU-HIMS\vendor\codeigniter\system\Router\Router.php(160): CodeIgniter\Router\Router->autoRoute('useraccounts/st...')
#3 C:\xampp\htdocs\myLPU-HIMS\vendor\codeigniter\system\CodeIgniter.php(702): CodeIgniter\Router\Router->handle('useraccounts/st...')
#4 C:\xampp\htdocs\myLPU-HIMS\vendor\codeigniter\system\CodeIgniter.php(358): CodeIgniter\CodeIgniter->tryToRouteIt(Object(CodeIgniter\Router\RouteCollection))
#5 C:\xampp\htdocs\myLPU-HIMS\vendor\codeigniter\system\CodeIgniter.php(317): CodeIgniter\CodeIgniter->handleRequest(NULL, Object(Config\Cache), false)
#6 C:\xampp\htdocs\myLPU-HIMS\admin\public\index.php(37): CodeIgniter\CodeIgniter->run()
#7 {main}
CRITICAL - 2021-11-28 21:14:38 --> Required parameter $role follows optional parameter $id
#0 C:\xampp\htdocs\myLPU-HIMS\vendor\codeigniter\system\Router\Router.php(491): CodeIgniter\Debug\Exceptions->errorHandler(8192, 'Required parame...', 'C:\\xampp\\htdocs...', 378)
#1 C:\xampp\htdocs\myLPU-HIMS\vendor\codeigniter\system\Router\Router.php(491): include_once()
#2 C:\xampp\htdocs\myLPU-HIMS\vendor\codeigniter\system\Router\Router.php(160): CodeIgniter\Router\Router->autoRoute('useraccounts/st...')
#3 C:\xampp\htdocs\myLPU-HIMS\vendor\codeigniter\system\CodeIgniter.php(702): CodeIgniter\Router\Router->handle('useraccounts/st...')
#4 C:\xampp\htdocs\myLPU-HIMS\vendor\codeigniter\system\CodeIgniter.php(358): CodeIgniter\CodeIgniter->tryToRouteIt(Object(CodeIgniter\Router\RouteCollection))
#5 C:\xampp\htdocs\myLPU-HIMS\vendor\codeigniter\system\CodeIgniter.php(317): CodeIgniter\CodeIgniter->handleRequest(NULL, Object(Config\Cache), false)
#6 C:\xampp\htdocs\myLPU-HIMS\admin\public\index.php(37): CodeIgniter\CodeIgniter->run()
#7 {main}
CRITICAL - 2021-11-28 21:15:18 --> Required parameter $role follows optional parameter $id
#0 C:\xampp\htdocs\myLPU-HIMS\vendor\codeigniter\system\Router\Router.php(491): CodeIgniter\Debug\Exceptions->errorHandler(8192, 'Required parame...', 'C:\\xampp\\htdocs...', 378)
#1 C:\xampp\htdocs\myLPU-HIMS\vendor\codeigniter\system\Router\Router.php(491): include_once()
#2 C:\xampp\htdocs\myLPU-HIMS\vendor\codeigniter\system\Router\Router.php(160): CodeIgniter\Router\Router->autoRoute('useraccounts/st...')
#3 C:\xampp\htdocs\myLPU-HIMS\vendor\codeigniter\system\CodeIgniter.php(702): CodeIgniter\Router\Router->handle('useraccounts/st...')
#4 C:\xampp\htdocs\myLPU-HIMS\vendor\codeigniter\system\CodeIgniter.php(358): CodeIgniter\CodeIgniter->tryToRouteIt(Object(CodeIgniter\Router\RouteCollection))
#5 C:\xampp\htdocs\myLPU-HIMS\vendor\codeigniter\system\CodeIgniter.php(317): CodeIgniter\CodeIgniter->handleRequest(NULL, Object(Config\Cache), false)
#6 C:\xampp\htdocs\myLPU-HIMS\admin\public\index.php(37): CodeIgniter\CodeIgniter->run()
#7 {main}
CRITICAL - 2021-11-28 21:16:00 --> Required parameter $role follows optional parameter $id
#0 C:\xampp\htdocs\myLPU-HIMS\vendor\codeigniter\system\Router\Router.php(491): CodeIgniter\Debug\Exceptions->errorHandler(8192, 'Required parame...', 'C:\\xampp\\htdocs...', 378)
#1 C:\xampp\htdocs\myLPU-HIMS\vendor\codeigniter\system\Router\Router.php(491): include_once()
#2 C:\xampp\htdocs\myLPU-HIMS\vendor\codeigniter\system\Router\Router.php(160): CodeIgniter\Router\Router->autoRoute('useraccounts/he...')
#3 C:\xampp\htdocs\myLPU-HIMS\vendor\codeigniter\system\CodeIgniter.php(702): CodeIgniter\Router\Router->handle('useraccounts/he...')
#4 C:\xampp\htdocs\myLPU-HIMS\vendor\codeigniter\system\CodeIgniter.php(358): CodeIgniter\CodeIgniter->tryToRouteIt(Object(CodeIgniter\Router\RouteCollection))
#5 C:\xampp\htdocs\myLPU-HIMS\vendor\codeigniter\system\CodeIgniter.php(317): CodeIgniter\CodeIgniter->handleRequest(NULL, Object(Config\Cache), false)
#6 C:\xampp\htdocs\myLPU-HIMS\admin\public\index.php(37): CodeIgniter\CodeIgniter->run()
#7 {main}
CRITICAL - 2021-11-28 21:16:01 --> Required parameter $role follows optional parameter $id
#0 C:\xampp\htdocs\myLPU-HIMS\vendor\codeigniter\system\Router\Router.php(491): CodeIgniter\Debug\Exceptions->errorHandler(8192, 'Required parame...', 'C:\\xampp\\htdocs...', 378)
#1 C:\xampp\htdocs\myLPU-HIMS\vendor\codeigniter\system\Router\Router.php(491): include_once()
#2 C:\xampp\htdocs\myLPU-HIMS\vendor\codeigniter\system\Router\Router.php(160): CodeIgniter\Router\Router->autoRoute('useraccounts/he...')
#3 C:\xampp\htdocs\myLPU-HIMS\vendor\codeigniter\system\CodeIgniter.php(702): CodeIgniter\Router\Router->handle('useraccounts/he...')
#4 C:\xampp\htdocs\myLPU-HIMS\vendor\codeigniter\system\CodeIgniter.php(358): CodeIgniter\CodeIgniter->tryToRouteIt(Object(CodeIgniter\Router\RouteCollection))
#5 C:\xampp\htdocs\myLPU-HIMS\vendor\codeigniter\system\CodeIgniter.php(317): CodeIgniter\CodeIgniter->handleRequest(NULL, Object(Config\Cache), false)
#6 C:\xampp\htdocs\myLPU-HIMS\admin\public\index.php(37): CodeIgniter\CodeIgniter->run()
#7 {main}
