ERROR - 2021-10-23 19:23:10 --> Cannot delete or update a parent row: a foreign key constraint fails (`mylpuhims_db`.`consultations`, CONSTRAINT `fk_consultations_lyceans1` FOREIGN KEY (`lycean_id_no`) REFERENCES `lyceans` (`id_no`) ON DELETE NO ACTION ON UPDATE NO ACTION)
CRITICAL - 2021-10-23 19:23:10 --> Cannot delete or update a parent row: a foreign key constraint fails (`mylpuhims_db`.`consultations`, CONSTRAINT `fk_consultations_lyceans1` FOREIGN KEY (`lycean_id_no`) REFERENCES `lyceans` (`id_no`) ON DELETE NO ACTION ON UPDATE NO ACTION)
#0 C:\xampp\htdocs\myLPU-HIMS\codeigniter\system\Database\MySQLi\Connection.php(280): mysqli->query('DELETE FROM `ly...')
#1 C:\xampp\htdocs\myLPU-HIMS\codeigniter\system\Database\BaseConnection.php(663): CodeIgniter\Database\MySQLi\Connection->execute('DELETE FROM `ly...')
#2 C:\xampp\htdocs\myLPU-HIMS\codeigniter\system\Database\BaseConnection.php(591): CodeIgniter\Database\BaseConnection->simpleQuery('DELETE FROM `ly...')
#3 C:\xampp\htdocs\myLPU-HIMS\codeigniter\system\Database\BaseBuilder.php(2175): CodeIgniter\Database\BaseConnection->query('DELETE FROM `ly...', Array, false)
#4 C:\xampp\htdocs\myLPU-HIMS\codeigniter\system\Model.php(359): CodeIgniter\Database\BaseBuilder->delete()
#5 C:\xampp\htdocs\myLPU-HIMS\codeigniter\system\BaseModel.php(963): CodeIgniter\Model->doDelete(Array, false)
#6 C:\xampp\htdocs\myLPU-HIMS\admin\app\Controllers\UserInformations.php(177): CodeIgniter\BaseModel->delete(Array)
#7 C:\xampp\htdocs\myLPU-HIMS\admin\app\Controllers\UserInformations.php(189): App\Controllers\UserInformations->deleteLyceanInformation('2018-2-01509')
#8 C:\xampp\htdocs\myLPU-HIMS\codeigniter\system\CodeIgniter.php(802): App\Controllers\UserInformations->deleteStudentInformation('2018-2-01509')
#9 C:\xampp\htdocs\myLPU-HIMS\codeigniter\system\CodeIgniter.php(399): CodeIgniter\CodeIgniter->runController(Object(App\Controllers\UserInformations))
#10 C:\xampp\htdocs\myLPU-HIMS\codeigniter\system\CodeIgniter.php(317): CodeIgniter\CodeIgniter->handleRequest(NULL, Object(Config\Cache), false)
#11 C:\xampp\htdocs\myLPU-HIMS\admin\public\index.php(37): CodeIgniter\CodeIgniter->run()
#12 {main}
CRITICAL - 2021-10-23 19:24:22 --> Undefined variable $success2
#0 C:\xampp\htdocs\myLPU-HIMS\admin\app\Controllers\UserInformations.php(180): CodeIgniter\Debug\Exceptions->errorHandler(2, 'Undefined varia...', 'C:\\xampp\\htdocs...', 180)
#1 C:\xampp\htdocs\myLPU-HIMS\admin\app\Controllers\UserInformations.php(190): App\Controllers\UserInformations->deleteLyceanInformation('2018-2-01509')
#2 C:\xampp\htdocs\myLPU-HIMS\codeigniter\system\CodeIgniter.php(802): App\Controllers\UserInformations->deleteStudentInformation('2018-2-01509')
#3 C:\xampp\htdocs\myLPU-HIMS\codeigniter\system\CodeIgniter.php(399): CodeIgniter\CodeIgniter->runController(Object(App\Controllers\UserInformations))
#4 C:\xampp\htdocs\myLPU-HIMS\codeigniter\system\CodeIgniter.php(317): CodeIgniter\CodeIgniter->handleRequest(NULL, Object(Config\Cache), false)
#5 C:\xampp\htdocs\myLPU-HIMS\admin\public\index.php(37): CodeIgniter\CodeIgniter->run()
#6 {main}
CRITICAL - 2021-10-23 19:24:23 --> Undefined variable $success2
#0 C:\xampp\htdocs\myLPU-HIMS\admin\app\Controllers\UserInformations.php(180): CodeIgniter\Debug\Exceptions->errorHandler(2, 'Undefined varia...', 'C:\\xampp\\htdocs...', 180)
#1 C:\xampp\htdocs\myLPU-HIMS\admin\app\Controllers\UserInformations.php(190): App\Controllers\UserInformations->deleteLyceanInformation('2018-2-01509')
#2 C:\xampp\htdocs\myLPU-HIMS\codeigniter\system\CodeIgniter.php(802): App\Controllers\UserInformations->deleteStudentInformation('2018-2-01509')
#3 C:\xampp\htdocs\myLPU-HIMS\codeigniter\system\CodeIgniter.php(399): CodeIgniter\CodeIgniter->runController(Object(App\Controllers\UserInformations))
#4 C:\xampp\htdocs\myLPU-HIMS\codeigniter\system\CodeIgniter.php(317): CodeIgniter\CodeIgniter->handleRequest(NULL, Object(Config\Cache), false)
#5 C:\xampp\htdocs\myLPU-HIMS\admin\public\index.php(37): CodeIgniter\CodeIgniter->run()
#6 {main}
ERROR - 2021-10-23 19:45:43 --> Cannot delete or update a parent row: a foreign key constraint fails (`mylpuhims_db`.`consultations`, CONSTRAINT `fk_consultations_clinic_personnels1` FOREIGN KEY (`personnel_id_no`) REFERENCES `health_personnels` (`id_no`) ON DELETE NO ACTION ON UPDATE NO ACTIO)
CRITICAL - 2021-10-23 19:45:43 --> Cannot delete or update a parent row: a foreign key constraint fails (`mylpuhims_db`.`consultations`, CONSTRAINT `fk_consultations_clinic_personnels1` FOREIGN KEY (`personnel_id_no`) REFERENCES `health_personnels` (`id_no`) ON DELETE NO ACTION ON UPDATE NO ACTIO)
#0 C:\xampp\htdocs\myLPU-HIMS\codeigniter\system\Database\MySQLi\Connection.php(280): mysqli->query('DELETE FROM `he...')
#1 C:\xampp\htdocs\myLPU-HIMS\codeigniter\system\Database\BaseConnection.php(663): CodeIgniter\Database\MySQLi\Connection->execute('DELETE FROM `he...')
#2 C:\xampp\htdocs\myLPU-HIMS\codeigniter\system\Database\BaseConnection.php(591): CodeIgniter\Database\BaseConnection->simpleQuery('DELETE FROM `he...')
#3 C:\xampp\htdocs\myLPU-HIMS\codeigniter\system\Database\BaseBuilder.php(2175): CodeIgniter\Database\BaseConnection->query('DELETE FROM `he...', Array, false)
#4 C:\xampp\htdocs\myLPU-HIMS\codeigniter\system\Model.php(359): CodeIgniter\Database\BaseBuilder->delete()
#5 C:\xampp\htdocs\myLPU-HIMS\codeigniter\system\BaseModel.php(963): CodeIgniter\Model->doDelete(Array, false)
#6 C:\xampp\htdocs\myLPU-HIMS\admin\app\Controllers\UserInformations.php(211): CodeIgniter\BaseModel->delete(Array)
#7 C:\xampp\htdocs\myLPU-HIMS\codeigniter\system\CodeIgniter.php(802): App\Controllers\UserInformations->deleteHealthPersonnelInformation('2016-3-1234')
#8 C:\xampp\htdocs\myLPU-HIMS\codeigniter\system\CodeIgniter.php(399): CodeIgniter\CodeIgniter->runController(Object(App\Controllers\UserInformations))
#9 C:\xampp\htdocs\myLPU-HIMS\codeigniter\system\CodeIgniter.php(317): CodeIgniter\CodeIgniter->handleRequest(NULL, Object(Config\Cache), false)
#10 C:\xampp\htdocs\myLPU-HIMS\admin\public\index.php(37): CodeIgniter\CodeIgniter->run()
#11 {main}
ERROR - 2021-10-23 19:47:31 --> Cannot delete or update a parent row: a foreign key constraint fails (`mylpuhims_db`.`consultations`, CONSTRAINT `fk_consultations_clinic_personnels1` FOREIGN KEY (`personnel_id_no`) REFERENCES `health_personnels` (`id_no`) ON DELETE NO ACTION ON UPDATE NO ACTIO)
CRITICAL - 2021-10-23 19:47:31 --> Cannot delete or update a parent row: a foreign key constraint fails (`mylpuhims_db`.`consultations`, CONSTRAINT `fk_consultations_clinic_personnels1` FOREIGN KEY (`personnel_id_no`) REFERENCES `health_personnels` (`id_no`) ON DELETE NO ACTION ON UPDATE NO ACTIO)
#0 C:\xampp\htdocs\myLPU-HIMS\codeigniter\system\Database\MySQLi\Connection.php(280): mysqli->query('DELETE FROM `he...')
#1 C:\xampp\htdocs\myLPU-HIMS\codeigniter\system\Database\BaseConnection.php(663): CodeIgniter\Database\MySQLi\Connection->execute('DELETE FROM `he...')
#2 C:\xampp\htdocs\myLPU-HIMS\codeigniter\system\Database\BaseConnection.php(591): CodeIgniter\Database\BaseConnection->simpleQuery('DELETE FROM `he...')
#3 C:\xampp\htdocs\myLPU-HIMS\codeigniter\system\Database\BaseBuilder.php(2175): CodeIgniter\Database\BaseConnection->query('DELETE FROM `he...', Array, false)
#4 C:\xampp\htdocs\myLPU-HIMS\codeigniter\system\Model.php(359): CodeIgniter\Database\BaseBuilder->delete()
#5 C:\xampp\htdocs\myLPU-HIMS\codeigniter\system\BaseModel.php(963): CodeIgniter\Model->doDelete(Array, false)
#6 C:\xampp\htdocs\myLPU-HIMS\admin\app\Controllers\UserInformations.php(211): CodeIgniter\BaseModel->delete(Array)
#7 C:\xampp\htdocs\myLPU-HIMS\codeigniter\system\CodeIgniter.php(802): App\Controllers\UserInformations->deleteHealthPersonnelInformation('2016-3-1234')
#8 C:\xampp\htdocs\myLPU-HIMS\codeigniter\system\CodeIgniter.php(399): CodeIgniter\CodeIgniter->runController(Object(App\Controllers\UserInformations))
#9 C:\xampp\htdocs\myLPU-HIMS\codeigniter\system\CodeIgniter.php(317): CodeIgniter\CodeIgniter->handleRequest(NULL, Object(Config\Cache), false)
#10 C:\xampp\htdocs\myLPU-HIMS\admin\public\index.php(37): CodeIgniter\CodeIgniter->run()
#11 {main}
ERROR - 2021-10-23 19:47:33 --> Cannot delete or update a parent row: a foreign key constraint fails (`mylpuhims_db`.`consultations`, CONSTRAINT `fk_consultations_clinic_personnels1` FOREIGN KEY (`personnel_id_no`) REFERENCES `health_personnels` (`id_no`) ON DELETE NO ACTION ON UPDATE NO ACTIO)
CRITICAL - 2021-10-23 19:47:33 --> Cannot delete or update a parent row: a foreign key constraint fails (`mylpuhims_db`.`consultations`, CONSTRAINT `fk_consultations_clinic_personnels1` FOREIGN KEY (`personnel_id_no`) REFERENCES `health_personnels` (`id_no`) ON DELETE NO ACTION ON UPDATE NO ACTIO)
#0 C:\xampp\htdocs\myLPU-HIMS\codeigniter\system\Database\MySQLi\Connection.php(280): mysqli->query('DELETE FROM `he...')
#1 C:\xampp\htdocs\myLPU-HIMS\codeigniter\system\Database\BaseConnection.php(663): CodeIgniter\Database\MySQLi\Connection->execute('DELETE FROM `he...')
#2 C:\xampp\htdocs\myLPU-HIMS\codeigniter\system\Database\BaseConnection.php(591): CodeIgniter\Database\BaseConnection->simpleQuery('DELETE FROM `he...')
#3 C:\xampp\htdocs\myLPU-HIMS\codeigniter\system\Database\BaseBuilder.php(2175): CodeIgniter\Database\BaseConnection->query('DELETE FROM `he...', Array, false)
#4 C:\xampp\htdocs\myLPU-HIMS\codeigniter\system\Model.php(359): CodeIgniter\Database\BaseBuilder->delete()
#5 C:\xampp\htdocs\myLPU-HIMS\codeigniter\system\BaseModel.php(963): CodeIgniter\Model->doDelete(Array, false)
#6 C:\xampp\htdocs\myLPU-HIMS\admin\app\Controllers\UserInformations.php(211): CodeIgniter\BaseModel->delete(Array)
#7 C:\xampp\htdocs\myLPU-HIMS\codeigniter\system\CodeIgniter.php(802): App\Controllers\UserInformations->deleteHealthPersonnelInformation('2016-3-1234')
#8 C:\xampp\htdocs\myLPU-HIMS\codeigniter\system\CodeIgniter.php(399): CodeIgniter\CodeIgniter->runController(Object(App\Controllers\UserInformations))
#9 C:\xampp\htdocs\myLPU-HIMS\codeigniter\system\CodeIgniter.php(317): CodeIgniter\CodeIgniter->handleRequest(NULL, Object(Config\Cache), false)
#10 C:\xampp\htdocs\myLPU-HIMS\admin\public\index.php(37): CodeIgniter\CodeIgniter->run()
#11 {main}
ERROR - 2021-10-23 19:47:34 --> Cannot delete or update a parent row: a foreign key constraint fails (`mylpuhims_db`.`consultations`, CONSTRAINT `fk_consultations_clinic_personnels1` FOREIGN KEY (`personnel_id_no`) REFERENCES `health_personnels` (`id_no`) ON DELETE NO ACTION ON UPDATE NO ACTIO)
CRITICAL - 2021-10-23 19:47:34 --> Cannot delete or update a parent row: a foreign key constraint fails (`mylpuhims_db`.`consultations`, CONSTRAINT `fk_consultations_clinic_personnels1` FOREIGN KEY (`personnel_id_no`) REFERENCES `health_personnels` (`id_no`) ON DELETE NO ACTION ON UPDATE NO ACTIO)
#0 C:\xampp\htdocs\myLPU-HIMS\codeigniter\system\Database\MySQLi\Connection.php(280): mysqli->query('DELETE FROM `he...')
#1 C:\xampp\htdocs\myLPU-HIMS\codeigniter\system\Database\BaseConnection.php(663): CodeIgniter\Database\MySQLi\Connection->execute('DELETE FROM `he...')
#2 C:\xampp\htdocs\myLPU-HIMS\codeigniter\system\Database\BaseConnection.php(591): CodeIgniter\Database\BaseConnection->simpleQuery('DELETE FROM `he...')
#3 C:\xampp\htdocs\myLPU-HIMS\codeigniter\system\Database\BaseBuilder.php(2175): CodeIgniter\Database\BaseConnection->query('DELETE FROM `he...', Array, false)
#4 C:\xampp\htdocs\myLPU-HIMS\codeigniter\system\Model.php(359): CodeIgniter\Database\BaseBuilder->delete()
#5 C:\xampp\htdocs\myLPU-HIMS\codeigniter\system\BaseModel.php(963): CodeIgniter\Model->doDelete(Array, false)
#6 C:\xampp\htdocs\myLPU-HIMS\admin\app\Controllers\UserInformations.php(211): CodeIgniter\BaseModel->delete(Array)
#7 C:\xampp\htdocs\myLPU-HIMS\codeigniter\system\CodeIgniter.php(802): App\Controllers\UserInformations->deleteHealthPersonnelInformation('2016-3-1234')
#8 C:\xampp\htdocs\myLPU-HIMS\codeigniter\system\CodeIgniter.php(399): CodeIgniter\CodeIgniter->runController(Object(App\Controllers\UserInformations))
#9 C:\xampp\htdocs\myLPU-HIMS\codeigniter\system\CodeIgniter.php(317): CodeIgniter\CodeIgniter->handleRequest(NULL, Object(Config\Cache), false)
#10 C:\xampp\htdocs\myLPU-HIMS\admin\public\index.php(37): CodeIgniter\CodeIgniter->run()
#11 {main}
ERROR - 2021-10-23 19:47:35 --> Cannot delete or update a parent row: a foreign key constraint fails (`mylpuhims_db`.`consultations`, CONSTRAINT `fk_consultations_clinic_personnels1` FOREIGN KEY (`personnel_id_no`) REFERENCES `health_personnels` (`id_no`) ON DELETE NO ACTION ON UPDATE NO ACTIO)
CRITICAL - 2021-10-23 19:47:35 --> Cannot delete or update a parent row: a foreign key constraint fails (`mylpuhims_db`.`consultations`, CONSTRAINT `fk_consultations_clinic_personnels1` FOREIGN KEY (`personnel_id_no`) REFERENCES `health_personnels` (`id_no`) ON DELETE NO ACTION ON UPDATE NO ACTIO)
#0 C:\xampp\htdocs\myLPU-HIMS\codeigniter\system\Database\MySQLi\Connection.php(280): mysqli->query('DELETE FROM `he...')
#1 C:\xampp\htdocs\myLPU-HIMS\codeigniter\system\Database\BaseConnection.php(663): CodeIgniter\Database\MySQLi\Connection->execute('DELETE FROM `he...')
#2 C:\xampp\htdocs\myLPU-HIMS\codeigniter\system\Database\BaseConnection.php(591): CodeIgniter\Database\BaseConnection->simpleQuery('DELETE FROM `he...')
#3 C:\xampp\htdocs\myLPU-HIMS\codeigniter\system\Database\BaseBuilder.php(2175): CodeIgniter\Database\BaseConnection->query('DELETE FROM `he...', Array, false)
#4 C:\xampp\htdocs\myLPU-HIMS\codeigniter\system\Model.php(359): CodeIgniter\Database\BaseBuilder->delete()
#5 C:\xampp\htdocs\myLPU-HIMS\codeigniter\system\BaseModel.php(963): CodeIgniter\Model->doDelete(Array, false)
#6 C:\xampp\htdocs\myLPU-HIMS\admin\app\Controllers\UserInformations.php(211): CodeIgniter\BaseModel->delete(Array)
#7 C:\xampp\htdocs\myLPU-HIMS\codeigniter\system\CodeIgniter.php(802): App\Controllers\UserInformations->deleteHealthPersonnelInformation('2016-3-1234')
#8 C:\xampp\htdocs\myLPU-HIMS\codeigniter\system\CodeIgniter.php(399): CodeIgniter\CodeIgniter->runController(Object(App\Controllers\UserInformations))
#9 C:\xampp\htdocs\myLPU-HIMS\codeigniter\system\CodeIgniter.php(317): CodeIgniter\CodeIgniter->handleRequest(NULL, Object(Config\Cache), false)
#10 C:\xampp\htdocs\myLPU-HIMS\admin\public\index.php(37): CodeIgniter\CodeIgniter->run()
#11 {main}
ERROR - 2021-10-23 19:47:41 --> Cannot delete or update a parent row: a foreign key constraint fails (`mylpuhims_db`.`consultations`, CONSTRAINT `fk_consultations_clinic_personnels1` FOREIGN KEY (`personnel_id_no`) REFERENCES `health_personnels` (`id_no`) ON DELETE NO ACTION ON UPDATE NO ACTIO)
CRITICAL - 2021-10-23 19:47:41 --> Cannot delete or update a parent row: a foreign key constraint fails (`mylpuhims_db`.`consultations`, CONSTRAINT `fk_consultations_clinic_personnels1` FOREIGN KEY (`personnel_id_no`) REFERENCES `health_personnels` (`id_no`) ON DELETE NO ACTION ON UPDATE NO ACTIO)
#0 C:\xampp\htdocs\myLPU-HIMS\codeigniter\system\Database\MySQLi\Connection.php(280): mysqli->query('DELETE FROM `he...')
#1 C:\xampp\htdocs\myLPU-HIMS\codeigniter\system\Database\BaseConnection.php(663): CodeIgniter\Database\MySQLi\Connection->execute('DELETE FROM `he...')
#2 C:\xampp\htdocs\myLPU-HIMS\codeigniter\system\Database\BaseConnection.php(591): CodeIgniter\Database\BaseConnection->simpleQuery('DELETE FROM `he...')
#3 C:\xampp\htdocs\myLPU-HIMS\codeigniter\system\Database\BaseBuilder.php(2175): CodeIgniter\Database\BaseConnection->query('DELETE FROM `he...', Array, false)
#4 C:\xampp\htdocs\myLPU-HIMS\codeigniter\system\Model.php(359): CodeIgniter\Database\BaseBuilder->delete()
#5 C:\xampp\htdocs\myLPU-HIMS\codeigniter\system\BaseModel.php(963): CodeIgniter\Model->doDelete(Array, false)
#6 C:\xampp\htdocs\myLPU-HIMS\admin\app\Controllers\UserInformations.php(211): CodeIgniter\BaseModel->delete(Array)
#7 C:\xampp\htdocs\myLPU-HIMS\codeigniter\system\CodeIgniter.php(802): App\Controllers\UserInformations->deleteHealthPersonnelInformation('2016-3-1234')
#8 C:\xampp\htdocs\myLPU-HIMS\codeigniter\system\CodeIgniter.php(399): CodeIgniter\CodeIgniter->runController(Object(App\Controllers\UserInformations))
#9 C:\xampp\htdocs\myLPU-HIMS\codeigniter\system\CodeIgniter.php(317): CodeIgniter\CodeIgniter->handleRequest(NULL, Object(Config\Cache), false)
#10 C:\xampp\htdocs\myLPU-HIMS\admin\public\index.php(37): CodeIgniter\CodeIgniter->run()
#11 {main}
ERROR - 2021-10-23 19:48:00 --> Cannot delete or update a parent row: a foreign key constraint fails (`mylpuhims_db`.`consultations`, CONSTRAINT `fk_consultations_clinic_personnels1` FOREIGN KEY (`personnel_id_no`) REFERENCES `health_personnels` (`id_no`) ON DELETE NO ACTION ON UPDATE NO ACTIO)
CRITICAL - 2021-10-23 19:48:00 --> Cannot delete or update a parent row: a foreign key constraint fails (`mylpuhims_db`.`consultations`, CONSTRAINT `fk_consultations_clinic_personnels1` FOREIGN KEY (`personnel_id_no`) REFERENCES `health_personnels` (`id_no`) ON DELETE NO ACTION ON UPDATE NO ACTIO)
#0 C:\xampp\htdocs\myLPU-HIMS\codeigniter\system\Database\MySQLi\Connection.php(280): mysqli->query('DELETE FROM `he...')
#1 C:\xampp\htdocs\myLPU-HIMS\codeigniter\system\Database\BaseConnection.php(663): CodeIgniter\Database\MySQLi\Connection->execute('DELETE FROM `he...')
#2 C:\xampp\htdocs\myLPU-HIMS\codeigniter\system\Database\BaseConnection.php(591): CodeIgniter\Database\BaseConnection->simpleQuery('DELETE FROM `he...')
#3 C:\xampp\htdocs\myLPU-HIMS\codeigniter\system\Database\BaseBuilder.php(2175): CodeIgniter\Database\BaseConnection->query('DELETE FROM `he...', Array, false)
#4 C:\xampp\htdocs\myLPU-HIMS\codeigniter\system\Model.php(359): CodeIgniter\Database\BaseBuilder->delete()
#5 C:\xampp\htdocs\myLPU-HIMS\codeigniter\system\BaseModel.php(963): CodeIgniter\Model->doDelete(Array, false)
#6 C:\xampp\htdocs\myLPU-HIMS\admin\app\Controllers\UserInformations.php(211): CodeIgniter\BaseModel->delete(Array)
#7 C:\xampp\htdocs\myLPU-HIMS\codeigniter\system\CodeIgniter.php(802): App\Controllers\UserInformations->deleteHealthPersonnelInformation('2016-3-1234')
#8 C:\xampp\htdocs\myLPU-HIMS\codeigniter\system\CodeIgniter.php(399): CodeIgniter\CodeIgniter->runController(Object(App\Controllers\UserInformations))
#9 C:\xampp\htdocs\myLPU-HIMS\codeigniter\system\CodeIgniter.php(317): CodeIgniter\CodeIgniter->handleRequest(NULL, Object(Config\Cache), false)
#10 C:\xampp\htdocs\myLPU-HIMS\admin\public\index.php(37): CodeIgniter\CodeIgniter->run()
#11 {main}
ERROR - 2021-10-23 19:48:01 --> Cannot delete or update a parent row: a foreign key constraint fails (`mylpuhims_db`.`consultations`, CONSTRAINT `fk_consultations_clinic_personnels1` FOREIGN KEY (`personnel_id_no`) REFERENCES `health_personnels` (`id_no`) ON DELETE NO ACTION ON UPDATE NO ACTIO)
CRITICAL - 2021-10-23 19:48:01 --> Cannot delete or update a parent row: a foreign key constraint fails (`mylpuhims_db`.`consultations`, CONSTRAINT `fk_consultations_clinic_personnels1` FOREIGN KEY (`personnel_id_no`) REFERENCES `health_personnels` (`id_no`) ON DELETE NO ACTION ON UPDATE NO ACTIO)
#0 C:\xampp\htdocs\myLPU-HIMS\codeigniter\system\Database\MySQLi\Connection.php(280): mysqli->query('DELETE FROM `he...')
#1 C:\xampp\htdocs\myLPU-HIMS\codeigniter\system\Database\BaseConnection.php(663): CodeIgniter\Database\MySQLi\Connection->execute('DELETE FROM `he...')
#2 C:\xampp\htdocs\myLPU-HIMS\codeigniter\system\Database\BaseConnection.php(591): CodeIgniter\Database\BaseConnection->simpleQuery('DELETE FROM `he...')
#3 C:\xampp\htdocs\myLPU-HIMS\codeigniter\system\Database\BaseBuilder.php(2175): CodeIgniter\Database\BaseConnection->query('DELETE FROM `he...', Array, false)
#4 C:\xampp\htdocs\myLPU-HIMS\codeigniter\system\Model.php(359): CodeIgniter\Database\BaseBuilder->delete()
#5 C:\xampp\htdocs\myLPU-HIMS\codeigniter\system\BaseModel.php(963): CodeIgniter\Model->doDelete(Array, false)
#6 C:\xampp\htdocs\myLPU-HIMS\admin\app\Controllers\UserInformations.php(211): CodeIgniter\BaseModel->delete(Array)
#7 C:\xampp\htdocs\myLPU-HIMS\codeigniter\system\CodeIgniter.php(802): App\Controllers\UserInformations->deleteHealthPersonnelInformation('2016-3-1234')
#8 C:\xampp\htdocs\myLPU-HIMS\codeigniter\system\CodeIgniter.php(399): CodeIgniter\CodeIgniter->runController(Object(App\Controllers\UserInformations))
#9 C:\xampp\htdocs\myLPU-HIMS\codeigniter\system\CodeIgniter.php(317): CodeIgniter\CodeIgniter->handleRequest(NULL, Object(Config\Cache), false)
#10 C:\xampp\htdocs\myLPU-HIMS\admin\public\index.php(37): CodeIgniter\CodeIgniter->run()
#11 {main}
ERROR - 2021-10-23 19:48:02 --> Cannot delete or update a parent row: a foreign key constraint fails (`mylpuhims_db`.`consultations`, CONSTRAINT `fk_consultations_clinic_personnels1` FOREIGN KEY (`personnel_id_no`) REFERENCES `health_personnels` (`id_no`) ON DELETE NO ACTION ON UPDATE NO ACTIO)
CRITICAL - 2021-10-23 19:48:02 --> Cannot delete or update a parent row: a foreign key constraint fails (`mylpuhims_db`.`consultations`, CONSTRAINT `fk_consultations_clinic_personnels1` FOREIGN KEY (`personnel_id_no`) REFERENCES `health_personnels` (`id_no`) ON DELETE NO ACTION ON UPDATE NO ACTIO)
#0 C:\xampp\htdocs\myLPU-HIMS\codeigniter\system\Database\MySQLi\Connection.php(280): mysqli->query('DELETE FROM `he...')
#1 C:\xampp\htdocs\myLPU-HIMS\codeigniter\system\Database\BaseConnection.php(663): CodeIgniter\Database\MySQLi\Connection->execute('DELETE FROM `he...')
#2 C:\xampp\htdocs\myLPU-HIMS\codeigniter\system\Database\BaseConnection.php(591): CodeIgniter\Database\BaseConnection->simpleQuery('DELETE FROM `he...')
#3 C:\xampp\htdocs\myLPU-HIMS\codeigniter\system\Database\BaseBuilder.php(2175): CodeIgniter\Database\BaseConnection->query('DELETE FROM `he...', Array, false)
#4 C:\xampp\htdocs\myLPU-HIMS\codeigniter\system\Model.php(359): CodeIgniter\Database\BaseBuilder->delete()
#5 C:\xampp\htdocs\myLPU-HIMS\codeigniter\system\BaseModel.php(963): CodeIgniter\Model->doDelete(Array, false)
#6 C:\xampp\htdocs\myLPU-HIMS\admin\app\Controllers\UserInformations.php(211): CodeIgniter\BaseModel->delete(Array)
#7 C:\xampp\htdocs\myLPU-HIMS\codeigniter\system\CodeIgniter.php(802): App\Controllers\UserInformations->deleteHealthPersonnelInformation('2016-3-1234')
#8 C:\xampp\htdocs\myLPU-HIMS\codeigniter\system\CodeIgniter.php(399): CodeIgniter\CodeIgniter->runController(Object(App\Controllers\UserInformations))
#9 C:\xampp\htdocs\myLPU-HIMS\codeigniter\system\CodeIgniter.php(317): CodeIgniter\CodeIgniter->handleRequest(NULL, Object(Config\Cache), false)
#10 C:\xampp\htdocs\myLPU-HIMS\admin\public\index.php(37): CodeIgniter\CodeIgniter->run()
#11 {main}
ERROR - 2021-10-23 19:48:05 --> Cannot delete or update a parent row: a foreign key constraint fails (`mylpuhims_db`.`consultations`, CONSTRAINT `fk_consultations_clinic_personnels1` FOREIGN KEY (`personnel_id_no`) REFERENCES `health_personnels` (`id_no`) ON DELETE NO ACTION ON UPDATE NO ACTIO)
CRITICAL - 2021-10-23 19:48:05 --> Cannot delete or update a parent row: a foreign key constraint fails (`mylpuhims_db`.`consultations`, CONSTRAINT `fk_consultations_clinic_personnels1` FOREIGN KEY (`personnel_id_no`) REFERENCES `health_personnels` (`id_no`) ON DELETE NO ACTION ON UPDATE NO ACTIO)
#0 C:\xampp\htdocs\myLPU-HIMS\codeigniter\system\Database\MySQLi\Connection.php(280): mysqli->query('DELETE FROM `he...')
#1 C:\xampp\htdocs\myLPU-HIMS\codeigniter\system\Database\BaseConnection.php(663): CodeIgniter\Database\MySQLi\Connection->execute('DELETE FROM `he...')
#2 C:\xampp\htdocs\myLPU-HIMS\codeigniter\system\Database\BaseConnection.php(591): CodeIgniter\Database\BaseConnection->simpleQuery('DELETE FROM `he...')
#3 C:\xampp\htdocs\myLPU-HIMS\codeigniter\system\Database\BaseBuilder.php(2175): CodeIgniter\Database\BaseConnection->query('DELETE FROM `he...', Array, false)
#4 C:\xampp\htdocs\myLPU-HIMS\codeigniter\system\Model.php(359): CodeIgniter\Database\BaseBuilder->delete()
#5 C:\xampp\htdocs\myLPU-HIMS\codeigniter\system\BaseModel.php(963): CodeIgniter\Model->doDelete(Array, false)
#6 C:\xampp\htdocs\myLPU-HIMS\admin\app\Controllers\UserInformations.php(211): CodeIgniter\BaseModel->delete(Array)
#7 C:\xampp\htdocs\myLPU-HIMS\codeigniter\system\CodeIgniter.php(802): App\Controllers\UserInformations->deleteHealthPersonnelInformation('2016-3-1234')
#8 C:\xampp\htdocs\myLPU-HIMS\codeigniter\system\CodeIgniter.php(399): CodeIgniter\CodeIgniter->runController(Object(App\Controllers\UserInformations))
#9 C:\xampp\htdocs\myLPU-HIMS\codeigniter\system\CodeIgniter.php(317): CodeIgniter\CodeIgniter->handleRequest(NULL, Object(Config\Cache), false)
#10 C:\xampp\htdocs\myLPU-HIMS\admin\public\index.php(37): CodeIgniter\CodeIgniter->run()
#11 {main}
ERROR - 2021-10-23 19:48:36 --> Cannot delete or update a parent row: a foreign key constraint fails (`mylpuhims_db`.`consultations`, CONSTRAINT `fk_consultations_clinic_personnels1` FOREIGN KEY (`personnel_id_no`) REFERENCES `health_personnels` (`id_no`) ON DELETE NO ACTION ON UPDATE NO ACTIO)
CRITICAL - 2021-10-23 19:48:36 --> Cannot delete or update a parent row: a foreign key constraint fails (`mylpuhims_db`.`consultations`, CONSTRAINT `fk_consultations_clinic_personnels1` FOREIGN KEY (`personnel_id_no`) REFERENCES `health_personnels` (`id_no`) ON DELETE NO ACTION ON UPDATE NO ACTIO)
#0 C:\xampp\htdocs\myLPU-HIMS\codeigniter\system\Database\MySQLi\Connection.php(280): mysqli->query('DELETE FROM `he...')
#1 C:\xampp\htdocs\myLPU-HIMS\codeigniter\system\Database\BaseConnection.php(663): CodeIgniter\Database\MySQLi\Connection->execute('DELETE FROM `he...')
#2 C:\xampp\htdocs\myLPU-HIMS\codeigniter\system\Database\BaseConnection.php(591): CodeIgniter\Database\BaseConnection->simpleQuery('DELETE FROM `he...')
#3 C:\xampp\htdocs\myLPU-HIMS\codeigniter\system\Database\BaseBuilder.php(2175): CodeIgniter\Database\BaseConnection->query('DELETE FROM `he...', Array, false)
#4 C:\xampp\htdocs\myLPU-HIMS\codeigniter\system\Model.php(359): CodeIgniter\Database\BaseBuilder->delete()
#5 C:\xampp\htdocs\myLPU-HIMS\codeigniter\system\BaseModel.php(963): CodeIgniter\Model->doDelete(Array, false)
#6 C:\xampp\htdocs\myLPU-HIMS\admin\app\Controllers\UserInformations.php(211): CodeIgniter\BaseModel->delete(Array)
#7 C:\xampp\htdocs\myLPU-HIMS\codeigniter\system\CodeIgniter.php(802): App\Controllers\UserInformations->deleteHealthPersonnelInformation('2016-3-1234')
#8 C:\xampp\htdocs\myLPU-HIMS\codeigniter\system\CodeIgniter.php(399): CodeIgniter\CodeIgniter->runController(Object(App\Controllers\UserInformations))
#9 C:\xampp\htdocs\myLPU-HIMS\codeigniter\system\CodeIgniter.php(317): CodeIgniter\CodeIgniter->handleRequest(NULL, Object(Config\Cache), false)
#10 C:\xampp\htdocs\myLPU-HIMS\admin\public\index.php(37): CodeIgniter\CodeIgniter->run()
#11 {main}
ERROR - 2021-10-23 19:48:37 --> Cannot delete or update a parent row: a foreign key constraint fails (`mylpuhims_db`.`consultations`, CONSTRAINT `fk_consultations_clinic_personnels1` FOREIGN KEY (`personnel_id_no`) REFERENCES `health_personnels` (`id_no`) ON DELETE NO ACTION ON UPDATE NO ACTIO)
CRITICAL - 2021-10-23 19:48:37 --> Cannot delete or update a parent row: a foreign key constraint fails (`mylpuhims_db`.`consultations`, CONSTRAINT `fk_consultations_clinic_personnels1` FOREIGN KEY (`personnel_id_no`) REFERENCES `health_personnels` (`id_no`) ON DELETE NO ACTION ON UPDATE NO ACTIO)
#0 C:\xampp\htdocs\myLPU-HIMS\codeigniter\system\Database\MySQLi\Connection.php(280): mysqli->query('DELETE FROM `he...')
#1 C:\xampp\htdocs\myLPU-HIMS\codeigniter\system\Database\BaseConnection.php(663): CodeIgniter\Database\MySQLi\Connection->execute('DELETE FROM `he...')
#2 C:\xampp\htdocs\myLPU-HIMS\codeigniter\system\Database\BaseConnection.php(591): CodeIgniter\Database\BaseConnection->simpleQuery('DELETE FROM `he...')
#3 C:\xampp\htdocs\myLPU-HIMS\codeigniter\system\Database\BaseBuilder.php(2175): CodeIgniter\Database\BaseConnection->query('DELETE FROM `he...', Array, false)
#4 C:\xampp\htdocs\myLPU-HIMS\codeigniter\system\Model.php(359): CodeIgniter\Database\BaseBuilder->delete()
#5 C:\xampp\htdocs\myLPU-HIMS\codeigniter\system\BaseModel.php(963): CodeIgniter\Model->doDelete(Array, false)
#6 C:\xampp\htdocs\myLPU-HIMS\admin\app\Controllers\UserInformations.php(211): CodeIgniter\BaseModel->delete(Array)
#7 C:\xampp\htdocs\myLPU-HIMS\codeigniter\system\CodeIgniter.php(802): App\Controllers\UserInformations->deleteHealthPersonnelInformation('2016-3-1234')
#8 C:\xampp\htdocs\myLPU-HIMS\codeigniter\system\CodeIgniter.php(399): CodeIgniter\CodeIgniter->runController(Object(App\Controllers\UserInformations))
#9 C:\xampp\htdocs\myLPU-HIMS\codeigniter\system\CodeIgniter.php(317): CodeIgniter\CodeIgniter->handleRequest(NULL, Object(Config\Cache), false)
#10 C:\xampp\htdocs\myLPU-HIMS\admin\public\index.php(37): CodeIgniter\CodeIgniter->run()
#11 {main}
ERROR - 2021-10-23 19:48:40 --> Cannot delete or update a parent row: a foreign key constraint fails (`mylpuhims_db`.`consultations`, CONSTRAINT `fk_consultations_clinic_personnels1` FOREIGN KEY (`personnel_id_no`) REFERENCES `health_personnels` (`id_no`) ON DELETE NO ACTION ON UPDATE NO ACTIO)
CRITICAL - 2021-10-23 19:48:40 --> Cannot delete or update a parent row: a foreign key constraint fails (`mylpuhims_db`.`consultations`, CONSTRAINT `fk_consultations_clinic_personnels1` FOREIGN KEY (`personnel_id_no`) REFERENCES `health_personnels` (`id_no`) ON DELETE NO ACTION ON UPDATE NO ACTIO)
#0 C:\xampp\htdocs\myLPU-HIMS\codeigniter\system\Database\MySQLi\Connection.php(280): mysqli->query('DELETE FROM `he...')
#1 C:\xampp\htdocs\myLPU-HIMS\codeigniter\system\Database\BaseConnection.php(663): CodeIgniter\Database\MySQLi\Connection->execute('DELETE FROM `he...')
#2 C:\xampp\htdocs\myLPU-HIMS\codeigniter\system\Database\BaseConnection.php(591): CodeIgniter\Database\BaseConnection->simpleQuery('DELETE FROM `he...')
#3 C:\xampp\htdocs\myLPU-HIMS\codeigniter\system\Database\BaseBuilder.php(2175): CodeIgniter\Database\BaseConnection->query('DELETE FROM `he...', Array, false)
#4 C:\xampp\htdocs\myLPU-HIMS\codeigniter\system\Model.php(359): CodeIgniter\Database\BaseBuilder->delete()
#5 C:\xampp\htdocs\myLPU-HIMS\codeigniter\system\BaseModel.php(963): CodeIgniter\Model->doDelete(Array, false)
#6 C:\xampp\htdocs\myLPU-HIMS\admin\app\Controllers\UserInformations.php(211): CodeIgniter\BaseModel->delete(Array)
#7 C:\xampp\htdocs\myLPU-HIMS\codeigniter\system\CodeIgniter.php(802): App\Controllers\UserInformations->deleteHealthPersonnelInformation('2016-3-1234')
#8 C:\xampp\htdocs\myLPU-HIMS\codeigniter\system\CodeIgniter.php(399): CodeIgniter\CodeIgniter->runController(Object(App\Controllers\UserInformations))
#9 C:\xampp\htdocs\myLPU-HIMS\codeigniter\system\CodeIgniter.php(317): CodeIgniter\CodeIgniter->handleRequest(NULL, Object(Config\Cache), false)
#10 C:\xampp\htdocs\myLPU-HIMS\admin\public\index.php(37): CodeIgniter\CodeIgniter->run()
#11 {main}
ERROR - 2021-10-23 19:49:12 --> Cannot delete or update a parent row: a foreign key constraint fails (`mylpuhims_db`.`consultations`, CONSTRAINT `fk_consultations_clinic_personnels1` FOREIGN KEY (`personnel_id_no`) REFERENCES `health_personnels` (`id_no`) ON DELETE NO ACTION ON UPDATE NO ACTIO)
CRITICAL - 2021-10-23 19:49:12 --> Cannot delete or update a parent row: a foreign key constraint fails (`mylpuhims_db`.`consultations`, CONSTRAINT `fk_consultations_clinic_personnels1` FOREIGN KEY (`personnel_id_no`) REFERENCES `health_personnels` (`id_no`) ON DELETE NO ACTION ON UPDATE NO ACTIO)
#0 C:\xampp\htdocs\myLPU-HIMS\codeigniter\system\Database\MySQLi\Connection.php(280): mysqli->query('DELETE FROM `he...')
#1 C:\xampp\htdocs\myLPU-HIMS\codeigniter\system\Database\BaseConnection.php(663): CodeIgniter\Database\MySQLi\Connection->execute('DELETE FROM `he...')
#2 C:\xampp\htdocs\myLPU-HIMS\codeigniter\system\Database\BaseConnection.php(591): CodeIgniter\Database\BaseConnection->simpleQuery('DELETE FROM `he...')
#3 C:\xampp\htdocs\myLPU-HIMS\codeigniter\system\Database\BaseBuilder.php(2175): CodeIgniter\Database\BaseConnection->query('DELETE FROM `he...', Array, false)
#4 C:\xampp\htdocs\myLPU-HIMS\codeigniter\system\Model.php(359): CodeIgniter\Database\BaseBuilder->delete()
#5 C:\xampp\htdocs\myLPU-HIMS\codeigniter\system\BaseModel.php(963): CodeIgniter\Model->doDelete(Array, false)
#6 C:\xampp\htdocs\myLPU-HIMS\admin\app\Controllers\UserInformations.php(211): CodeIgniter\BaseModel->delete(Array)
#7 C:\xampp\htdocs\myLPU-HIMS\codeigniter\system\CodeIgniter.php(802): App\Controllers\UserInformations->deleteHealthPersonnelInformation('2016-3-1234')
#8 C:\xampp\htdocs\myLPU-HIMS\codeigniter\system\CodeIgniter.php(399): CodeIgniter\CodeIgniter->runController(Object(App\Controllers\UserInformations))
#9 C:\xampp\htdocs\myLPU-HIMS\codeigniter\system\CodeIgniter.php(317): CodeIgniter\CodeIgniter->handleRequest(NULL, Object(Config\Cache), false)
#10 C:\xampp\htdocs\myLPU-HIMS\admin\public\index.php(37): CodeIgniter\CodeIgniter->run()
#11 {main}
ERROR - 2021-10-23 19:49:45 --> Cannot delete or update a parent row: a foreign key constraint fails (`mylpuhims_db`.`consultations`, CONSTRAINT `fk_consultations_clinic_personnels1` FOREIGN KEY (`personnel_id_no`) REFERENCES `health_personnels` (`id_no`) ON DELETE NO ACTION ON UPDATE NO ACTIO)
CRITICAL - 2021-10-23 19:49:45 --> Cannot delete or update a parent row: a foreign key constraint fails (`mylpuhims_db`.`consultations`, CONSTRAINT `fk_consultations_clinic_personnels1` FOREIGN KEY (`personnel_id_no`) REFERENCES `health_personnels` (`id_no`) ON DELETE NO ACTION ON UPDATE NO ACTIO)
#0 C:\xampp\htdocs\myLPU-HIMS\codeigniter\system\Database\MySQLi\Connection.php(280): mysqli->query('DELETE FROM `he...')
#1 C:\xampp\htdocs\myLPU-HIMS\codeigniter\system\Database\BaseConnection.php(663): CodeIgniter\Database\MySQLi\Connection->execute('DELETE FROM `he...')
#2 C:\xampp\htdocs\myLPU-HIMS\codeigniter\system\Database\BaseConnection.php(591): CodeIgniter\Database\BaseConnection->simpleQuery('DELETE FROM `he...')
#3 C:\xampp\htdocs\myLPU-HIMS\codeigniter\system\Database\BaseBuilder.php(2175): CodeIgniter\Database\BaseConnection->query('DELETE FROM `he...', Array, false)
#4 C:\xampp\htdocs\myLPU-HIMS\codeigniter\system\Model.php(359): CodeIgniter\Database\BaseBuilder->delete()
#5 C:\xampp\htdocs\myLPU-HIMS\codeigniter\system\BaseModel.php(963): CodeIgniter\Model->doDelete(Array, false)
#6 C:\xampp\htdocs\myLPU-HIMS\admin\app\Controllers\UserInformations.php(211): CodeIgniter\BaseModel->delete(Array)
#7 C:\xampp\htdocs\myLPU-HIMS\codeigniter\system\CodeIgniter.php(802): App\Controllers\UserInformations->deleteHealthPersonnelInformation('2016-3-1234')
#8 C:\xampp\htdocs\myLPU-HIMS\codeigniter\system\CodeIgniter.php(399): CodeIgniter\CodeIgniter->runController(Object(App\Controllers\UserInformations))
#9 C:\xampp\htdocs\myLPU-HIMS\codeigniter\system\CodeIgniter.php(317): CodeIgniter\CodeIgniter->handleRequest(NULL, Object(Config\Cache), false)
#10 C:\xampp\htdocs\myLPU-HIMS\admin\public\index.php(37): CodeIgniter\CodeIgniter->run()
#11 {main}
ERROR - 2021-10-23 19:49:46 --> Cannot delete or update a parent row: a foreign key constraint fails (`mylpuhims_db`.`consultations`, CONSTRAINT `fk_consultations_clinic_personnels1` FOREIGN KEY (`personnel_id_no`) REFERENCES `health_personnels` (`id_no`) ON DELETE NO ACTION ON UPDATE NO ACTIO)
CRITICAL - 2021-10-23 19:49:46 --> Cannot delete or update a parent row: a foreign key constraint fails (`mylpuhims_db`.`consultations`, CONSTRAINT `fk_consultations_clinic_personnels1` FOREIGN KEY (`personnel_id_no`) REFERENCES `health_personnels` (`id_no`) ON DELETE NO ACTION ON UPDATE NO ACTIO)
#0 C:\xampp\htdocs\myLPU-HIMS\codeigniter\system\Database\MySQLi\Connection.php(280): mysqli->query('DELETE FROM `he...')
#1 C:\xampp\htdocs\myLPU-HIMS\codeigniter\system\Database\BaseConnection.php(663): CodeIgniter\Database\MySQLi\Connection->execute('DELETE FROM `he...')
#2 C:\xampp\htdocs\myLPU-HIMS\codeigniter\system\Database\BaseConnection.php(591): CodeIgniter\Database\BaseConnection->simpleQuery('DELETE FROM `he...')
#3 C:\xampp\htdocs\myLPU-HIMS\codeigniter\system\Database\BaseBuilder.php(2175): CodeIgniter\Database\BaseConnection->query('DELETE FROM `he...', Array, false)
#4 C:\xampp\htdocs\myLPU-HIMS\codeigniter\system\Model.php(359): CodeIgniter\Database\BaseBuilder->delete()
#5 C:\xampp\htdocs\myLPU-HIMS\codeigniter\system\BaseModel.php(963): CodeIgniter\Model->doDelete(Array, false)
#6 C:\xampp\htdocs\myLPU-HIMS\admin\app\Controllers\UserInformations.php(211): CodeIgniter\BaseModel->delete(Array)
#7 C:\xampp\htdocs\myLPU-HIMS\codeigniter\system\CodeIgniter.php(802): App\Controllers\UserInformations->deleteHealthPersonnelInformation('2016-3-1234')
#8 C:\xampp\htdocs\myLPU-HIMS\codeigniter\system\CodeIgniter.php(399): CodeIgniter\CodeIgniter->runController(Object(App\Controllers\UserInformations))
#9 C:\xampp\htdocs\myLPU-HIMS\codeigniter\system\CodeIgniter.php(317): CodeIgniter\CodeIgniter->handleRequest(NULL, Object(Config\Cache), false)
#10 C:\xampp\htdocs\myLPU-HIMS\admin\public\index.php(37): CodeIgniter\CodeIgniter->run()
#11 {main}
ERROR - 2021-10-23 19:49:47 --> Cannot delete or update a parent row: a foreign key constraint fails (`mylpuhims_db`.`consultations`, CONSTRAINT `fk_consultations_clinic_personnels1` FOREIGN KEY (`personnel_id_no`) REFERENCES `health_personnels` (`id_no`) ON DELETE NO ACTION ON UPDATE NO ACTIO)
CRITICAL - 2021-10-23 19:49:47 --> Cannot delete or update a parent row: a foreign key constraint fails (`mylpuhims_db`.`consultations`, CONSTRAINT `fk_consultations_clinic_personnels1` FOREIGN KEY (`personnel_id_no`) REFERENCES `health_personnels` (`id_no`) ON DELETE NO ACTION ON UPDATE NO ACTIO)
#0 C:\xampp\htdocs\myLPU-HIMS\codeigniter\system\Database\MySQLi\Connection.php(280): mysqli->query('DELETE FROM `he...')
#1 C:\xampp\htdocs\myLPU-HIMS\codeigniter\system\Database\BaseConnection.php(663): CodeIgniter\Database\MySQLi\Connection->execute('DELETE FROM `he...')
#2 C:\xampp\htdocs\myLPU-HIMS\codeigniter\system\Database\BaseConnection.php(591): CodeIgniter\Database\BaseConnection->simpleQuery('DELETE FROM `he...')
#3 C:\xampp\htdocs\myLPU-HIMS\codeigniter\system\Database\BaseBuilder.php(2175): CodeIgniter\Database\BaseConnection->query('DELETE FROM `he...', Array, false)
#4 C:\xampp\htdocs\myLPU-HIMS\codeigniter\system\Model.php(359): CodeIgniter\Database\BaseBuilder->delete()
#5 C:\xampp\htdocs\myLPU-HIMS\codeigniter\system\BaseModel.php(963): CodeIgniter\Model->doDelete(Array, false)
#6 C:\xampp\htdocs\myLPU-HIMS\admin\app\Controllers\UserInformations.php(211): CodeIgniter\BaseModel->delete(Array)
#7 C:\xampp\htdocs\myLPU-HIMS\codeigniter\system\CodeIgniter.php(802): App\Controllers\UserInformations->deleteHealthPersonnelInformation('2016-3-1234')
#8 C:\xampp\htdocs\myLPU-HIMS\codeigniter\system\CodeIgniter.php(399): CodeIgniter\CodeIgniter->runController(Object(App\Controllers\UserInformations))
#9 C:\xampp\htdocs\myLPU-HIMS\codeigniter\system\CodeIgniter.php(317): CodeIgniter\CodeIgniter->handleRequest(NULL, Object(Config\Cache), false)
#10 C:\xampp\htdocs\myLPU-HIMS\admin\public\index.php(37): CodeIgniter\CodeIgniter->run()
#11 {main}
ERROR - 2021-10-23 19:49:47 --> Cannot delete or update a parent row: a foreign key constraint fails (`mylpuhims_db`.`consultations`, CONSTRAINT `fk_consultations_clinic_personnels1` FOREIGN KEY (`personnel_id_no`) REFERENCES `health_personnels` (`id_no`) ON DELETE NO ACTION ON UPDATE NO ACTIO)
CRITICAL - 2021-10-23 19:49:47 --> Cannot delete or update a parent row: a foreign key constraint fails (`mylpuhims_db`.`consultations`, CONSTRAINT `fk_consultations_clinic_personnels1` FOREIGN KEY (`personnel_id_no`) REFERENCES `health_personnels` (`id_no`) ON DELETE NO ACTION ON UPDATE NO ACTIO)
#0 C:\xampp\htdocs\myLPU-HIMS\codeigniter\system\Database\MySQLi\Connection.php(280): mysqli->query('DELETE FROM `he...')
#1 C:\xampp\htdocs\myLPU-HIMS\codeigniter\system\Database\BaseConnection.php(663): CodeIgniter\Database\MySQLi\Connection->execute('DELETE FROM `he...')
#2 C:\xampp\htdocs\myLPU-HIMS\codeigniter\system\Database\BaseConnection.php(591): CodeIgniter\Database\BaseConnection->simpleQuery('DELETE FROM `he...')
#3 C:\xampp\htdocs\myLPU-HIMS\codeigniter\system\Database\BaseBuilder.php(2175): CodeIgniter\Database\BaseConnection->query('DELETE FROM `he...', Array, false)
#4 C:\xampp\htdocs\myLPU-HIMS\codeigniter\system\Model.php(359): CodeIgniter\Database\BaseBuilder->delete()
#5 C:\xampp\htdocs\myLPU-HIMS\codeigniter\system\BaseModel.php(963): CodeIgniter\Model->doDelete(Array, false)
#6 C:\xampp\htdocs\myLPU-HIMS\admin\app\Controllers\UserInformations.php(211): CodeIgniter\BaseModel->delete(Array)
#7 C:\xampp\htdocs\myLPU-HIMS\codeigniter\system\CodeIgniter.php(802): App\Controllers\UserInformations->deleteHealthPersonnelInformation('2016-3-1234')
#8 C:\xampp\htdocs\myLPU-HIMS\codeigniter\system\CodeIgniter.php(399): CodeIgniter\CodeIgniter->runController(Object(App\Controllers\UserInformations))
#9 C:\xampp\htdocs\myLPU-HIMS\codeigniter\system\CodeIgniter.php(317): CodeIgniter\CodeIgniter->handleRequest(NULL, Object(Config\Cache), false)
#10 C:\xampp\htdocs\myLPU-HIMS\admin\public\index.php(37): CodeIgniter\CodeIgniter->run()
#11 {main}
ERROR - 2021-10-23 19:50:54 --> Cannot delete or update a parent row: a foreign key constraint fails (`mylpuhims_db`.`consultations`, CONSTRAINT `fk_consultations_clinic_personnels1` FOREIGN KEY (`personnel_id_no`) REFERENCES `health_personnels` (`id_no`) ON DELETE NO ACTION ON UPDATE NO ACTIO)
CRITICAL - 2021-10-23 19:50:54 --> Cannot delete or update a parent row: a foreign key constraint fails (`mylpuhims_db`.`consultations`, CONSTRAINT `fk_consultations_clinic_personnels1` FOREIGN KEY (`personnel_id_no`) REFERENCES `health_personnels` (`id_no`) ON DELETE NO ACTION ON UPDATE NO ACTIO)
#0 C:\xampp\htdocs\myLPU-HIMS\codeigniter\system\Database\MySQLi\Connection.php(280): mysqli->query('DELETE FROM `he...')
#1 C:\xampp\htdocs\myLPU-HIMS\codeigniter\system\Database\BaseConnection.php(663): CodeIgniter\Database\MySQLi\Connection->execute('DELETE FROM `he...')
#2 C:\xampp\htdocs\myLPU-HIMS\codeigniter\system\Database\BaseConnection.php(591): CodeIgniter\Database\BaseConnection->simpleQuery('DELETE FROM `he...')
#3 C:\xampp\htdocs\myLPU-HIMS\codeigniter\system\Database\BaseBuilder.php(2175): CodeIgniter\Database\BaseConnection->query('DELETE FROM `he...', Array, false)
#4 C:\xampp\htdocs\myLPU-HIMS\codeigniter\system\Model.php(359): CodeIgniter\Database\BaseBuilder->delete()
#5 C:\xampp\htdocs\myLPU-HIMS\codeigniter\system\BaseModel.php(963): CodeIgniter\Model->doDelete(Array, false)
#6 C:\xampp\htdocs\myLPU-HIMS\admin\app\Controllers\UserInformations.php(211): CodeIgniter\BaseModel->delete(Array)
#7 C:\xampp\htdocs\myLPU-HIMS\codeigniter\system\CodeIgniter.php(802): App\Controllers\UserInformations->deleteHealthPersonnelInformation('2016-3-1234')
#8 C:\xampp\htdocs\myLPU-HIMS\codeigniter\system\CodeIgniter.php(399): CodeIgniter\CodeIgniter->runController(Object(App\Controllers\UserInformations))
#9 C:\xampp\htdocs\myLPU-HIMS\codeigniter\system\CodeIgniter.php(317): CodeIgniter\CodeIgniter->handleRequest(NULL, Object(Config\Cache), false)
#10 C:\xampp\htdocs\myLPU-HIMS\admin\public\index.php(37): CodeIgniter\CodeIgniter->run()
#11 {main}
ERROR - 2021-10-23 19:51:43 --> Cannot delete or update a parent row: a foreign key constraint fails (`mylpuhims_db`.`consultations`, CONSTRAINT `fk_consultations_clinic_personnels1` FOREIGN KEY (`personnel_id_no`) REFERENCES `health_personnels` (`id_no`) ON DELETE NO ACTION ON UPDATE NO ACTIO)
CRITICAL - 2021-10-23 19:51:43 --> Cannot delete or update a parent row: a foreign key constraint fails (`mylpuhims_db`.`consultations`, CONSTRAINT `fk_consultations_clinic_personnels1` FOREIGN KEY (`personnel_id_no`) REFERENCES `health_personnels` (`id_no`) ON DELETE NO ACTION ON UPDATE NO ACTIO)
#0 C:\xampp\htdocs\myLPU-HIMS\codeigniter\system\Database\MySQLi\Connection.php(280): mysqli->query('DELETE FROM `he...')
#1 C:\xampp\htdocs\myLPU-HIMS\codeigniter\system\Database\BaseConnection.php(663): CodeIgniter\Database\MySQLi\Connection->execute('DELETE FROM `he...')
#2 C:\xampp\htdocs\myLPU-HIMS\codeigniter\system\Database\BaseConnection.php(591): CodeIgniter\Database\BaseConnection->simpleQuery('DELETE FROM `he...')
#3 C:\xampp\htdocs\myLPU-HIMS\codeigniter\system\Database\BaseBuilder.php(2175): CodeIgniter\Database\BaseConnection->query('DELETE FROM `he...', Array, false)
#4 C:\xampp\htdocs\myLPU-HIMS\codeigniter\system\Model.php(359): CodeIgniter\Database\BaseBuilder->delete()
#5 C:\xampp\htdocs\myLPU-HIMS\codeigniter\system\BaseModel.php(963): CodeIgniter\Model->doDelete(Array, false)
#6 C:\xampp\htdocs\myLPU-HIMS\admin\app\Controllers\UserInformations.php(211): CodeIgniter\BaseModel->delete(Array)
#7 C:\xampp\htdocs\myLPU-HIMS\codeigniter\system\CodeIgniter.php(802): App\Controllers\UserInformations->deleteHealthPersonnelInformation('2016-3-1234')
#8 C:\xampp\htdocs\myLPU-HIMS\codeigniter\system\CodeIgniter.php(399): CodeIgniter\CodeIgniter->runController(Object(App\Controllers\UserInformations))
#9 C:\xampp\htdocs\myLPU-HIMS\codeigniter\system\CodeIgniter.php(317): CodeIgniter\CodeIgniter->handleRequest(NULL, Object(Config\Cache), false)
#10 C:\xampp\htdocs\myLPU-HIMS\admin\public\index.php(37): CodeIgniter\CodeIgniter->run()
#11 {main}
ERROR - 2021-10-23 19:52:00 --> Cannot delete or update a parent row: a foreign key constraint fails (`mylpuhims_db`.`consultations`, CONSTRAINT `fk_consultations_clinic_personnels1` FOREIGN KEY (`personnel_id_no`) REFERENCES `health_personnels` (`id_no`) ON DELETE NO ACTION ON UPDATE NO ACTIO)
CRITICAL - 2021-10-23 19:52:00 --> Cannot delete or update a parent row: a foreign key constraint fails (`mylpuhims_db`.`consultations`, CONSTRAINT `fk_consultations_clinic_personnels1` FOREIGN KEY (`personnel_id_no`) REFERENCES `health_personnels` (`id_no`) ON DELETE NO ACTION ON UPDATE NO ACTIO)
#0 C:\xampp\htdocs\myLPU-HIMS\codeigniter\system\Database\MySQLi\Connection.php(280): mysqli->query('DELETE FROM `he...')
#1 C:\xampp\htdocs\myLPU-HIMS\codeigniter\system\Database\BaseConnection.php(663): CodeIgniter\Database\MySQLi\Connection->execute('DELETE FROM `he...')
#2 C:\xampp\htdocs\myLPU-HIMS\codeigniter\system\Database\BaseConnection.php(591): CodeIgniter\Database\BaseConnection->simpleQuery('DELETE FROM `he...')
#3 C:\xampp\htdocs\myLPU-HIMS\codeigniter\system\Database\BaseBuilder.php(2175): CodeIgniter\Database\BaseConnection->query('DELETE FROM `he...', Array, false)
#4 C:\xampp\htdocs\myLPU-HIMS\codeigniter\system\Model.php(359): CodeIgniter\Database\BaseBuilder->delete()
#5 C:\xampp\htdocs\myLPU-HIMS\codeigniter\system\BaseModel.php(963): CodeIgniter\Model->doDelete(Array, false)
#6 C:\xampp\htdocs\myLPU-HIMS\admin\app\Controllers\UserInformations.php(211): CodeIgniter\BaseModel->delete(Array)
#7 C:\xampp\htdocs\myLPU-HIMS\codeigniter\system\CodeIgniter.php(802): App\Controllers\UserInformations->deleteHealthPersonnelInformation('2016-3-1234')
#8 C:\xampp\htdocs\myLPU-HIMS\codeigniter\system\CodeIgniter.php(399): CodeIgniter\CodeIgniter->runController(Object(App\Controllers\UserInformations))
#9 C:\xampp\htdocs\myLPU-HIMS\codeigniter\system\CodeIgniter.php(317): CodeIgniter\CodeIgniter->handleRequest(NULL, Object(Config\Cache), false)
#10 C:\xampp\htdocs\myLPU-HIMS\admin\public\index.php(37): CodeIgniter\CodeIgniter->run()
#11 {main}
ERROR - 2021-10-23 19:54:22 --> Cannot add or update a child row: a foreign key constraint fails (`mylpuhims_db`.`consultations`, CONSTRAINT `fk_consultations_clinic_personnels1` FOREIGN KEY (`personnel_id_no`) REFERENCES `health_personnels` (`id_no`) ON DELETE NO ACTION ON UPDATE NO ACTIO)
CRITICAL - 2021-10-23 19:54:22 --> Cannot add or update a child row: a foreign key constraint fails (`mylpuhims_db`.`consultations`, CONSTRAINT `fk_consultations_clinic_personnels1` FOREIGN KEY (`personnel_id_no`) REFERENCES `health_personnels` (`id_no`) ON DELETE NO ACTION ON UPDATE NO ACTIO)
#0 C:\xampp\htdocs\myLPU-HIMS\codeigniter\system\Database\MySQLi\Connection.php(280): mysqli->query('UPDATE `consult...')
#1 C:\xampp\htdocs\myLPU-HIMS\codeigniter\system\Database\BaseConnection.php(663): CodeIgniter\Database\MySQLi\Connection->execute('UPDATE `consult...')
#2 C:\xampp\htdocs\myLPU-HIMS\codeigniter\system\Database\BaseConnection.php(591): CodeIgniter\Database\BaseConnection->simpleQuery('UPDATE `consult...')
#3 C:\xampp\htdocs\myLPU-HIMS\codeigniter\system\Database\BaseBuilder.php(1875): CodeIgniter\Database\BaseConnection->query('UPDATE `consult...', Array, false)
#4 C:\xampp\htdocs\myLPU-HIMS\codeigniter\system\Model.php(298): CodeIgniter\Database\BaseBuilder->update()
#5 C:\xampp\htdocs\myLPU-HIMS\codeigniter\system\BaseModel.php(865): CodeIgniter\Model->doUpdate(NULL, Array)
#6 C:\xampp\htdocs\myLPU-HIMS\codeigniter\system\Model.php(646): CodeIgniter\BaseModel->update(NULL, Array)
#7 C:\xampp\htdocs\myLPU-HIMS\admin\app\Controllers\UserInformations.php(216): CodeIgniter\Model->update()
#8 C:\xampp\htdocs\myLPU-HIMS\codeigniter\system\CodeIgniter.php(802): App\Controllers\UserInformations->deleteHealthPersonnelInformation('2016-3-1234')
#9 C:\xampp\htdocs\myLPU-HIMS\codeigniter\system\CodeIgniter.php(399): CodeIgniter\CodeIgniter->runController(Object(App\Controllers\UserInformations))
#10 C:\xampp\htdocs\myLPU-HIMS\codeigniter\system\CodeIgniter.php(317): CodeIgniter\CodeIgniter->handleRequest(NULL, Object(Config\Cache), false)
#11 C:\xampp\htdocs\myLPU-HIMS\admin\public\index.php(37): CodeIgniter\CodeIgniter->run()
#12 {main}
ERROR - 2021-10-23 20:56:51 --> Unknown column 'lycean_id_no' in 'where clause'
CRITICAL - 2021-10-23 20:56:51 --> Unknown column 'lycean_id_no' in 'where clause'
#0 C:\xampp\htdocs\myLPU-HIMS\codeigniter\system\Database\MySQLi\Connection.php(280): mysqli->query('DELETE FROM `he...')
#1 C:\xampp\htdocs\myLPU-HIMS\codeigniter\system\Database\BaseConnection.php(663): CodeIgniter\Database\MySQLi\Connection->execute('DELETE FROM `he...')
#2 C:\xampp\htdocs\myLPU-HIMS\codeigniter\system\Database\BaseConnection.php(591): CodeIgniter\Database\BaseConnection->simpleQuery('DELETE FROM `he...')
#3 C:\xampp\htdocs\myLPU-HIMS\codeigniter\system\Database\BaseBuilder.php(2175): CodeIgniter\Database\BaseConnection->query('DELETE FROM `he...', Array, false)
#4 C:\xampp\htdocs\myLPU-HIMS\codeigniter\system\Model.php(359): CodeIgniter\Database\BaseBuilder->delete()
#5 C:\xampp\htdocs\myLPU-HIMS\codeigniter\system\BaseModel.php(963): CodeIgniter\Model->doDelete(NULL, false)
#6 C:\xampp\htdocs\myLPU-HIMS\admin\app\Controllers\UserInformations.php(213): CodeIgniter\BaseModel->delete()
#7 C:\xampp\htdocs\myLPU-HIMS\codeigniter\system\CodeIgniter.php(802): App\Controllers\UserInformations->deleteHealthPersonnelInformation('2016-3-1234')
#8 C:\xampp\htdocs\myLPU-HIMS\codeigniter\system\CodeIgniter.php(399): CodeIgniter\CodeIgniter->runController(Object(App\Controllers\UserInformations))
#9 C:\xampp\htdocs\myLPU-HIMS\codeigniter\system\CodeIgniter.php(317): CodeIgniter\CodeIgniter->handleRequest(NULL, Object(Config\Cache), false)
#10 C:\xampp\htdocs\myLPU-HIMS\admin\public\index.php(37): CodeIgniter\CodeIgniter->run()
#11 {main}
ERROR - 2021-10-23 20:57:57 --> Cannot add or update a child row: a foreign key constraint fails (`mylpuhims_db`.`consultations`, CONSTRAINT `fk_consultations_clinic_personnels1` FOREIGN KEY (`personnel_id_no`) REFERENCES `health_personnels` (`id_no`) ON DELETE NO ACTION ON UPDATE NO ACTIO)
CRITICAL - 2021-10-23 20:57:57 --> Cannot add or update a child row: a foreign key constraint fails (`mylpuhims_db`.`consultations`, CONSTRAINT `fk_consultations_clinic_personnels1` FOREIGN KEY (`personnel_id_no`) REFERENCES `health_personnels` (`id_no`) ON DELETE NO ACTION ON UPDATE NO ACTIO)
#0 C:\xampp\htdocs\myLPU-HIMS\codeigniter\system\Database\MySQLi\Connection.php(280): mysqli->query('UPDATE `consult...')
#1 C:\xampp\htdocs\myLPU-HIMS\codeigniter\system\Database\BaseConnection.php(663): CodeIgniter\Database\MySQLi\Connection->execute('UPDATE `consult...')
#2 C:\xampp\htdocs\myLPU-HIMS\codeigniter\system\Database\BaseConnection.php(591): CodeIgniter\Database\BaseConnection->simpleQuery('UPDATE `consult...')
#3 C:\xampp\htdocs\myLPU-HIMS\codeigniter\system\Database\BaseBuilder.php(1875): CodeIgniter\Database\BaseConnection->query('UPDATE `consult...', Array, false)
#4 C:\xampp\htdocs\myLPU-HIMS\codeigniter\system\Model.php(298): CodeIgniter\Database\BaseBuilder->update()
#5 C:\xampp\htdocs\myLPU-HIMS\codeigniter\system\BaseModel.php(865): CodeIgniter\Model->doUpdate(NULL, Array)
#6 C:\xampp\htdocs\myLPU-HIMS\codeigniter\system\Model.php(646): CodeIgniter\BaseModel->update(NULL, Array)
#7 C:\xampp\htdocs\myLPU-HIMS\admin\app\Controllers\UserInformations.php(218): CodeIgniter\Model->update()
#8 C:\xampp\htdocs\myLPU-HIMS\codeigniter\system\CodeIgniter.php(802): App\Controllers\UserInformations->deleteHealthPersonnelInformation('2016-3-1234')
#9 C:\xampp\htdocs\myLPU-HIMS\codeigniter\system\CodeIgniter.php(399): CodeIgniter\CodeIgniter->runController(Object(App\Controllers\UserInformations))
#10 C:\xampp\htdocs\myLPU-HIMS\codeigniter\system\CodeIgniter.php(317): CodeIgniter\CodeIgniter->handleRequest(NULL, Object(Config\Cache), false)
#11 C:\xampp\htdocs\myLPU-HIMS\admin\public\index.php(37): CodeIgniter\CodeIgniter->run()
#12 {main}
ERROR - 2021-10-23 20:58:27 --> Cannot add or update a child row: a foreign key constraint fails (`mylpuhims_db`.`consultations`, CONSTRAINT `fk_consultations_clinic_personnels1` FOREIGN KEY (`personnel_id_no`) REFERENCES `health_personnels` (`id_no`) ON DELETE NO ACTION ON UPDATE NO ACTIO)
CRITICAL - 2021-10-23 20:58:27 --> Cannot add or update a child row: a foreign key constraint fails (`mylpuhims_db`.`consultations`, CONSTRAINT `fk_consultations_clinic_personnels1` FOREIGN KEY (`personnel_id_no`) REFERENCES `health_personnels` (`id_no`) ON DELETE NO ACTION ON UPDATE NO ACTIO)
#0 C:\xampp\htdocs\myLPU-HIMS\codeigniter\system\Database\MySQLi\Connection.php(280): mysqli->query('UPDATE `consult...')
#1 C:\xampp\htdocs\myLPU-HIMS\codeigniter\system\Database\BaseConnection.php(663): CodeIgniter\Database\MySQLi\Connection->execute('UPDATE `consult...')
#2 C:\xampp\htdocs\myLPU-HIMS\codeigniter\system\Database\BaseConnection.php(591): CodeIgniter\Database\BaseConnection->simpleQuery('UPDATE `consult...')
#3 C:\xampp\htdocs\myLPU-HIMS\codeigniter\system\Database\BaseBuilder.php(1875): CodeIgniter\Database\BaseConnection->query('UPDATE `consult...', Array, false)
#4 C:\xampp\htdocs\myLPU-HIMS\codeigniter\system\Model.php(298): CodeIgniter\Database\BaseBuilder->update()
#5 C:\xampp\htdocs\myLPU-HIMS\codeigniter\system\BaseModel.php(865): CodeIgniter\Model->doUpdate(NULL, Array)
#6 C:\xampp\htdocs\myLPU-HIMS\codeigniter\system\Model.php(646): CodeIgniter\BaseModel->update(NULL, Array)
#7 C:\xampp\htdocs\myLPU-HIMS\admin\app\Controllers\UserInformations.php(218): CodeIgniter\Model->update()
#8 C:\xampp\htdocs\myLPU-HIMS\codeigniter\system\CodeIgniter.php(802): App\Controllers\UserInformations->deleteHealthPersonnelInformation('2016-3-1234')
#9 C:\xampp\htdocs\myLPU-HIMS\codeigniter\system\CodeIgniter.php(399): CodeIgniter\CodeIgniter->runController(Object(App\Controllers\UserInformations))
#10 C:\xampp\htdocs\myLPU-HIMS\codeigniter\system\CodeIgniter.php(317): CodeIgniter\CodeIgniter->handleRequest(NULL, Object(Config\Cache), false)
#11 C:\xampp\htdocs\myLPU-HIMS\admin\public\index.php(37): CodeIgniter\CodeIgniter->run()
#12 {main}
CRITICAL - 2021-10-23 21:33:08 --> Call to a member function where() on null
#0 C:\xampp\htdocs\myLPU-HIMS\admin\app\Controllers\UserInformations.php(297): App\Controllers\UserInformations->deleteConsultationsByIds(Array)
#1 C:\xampp\htdocs\myLPU-HIMS\admin\app\Controllers\UserInformations.php(344): App\Controllers\UserInformations->deleteAllInformations()
#2 C:\xampp\htdocs\myLPU-HIMS\codeigniter\system\CodeIgniter.php(802): App\Controllers\UserInformations->deleteAllStudentInformations()
#3 C:\xampp\htdocs\myLPU-HIMS\codeigniter\system\CodeIgniter.php(399): CodeIgniter\CodeIgniter->runController(Object(App\Controllers\UserInformations))
#4 C:\xampp\htdocs\myLPU-HIMS\codeigniter\system\CodeIgniter.php(317): CodeIgniter\CodeIgniter->handleRequest(NULL, Object(Config\Cache), false)
#5 C:\xampp\htdocs\myLPU-HIMS\admin\public\index.php(37): CodeIgniter\CodeIgniter->run()
#6 {main}
CRITICAL - 2021-10-23 21:34:26 --> Undefined variable $success2
#0 C:\xampp\htdocs\myLPU-HIMS\admin\app\Controllers\UserInformations.php(300): CodeIgniter\Debug\Exceptions->errorHandler(2, 'Undefined varia...', 'C:\\xampp\\htdocs...', 300)
#1 C:\xampp\htdocs\myLPU-HIMS\admin\app\Controllers\UserInformations.php(344): App\Controllers\UserInformations->deleteAllInformations()
#2 C:\xampp\htdocs\myLPU-HIMS\codeigniter\system\CodeIgniter.php(802): App\Controllers\UserInformations->deleteAllStudentInformations()
#3 C:\xampp\htdocs\myLPU-HIMS\codeigniter\system\CodeIgniter.php(399): CodeIgniter\CodeIgniter->runController(Object(App\Controllers\UserInformations))
#4 C:\xampp\htdocs\myLPU-HIMS\codeigniter\system\CodeIgniter.php(317): CodeIgniter\CodeIgniter->handleRequest(NULL, Object(Config\Cache), false)
#5 C:\xampp\htdocs\myLPU-HIMS\admin\public\index.php(37): CodeIgniter\CodeIgniter->run()
#6 {main}
CRITICAL - 2021-10-23 21:36:38 --> Call to a member function where() on null
#0 C:\xampp\htdocs\myLPU-HIMS\admin\app\Controllers\UserInformations.php(181): App\Controllers\UserInformations->deleteConsultationsById('2018-2-03248')
#1 C:\xampp\htdocs\myLPU-HIMS\admin\app\Controllers\UserInformations.php(227): App\Controllers\UserInformations->deleteLyceanInformation('2018-2-03248')
#2 C:\xampp\htdocs\myLPU-HIMS\codeigniter\system\CodeIgniter.php(802): App\Controllers\UserInformations->deleteStudentInformation('2018-2-03248')
#3 C:\xampp\htdocs\myLPU-HIMS\codeigniter\system\CodeIgniter.php(399): CodeIgniter\CodeIgniter->runController(Object(App\Controllers\UserInformations))
#4 C:\xampp\htdocs\myLPU-HIMS\codeigniter\system\CodeIgniter.php(317): CodeIgniter\CodeIgniter->handleRequest(NULL, Object(Config\Cache), false)
#5 C:\xampp\htdocs\myLPU-HIMS\admin\public\index.php(37): CodeIgniter\CodeIgniter->run()
#6 {main}
ERROR - 2021-10-23 22:01:23 --> Cannot delete or update a parent row: a foreign key constraint fails (`mylpuhims_db`.`consultations`, CONSTRAINT `fk_consultations_clinic_personnels1` FOREIGN KEY (`personnel_id_no`) REFERENCES `health_personnels` (`id_no`) ON DELETE NO ACTION ON UPDATE NO ACTIO)
CRITICAL - 2021-10-23 22:01:23 --> Cannot delete or update a parent row: a foreign key constraint fails (`mylpuhims_db`.`consultations`, CONSTRAINT `fk_consultations_clinic_personnels1` FOREIGN KEY (`personnel_id_no`) REFERENCES `health_personnels` (`id_no`) ON DELETE NO ACTION ON UPDATE NO ACTIO)
#0 C:\xampp\htdocs\myLPU-HIMS\codeigniter\system\Database\MySQLi\Connection.php(280): mysqli->query('DELETE FROM `he...')
#1 C:\xampp\htdocs\myLPU-HIMS\codeigniter\system\Database\BaseConnection.php(663): CodeIgniter\Database\MySQLi\Connection->execute('DELETE FROM `he...')
#2 C:\xampp\htdocs\myLPU-HIMS\codeigniter\system\Database\BaseConnection.php(591): CodeIgniter\Database\BaseConnection->simpleQuery('DELETE FROM `he...')
#3 C:\xampp\htdocs\myLPU-HIMS\codeigniter\system\Database\BaseBuilder.php(2175): CodeIgniter\Database\BaseConnection->query('DELETE FROM `he...', Array, false)
#4 C:\xampp\htdocs\myLPU-HIMS\codeigniter\system\Model.php(359): CodeIgniter\Database\BaseBuilder->delete()
#5 C:\xampp\htdocs\myLPU-HIMS\codeigniter\system\BaseModel.php(963): CodeIgniter\Model->doDelete(Array, false)
#6 C:\xampp\htdocs\myLPU-HIMS\admin\app\Controllers\UserInformations.php(375): CodeIgniter\BaseModel->delete(Array)
#7 C:\xampp\htdocs\myLPU-HIMS\codeigniter\system\CodeIgniter.php(802): App\Controllers\UserInformations->deleteAllHealthPersonnelInformations()
#8 C:\xampp\htdocs\myLPU-HIMS\codeigniter\system\CodeIgniter.php(399): CodeIgniter\CodeIgniter->runController(Object(App\Controllers\UserInformations))
#9 C:\xampp\htdocs\myLPU-HIMS\codeigniter\system\CodeIgniter.php(317): CodeIgniter\CodeIgniter->handleRequest(NULL, Object(Config\Cache), false)
#10 C:\xampp\htdocs\myLPU-HIMS\admin\public\index.php(37): CodeIgniter\CodeIgniter->run()
#11 {main}
CRITICAL - 2021-10-23 22:31:35 --> Undefined variable $success2
#0 C:\xampp\htdocs\myLPU-HIMS\admin\app\Controllers\UserInformations.php(182): CodeIgniter\Debug\Exceptions->errorHandler(2, 'Undefined varia...', 'C:\\xampp\\htdocs...', 182)
#1 C:\xampp\htdocs\myLPU-HIMS\admin\app\Controllers\UserInformations.php(223): App\Controllers\UserInformations->deleteLyceanInformation('2018-2-01509')
#2 C:\xampp\htdocs\myLPU-HIMS\codeigniter\system\CodeIgniter.php(802): App\Controllers\UserInformations->deleteStudentInformation('2018-2-01509')
#3 C:\xampp\htdocs\myLPU-HIMS\codeigniter\system\CodeIgniter.php(399): CodeIgniter\CodeIgniter->runController(Object(App\Controllers\UserInformations))
#4 C:\xampp\htdocs\myLPU-HIMS\codeigniter\system\CodeIgniter.php(317): CodeIgniter\CodeIgniter->handleRequest(NULL, Object(Config\Cache), false)
#5 C:\xampp\htdocs\myLPU-HIMS\admin\public\index.php(37): CodeIgniter\CodeIgniter->run()
#6 {main}
CRITICAL - 2021-10-23 22:34:49 --> Undefined variable $success2
#0 C:\xampp\htdocs\myLPU-HIMS\admin\app\Controllers\UserInformations.php(182): CodeIgniter\Debug\Exceptions->errorHandler(2, 'Undefined varia...', 'C:\\xampp\\htdocs...', 182)
#1 C:\xampp\htdocs\myLPU-HIMS\admin\app\Controllers\UserInformations.php(225): App\Controllers\UserInformations->deleteLyceanInformation('2018-2-01509')
#2 C:\xampp\htdocs\myLPU-HIMS\codeigniter\system\CodeIgniter.php(802): App\Controllers\UserInformations->deleteStudentInformation('2018-2-01509')
#3 C:\xampp\htdocs\myLPU-HIMS\codeigniter\system\CodeIgniter.php(399): CodeIgniter\CodeIgniter->runController(Object(App\Controllers\UserInformations))
#4 C:\xampp\htdocs\myLPU-HIMS\codeigniter\system\CodeIgniter.php(317): CodeIgniter\CodeIgniter->handleRequest(NULL, Object(Config\Cache), false)
#5 C:\xampp\htdocs\myLPU-HIMS\admin\public\index.php(37): CodeIgniter\CodeIgniter->run()
#6 {main}
CRITICAL - 2021-10-23 22:47:37 --> Undefined variable $success2
#0 C:\xampp\htdocs\myLPU-HIMS\admin\app\Controllers\UserInformations.php(182): CodeIgniter\Debug\Exceptions->errorHandler(2, 'Undefined varia...', 'C:\\xampp\\htdocs...', 182)
#1 C:\xampp\htdocs\myLPU-HIMS\admin\app\Controllers\UserInformations.php(225): App\Controllers\UserInformations->deleteLyceanInformation('2018-2-03248')
#2 C:\xampp\htdocs\myLPU-HIMS\codeigniter\system\CodeIgniter.php(802): App\Controllers\UserInformations->deleteStudentInformation('2018-2-03248')
#3 C:\xampp\htdocs\myLPU-HIMS\codeigniter\system\CodeIgniter.php(399): CodeIgniter\CodeIgniter->runController(Object(App\Controllers\UserInformations))
#4 C:\xampp\htdocs\myLPU-HIMS\codeigniter\system\CodeIgniter.php(317): CodeIgniter\CodeIgniter->handleRequest(NULL, Object(Config\Cache), false)
#5 C:\xampp\htdocs\myLPU-HIMS\admin\public\index.php(37): CodeIgniter\CodeIgniter->run()
#6 {main}
CRITICAL - 2021-10-23 22:50:10 --> Undefined variable $success2
#0 C:\xampp\htdocs\myLPU-HIMS\admin\app\Controllers\UserInformations.php(182): CodeIgniter\Debug\Exceptions->errorHandler(2, 'Undefined varia...', 'C:\\xampp\\htdocs...', 182)
#1 C:\xampp\htdocs\myLPU-HIMS\admin\app\Controllers\UserInformations.php(225): App\Controllers\UserInformations->deleteLyceanInformation('2018-2-03248')
#2 C:\xampp\htdocs\myLPU-HIMS\codeigniter\system\CodeIgniter.php(802): App\Controllers\UserInformations->deleteStudentInformation('2018-2-03248')
#3 C:\xampp\htdocs\myLPU-HIMS\codeigniter\system\CodeIgniter.php(399): CodeIgniter\CodeIgniter->runController(Object(App\Controllers\UserInformations))
#4 C:\xampp\htdocs\myLPU-HIMS\codeigniter\system\CodeIgniter.php(317): CodeIgniter\CodeIgniter->handleRequest(NULL, Object(Config\Cache), false)
#5 C:\xampp\htdocs\myLPU-HIMS\admin\public\index.php(37): CodeIgniter\CodeIgniter->run()
#6 {main}
