CRITICAL - 2021-12-12 00:00:41 --> Undefined variable $success
#0 C:\xampp\htdocs\myLPU-HIMS\admin\app\Controllers\Useraccounts.php(735): CodeIgniter\Debug\Exceptions->errorHandler(2, 'Undefined varia...', 'C:\\xampp\\htdocs...', 735)
#1 C:\xampp\htdocs\myLPU-HIMS\admin\app\Controllers\Useraccounts.php(754): App\Controllers\Useraccounts->deleteAllAccounts()
#2 C:\xampp\htdocs\myLPU-HIMS\vendor\codeigniter\system\CodeIgniter.php(802): App\Controllers\Useraccounts->deleteAllStudentAccounts()
#3 C:\xampp\htdocs\myLPU-HIMS\vendor\codeigniter\system\CodeIgniter.php(399): CodeIgniter\CodeIgniter->runController(Object(App\Controllers\Useraccounts))
#4 C:\xampp\htdocs\myLPU-HIMS\vendor\codeigniter\system\CodeIgniter.php(317): CodeIgniter\CodeIgniter->handleRequest(NULL, Object(Config\Cache), false)
#5 C:\xampp\htdocs\myLPU-HIMS\admin\public\index.php(37): CodeIgniter\CodeIgniter->run()
#6 {main}
CRITICAL - 2021-12-12 22:28:50 --> Undefined property: App\Controllers\Activitylogs::$systemLogsModel
#0 C:\xampp\htdocs\myLPU-HIMS\admin\app\Controllers\Activitylogs.php(33): CodeIgniter\Debug\Exceptions->errorHandler(2, 'Undefined prope...', 'C:\\xampp\\htdocs...', 33)
#1 C:\xampp\htdocs\myLPU-HIMS\vendor\codeigniter\system\CodeIgniter.php(802): App\Controllers\Activitylogs->fetchAllLogs()
#2 C:\xampp\htdocs\myLPU-HIMS\vendor\codeigniter\system\CodeIgniter.php(399): CodeIgniter\CodeIgniter->runController(Object(App\Controllers\Activitylogs))
#3 C:\xampp\htdocs\myLPU-HIMS\vendor\codeigniter\system\CodeIgniter.php(317): CodeIgniter\CodeIgniter->handleRequest(NULL, Object(Config\Cache), false)
#4 C:\xampp\htdocs\myLPU-HIMS\admin\public\index.php(37): CodeIgniter\CodeIgniter->run()
#5 {main}
CRITICAL - 2021-12-12 22:28:59 --> Undefined property: App\Controllers\Activitylogs::$systemLogsModel
#0 C:\xampp\htdocs\myLPU-HIMS\admin\app\Controllers\Activitylogs.php(33): CodeIgniter\Debug\Exceptions->errorHandler(2, 'Undefined prope...', 'C:\\xampp\\htdocs...', 33)
#1 C:\xampp\htdocs\myLPU-HIMS\vendor\codeigniter\system\CodeIgniter.php(802): App\Controllers\Activitylogs->fetchAllLogs()
#2 C:\xampp\htdocs\myLPU-HIMS\vendor\codeigniter\system\CodeIgniter.php(399): CodeIgniter\CodeIgniter->runController(Object(App\Controllers\Activitylogs))
#3 C:\xampp\htdocs\myLPU-HIMS\vendor\codeigniter\system\CodeIgniter.php(317): CodeIgniter\CodeIgniter->handleRequest(NULL, Object(Config\Cache), false)
#4 C:\xampp\htdocs\myLPU-HIMS\admin\public\index.php(37): CodeIgniter\CodeIgniter->run()
#5 {main}
CRITICAL - 2021-12-12 22:29:05 --> Undefined property: App\Controllers\Activitylogs::$systemLogsModel
#0 C:\xampp\htdocs\myLPU-HIMS\admin\app\Controllers\Activitylogs.php(33): CodeIgniter\Debug\Exceptions->errorHandler(2, 'Undefined prope...', 'C:\\xampp\\htdocs...', 33)
#1 C:\xampp\htdocs\myLPU-HIMS\vendor\codeigniter\system\CodeIgniter.php(802): App\Controllers\Activitylogs->fetchAllLogs()
#2 C:\xampp\htdocs\myLPU-HIMS\vendor\codeigniter\system\CodeIgniter.php(399): CodeIgniter\CodeIgniter->runController(Object(App\Controllers\Activitylogs))
#3 C:\xampp\htdocs\myLPU-HIMS\vendor\codeigniter\system\CodeIgniter.php(317): CodeIgniter\CodeIgniter->handleRequest(NULL, Object(Config\Cache), false)
#4 C:\xampp\htdocs\myLPU-HIMS\admin\public\index.php(37): CodeIgniter\CodeIgniter->run()
#5 {main}
