<<<<<<< HEAD
CRITICAL - 2021-12-13 11:15:50 --> Trying to access array offset on value of type null
#0 C:\xampp\htdocs\myLPU-HIMS\admin\app\Helpers\useraccount_helper.php(9): CodeIgniter\Debug\Exceptions->errorHandler(2, 'Trying to acces...', 'C:\\xampp\\htdocs...', 9)
#1 C:\xampp\htdocs\myLPU-HIMS\admin\app\Controllers\Activitylogs.php(15): getAdminName()
#2 C:\xampp\htdocs\myLPU-HIMS\vendor\codeigniter\system\CodeIgniter.php(779): App\Controllers\Activitylogs->__construct()
#3 C:\xampp\htdocs\myLPU-HIMS\vendor\codeigniter\system\CodeIgniter.php(390): CodeIgniter\CodeIgniter->createController()
#4 C:\xampp\htdocs\myLPU-HIMS\vendor\codeigniter\system\CodeIgniter.php(317): CodeIgniter\CodeIgniter->handleRequest(NULL, Object(Config\Cache), false)
#5 C:\xampp\htdocs\myLPU-HIMS\admin\public\index.php(37): CodeIgniter\CodeIgniter->run()
#6 {main}
CRITICAL - 2021-12-13 12:54:08 --> Trying to access array offset on value of type null
#0 C:\xampp\htdocs\myLPU-HIMS\admin\app\Helpers\useraccount_helper.php(9): CodeIgniter\Debug\Exceptions->errorHandler(2, 'Trying to acces...', 'C:\\xampp\\htdocs...', 9)
#1 C:\xampp\htdocs\myLPU-HIMS\admin\app\Controllers\Activitylogs.php(15): getAdminName()
#2 C:\xampp\htdocs\myLPU-HIMS\vendor\codeigniter\system\CodeIgniter.php(779): App\Controllers\Activitylogs->__construct()
#3 C:\xampp\htdocs\myLPU-HIMS\vendor\codeigniter\system\CodeIgniter.php(390): CodeIgniter\CodeIgniter->createController()
#4 C:\xampp\htdocs\myLPU-HIMS\vendor\codeigniter\system\CodeIgniter.php(317): CodeIgniter\CodeIgniter->handleRequest(NULL, Object(Config\Cache), false)
#5 C:\xampp\htdocs\myLPU-HIMS\admin\public\index.php(37): CodeIgniter\CodeIgniter->run()
#6 {main}
=======
CRITICAL - 2021-12-13 12:36:18 --> Call to undefined function getIdNo()
#0 C:\xampp\htdocs\myLPU-HIMS\vendor\codeigniter\system\View\View.php(214): include()
#1 C:\xampp\htdocs\myLPU-HIMS\vendor\codeigniter\system\View\View.php(217): CodeIgniter\View\View->CodeIgniter\View\{closure}()
#2 C:\xampp\htdocs\myLPU-HIMS\vendor\codeigniter\system\Common.php(1092): CodeIgniter\View\View->render('components/acti...', Array, true)
#3 C:\xampp\htdocs\myLPU-HIMS\admin\app\Controllers\Activitylogs.php(24): view('components/acti...', Array)
#4 C:\xampp\htdocs\myLPU-HIMS\vendor\codeigniter\system\CodeIgniter.php(802): App\Controllers\Activitylogs->index()
#5 C:\xampp\htdocs\myLPU-HIMS\vendor\codeigniter\system\CodeIgniter.php(399): CodeIgniter\CodeIgniter->runController(Object(App\Controllers\Activitylogs))
#6 C:\xampp\htdocs\myLPU-HIMS\vendor\codeigniter\system\CodeIgniter.php(317): CodeIgniter\CodeIgniter->handleRequest(NULL, Object(Config\Cache), false)
#7 C:\xampp\htdocs\myLPU-HIMS\admin\public\index.php(37): CodeIgniter\CodeIgniter->run()
#8 {main}
CRITICAL - 2021-12-13 12:50:56 --> Call to undefined function getIdNo()
#0 C:\xampp\htdocs\myLPU-HIMS\vendor\codeigniter\system\View\View.php(214): include()
#1 C:\xampp\htdocs\myLPU-HIMS\vendor\codeigniter\system\View\View.php(217): CodeIgniter\View\View->CodeIgniter\View\{closure}()
#2 C:\xampp\htdocs\myLPU-HIMS\vendor\codeigniter\system\Common.php(1092): CodeIgniter\View\View->render('components/acti...', Array, true)
#3 C:\xampp\htdocs\myLPU-HIMS\admin\app\Controllers\Activitylogs.php(24): view('components/acti...', Array)
#4 C:\xampp\htdocs\myLPU-HIMS\vendor\codeigniter\system\CodeIgniter.php(802): App\Controllers\Activitylogs->index()
#5 C:\xampp\htdocs\myLPU-HIMS\vendor\codeigniter\system\CodeIgniter.php(399): CodeIgniter\CodeIgniter->runController(Object(App\Controllers\Activitylogs))
#6 C:\xampp\htdocs\myLPU-HIMS\vendor\codeigniter\system\CodeIgniter.php(317): CodeIgniter\CodeIgniter->handleRequest(NULL, Object(Config\Cache), false)
#7 C:\xampp\htdocs\myLPU-HIMS\admin\public\index.php(37): CodeIgniter\CodeIgniter->run()
#8 {main}
CRITICAL - 2021-12-13 12:51:26 --> Call to undefined function getIdNo()
#0 C:\xampp\htdocs\myLPU-HIMS\vendor\codeigniter\system\View\View.php(214): include()
#1 C:\xampp\htdocs\myLPU-HIMS\vendor\codeigniter\system\View\View.php(217): CodeIgniter\View\View->CodeIgniter\View\{closure}()
#2 C:\xampp\htdocs\myLPU-HIMS\vendor\codeigniter\system\Common.php(1092): CodeIgniter\View\View->render('components/acti...', Array, true)
#3 C:\xampp\htdocs\myLPU-HIMS\admin\app\Controllers\Activitylogs.php(24): view('components/acti...', Array)
#4 C:\xampp\htdocs\myLPU-HIMS\vendor\codeigniter\system\CodeIgniter.php(802): App\Controllers\Activitylogs->index()
#5 C:\xampp\htdocs\myLPU-HIMS\vendor\codeigniter\system\CodeIgniter.php(399): CodeIgniter\CodeIgniter->runController(Object(App\Controllers\Activitylogs))
#6 C:\xampp\htdocs\myLPU-HIMS\vendor\codeigniter\system\CodeIgniter.php(317): CodeIgniter\CodeIgniter->handleRequest(NULL, Object(Config\Cache), false)
#7 C:\xampp\htdocs\myLPU-HIMS\admin\public\index.php(37): CodeIgniter\CodeIgniter->run()
#8 {main}
CRITICAL - 2021-12-13 12:51:27 --> Call to undefined function getIdNo()
#0 C:\xampp\htdocs\myLPU-HIMS\vendor\codeigniter\system\View\View.php(214): include()
#1 C:\xampp\htdocs\myLPU-HIMS\vendor\codeigniter\system\View\View.php(217): CodeIgniter\View\View->CodeIgniter\View\{closure}()
#2 C:\xampp\htdocs\myLPU-HIMS\vendor\codeigniter\system\Common.php(1092): CodeIgniter\View\View->render('components/acti...', Array, true)
#3 C:\xampp\htdocs\myLPU-HIMS\admin\app\Controllers\Activitylogs.php(24): view('components/acti...', Array)
#4 C:\xampp\htdocs\myLPU-HIMS\vendor\codeigniter\system\CodeIgniter.php(802): App\Controllers\Activitylogs->index()
#5 C:\xampp\htdocs\myLPU-HIMS\vendor\codeigniter\system\CodeIgniter.php(399): CodeIgniter\CodeIgniter->runController(Object(App\Controllers\Activitylogs))
#6 C:\xampp\htdocs\myLPU-HIMS\vendor\codeigniter\system\CodeIgniter.php(317): CodeIgniter\CodeIgniter->handleRequest(NULL, Object(Config\Cache), false)
#7 C:\xampp\htdocs\myLPU-HIMS\admin\public\index.php(37): CodeIgniter\CodeIgniter->run()
#8 {main}
CRITICAL - 2021-12-13 12:51:55 --> Call to undefined function getIdNo()
#0 C:\xampp\htdocs\myLPU-HIMS\vendor\codeigniter\system\View\View.php(214): include()
#1 C:\xampp\htdocs\myLPU-HIMS\vendor\codeigniter\system\View\View.php(217): CodeIgniter\View\View->CodeIgniter\View\{closure}()
#2 C:\xampp\htdocs\myLPU-HIMS\vendor\codeigniter\system\Common.php(1092): CodeIgniter\View\View->render('components/acti...', Array, true)
#3 C:\xampp\htdocs\myLPU-HIMS\admin\app\Controllers\Activitylogs.php(24): view('components/acti...', Array)
#4 C:\xampp\htdocs\myLPU-HIMS\vendor\codeigniter\system\CodeIgniter.php(802): App\Controllers\Activitylogs->index()
#5 C:\xampp\htdocs\myLPU-HIMS\vendor\codeigniter\system\CodeIgniter.php(399): CodeIgniter\CodeIgniter->runController(Object(App\Controllers\Activitylogs))
#6 C:\xampp\htdocs\myLPU-HIMS\vendor\codeigniter\system\CodeIgniter.php(317): CodeIgniter\CodeIgniter->handleRequest(NULL, Object(Config\Cache), false)
#7 C:\xampp\htdocs\myLPU-HIMS\admin\public\index.php(37): CodeIgniter\CodeIgniter->run()
#8 {main}
CRITICAL - 2021-12-13 12:55:09 --> Call to undefined function getIdNo()
#0 C:\xampp\htdocs\myLPU-HIMS\vendor\codeigniter\system\View\View.php(214): include()
#1 C:\xampp\htdocs\myLPU-HIMS\vendor\codeigniter\system\View\View.php(217): CodeIgniter\View\View->CodeIgniter\View\{closure}()
#2 C:\xampp\htdocs\myLPU-HIMS\vendor\codeigniter\system\Common.php(1092): CodeIgniter\View\View->render('components/acti...', Array, true)
#3 C:\xampp\htdocs\myLPU-HIMS\admin\app\Controllers\Activitylogs.php(24): view('components/acti...', Array)
#4 C:\xampp\htdocs\myLPU-HIMS\vendor\codeigniter\system\CodeIgniter.php(802): App\Controllers\Activitylogs->index()
#5 C:\xampp\htdocs\myLPU-HIMS\vendor\codeigniter\system\CodeIgniter.php(399): CodeIgniter\CodeIgniter->runController(Object(App\Controllers\Activitylogs))
#6 C:\xampp\htdocs\myLPU-HIMS\vendor\codeigniter\system\CodeIgniter.php(317): CodeIgniter\CodeIgniter->handleRequest(NULL, Object(Config\Cache), false)
#7 C:\xampp\htdocs\myLPU-HIMS\admin\public\index.php(37): CodeIgniter\CodeIgniter->run()
#8 {main}
CRITICAL - 2021-12-13 12:55:23 --> Call to undefined function getIdNo()
#0 C:\xampp\htdocs\myLPU-HIMS\vendor\codeigniter\system\View\View.php(214): include()
#1 C:\xampp\htdocs\myLPU-HIMS\vendor\codeigniter\system\View\View.php(217): CodeIgniter\View\View->CodeIgniter\View\{closure}()
#2 C:\xampp\htdocs\myLPU-HIMS\vendor\codeigniter\system\Common.php(1092): CodeIgniter\View\View->render('components/acti...', Array, true)
#3 C:\xampp\htdocs\myLPU-HIMS\admin\app\Controllers\Activitylogs.php(24): view('components/acti...', Array)
#4 C:\xampp\htdocs\myLPU-HIMS\vendor\codeigniter\system\CodeIgniter.php(802): App\Controllers\Activitylogs->index()
#5 C:\xampp\htdocs\myLPU-HIMS\vendor\codeigniter\system\CodeIgniter.php(399): CodeIgniter\CodeIgniter->runController(Object(App\Controllers\Activitylogs))
#6 C:\xampp\htdocs\myLPU-HIMS\vendor\codeigniter\system\CodeIgniter.php(317): CodeIgniter\CodeIgniter->handleRequest(NULL, Object(Config\Cache), false)
#7 C:\xampp\htdocs\myLPU-HIMS\admin\public\index.php(37): CodeIgniter\CodeIgniter->run()
#8 {main}
CRITICAL - 2021-12-13 12:55:23 --> Call to undefined function getIdNo()
#0 C:\xampp\htdocs\myLPU-HIMS\vendor\codeigniter\system\View\View.php(214): include()
#1 C:\xampp\htdocs\myLPU-HIMS\vendor\codeigniter\system\View\View.php(217): CodeIgniter\View\View->CodeIgniter\View\{closure}()
#2 C:\xampp\htdocs\myLPU-HIMS\vendor\codeigniter\system\Common.php(1092): CodeIgniter\View\View->render('components/acti...', Array, true)
#3 C:\xampp\htdocs\myLPU-HIMS\admin\app\Controllers\Activitylogs.php(24): view('components/acti...', Array)
#4 C:\xampp\htdocs\myLPU-HIMS\vendor\codeigniter\system\CodeIgniter.php(802): App\Controllers\Activitylogs->index()
#5 C:\xampp\htdocs\myLPU-HIMS\vendor\codeigniter\system\CodeIgniter.php(399): CodeIgniter\CodeIgniter->runController(Object(App\Controllers\Activitylogs))
#6 C:\xampp\htdocs\myLPU-HIMS\vendor\codeigniter\system\CodeIgniter.php(317): CodeIgniter\CodeIgniter->handleRequest(NULL, Object(Config\Cache), false)
#7 C:\xampp\htdocs\myLPU-HIMS\admin\public\index.php(37): CodeIgniter\CodeIgniter->run()
#8 {main}
CRITICAL - 2021-12-13 12:55:28 --> Call to undefined function getIdNo()
#0 C:\xampp\htdocs\myLPU-HIMS\vendor\codeigniter\system\View\View.php(214): include()
#1 C:\xampp\htdocs\myLPU-HIMS\vendor\codeigniter\system\View\View.php(217): CodeIgniter\View\View->CodeIgniter\View\{closure}()
#2 C:\xampp\htdocs\myLPU-HIMS\vendor\codeigniter\system\Common.php(1092): CodeIgniter\View\View->render('components/acti...', Array, true)
#3 C:\xampp\htdocs\myLPU-HIMS\admin\app\Controllers\Activitylogs.php(24): view('components/acti...', Array)
#4 C:\xampp\htdocs\myLPU-HIMS\vendor\codeigniter\system\CodeIgniter.php(802): App\Controllers\Activitylogs->index()
#5 C:\xampp\htdocs\myLPU-HIMS\vendor\codeigniter\system\CodeIgniter.php(399): CodeIgniter\CodeIgniter->runController(Object(App\Controllers\Activitylogs))
#6 C:\xampp\htdocs\myLPU-HIMS\vendor\codeigniter\system\CodeIgniter.php(317): CodeIgniter\CodeIgniter->handleRequest(NULL, Object(Config\Cache), false)
#7 C:\xampp\htdocs\myLPU-HIMS\admin\public\index.php(37): CodeIgniter\CodeIgniter->run()
#8 {main}
CRITICAL - 2021-12-13 12:57:02 --> Call to undefined function getIdNo()
#0 C:\xampp\htdocs\myLPU-HIMS\vendor\codeigniter\system\View\View.php(214): include()
#1 C:\xampp\htdocs\myLPU-HIMS\vendor\codeigniter\system\View\View.php(217): CodeIgniter\View\View->CodeIgniter\View\{closure}()
#2 C:\xampp\htdocs\myLPU-HIMS\vendor\codeigniter\system\Common.php(1092): CodeIgniter\View\View->render('components/acti...', Array, true)
#3 C:\xampp\htdocs\myLPU-HIMS\admin\app\Controllers\Activitylogs.php(24): view('components/acti...', Array)
#4 C:\xampp\htdocs\myLPU-HIMS\vendor\codeigniter\system\CodeIgniter.php(802): App\Controllers\Activitylogs->index()
#5 C:\xampp\htdocs\myLPU-HIMS\vendor\codeigniter\system\CodeIgniter.php(399): CodeIgniter\CodeIgniter->runController(Object(App\Controllers\Activitylogs))
#6 C:\xampp\htdocs\myLPU-HIMS\vendor\codeigniter\system\CodeIgniter.php(317): CodeIgniter\CodeIgniter->handleRequest(NULL, Object(Config\Cache), false)
#7 C:\xampp\htdocs\myLPU-HIMS\admin\public\index.php(37): CodeIgniter\CodeIgniter->run()
#8 {main}
CRITICAL - 2021-12-13 12:57:06 --> Call to undefined function getIdNo()
#0 C:\xampp\htdocs\myLPU-HIMS\vendor\codeigniter\system\View\View.php(214): include()
#1 C:\xampp\htdocs\myLPU-HIMS\vendor\codeigniter\system\View\View.php(217): CodeIgniter\View\View->CodeIgniter\View\{closure}()
#2 C:\xampp\htdocs\myLPU-HIMS\vendor\codeigniter\system\Common.php(1092): CodeIgniter\View\View->render('components/acti...', Array, true)
#3 C:\xampp\htdocs\myLPU-HIMS\admin\app\Controllers\Activitylogs.php(24): view('components/acti...', Array)
#4 C:\xampp\htdocs\myLPU-HIMS\vendor\codeigniter\system\CodeIgniter.php(802): App\Controllers\Activitylogs->index()
#5 C:\xampp\htdocs\myLPU-HIMS\vendor\codeigniter\system\CodeIgniter.php(399): CodeIgniter\CodeIgniter->runController(Object(App\Controllers\Activitylogs))
#6 C:\xampp\htdocs\myLPU-HIMS\vendor\codeigniter\system\CodeIgniter.php(317): CodeIgniter\CodeIgniter->handleRequest(NULL, Object(Config\Cache), false)
#7 C:\xampp\htdocs\myLPU-HIMS\admin\public\index.php(37): CodeIgniter\CodeIgniter->run()
#8 {main}
CRITICAL - 2021-12-13 12:57:07 --> Call to undefined function getIdNo()
#0 C:\xampp\htdocs\myLPU-HIMS\vendor\codeigniter\system\View\View.php(214): include()
#1 C:\xampp\htdocs\myLPU-HIMS\vendor\codeigniter\system\View\View.php(217): CodeIgniter\View\View->CodeIgniter\View\{closure}()
#2 C:\xampp\htdocs\myLPU-HIMS\vendor\codeigniter\system\Common.php(1092): CodeIgniter\View\View->render('components/acti...', Array, true)
#3 C:\xampp\htdocs\myLPU-HIMS\admin\app\Controllers\Activitylogs.php(24): view('components/acti...', Array)
#4 C:\xampp\htdocs\myLPU-HIMS\vendor\codeigniter\system\CodeIgniter.php(802): App\Controllers\Activitylogs->index()
#5 C:\xampp\htdocs\myLPU-HIMS\vendor\codeigniter\system\CodeIgniter.php(399): CodeIgniter\CodeIgniter->runController(Object(App\Controllers\Activitylogs))
#6 C:\xampp\htdocs\myLPU-HIMS\vendor\codeigniter\system\CodeIgniter.php(317): CodeIgniter\CodeIgniter->handleRequest(NULL, Object(Config\Cache), false)
#7 C:\xampp\htdocs\myLPU-HIMS\admin\public\index.php(37): CodeIgniter\CodeIgniter->run()
#8 {main}
CRITICAL - 2021-12-13 12:57:08 --> Call to undefined function getIdNo()
#0 C:\xampp\htdocs\myLPU-HIMS\vendor\codeigniter\system\View\View.php(214): include()
#1 C:\xampp\htdocs\myLPU-HIMS\vendor\codeigniter\system\View\View.php(217): CodeIgniter\View\View->CodeIgniter\View\{closure}()
#2 C:\xampp\htdocs\myLPU-HIMS\vendor\codeigniter\system\Common.php(1092): CodeIgniter\View\View->render('components/acti...', Array, true)
#3 C:\xampp\htdocs\myLPU-HIMS\admin\app\Controllers\Activitylogs.php(24): view('components/acti...', Array)
#4 C:\xampp\htdocs\myLPU-HIMS\vendor\codeigniter\system\CodeIgniter.php(802): App\Controllers\Activitylogs->index()
#5 C:\xampp\htdocs\myLPU-HIMS\vendor\codeigniter\system\CodeIgniter.php(399): CodeIgniter\CodeIgniter->runController(Object(App\Controllers\Activitylogs))
#6 C:\xampp\htdocs\myLPU-HIMS\vendor\codeigniter\system\CodeIgniter.php(317): CodeIgniter\CodeIgniter->handleRequest(NULL, Object(Config\Cache), false)
#7 C:\xampp\htdocs\myLPU-HIMS\admin\public\index.php(37): CodeIgniter\CodeIgniter->run()
#8 {main}
CRITICAL - 2021-12-13 12:57:08 --> Call to undefined function getIdNo()
#0 C:\xampp\htdocs\myLPU-HIMS\vendor\codeigniter\system\View\View.php(214): include()
#1 C:\xampp\htdocs\myLPU-HIMS\vendor\codeigniter\system\View\View.php(217): CodeIgniter\View\View->CodeIgniter\View\{closure}()
#2 C:\xampp\htdocs\myLPU-HIMS\vendor\codeigniter\system\Common.php(1092): CodeIgniter\View\View->render('components/acti...', Array, true)
#3 C:\xampp\htdocs\myLPU-HIMS\admin\app\Controllers\Activitylogs.php(24): view('components/acti...', Array)
#4 C:\xampp\htdocs\myLPU-HIMS\vendor\codeigniter\system\CodeIgniter.php(802): App\Controllers\Activitylogs->index()
#5 C:\xampp\htdocs\myLPU-HIMS\vendor\codeigniter\system\CodeIgniter.php(399): CodeIgniter\CodeIgniter->runController(Object(App\Controllers\Activitylogs))
#6 C:\xampp\htdocs\myLPU-HIMS\vendor\codeigniter\system\CodeIgniter.php(317): CodeIgniter\CodeIgniter->handleRequest(NULL, Object(Config\Cache), false)
#7 C:\xampp\htdocs\myLPU-HIMS\admin\public\index.php(37): CodeIgniter\CodeIgniter->run()
#8 {main}
CRITICAL - 2021-12-13 12:57:09 --> Call to undefined function getIdNo()
#0 C:\xampp\htdocs\myLPU-HIMS\vendor\codeigniter\system\View\View.php(214): include()
#1 C:\xampp\htdocs\myLPU-HIMS\vendor\codeigniter\system\View\View.php(217): CodeIgniter\View\View->CodeIgniter\View\{closure}()
#2 C:\xampp\htdocs\myLPU-HIMS\vendor\codeigniter\system\Common.php(1092): CodeIgniter\View\View->render('components/acti...', Array, true)
#3 C:\xampp\htdocs\myLPU-HIMS\admin\app\Controllers\Activitylogs.php(24): view('components/acti...', Array)
#4 C:\xampp\htdocs\myLPU-HIMS\vendor\codeigniter\system\CodeIgniter.php(802): App\Controllers\Activitylogs->index()
#5 C:\xampp\htdocs\myLPU-HIMS\vendor\codeigniter\system\CodeIgniter.php(399): CodeIgniter\CodeIgniter->runController(Object(App\Controllers\Activitylogs))
#6 C:\xampp\htdocs\myLPU-HIMS\vendor\codeigniter\system\CodeIgniter.php(317): CodeIgniter\CodeIgniter->handleRequest(NULL, Object(Config\Cache), false)
#7 C:\xampp\htdocs\myLPU-HIMS\admin\public\index.php(37): CodeIgniter\CodeIgniter->run()
#8 {main}
CRITICAL - 2021-12-13 12:57:09 --> Call to undefined function getIdNo()
#0 C:\xampp\htdocs\myLPU-HIMS\vendor\codeigniter\system\View\View.php(214): include()
#1 C:\xampp\htdocs\myLPU-HIMS\vendor\codeigniter\system\View\View.php(217): CodeIgniter\View\View->CodeIgniter\View\{closure}()
#2 C:\xampp\htdocs\myLPU-HIMS\vendor\codeigniter\system\Common.php(1092): CodeIgniter\View\View->render('components/acti...', Array, true)
#3 C:\xampp\htdocs\myLPU-HIMS\admin\app\Controllers\Activitylogs.php(24): view('components/acti...', Array)
#4 C:\xampp\htdocs\myLPU-HIMS\vendor\codeigniter\system\CodeIgniter.php(802): App\Controllers\Activitylogs->index()
#5 C:\xampp\htdocs\myLPU-HIMS\vendor\codeigniter\system\CodeIgniter.php(399): CodeIgniter\CodeIgniter->runController(Object(App\Controllers\Activitylogs))
#6 C:\xampp\htdocs\myLPU-HIMS\vendor\codeigniter\system\CodeIgniter.php(317): CodeIgniter\CodeIgniter->handleRequest(NULL, Object(Config\Cache), false)
#7 C:\xampp\htdocs\myLPU-HIMS\admin\public\index.php(37): CodeIgniter\CodeIgniter->run()
#8 {main}
CRITICAL - 2021-12-13 12:57:10 --> Call to undefined function getIdNo()
#0 C:\xampp\htdocs\myLPU-HIMS\vendor\codeigniter\system\View\View.php(214): include()
#1 C:\xampp\htdocs\myLPU-HIMS\vendor\codeigniter\system\View\View.php(217): CodeIgniter\View\View->CodeIgniter\View\{closure}()
#2 C:\xampp\htdocs\myLPU-HIMS\vendor\codeigniter\system\Common.php(1092): CodeIgniter\View\View->render('components/acti...', Array, true)
#3 C:\xampp\htdocs\myLPU-HIMS\admin\app\Controllers\Activitylogs.php(24): view('components/acti...', Array)
#4 C:\xampp\htdocs\myLPU-HIMS\vendor\codeigniter\system\CodeIgniter.php(802): App\Controllers\Activitylogs->index()
#5 C:\xampp\htdocs\myLPU-HIMS\vendor\codeigniter\system\CodeIgniter.php(399): CodeIgniter\CodeIgniter->runController(Object(App\Controllers\Activitylogs))
#6 C:\xampp\htdocs\myLPU-HIMS\vendor\codeigniter\system\CodeIgniter.php(317): CodeIgniter\CodeIgniter->handleRequest(NULL, Object(Config\Cache), false)
#7 C:\xampp\htdocs\myLPU-HIMS\admin\public\index.php(37): CodeIgniter\CodeIgniter->run()
#8 {main}
CRITICAL - 2021-12-13 12:57:10 --> Call to undefined function getIdNo()
#0 C:\xampp\htdocs\myLPU-HIMS\vendor\codeigniter\system\View\View.php(214): include()
#1 C:\xampp\htdocs\myLPU-HIMS\vendor\codeigniter\system\View\View.php(217): CodeIgniter\View\View->CodeIgniter\View\{closure}()
#2 C:\xampp\htdocs\myLPU-HIMS\vendor\codeigniter\system\Common.php(1092): CodeIgniter\View\View->render('components/acti...', Array, true)
#3 C:\xampp\htdocs\myLPU-HIMS\admin\app\Controllers\Activitylogs.php(24): view('components/acti...', Array)
#4 C:\xampp\htdocs\myLPU-HIMS\vendor\codeigniter\system\CodeIgniter.php(802): App\Controllers\Activitylogs->index()
#5 C:\xampp\htdocs\myLPU-HIMS\vendor\codeigniter\system\CodeIgniter.php(399): CodeIgniter\CodeIgniter->runController(Object(App\Controllers\Activitylogs))
#6 C:\xampp\htdocs\myLPU-HIMS\vendor\codeigniter\system\CodeIgniter.php(317): CodeIgniter\CodeIgniter->handleRequest(NULL, Object(Config\Cache), false)
#7 C:\xampp\htdocs\myLPU-HIMS\admin\public\index.php(37): CodeIgniter\CodeIgniter->run()
#8 {main}
CRITICAL - 2021-12-13 12:57:42 --> Call to undefined function getIdNo()
#0 C:\xampp\htdocs\myLPU-HIMS\vendor\codeigniter\system\View\View.php(214): include()
#1 C:\xampp\htdocs\myLPU-HIMS\vendor\codeigniter\system\View\View.php(217): CodeIgniter\View\View->CodeIgniter\View\{closure}()
#2 C:\xampp\htdocs\myLPU-HIMS\vendor\codeigniter\system\Common.php(1092): CodeIgniter\View\View->render('components/acti...', Array, true)
#3 C:\xampp\htdocs\myLPU-HIMS\admin\app\Controllers\Activitylogs.php(24): view('components/acti...', Array)
#4 C:\xampp\htdocs\myLPU-HIMS\vendor\codeigniter\system\CodeIgniter.php(802): App\Controllers\Activitylogs->index()
#5 C:\xampp\htdocs\myLPU-HIMS\vendor\codeigniter\system\CodeIgniter.php(399): CodeIgniter\CodeIgniter->runController(Object(App\Controllers\Activitylogs))
#6 C:\xampp\htdocs\myLPU-HIMS\vendor\codeigniter\system\CodeIgniter.php(317): CodeIgniter\CodeIgniter->handleRequest(NULL, Object(Config\Cache), false)
#7 C:\xampp\htdocs\myLPU-HIMS\admin\public\index.php(37): CodeIgniter\CodeIgniter->run()
#8 {main}
CRITICAL - 2021-12-13 12:58:01 --> Call to undefined function getIdNo()
#0 C:\xampp\htdocs\myLPU-HIMS\vendor\codeigniter\system\View\View.php(214): include()
#1 C:\xampp\htdocs\myLPU-HIMS\vendor\codeigniter\system\View\View.php(217): CodeIgniter\View\View->CodeIgniter\View\{closure}()
#2 C:\xampp\htdocs\myLPU-HIMS\vendor\codeigniter\system\Common.php(1092): CodeIgniter\View\View->render('components/acti...', Array, true)
#3 C:\xampp\htdocs\myLPU-HIMS\admin\app\Controllers\Activitylogs.php(24): view('components/acti...', Array)
#4 C:\xampp\htdocs\myLPU-HIMS\vendor\codeigniter\system\CodeIgniter.php(802): App\Controllers\Activitylogs->index()
#5 C:\xampp\htdocs\myLPU-HIMS\vendor\codeigniter\system\CodeIgniter.php(399): CodeIgniter\CodeIgniter->runController(Object(App\Controllers\Activitylogs))
#6 C:\xampp\htdocs\myLPU-HIMS\vendor\codeigniter\system\CodeIgniter.php(317): CodeIgniter\CodeIgniter->handleRequest(NULL, Object(Config\Cache), false)
#7 C:\xampp\htdocs\myLPU-HIMS\admin\public\index.php(37): CodeIgniter\CodeIgniter->run()
#8 {main}
CRITICAL - 2021-12-13 12:59:21 --> Call to undefined function App\Controllers\getIdNo()
#0 C:\xampp\htdocs\myLPU-HIMS\vendor\codeigniter\system\CodeIgniter.php(779): App\Controllers\Activitylogs->__construct()
#1 C:\xampp\htdocs\myLPU-HIMS\vendor\codeigniter\system\CodeIgniter.php(390): CodeIgniter\CodeIgniter->createController()
#2 C:\xampp\htdocs\myLPU-HIMS\vendor\codeigniter\system\CodeIgniter.php(317): CodeIgniter\CodeIgniter->handleRequest(NULL, Object(Config\Cache), false)
#3 C:\xampp\htdocs\myLPU-HIMS\admin\public\index.php(37): CodeIgniter\CodeIgniter->run()
#4 {main}
CRITICAL - 2021-12-13 12:59:22 --> Call to undefined function App\Controllers\getIdNo()
#0 C:\xampp\htdocs\myLPU-HIMS\vendor\codeigniter\system\CodeIgniter.php(779): App\Controllers\Activitylogs->__construct()
#1 C:\xampp\htdocs\myLPU-HIMS\vendor\codeigniter\system\CodeIgniter.php(390): CodeIgniter\CodeIgniter->createController()
#2 C:\xampp\htdocs\myLPU-HIMS\vendor\codeigniter\system\CodeIgniter.php(317): CodeIgniter\CodeIgniter->handleRequest(NULL, Object(Config\Cache), false)
#3 C:\xampp\htdocs\myLPU-HIMS\admin\public\index.php(37): CodeIgniter\CodeIgniter->run()
#4 {main}
CRITICAL - 2021-12-13 13:19:17 --> Call to undefined function App\Controllers\createLog()
#0 C:\xampp\htdocs\myLPU-HIMS\vendor\codeigniter\system\CodeIgniter.php(802): App\Controllers\Activitylogs->createLogGetRequest('202100001', 'ADMIN', 'Activity Log', 'Export', 'User "202100001...')
#1 C:\xampp\htdocs\myLPU-HIMS\vendor\codeigniter\system\CodeIgniter.php(399): CodeIgniter\CodeIgniter->runController(Object(App\Controllers\Activitylogs))
#2 C:\xampp\htdocs\myLPU-HIMS\vendor\codeigniter\system\CodeIgniter.php(317): CodeIgniter\CodeIgniter->handleRequest(NULL, Object(Config\Cache), false)
#3 C:\xampp\htdocs\myLPU-HIMS\admin\public\index.php(37): CodeIgniter\CodeIgniter->run()
#4 {main}
CRITICAL - 2021-12-13 13:19:40 --> Call to undefined function App\Controllers\createLog()
#0 C:\xampp\htdocs\myLPU-HIMS\vendor\codeigniter\system\CodeIgniter.php(802): App\Controllers\Activitylogs->createLogGetRequest('202100001', 'ADMIN', 'Activity Log', 'Export', 'User "202100001...')
#1 C:\xampp\htdocs\myLPU-HIMS\vendor\codeigniter\system\CodeIgniter.php(399): CodeIgniter\CodeIgniter->runController(Object(App\Controllers\Activitylogs))
#2 C:\xampp\htdocs\myLPU-HIMS\vendor\codeigniter\system\CodeIgniter.php(317): CodeIgniter\CodeIgniter->handleRequest(NULL, Object(Config\Cache), false)
#3 C:\xampp\htdocs\myLPU-HIMS\admin\public\index.php(37): CodeIgniter\CodeIgniter->run()
#4 {main}
>>>>>>> 08fbac1f60dc09bfe2dacefe3c4cbc6d581cbb69
CRITICAL - 2021-12-13 21:34:10 --> The action you requested is not allowed.
#0 C:\xampp\htdocs\myLPU-HIMS\vendor\codeigniter\system\Security\Security.php(222): CodeIgniter\Security\Exceptions\SecurityException::forDisallowedAction()
#1 C:\xampp\htdocs\myLPU-HIMS\vendor\codeigniter\system\Filters\CSRF.php(53): CodeIgniter\Security\Security->verify(Object(CodeIgniter\HTTP\IncomingRequest))
#2 C:\xampp\htdocs\myLPU-HIMS\vendor\codeigniter\system\Filters\Filters.php(169): CodeIgniter\Filters\CSRF->before(Object(CodeIgniter\HTTP\IncomingRequest), NULL)
#3 C:\xampp\htdocs\myLPU-HIMS\vendor\codeigniter\system\CodeIgniter.php(374): CodeIgniter\Filters\Filters->run('activitylogs/fe...', 'before')
#4 C:\xampp\htdocs\myLPU-HIMS\vendor\codeigniter\system\CodeIgniter.php(317): CodeIgniter\CodeIgniter->handleRequest(NULL, Object(Config\Cache), false)
#5 C:\xampp\htdocs\myLPU-HIMS\admin\public\index.php(37): CodeIgniter\CodeIgniter->run()
#6 {main}
CRITICAL - 2021-12-13 21:34:14 --> The action you requested is not allowed.
#0 C:\xampp\htdocs\myLPU-HIMS\vendor\codeigniter\system\Security\Security.php(222): CodeIgniter\Security\Exceptions\SecurityException::forDisallowedAction()
#1 C:\xampp\htdocs\myLPU-HIMS\vendor\codeigniter\system\Filters\CSRF.php(53): CodeIgniter\Security\Security->verify(Object(CodeIgniter\HTTP\IncomingRequest))
#2 C:\xampp\htdocs\myLPU-HIMS\vendor\codeigniter\system\Filters\Filters.php(169): CodeIgniter\Filters\CSRF->before(Object(CodeIgniter\HTTP\IncomingRequest), NULL)
#3 C:\xampp\htdocs\myLPU-HIMS\vendor\codeigniter\system\CodeIgniter.php(374): CodeIgniter\Filters\Filters->run('activitylogs/fe...', 'before')
#4 C:\xampp\htdocs\myLPU-HIMS\vendor\codeigniter\system\CodeIgniter.php(317): CodeIgniter\CodeIgniter->handleRequest(NULL, Object(Config\Cache), false)
#5 C:\xampp\htdocs\myLPU-HIMS\admin\public\index.php(37): CodeIgniter\CodeIgniter->run()
#6 {main}
CRITICAL - 2021-12-13 21:34:32 --> The action you requested is not allowed.
#0 C:\xampp\htdocs\myLPU-HIMS\vendor\codeigniter\system\Security\Security.php(222): CodeIgniter\Security\Exceptions\SecurityException::forDisallowedAction()
#1 C:\xampp\htdocs\myLPU-HIMS\vendor\codeigniter\system\Filters\CSRF.php(53): CodeIgniter\Security\Security->verify(Object(CodeIgniter\HTTP\IncomingRequest))
#2 C:\xampp\htdocs\myLPU-HIMS\vendor\codeigniter\system\Filters\Filters.php(169): CodeIgniter\Filters\CSRF->before(Object(CodeIgniter\HTTP\IncomingRequest), NULL)
#3 C:\xampp\htdocs\myLPU-HIMS\vendor\codeigniter\system\CodeIgniter.php(374): CodeIgniter\Filters\Filters->run('activitylogs/fe...', 'before')
#4 C:\xampp\htdocs\myLPU-HIMS\vendor\codeigniter\system\CodeIgniter.php(317): CodeIgniter\CodeIgniter->handleRequest(NULL, Object(Config\Cache), false)
#5 C:\xampp\htdocs\myLPU-HIMS\admin\public\index.php(37): CodeIgniter\CodeIgniter->run()
#6 {main}
CRITICAL - 2021-12-13 21:34:44 --> The action you requested is not allowed.
#0 C:\xampp\htdocs\myLPU-HIMS\vendor\codeigniter\system\Security\Security.php(222): CodeIgniter\Security\Exceptions\SecurityException::forDisallowedAction()
#1 C:\xampp\htdocs\myLPU-HIMS\vendor\codeigniter\system\Filters\CSRF.php(53): CodeIgniter\Security\Security->verify(Object(CodeIgniter\HTTP\IncomingRequest))
#2 C:\xampp\htdocs\myLPU-HIMS\vendor\codeigniter\system\Filters\Filters.php(169): CodeIgniter\Filters\CSRF->before(Object(CodeIgniter\HTTP\IncomingRequest), NULL)
#3 C:\xampp\htdocs\myLPU-HIMS\vendor\codeigniter\system\CodeIgniter.php(374): CodeIgniter\Filters\Filters->run('activitylogs/fe...', 'before')
#4 C:\xampp\htdocs\myLPU-HIMS\vendor\codeigniter\system\CodeIgniter.php(317): CodeIgniter\CodeIgniter->handleRequest(NULL, Object(Config\Cache), false)
#5 C:\xampp\htdocs\myLPU-HIMS\admin\public\index.php(37): CodeIgniter\CodeIgniter->run()
#6 {main}
CRITICAL - 2021-12-13 21:34:46 --> The action you requested is not allowed.
#0 C:\xampp\htdocs\myLPU-HIMS\vendor\codeigniter\system\Security\Security.php(222): CodeIgniter\Security\Exceptions\SecurityException::forDisallowedAction()
#1 C:\xampp\htdocs\myLPU-HIMS\vendor\codeigniter\system\Filters\CSRF.php(53): CodeIgniter\Security\Security->verify(Object(CodeIgniter\HTTP\IncomingRequest))
#2 C:\xampp\htdocs\myLPU-HIMS\vendor\codeigniter\system\Filters\Filters.php(169): CodeIgniter\Filters\CSRF->before(Object(CodeIgniter\HTTP\IncomingRequest), NULL)
#3 C:\xampp\htdocs\myLPU-HIMS\vendor\codeigniter\system\CodeIgniter.php(374): CodeIgniter\Filters\Filters->run('activitylogs/fe...', 'before')
#4 C:\xampp\htdocs\myLPU-HIMS\vendor\codeigniter\system\CodeIgniter.php(317): CodeIgniter\CodeIgniter->handleRequest(NULL, Object(Config\Cache), false)
#5 C:\xampp\htdocs\myLPU-HIMS\admin\public\index.php(37): CodeIgniter\CodeIgniter->run()
#6 {main}
CRITICAL - 2021-12-13 21:34:47 --> The action you requested is not allowed.
#0 C:\xampp\htdocs\myLPU-HIMS\vendor\codeigniter\system\Security\Security.php(222): CodeIgniter\Security\Exceptions\SecurityException::forDisallowedAction()
#1 C:\xampp\htdocs\myLPU-HIMS\vendor\codeigniter\system\Filters\CSRF.php(53): CodeIgniter\Security\Security->verify(Object(CodeIgniter\HTTP\IncomingRequest))
#2 C:\xampp\htdocs\myLPU-HIMS\vendor\codeigniter\system\Filters\Filters.php(169): CodeIgniter\Filters\CSRF->before(Object(CodeIgniter\HTTP\IncomingRequest), NULL)
#3 C:\xampp\htdocs\myLPU-HIMS\vendor\codeigniter\system\CodeIgniter.php(374): CodeIgniter\Filters\Filters->run('activitylogs/fe...', 'before')
#4 C:\xampp\htdocs\myLPU-HIMS\vendor\codeigniter\system\CodeIgniter.php(317): CodeIgniter\CodeIgniter->handleRequest(NULL, Object(Config\Cache), false)
#5 C:\xampp\htdocs\myLPU-HIMS\admin\public\index.php(37): CodeIgniter\CodeIgniter->run()
#6 {main}
