CRITICAL - 2021-09-26 13:55:43 --> The action you requested is not allowed.
#0 C:\xampp\htdocs\myLPU-HIMS\codeigniter\system\Security\Security.php(222): CodeIgniter\Security\Exceptions\SecurityException::forDisallowedAction()
#1 C:\xampp\htdocs\myLPU-HIMS\codeigniter\system\Filters\CSRF.php(53): CodeIgniter\Security\Security->verify(Object(CodeIgniter\HTTP\IncomingRequest))
#2 C:\xampp\htdocs\myLPU-HIMS\codeigniter\system\Filters\Filters.php(169): CodeIgniter\Filters\CSRF->before(Object(CodeIgniter\HTTP\IncomingRequest), NULL)
#3 C:\xampp\htdocs\myLPU-HIMS\codeigniter\system\CodeIgniter.php(374): CodeIgniter\Filters\Filters->run('userinformation...', 'before')
#4 C:\xampp\htdocs\myLPU-HIMS\codeigniter\system\CodeIgniter.php(317): CodeIgniter\CodeIgniter->handleRequest(NULL, Object(Config\Cache), false)
#5 C:\xampp\htdocs\myLPU-HIMS\admin\public\index.php(37): CodeIgniter\CodeIgniter->run()
#6 {main}
CRITICAL - 2021-09-26 14:38:37 --> Undefined array key "role"
#0 C:\xampp\htdocs\myLPU-HIMS\admin\app\Controllers\UserAccounts.php(729): CodeIgniter\Debug\Exceptions->errorHandler(2, 'Undefined array...', 'C:\\xampp\\htdocs...', 729)
#1 C:\xampp\htdocs\myLPU-HIMS\admin\app\Controllers\UserAccounts.php(748): App\Controllers\UserAccounts->deleteAllAccounts()
#2 C:\xampp\htdocs\myLPU-HIMS\codeigniter\system\CodeIgniter.php(802): App\Controllers\UserAccounts->deleteAllStudentAccounts()
#3 C:\xampp\htdocs\myLPU-HIMS\codeigniter\system\CodeIgniter.php(399): CodeIgniter\CodeIgniter->runController(Object(App\Controllers\UserAccounts))
#4 C:\xampp\htdocs\myLPU-HIMS\codeigniter\system\CodeIgniter.php(317): CodeIgniter\CodeIgniter->handleRequest(NULL, Object(Config\Cache), false)
#5 C:\xampp\htdocs\myLPU-HIMS\admin\public\index.php(37): CodeIgniter\CodeIgniter->run()
#6 {main}
CRITICAL - 2021-09-26 14:39:03 --> Undefined array key "role"
#0 C:\xampp\htdocs\myLPU-HIMS\admin\app\Controllers\UserAccounts.php(729): CodeIgniter\Debug\Exceptions->errorHandler(2, 'Undefined array...', 'C:\\xampp\\htdocs...', 729)
#1 C:\xampp\htdocs\myLPU-HIMS\admin\app\Controllers\UserAccounts.php(748): App\Controllers\UserAccounts->deleteAllAccounts()
#2 C:\xampp\htdocs\myLPU-HIMS\codeigniter\system\CodeIgniter.php(802): App\Controllers\UserAccounts->deleteAllStudentAccounts()
#3 C:\xampp\htdocs\myLPU-HIMS\codeigniter\system\CodeIgniter.php(399): CodeIgniter\CodeIgniter->runController(Object(App\Controllers\UserAccounts))
#4 C:\xampp\htdocs\myLPU-HIMS\codeigniter\system\CodeIgniter.php(317): CodeIgniter\CodeIgniter->handleRequest(NULL, Object(Config\Cache), false)
#5 C:\xampp\htdocs\myLPU-HIMS\admin\public\index.php(37): CodeIgniter\CodeIgniter->run()
#6 {main}
CRITICAL - 2021-09-26 14:39:39 --> Undefined array key "role"
#0 C:\xampp\htdocs\myLPU-HIMS\admin\app\Controllers\UserAccounts.php(729): CodeIgniter\Debug\Exceptions->errorHandler(2, 'Undefined array...', 'C:\\xampp\\htdocs...', 729)
#1 C:\xampp\htdocs\myLPU-HIMS\admin\app\Controllers\UserAccounts.php(748): App\Controllers\UserAccounts->deleteAllAccounts()
#2 C:\xampp\htdocs\myLPU-HIMS\codeigniter\system\CodeIgniter.php(802): App\Controllers\UserAccounts->deleteAllStudentAccounts()
#3 C:\xampp\htdocs\myLPU-HIMS\codeigniter\system\CodeIgniter.php(399): CodeIgniter\CodeIgniter->runController(Object(App\Controllers\UserAccounts))
#4 C:\xampp\htdocs\myLPU-HIMS\codeigniter\system\CodeIgniter.php(317): CodeIgniter\CodeIgniter->handleRequest(NULL, Object(Config\Cache), false)
#5 C:\xampp\htdocs\myLPU-HIMS\admin\public\index.php(37): CodeIgniter\CodeIgniter->run()
#6 {main}
CRITICAL - 2021-09-26 14:39:44 --> Undefined array key "role"
#0 C:\xampp\htdocs\myLPU-HIMS\admin\app\Controllers\UserAccounts.php(729): CodeIgniter\Debug\Exceptions->errorHandler(2, 'Undefined array...', 'C:\\xampp\\htdocs...', 729)
#1 C:\xampp\htdocs\myLPU-HIMS\admin\app\Controllers\UserAccounts.php(748): App\Controllers\UserAccounts->deleteAllAccounts()
#2 C:\xampp\htdocs\myLPU-HIMS\codeigniter\system\CodeIgniter.php(802): App\Controllers\UserAccounts->deleteAllStudentAccounts()
#3 C:\xampp\htdocs\myLPU-HIMS\codeigniter\system\CodeIgniter.php(399): CodeIgniter\CodeIgniter->runController(Object(App\Controllers\UserAccounts))
#4 C:\xampp\htdocs\myLPU-HIMS\codeigniter\system\CodeIgniter.php(317): CodeIgniter\CodeIgniter->handleRequest(NULL, Object(Config\Cache), false)
#5 C:\xampp\htdocs\myLPU-HIMS\admin\public\index.php(37): CodeIgniter\CodeIgniter->run()
#6 {main}
CRITICAL - 2021-09-26 14:41:31 --> foreach() argument must be of type array|object, null given
#0 C:\xampp\htdocs\myLPU-HIMS\admin\app\Controllers\UserInformations.php(80): CodeIgniter\Debug\Exceptions->errorHandler(2, 'foreach() argum...', 'C:\\xampp\\htdocs...', 80)
#1 C:\xampp\htdocs\myLPU-HIMS\admin\app\Controllers\UserInformations.php(99): App\Controllers\UserInformations->deleteAllAccounts(NULL)
#2 C:\xampp\htdocs\myLPU-HIMS\codeigniter\system\CodeIgniter.php(802): App\Controllers\UserInformations->deleteAllStudentAccounts()
#3 C:\xampp\htdocs\myLPU-HIMS\codeigniter\system\CodeIgniter.php(399): CodeIgniter\CodeIgniter->runController(Object(App\Controllers\UserInformations))
#4 C:\xampp\htdocs\myLPU-HIMS\codeigniter\system\CodeIgniter.php(317): CodeIgniter\CodeIgniter->handleRequest(NULL, Object(Config\Cache), false)
#5 C:\xampp\htdocs\myLPU-HIMS\admin\public\index.php(37): CodeIgniter\CodeIgniter->run()
#6 {main}
CRITICAL - 2021-09-26 14:41:37 --> foreach() argument must be of type array|object, null given
#0 C:\xampp\htdocs\myLPU-HIMS\admin\app\Controllers\UserInformations.php(80): CodeIgniter\Debug\Exceptions->errorHandler(2, 'foreach() argum...', 'C:\\xampp\\htdocs...', 80)
#1 C:\xampp\htdocs\myLPU-HIMS\admin\app\Controllers\UserInformations.php(99): App\Controllers\UserInformations->deleteAllAccounts(NULL)
#2 C:\xampp\htdocs\myLPU-HIMS\codeigniter\system\CodeIgniter.php(802): App\Controllers\UserInformations->deleteAllStudentAccounts()
#3 C:\xampp\htdocs\myLPU-HIMS\codeigniter\system\CodeIgniter.php(399): CodeIgniter\CodeIgniter->runController(Object(App\Controllers\UserInformations))
#4 C:\xampp\htdocs\myLPU-HIMS\codeigniter\system\CodeIgniter.php(317): CodeIgniter\CodeIgniter->handleRequest(NULL, Object(Config\Cache), false)
#5 C:\xampp\htdocs\myLPU-HIMS\admin\public\index.php(37): CodeIgniter\CodeIgniter->run()
#6 {main}
CRITICAL - 2021-09-26 14:41:54 --> foreach() argument must be of type array|object, null given
#0 C:\xampp\htdocs\myLPU-HIMS\admin\app\Controllers\UserInformations.php(80): CodeIgniter\Debug\Exceptions->errorHandler(2, 'foreach() argum...', 'C:\\xampp\\htdocs...', 80)
#1 C:\xampp\htdocs\myLPU-HIMS\admin\app\Controllers\UserInformations.php(99): App\Controllers\UserInformations->deleteAllAccounts(NULL)
#2 C:\xampp\htdocs\myLPU-HIMS\codeigniter\system\CodeIgniter.php(802): App\Controllers\UserInformations->deleteAllStudentAccounts()
#3 C:\xampp\htdocs\myLPU-HIMS\codeigniter\system\CodeIgniter.php(399): CodeIgniter\CodeIgniter->runController(Object(App\Controllers\UserInformations))
#4 C:\xampp\htdocs\myLPU-HIMS\codeigniter\system\CodeIgniter.php(317): CodeIgniter\CodeIgniter->handleRequest(NULL, Object(Config\Cache), false)
#5 C:\xampp\htdocs\myLPU-HIMS\admin\public\index.php(37): CodeIgniter\CodeIgniter->run()
#6 {main}
CRITICAL - 2021-09-26 14:41:59 --> foreach() argument must be of type array|object, null given
#0 C:\xampp\htdocs\myLPU-HIMS\admin\app\Controllers\UserInformations.php(80): CodeIgniter\Debug\Exceptions->errorHandler(2, 'foreach() argum...', 'C:\\xampp\\htdocs...', 80)
#1 C:\xampp\htdocs\myLPU-HIMS\admin\app\Controllers\UserInformations.php(99): App\Controllers\UserInformations->deleteAllAccounts(NULL)
#2 C:\xampp\htdocs\myLPU-HIMS\codeigniter\system\CodeIgniter.php(802): App\Controllers\UserInformations->deleteAllStudentAccounts()
#3 C:\xampp\htdocs\myLPU-HIMS\codeigniter\system\CodeIgniter.php(399): CodeIgniter\CodeIgniter->runController(Object(App\Controllers\UserInformations))
#4 C:\xampp\htdocs\myLPU-HIMS\codeigniter\system\CodeIgniter.php(317): CodeIgniter\CodeIgniter->handleRequest(NULL, Object(Config\Cache), false)
#5 C:\xampp\htdocs\myLPU-HIMS\admin\public\index.php(37): CodeIgniter\CodeIgniter->run()
#6 {main}
CRITICAL - 2021-09-26 14:44:23 --> foreach() argument must be of type array|object, null given
#0 C:\xampp\htdocs\myLPU-HIMS\admin\app\Controllers\UserInformations.php(80): CodeIgniter\Debug\Exceptions->errorHandler(2, 'foreach() argum...', 'C:\\xampp\\htdocs...', 80)
#1 C:\xampp\htdocs\myLPU-HIMS\admin\app\Controllers\UserInformations.php(99): App\Controllers\UserInformations->deleteAllAccounts(NULL)
#2 C:\xampp\htdocs\myLPU-HIMS\codeigniter\system\CodeIgniter.php(802): App\Controllers\UserInformations->deleteAllStudentAccounts()
#3 C:\xampp\htdocs\myLPU-HIMS\codeigniter\system\CodeIgniter.php(399): CodeIgniter\CodeIgniter->runController(Object(App\Controllers\UserInformations))
#4 C:\xampp\htdocs\myLPU-HIMS\codeigniter\system\CodeIgniter.php(317): CodeIgniter\CodeIgniter->handleRequest(NULL, Object(Config\Cache), false)
#5 C:\xampp\htdocs\myLPU-HIMS\admin\public\index.php(37): CodeIgniter\CodeIgniter->run()
#6 {main}
CRITICAL - 2021-09-26 14:44:49 --> foreach() argument must be of type array|object, null given
#0 C:\xampp\htdocs\myLPU-HIMS\admin\app\Controllers\UserInformations.php(80): CodeIgniter\Debug\Exceptions->errorHandler(2, 'foreach() argum...', 'C:\\xampp\\htdocs...', 80)
#1 C:\xampp\htdocs\myLPU-HIMS\admin\app\Controllers\UserInformations.php(99): App\Controllers\UserInformations->deleteAllAccounts(NULL)
#2 C:\xampp\htdocs\myLPU-HIMS\codeigniter\system\CodeIgniter.php(802): App\Controllers\UserInformations->deleteAllStudentAccounts()
#3 C:\xampp\htdocs\myLPU-HIMS\codeigniter\system\CodeIgniter.php(399): CodeIgniter\CodeIgniter->runController(Object(App\Controllers\UserInformations))
#4 C:\xampp\htdocs\myLPU-HIMS\codeigniter\system\CodeIgniter.php(317): CodeIgniter\CodeIgniter->handleRequest(NULL, Object(Config\Cache), false)
#5 C:\xampp\htdocs\myLPU-HIMS\admin\public\index.php(37): CodeIgniter\CodeIgniter->run()
#6 {main}
CRITICAL - 2021-09-26 14:44:50 --> foreach() argument must be of type array|object, null given
#0 C:\xampp\htdocs\myLPU-HIMS\admin\app\Controllers\UserInformations.php(80): CodeIgniter\Debug\Exceptions->errorHandler(2, 'foreach() argum...', 'C:\\xampp\\htdocs...', 80)
#1 C:\xampp\htdocs\myLPU-HIMS\admin\app\Controllers\UserInformations.php(99): App\Controllers\UserInformations->deleteAllAccounts(NULL)
#2 C:\xampp\htdocs\myLPU-HIMS\codeigniter\system\CodeIgniter.php(802): App\Controllers\UserInformations->deleteAllStudentAccounts()
#3 C:\xampp\htdocs\myLPU-HIMS\codeigniter\system\CodeIgniter.php(399): CodeIgniter\CodeIgniter->runController(Object(App\Controllers\UserInformations))
#4 C:\xampp\htdocs\myLPU-HIMS\codeigniter\system\CodeIgniter.php(317): CodeIgniter\CodeIgniter->handleRequest(NULL, Object(Config\Cache), false)
#5 C:\xampp\htdocs\myLPU-HIMS\admin\public\index.php(37): CodeIgniter\CodeIgniter->run()
#6 {main}
CRITICAL - 2021-09-26 14:44:50 --> foreach() argument must be of type array|object, null given
#0 C:\xampp\htdocs\myLPU-HIMS\admin\app\Controllers\UserInformations.php(80): CodeIgniter\Debug\Exceptions->errorHandler(2, 'foreach() argum...', 'C:\\xampp\\htdocs...', 80)
#1 C:\xampp\htdocs\myLPU-HIMS\admin\app\Controllers\UserInformations.php(99): App\Controllers\UserInformations->deleteAllAccounts(NULL)
#2 C:\xampp\htdocs\myLPU-HIMS\codeigniter\system\CodeIgniter.php(802): App\Controllers\UserInformations->deleteAllStudentAccounts()
#3 C:\xampp\htdocs\myLPU-HIMS\codeigniter\system\CodeIgniter.php(399): CodeIgniter\CodeIgniter->runController(Object(App\Controllers\UserInformations))
#4 C:\xampp\htdocs\myLPU-HIMS\codeigniter\system\CodeIgniter.php(317): CodeIgniter\CodeIgniter->handleRequest(NULL, Object(Config\Cache), false)
#5 C:\xampp\htdocs\myLPU-HIMS\admin\public\index.php(37): CodeIgniter\CodeIgniter->run()
#6 {main}
CRITICAL - 2021-09-26 14:44:50 --> foreach() argument must be of type array|object, null given
#0 C:\xampp\htdocs\myLPU-HIMS\admin\app\Controllers\UserInformations.php(80): CodeIgniter\Debug\Exceptions->errorHandler(2, 'foreach() argum...', 'C:\\xampp\\htdocs...', 80)
#1 C:\xampp\htdocs\myLPU-HIMS\admin\app\Controllers\UserInformations.php(99): App\Controllers\UserInformations->deleteAllAccounts(NULL)
#2 C:\xampp\htdocs\myLPU-HIMS\codeigniter\system\CodeIgniter.php(802): App\Controllers\UserInformations->deleteAllStudentAccounts()
#3 C:\xampp\htdocs\myLPU-HIMS\codeigniter\system\CodeIgniter.php(399): CodeIgniter\CodeIgniter->runController(Object(App\Controllers\UserInformations))
#4 C:\xampp\htdocs\myLPU-HIMS\codeigniter\system\CodeIgniter.php(317): CodeIgniter\CodeIgniter->handleRequest(NULL, Object(Config\Cache), false)
#5 C:\xampp\htdocs\myLPU-HIMS\admin\public\index.php(37): CodeIgniter\CodeIgniter->run()
#6 {main}
CRITICAL - 2021-09-26 14:49:48 --> Undefined array key "role"
#0 C:\xampp\htdocs\myLPU-HIMS\admin\app\Controllers\UserInformations.php(78): CodeIgniter\Debug\Exceptions->errorHandler(2, 'Undefined array...', 'C:\\xampp\\htdocs...', 78)
#1 C:\xampp\htdocs\myLPU-HIMS\admin\app\Controllers\UserInformations.php(100): App\Controllers\UserInformations->deleteAllAccounts()
#2 C:\xampp\htdocs\myLPU-HIMS\codeigniter\system\CodeIgniter.php(802): App\Controllers\UserInformations->deleteAllStudentAccounts()
#3 C:\xampp\htdocs\myLPU-HIMS\codeigniter\system\CodeIgniter.php(399): CodeIgniter\CodeIgniter->runController(Object(App\Controllers\UserInformations))
#4 C:\xampp\htdocs\myLPU-HIMS\codeigniter\system\CodeIgniter.php(317): CodeIgniter\CodeIgniter->handleRequest(NULL, Object(Config\Cache), false)
#5 C:\xampp\htdocs\myLPU-HIMS\admin\public\index.php(37): CodeIgniter\CodeIgniter->run()
#6 {main}
ERROR - 2021-09-26 14:50:42 --> Cannot delete or update a parent row: a foreign key constraint fails (`mylpuhims_db`.`lyceans_account`, CONSTRAINT `fk_lycean_credentials_lyceans1` FOREIGN KEY (`id_no`) REFERENCES `lyceans` (`id_no`) ON DELETE NO ACTION ON UPDATE NO ACTION)
CRITICAL - 2021-09-26 14:50:42 --> Cannot delete or update a parent row: a foreign key constraint fails (`mylpuhims_db`.`lyceans_account`, CONSTRAINT `fk_lycean_credentials_lyceans1` FOREIGN KEY (`id_no`) REFERENCES `lyceans` (`id_no`) ON DELETE NO ACTION ON UPDATE NO ACTION)
#0 C:\xampp\htdocs\myLPU-HIMS\codeigniter\system\Database\MySQLi\Connection.php(280): mysqli->query('DELETE FROM `ly...')
#1 C:\xampp\htdocs\myLPU-HIMS\codeigniter\system\Database\BaseConnection.php(663): CodeIgniter\Database\MySQLi\Connection->execute('DELETE FROM `ly...')
#2 C:\xampp\htdocs\myLPU-HIMS\codeigniter\system\Database\BaseConnection.php(591): CodeIgniter\Database\BaseConnection->simpleQuery('DELETE FROM `ly...')
#3 C:\xampp\htdocs\myLPU-HIMS\codeigniter\system\Database\BaseBuilder.php(2175): CodeIgniter\Database\BaseConnection->query('DELETE FROM `ly...', Array, false)
#4 C:\xampp\htdocs\myLPU-HIMS\codeigniter\system\Model.php(359): CodeIgniter\Database\BaseBuilder->delete()
#5 C:\xampp\htdocs\myLPU-HIMS\codeigniter\system\BaseModel.php(963): CodeIgniter\Model->doDelete(Array, false)
#6 C:\xampp\htdocs\myLPU-HIMS\admin\app\Controllers\UserInformations.php(88): CodeIgniter\BaseModel->delete(Array)
#7 C:\xampp\htdocs\myLPU-HIMS\admin\app\Controllers\UserInformations.php(100): App\Controllers\UserInformations->deleteAllAccounts()
#8 C:\xampp\htdocs\myLPU-HIMS\codeigniter\system\CodeIgniter.php(802): App\Controllers\UserInformations->deleteAllStudentAccounts()
#9 C:\xampp\htdocs\myLPU-HIMS\codeigniter\system\CodeIgniter.php(399): CodeIgniter\CodeIgniter->runController(Object(App\Controllers\UserInformations))
#10 C:\xampp\htdocs\myLPU-HIMS\codeigniter\system\CodeIgniter.php(317): CodeIgniter\CodeIgniter->handleRequest(NULL, Object(Config\Cache), false)
#11 C:\xampp\htdocs\myLPU-HIMS\admin\public\index.php(37): CodeIgniter\CodeIgniter->run()
#12 {main}
CRITICAL - 2021-09-26 15:21:31 --> Deletes are not allowed unless they contain a "where" or "like" clause.
#0 C:\xampp\htdocs\myLPU-HIMS\codeigniter\system\Model.php(359): CodeIgniter\Database\BaseBuilder->delete()
#1 C:\xampp\htdocs\myLPU-HIMS\codeigniter\system\BaseModel.php(963): CodeIgniter\Model->doDelete(Array, false)
#2 C:\xampp\htdocs\myLPU-HIMS\admin\app\Controllers\UserInformations.php(176): CodeIgniter\BaseModel->delete(Array)
#3 C:\xampp\htdocs\myLPU-HIMS\admin\app\Controllers\UserInformations.php(200): App\Controllers\UserInformations->deleteAllInformations()
#4 C:\xampp\htdocs\myLPU-HIMS\codeigniter\system\CodeIgniter.php(802): App\Controllers\UserInformations->deleteAllStaffInformations()
#5 C:\xampp\htdocs\myLPU-HIMS\codeigniter\system\CodeIgniter.php(399): CodeIgniter\CodeIgniter->runController(Object(App\Controllers\UserInformations))
#6 C:\xampp\htdocs\myLPU-HIMS\codeigniter\system\CodeIgniter.php(317): CodeIgniter\CodeIgniter->handleRequest(NULL, Object(Config\Cache), false)
#7 C:\xampp\htdocs\myLPU-HIMS\admin\public\index.php(37): CodeIgniter\CodeIgniter->run()
#8 {main}
CRITICAL - 2021-09-26 15:22:33 --> Deletes are not allowed unless they contain a "where" or "like" clause.
#0 C:\xampp\htdocs\myLPU-HIMS\codeigniter\system\Model.php(359): CodeIgniter\Database\BaseBuilder->delete()
#1 C:\xampp\htdocs\myLPU-HIMS\codeigniter\system\BaseModel.php(963): CodeIgniter\Model->doDelete(Array, false)
#2 C:\xampp\htdocs\myLPU-HIMS\admin\app\Controllers\UserInformations.php(176): CodeIgniter\BaseModel->delete(Array)
#3 C:\xampp\htdocs\myLPU-HIMS\admin\app\Controllers\UserInformations.php(188): App\Controllers\UserInformations->deleteAllInformations()
#4 C:\xampp\htdocs\myLPU-HIMS\codeigniter\system\CodeIgniter.php(802): App\Controllers\UserInformations->deleteAllStudentInformations()
#5 C:\xampp\htdocs\myLPU-HIMS\codeigniter\system\CodeIgniter.php(399): CodeIgniter\CodeIgniter->runController(Object(App\Controllers\UserInformations))
#6 C:\xampp\htdocs\myLPU-HIMS\codeigniter\system\CodeIgniter.php(317): CodeIgniter\CodeIgniter->handleRequest(NULL, Object(Config\Cache), false)
#7 C:\xampp\htdocs\myLPU-HIMS\admin\public\index.php(37): CodeIgniter\CodeIgniter->run()
#8 {main}
CRITICAL - 2021-09-26 15:24:22 --> Deletes are not allowed unless they contain a "where" or "like" clause.
#0 C:\xampp\htdocs\myLPU-HIMS\codeigniter\system\Model.php(359): CodeIgniter\Database\BaseBuilder->delete()
#1 C:\xampp\htdocs\myLPU-HIMS\codeigniter\system\BaseModel.php(963): CodeIgniter\Model->doDelete(Array, false)
#2 C:\xampp\htdocs\myLPU-HIMS\admin\app\Controllers\UserInformations.php(176): CodeIgniter\BaseModel->delete(Array)
#3 C:\xampp\htdocs\myLPU-HIMS\admin\app\Controllers\UserInformations.php(188): App\Controllers\UserInformations->deleteAllInformations()
#4 C:\xampp\htdocs\myLPU-HIMS\codeigniter\system\CodeIgniter.php(802): App\Controllers\UserInformations->deleteAllStudentInformations()
#5 C:\xampp\htdocs\myLPU-HIMS\codeigniter\system\CodeIgniter.php(399): CodeIgniter\CodeIgniter->runController(Object(App\Controllers\UserInformations))
#6 C:\xampp\htdocs\myLPU-HIMS\codeigniter\system\CodeIgniter.php(317): CodeIgniter\CodeIgniter->handleRequest(NULL, Object(Config\Cache), false)
#7 C:\xampp\htdocs\myLPU-HIMS\admin\public\index.php(37): CodeIgniter\CodeIgniter->run()
#8 {main}
ERROR - 2021-09-26 15:24:51 --> You have an error in your SQL syntax; check the manual that corresponds to your MariaDB server version for the right syntax to use near ')' at line 2
CRITICAL - 2021-09-26 15:24:51 --> You have an error in your SQL syntax; check the manual that corresponds to your MariaDB server version for the right syntax to use near ')' at line 2
#0 C:\xampp\htdocs\myLPU-HIMS\codeigniter\system\Database\MySQLi\Connection.php(280): mysqli->query('DELETE FROM `ly...')
#1 C:\xampp\htdocs\myLPU-HIMS\codeigniter\system\Database\BaseConnection.php(663): CodeIgniter\Database\MySQLi\Connection->execute('DELETE FROM `ly...')
#2 C:\xampp\htdocs\myLPU-HIMS\codeigniter\system\Database\BaseConnection.php(591): CodeIgniter\Database\BaseConnection->simpleQuery('DELETE FROM `ly...')
#3 C:\xampp\htdocs\myLPU-HIMS\codeigniter\system\Database\BaseBuilder.php(2175): CodeIgniter\Database\BaseConnection->query('DELETE FROM `ly...', Array, false)
#4 C:\xampp\htdocs\myLPU-HIMS\codeigniter\system\Model.php(359): CodeIgniter\Database\BaseBuilder->delete()
#5 C:\xampp\htdocs\myLPU-HIMS\codeigniter\system\BaseModel.php(963): CodeIgniter\Model->doDelete(NULL, false)
#6 C:\xampp\htdocs\myLPU-HIMS\admin\app\Controllers\UserInformations.php(176): CodeIgniter\BaseModel->delete()
#7 C:\xampp\htdocs\myLPU-HIMS\admin\app\Controllers\UserInformations.php(188): App\Controllers\UserInformations->deleteAllInformations()
#8 C:\xampp\htdocs\myLPU-HIMS\codeigniter\system\CodeIgniter.php(802): App\Controllers\UserInformations->deleteAllStudentInformations()
#9 C:\xampp\htdocs\myLPU-HIMS\codeigniter\system\CodeIgniter.php(399): CodeIgniter\CodeIgniter->runController(Object(App\Controllers\UserInformations))
#10 C:\xampp\htdocs\myLPU-HIMS\codeigniter\system\CodeIgniter.php(317): CodeIgniter\CodeIgniter->handleRequest(NULL, Object(Config\Cache), false)
#11 C:\xampp\htdocs\myLPU-HIMS\admin\public\index.php(37): CodeIgniter\CodeIgniter->run()
#12 {main}
ERROR - 2021-09-26 15:25:00 --> You have an error in your SQL syntax; check the manual that corresponds to your MariaDB server version for the right syntax to use near ')' at line 2
CRITICAL - 2021-09-26 15:25:00 --> You have an error in your SQL syntax; check the manual that corresponds to your MariaDB server version for the right syntax to use near ')' at line 2
#0 C:\xampp\htdocs\myLPU-HIMS\codeigniter\system\Database\MySQLi\Connection.php(280): mysqli->query('DELETE FROM `ly...')
#1 C:\xampp\htdocs\myLPU-HIMS\codeigniter\system\Database\BaseConnection.php(663): CodeIgniter\Database\MySQLi\Connection->execute('DELETE FROM `ly...')
#2 C:\xampp\htdocs\myLPU-HIMS\codeigniter\system\Database\BaseConnection.php(591): CodeIgniter\Database\BaseConnection->simpleQuery('DELETE FROM `ly...')
#3 C:\xampp\htdocs\myLPU-HIMS\codeigniter\system\Database\BaseBuilder.php(2175): CodeIgniter\Database\BaseConnection->query('DELETE FROM `ly...', Array, false)
#4 C:\xampp\htdocs\myLPU-HIMS\codeigniter\system\Model.php(359): CodeIgniter\Database\BaseBuilder->delete()
#5 C:\xampp\htdocs\myLPU-HIMS\codeigniter\system\BaseModel.php(963): CodeIgniter\Model->doDelete(NULL, false)
#6 C:\xampp\htdocs\myLPU-HIMS\admin\app\Controllers\UserInformations.php(176): CodeIgniter\BaseModel->delete()
#7 C:\xampp\htdocs\myLPU-HIMS\admin\app\Controllers\UserInformations.php(188): App\Controllers\UserInformations->deleteAllInformations()
#8 C:\xampp\htdocs\myLPU-HIMS\codeigniter\system\CodeIgniter.php(802): App\Controllers\UserInformations->deleteAllStudentInformations()
#9 C:\xampp\htdocs\myLPU-HIMS\codeigniter\system\CodeIgniter.php(399): CodeIgniter\CodeIgniter->runController(Object(App\Controllers\UserInformations))
#10 C:\xampp\htdocs\myLPU-HIMS\codeigniter\system\CodeIgniter.php(317): CodeIgniter\CodeIgniter->handleRequest(NULL, Object(Config\Cache), false)
#11 C:\xampp\htdocs\myLPU-HIMS\admin\public\index.php(37): CodeIgniter\CodeIgniter->run()
#12 {main}
CRITICAL - 2021-09-26 15:25:22 --> Deletes are not allowed unless they contain a "where" or "like" clause.
#0 C:\xampp\htdocs\myLPU-HIMS\codeigniter\system\Model.php(359): CodeIgniter\Database\BaseBuilder->delete()
#1 C:\xampp\htdocs\myLPU-HIMS\codeigniter\system\BaseModel.php(963): CodeIgniter\Model->doDelete(Array, false)
#2 C:\xampp\htdocs\myLPU-HIMS\admin\app\Controllers\UserInformations.php(176): CodeIgniter\BaseModel->delete(Array)
#3 C:\xampp\htdocs\myLPU-HIMS\admin\app\Controllers\UserInformations.php(188): App\Controllers\UserInformations->deleteAllInformations()
#4 C:\xampp\htdocs\myLPU-HIMS\codeigniter\system\CodeIgniter.php(802): App\Controllers\UserInformations->deleteAllStudentInformations()
#5 C:\xampp\htdocs\myLPU-HIMS\codeigniter\system\CodeIgniter.php(399): CodeIgniter\CodeIgniter->runController(Object(App\Controllers\UserInformations))
#6 C:\xampp\htdocs\myLPU-HIMS\codeigniter\system\CodeIgniter.php(317): CodeIgniter\CodeIgniter->handleRequest(NULL, Object(Config\Cache), false)
#7 C:\xampp\htdocs\myLPU-HIMS\admin\public\index.php(37): CodeIgniter\CodeIgniter->run()
#8 {main}
CRITICAL - 2021-09-26 15:29:00 --> Deletes are not allowed unless they contain a "where" or "like" clause.
#0 C:\xampp\htdocs\myLPU-HIMS\codeigniter\system\Model.php(359): CodeIgniter\Database\BaseBuilder->delete()
#1 C:\xampp\htdocs\myLPU-HIMS\codeigniter\system\BaseModel.php(963): CodeIgniter\Model->doDelete(Array, false)
#2 C:\xampp\htdocs\myLPU-HIMS\admin\app\Controllers\UserInformations.php(177): CodeIgniter\BaseModel->delete(Array)
#3 C:\xampp\htdocs\myLPU-HIMS\admin\app\Controllers\UserInformations.php(191): App\Controllers\UserInformations->deleteAllInformations()
#4 C:\xampp\htdocs\myLPU-HIMS\codeigniter\system\CodeIgniter.php(802): App\Controllers\UserInformations->deleteAllStudentInformations()
#5 C:\xampp\htdocs\myLPU-HIMS\codeigniter\system\CodeIgniter.php(399): CodeIgniter\CodeIgniter->runController(Object(App\Controllers\UserInformations))
#6 C:\xampp\htdocs\myLPU-HIMS\codeigniter\system\CodeIgniter.php(317): CodeIgniter\CodeIgniter->handleRequest(NULL, Object(Config\Cache), false)
#7 C:\xampp\htdocs\myLPU-HIMS\admin\public\index.php(37): CodeIgniter\CodeIgniter->run()
#8 {main}
ERROR - 2021-09-26 15:31:58 --> You have an error in your SQL syntax; check the manual that corresponds to your MariaDB server version for the right syntax to use near ')' at line 2
CRITICAL - 2021-09-26 15:31:58 --> You have an error in your SQL syntax; check the manual that corresponds to your MariaDB server version for the right syntax to use near ')' at line 2
#0 C:\xampp\htdocs\myLPU-HIMS\codeigniter\system\Database\MySQLi\Connection.php(280): mysqli->query('DELETE FROM `ly...')
#1 C:\xampp\htdocs\myLPU-HIMS\codeigniter\system\Database\BaseConnection.php(663): CodeIgniter\Database\MySQLi\Connection->execute('DELETE FROM `ly...')
#2 C:\xampp\htdocs\myLPU-HIMS\codeigniter\system\Database\BaseConnection.php(591): CodeIgniter\Database\BaseConnection->simpleQuery('DELETE FROM `ly...')
#3 C:\xampp\htdocs\myLPU-HIMS\codeigniter\system\Database\BaseBuilder.php(2175): CodeIgniter\Database\BaseConnection->query('DELETE FROM `ly...', Array, false)
#4 C:\xampp\htdocs\myLPU-HIMS\codeigniter\system\Model.php(359): CodeIgniter\Database\BaseBuilder->delete()
#5 C:\xampp\htdocs\myLPU-HIMS\codeigniter\system\BaseModel.php(963): CodeIgniter\Model->doDelete(NULL, false)
#6 C:\xampp\htdocs\myLPU-HIMS\admin\app\Controllers\UserInformations.php(177): CodeIgniter\BaseModel->delete()
#7 C:\xampp\htdocs\myLPU-HIMS\admin\app\Controllers\UserInformations.php(191): App\Controllers\UserInformations->deleteAllInformations()
#8 C:\xampp\htdocs\myLPU-HIMS\codeigniter\system\CodeIgniter.php(802): App\Controllers\UserInformations->deleteAllStudentInformations()
#9 C:\xampp\htdocs\myLPU-HIMS\codeigniter\system\CodeIgniter.php(399): CodeIgniter\CodeIgniter->runController(Object(App\Controllers\UserInformations))
#10 C:\xampp\htdocs\myLPU-HIMS\codeigniter\system\CodeIgniter.php(317): CodeIgniter\CodeIgniter->handleRequest(NULL, Object(Config\Cache), false)
#11 C:\xampp\htdocs\myLPU-HIMS\admin\public\index.php(37): CodeIgniter\CodeIgniter->run()
#12 {main}
ERROR - 2021-09-26 15:31:59 --> You have an error in your SQL syntax; check the manual that corresponds to your MariaDB server version for the right syntax to use near ')' at line 2
CRITICAL - 2021-09-26 15:31:59 --> You have an error in your SQL syntax; check the manual that corresponds to your MariaDB server version for the right syntax to use near ')' at line 2
#0 C:\xampp\htdocs\myLPU-HIMS\codeigniter\system\Database\MySQLi\Connection.php(280): mysqli->query('DELETE FROM `ly...')
#1 C:\xampp\htdocs\myLPU-HIMS\codeigniter\system\Database\BaseConnection.php(663): CodeIgniter\Database\MySQLi\Connection->execute('DELETE FROM `ly...')
#2 C:\xampp\htdocs\myLPU-HIMS\codeigniter\system\Database\BaseConnection.php(591): CodeIgniter\Database\BaseConnection->simpleQuery('DELETE FROM `ly...')
#3 C:\xampp\htdocs\myLPU-HIMS\codeigniter\system\Database\BaseBuilder.php(2175): CodeIgniter\Database\BaseConnection->query('DELETE FROM `ly...', Array, false)
#4 C:\xampp\htdocs\myLPU-HIMS\codeigniter\system\Model.php(359): CodeIgniter\Database\BaseBuilder->delete()
#5 C:\xampp\htdocs\myLPU-HIMS\codeigniter\system\BaseModel.php(963): CodeIgniter\Model->doDelete(NULL, false)
#6 C:\xampp\htdocs\myLPU-HIMS\admin\app\Controllers\UserInformations.php(177): CodeIgniter\BaseModel->delete()
#7 C:\xampp\htdocs\myLPU-HIMS\admin\app\Controllers\UserInformations.php(191): App\Controllers\UserInformations->deleteAllInformations()
#8 C:\xampp\htdocs\myLPU-HIMS\codeigniter\system\CodeIgniter.php(802): App\Controllers\UserInformations->deleteAllStudentInformations()
#9 C:\xampp\htdocs\myLPU-HIMS\codeigniter\system\CodeIgniter.php(399): CodeIgniter\CodeIgniter->runController(Object(App\Controllers\UserInformations))
#10 C:\xampp\htdocs\myLPU-HIMS\codeigniter\system\CodeIgniter.php(317): CodeIgniter\CodeIgniter->handleRequest(NULL, Object(Config\Cache), false)
#11 C:\xampp\htdocs\myLPU-HIMS\admin\public\index.php(37): CodeIgniter\CodeIgniter->run()
#12 {main}
ERROR - 2021-09-26 15:32:00 --> You have an error in your SQL syntax; check the manual that corresponds to your MariaDB server version for the right syntax to use near ')' at line 2
CRITICAL - 2021-09-26 15:32:00 --> You have an error in your SQL syntax; check the manual that corresponds to your MariaDB server version for the right syntax to use near ')' at line 2
#0 C:\xampp\htdocs\myLPU-HIMS\codeigniter\system\Database\MySQLi\Connection.php(280): mysqli->query('DELETE FROM `ly...')
#1 C:\xampp\htdocs\myLPU-HIMS\codeigniter\system\Database\BaseConnection.php(663): CodeIgniter\Database\MySQLi\Connection->execute('DELETE FROM `ly...')
#2 C:\xampp\htdocs\myLPU-HIMS\codeigniter\system\Database\BaseConnection.php(591): CodeIgniter\Database\BaseConnection->simpleQuery('DELETE FROM `ly...')
#3 C:\xampp\htdocs\myLPU-HIMS\codeigniter\system\Database\BaseBuilder.php(2175): CodeIgniter\Database\BaseConnection->query('DELETE FROM `ly...', Array, false)
#4 C:\xampp\htdocs\myLPU-HIMS\codeigniter\system\Model.php(359): CodeIgniter\Database\BaseBuilder->delete()
#5 C:\xampp\htdocs\myLPU-HIMS\codeigniter\system\BaseModel.php(963): CodeIgniter\Model->doDelete(NULL, false)
#6 C:\xampp\htdocs\myLPU-HIMS\admin\app\Controllers\UserInformations.php(177): CodeIgniter\BaseModel->delete()
#7 C:\xampp\htdocs\myLPU-HIMS\admin\app\Controllers\UserInformations.php(191): App\Controllers\UserInformations->deleteAllInformations()
#8 C:\xampp\htdocs\myLPU-HIMS\codeigniter\system\CodeIgniter.php(802): App\Controllers\UserInformations->deleteAllStudentInformations()
#9 C:\xampp\htdocs\myLPU-HIMS\codeigniter\system\CodeIgniter.php(399): CodeIgniter\CodeIgniter->runController(Object(App\Controllers\UserInformations))
#10 C:\xampp\htdocs\myLPU-HIMS\codeigniter\system\CodeIgniter.php(317): CodeIgniter\CodeIgniter->handleRequest(NULL, Object(Config\Cache), false)
#11 C:\xampp\htdocs\myLPU-HIMS\admin\public\index.php(37): CodeIgniter\CodeIgniter->run()
#12 {main}
ERROR - 2021-09-26 15:32:00 --> You have an error in your SQL syntax; check the manual that corresponds to your MariaDB server version for the right syntax to use near ')' at line 2
CRITICAL - 2021-09-26 15:32:00 --> You have an error in your SQL syntax; check the manual that corresponds to your MariaDB server version for the right syntax to use near ')' at line 2
#0 C:\xampp\htdocs\myLPU-HIMS\codeigniter\system\Database\MySQLi\Connection.php(280): mysqli->query('DELETE FROM `ly...')
#1 C:\xampp\htdocs\myLPU-HIMS\codeigniter\system\Database\BaseConnection.php(663): CodeIgniter\Database\MySQLi\Connection->execute('DELETE FROM `ly...')
#2 C:\xampp\htdocs\myLPU-HIMS\codeigniter\system\Database\BaseConnection.php(591): CodeIgniter\Database\BaseConnection->simpleQuery('DELETE FROM `ly...')
#3 C:\xampp\htdocs\myLPU-HIMS\codeigniter\system\Database\BaseBuilder.php(2175): CodeIgniter\Database\BaseConnection->query('DELETE FROM `ly...', Array, false)
#4 C:\xampp\htdocs\myLPU-HIMS\codeigniter\system\Model.php(359): CodeIgniter\Database\BaseBuilder->delete()
#5 C:\xampp\htdocs\myLPU-HIMS\codeigniter\system\BaseModel.php(963): CodeIgniter\Model->doDelete(NULL, false)
#6 C:\xampp\htdocs\myLPU-HIMS\admin\app\Controllers\UserInformations.php(177): CodeIgniter\BaseModel->delete()
#7 C:\xampp\htdocs\myLPU-HIMS\admin\app\Controllers\UserInformations.php(191): App\Controllers\UserInformations->deleteAllInformations()
#8 C:\xampp\htdocs\myLPU-HIMS\codeigniter\system\CodeIgniter.php(802): App\Controllers\UserInformations->deleteAllStudentInformations()
#9 C:\xampp\htdocs\myLPU-HIMS\codeigniter\system\CodeIgniter.php(399): CodeIgniter\CodeIgniter->runController(Object(App\Controllers\UserInformations))
#10 C:\xampp\htdocs\myLPU-HIMS\codeigniter\system\CodeIgniter.php(317): CodeIgniter\CodeIgniter->handleRequest(NULL, Object(Config\Cache), false)
#11 C:\xampp\htdocs\myLPU-HIMS\admin\public\index.php(37): CodeIgniter\CodeIgniter->run()
#12 {main}
CRITICAL - 2021-09-26 15:49:05 --> Deletes are not allowed unless they contain a "where" or "like" clause.
#0 C:\xampp\htdocs\myLPU-HIMS\codeigniter\system\Model.php(359): CodeIgniter\Database\BaseBuilder->delete()
#1 C:\xampp\htdocs\myLPU-HIMS\codeigniter\system\BaseModel.php(963): CodeIgniter\Model->doDelete(NULL, false)
#2 C:\xampp\htdocs\myLPU-HIMS\admin\app\Controllers\UserAccounts.php(767): CodeIgniter\BaseModel->delete()
#3 C:\xampp\htdocs\myLPU-HIMS\codeigniter\system\CodeIgniter.php(802): App\Controllers\UserAccounts->deleteAllHealthPersonnelAccounts()
#4 C:\xampp\htdocs\myLPU-HIMS\codeigniter\system\CodeIgniter.php(399): CodeIgniter\CodeIgniter->runController(Object(App\Controllers\UserAccounts))
#5 C:\xampp\htdocs\myLPU-HIMS\codeigniter\system\CodeIgniter.php(317): CodeIgniter\CodeIgniter->handleRequest(NULL, Object(Config\Cache), false)
#6 C:\xampp\htdocs\myLPU-HIMS\admin\public\index.php(37): CodeIgniter\CodeIgniter->run()
#7 {main}
CRITICAL - 2021-09-26 15:49:38 --> Deletes are not allowed unless they contain a "where" or "like" clause.
#0 C:\xampp\htdocs\myLPU-HIMS\codeigniter\system\Model.php(359): CodeIgniter\Database\BaseBuilder->delete()
#1 C:\xampp\htdocs\myLPU-HIMS\codeigniter\system\BaseModel.php(963): CodeIgniter\Model->doDelete(NULL, false)
#2 C:\xampp\htdocs\myLPU-HIMS\admin\app\Controllers\UserAccounts.php(767): CodeIgniter\BaseModel->delete()
#3 C:\xampp\htdocs\myLPU-HIMS\codeigniter\system\CodeIgniter.php(802): App\Controllers\UserAccounts->deleteAllHealthPersonnelAccounts()
#4 C:\xampp\htdocs\myLPU-HIMS\codeigniter\system\CodeIgniter.php(399): CodeIgniter\CodeIgniter->runController(Object(App\Controllers\UserAccounts))
#5 C:\xampp\htdocs\myLPU-HIMS\codeigniter\system\CodeIgniter.php(317): CodeIgniter\CodeIgniter->handleRequest(NULL, Object(Config\Cache), false)
#6 C:\xampp\htdocs\myLPU-HIMS\admin\public\index.php(37): CodeIgniter\CodeIgniter->run()
#7 {main}
CRITICAL - 2021-09-26 15:53:12 --> Trying to access array offset on value of type null
#0 C:\xampp\htdocs\myLPU-HIMS\admin\app\Controllers\UserInformations.php(141): CodeIgniter\Debug\Exceptions->errorHandler(2, 'Trying to acces...', 'C:\\xampp\\htdocs...', 141)
#1 C:\xampp\htdocs\myLPU-HIMS\codeigniter\system\CodeIgniter.php(802): App\Controllers\UserInformations->fetchAllHealthPersonnel()
#2 C:\xampp\htdocs\myLPU-HIMS\codeigniter\system\CodeIgniter.php(399): CodeIgniter\CodeIgniter->runController(Object(App\Controllers\UserInformations))
#3 C:\xampp\htdocs\myLPU-HIMS\codeigniter\system\CodeIgniter.php(317): CodeIgniter\CodeIgniter->handleRequest(NULL, Object(Config\Cache), false)
#4 C:\xampp\htdocs\myLPU-HIMS\admin\public\index.php(37): CodeIgniter\CodeIgniter->run()
#5 {main}
CRITICAL - 2021-09-26 15:53:16 --> Trying to access array offset on value of type null
#0 C:\xampp\htdocs\myLPU-HIMS\admin\app\Controllers\UserInformations.php(141): CodeIgniter\Debug\Exceptions->errorHandler(2, 'Trying to acces...', 'C:\\xampp\\htdocs...', 141)
#1 C:\xampp\htdocs\myLPU-HIMS\codeigniter\system\CodeIgniter.php(802): App\Controllers\UserInformations->fetchAllHealthPersonnel()
#2 C:\xampp\htdocs\myLPU-HIMS\codeigniter\system\CodeIgniter.php(399): CodeIgniter\CodeIgniter->runController(Object(App\Controllers\UserInformations))
#3 C:\xampp\htdocs\myLPU-HIMS\codeigniter\system\CodeIgniter.php(317): CodeIgniter\CodeIgniter->handleRequest(NULL, Object(Config\Cache), false)
#4 C:\xampp\htdocs\myLPU-HIMS\admin\public\index.php(37): CodeIgniter\CodeIgniter->run()
#5 {main}
CRITICAL - 2021-09-26 16:06:32 --> Deletes are not allowed unless they contain a "where" or "like" clause.
#0 C:\xampp\htdocs\myLPU-HIMS\codeigniter\system\Model.php(359): CodeIgniter\Database\BaseBuilder->delete()
#1 C:\xampp\htdocs\myLPU-HIMS\codeigniter\system\BaseModel.php(963): CodeIgniter\Model->doDelete(Array, false)
#2 C:\xampp\htdocs\myLPU-HIMS\admin\app\Controllers\UserInformations.php(216): CodeIgniter\BaseModel->delete(Array)
#3 C:\xampp\htdocs\myLPU-HIMS\admin\app\Controllers\UserInformations.php(228): App\Controllers\UserInformations->deleteAllInformations()
#4 C:\xampp\htdocs\myLPU-HIMS\codeigniter\system\CodeIgniter.php(802): App\Controllers\UserInformations->deleteAllStudentInformations()
#5 C:\xampp\htdocs\myLPU-HIMS\codeigniter\system\CodeIgniter.php(399): CodeIgniter\CodeIgniter->runController(Object(App\Controllers\UserInformations))
#6 C:\xampp\htdocs\myLPU-HIMS\codeigniter\system\CodeIgniter.php(317): CodeIgniter\CodeIgniter->handleRequest(NULL, Object(Config\Cache), false)
#7 C:\xampp\htdocs\myLPU-HIMS\admin\public\index.php(37): CodeIgniter\CodeIgniter->run()
#8 {main}
