CRITICAL - 2021-11-17 01:09:35 --> Call to undefined function App\Filters\getIdNo()
#0 C:\xampp\htdocs\myLPU-HIMS\codeigniter\system\Filters\Filters.php(192): App\Filters\LoggedIn->after(Object(CodeIgniter\HTTP\IncomingRequest), Object(CodeIgniter\HTTP\Response), NULL)
#1 C:\xampp\htdocs\myLPU-HIMS\codeigniter\system\CodeIgniter.php(414): CodeIgniter\Filters\Filters->run('dashboard', 'after')
#2 C:\xampp\htdocs\myLPU-HIMS\codeigniter\system\CodeIgniter.php(317): CodeIgniter\CodeIgniter->handleRequest(NULL, Object(Config\Cache), false)
#3 C:\xampp\htdocs\myLPU-HIMS\admin\public\index.php(37): CodeIgniter\CodeIgniter->run()
#4 {main}
CRITICAL - 2021-11-17 01:10:09 --> Call to undefined function App\Filters\getIdNo()
#0 C:\xampp\htdocs\myLPU-HIMS\codeigniter\system\Filters\Filters.php(192): App\Filters\LoggedIn->after(Object(CodeIgniter\HTTP\IncomingRequest), Object(CodeIgniter\HTTP\Response), NULL)
#1 C:\xampp\htdocs\myLPU-HIMS\codeigniter\system\CodeIgniter.php(414): CodeIgniter\Filters\Filters->run('dashboard', 'after')
#2 C:\xampp\htdocs\myLPU-HIMS\codeigniter\system\CodeIgniter.php(317): CodeIgniter\CodeIgniter->handleRequest(NULL, Object(Config\Cache), false)
#3 C:\xampp\htdocs\myLPU-HIMS\admin\public\index.php(37): CodeIgniter\CodeIgniter->run()
#4 {main}
CRITICAL - 2021-11-17 01:10:10 --> Call to undefined function App\Filters\getIdNo()
#0 C:\xampp\htdocs\myLPU-HIMS\codeigniter\system\Filters\Filters.php(192): App\Filters\LoggedIn->after(Object(CodeIgniter\HTTP\IncomingRequest), Object(CodeIgniter\HTTP\Response), NULL)
#1 C:\xampp\htdocs\myLPU-HIMS\codeigniter\system\CodeIgniter.php(414): CodeIgniter\Filters\Filters->run('dashboard', 'after')
#2 C:\xampp\htdocs\myLPU-HIMS\codeigniter\system\CodeIgniter.php(317): CodeIgniter\CodeIgniter->handleRequest(NULL, Object(Config\Cache), false)
#3 C:\xampp\htdocs\myLPU-HIMS\admin\public\index.php(37): CodeIgniter\CodeIgniter->run()
#4 {main}
CRITICAL - 2021-11-17 01:11:02 --> Call to undefined function App\Filters\getIdNo()
#0 C:\xampp\htdocs\myLPU-HIMS\codeigniter\system\Filters\Filters.php(192): App\Filters\LoggedIn->after(Object(CodeIgniter\HTTP\IncomingRequest), Object(CodeIgniter\HTTP\Response), NULL)
#1 C:\xampp\htdocs\myLPU-HIMS\codeigniter\system\CodeIgniter.php(414): CodeIgniter\Filters\Filters->run('dashboard', 'after')
#2 C:\xampp\htdocs\myLPU-HIMS\codeigniter\system\CodeIgniter.php(317): CodeIgniter\CodeIgniter->handleRequest(NULL, Object(Config\Cache), false)
#3 C:\xampp\htdocs\myLPU-HIMS\admin\public\index.php(37): CodeIgniter\CodeIgniter->run()
#4 {main}
CRITICAL - 2021-11-17 01:11:03 --> Call to undefined function App\Filters\getIdNo()
#0 C:\xampp\htdocs\myLPU-HIMS\codeigniter\system\Filters\Filters.php(192): App\Filters\LoggedIn->after(Object(CodeIgniter\HTTP\IncomingRequest), Object(CodeIgniter\HTTP\Response), NULL)
#1 C:\xampp\htdocs\myLPU-HIMS\codeigniter\system\CodeIgniter.php(414): CodeIgniter\Filters\Filters->run('dashboard', 'after')
#2 C:\xampp\htdocs\myLPU-HIMS\codeigniter\system\CodeIgniter.php(317): CodeIgniter\CodeIgniter->handleRequest(NULL, Object(Config\Cache), false)
#3 C:\xampp\htdocs\myLPU-HIMS\admin\public\index.php(37): CodeIgniter\CodeIgniter->run()
#4 {main}
CRITICAL - 2021-11-17 01:11:03 --> Call to undefined function App\Filters\getIdNo()
#0 C:\xampp\htdocs\myLPU-HIMS\codeigniter\system\Filters\Filters.php(192): App\Filters\LoggedIn->after(Object(CodeIgniter\HTTP\IncomingRequest), Object(CodeIgniter\HTTP\Response), NULL)
#1 C:\xampp\htdocs\myLPU-HIMS\codeigniter\system\CodeIgniter.php(414): CodeIgniter\Filters\Filters->run('dashboard', 'after')
#2 C:\xampp\htdocs\myLPU-HIMS\codeigniter\system\CodeIgniter.php(317): CodeIgniter\CodeIgniter->handleRequest(NULL, Object(Config\Cache), false)
#3 C:\xampp\htdocs\myLPU-HIMS\admin\public\index.php(37): CodeIgniter\CodeIgniter->run()
#4 {main}
CRITICAL - 2021-11-17 01:11:40 --> Undefined array key "id_no"
#0 C:\xampp\htdocs\myLPU-HIMS\admin\app\Helpers\useraccount_helper.php(27): CodeIgniter\Debug\Exceptions->errorHandler(2, 'Undefined array...', 'C:\\xampp\\htdocs...', 27)
#1 C:\xampp\htdocs\myLPU-HIMS\admin\app\Filters\LoggedIn.php(37): getIdNo()
#2 C:\xampp\htdocs\myLPU-HIMS\codeigniter\system\Filters\Filters.php(192): App\Filters\LoggedIn->after(Object(CodeIgniter\HTTP\IncomingRequest), Object(CodeIgniter\HTTP\Response), NULL)
#3 C:\xampp\htdocs\myLPU-HIMS\codeigniter\system\CodeIgniter.php(414): CodeIgniter\Filters\Filters->run('dashboard', 'after')
#4 C:\xampp\htdocs\myLPU-HIMS\codeigniter\system\CodeIgniter.php(317): CodeIgniter\CodeIgniter->handleRequest(NULL, Object(Config\Cache), false)
#5 C:\xampp\htdocs\myLPU-HIMS\admin\public\index.php(37): CodeIgniter\CodeIgniter->run()
#6 {main}
CRITICAL - 2021-11-17 01:12:06 --> Undefined array key "id_no"
#0 C:\xampp\htdocs\myLPU-HIMS\admin\app\Helpers\useraccount_helper.php(27): CodeIgniter\Debug\Exceptions->errorHandler(2, 'Undefined array...', 'C:\\xampp\\htdocs...', 27)
#1 C:\xampp\htdocs\myLPU-HIMS\admin\app\Filters\LoggedIn.php(37): getIdNo()
#2 C:\xampp\htdocs\myLPU-HIMS\codeigniter\system\Filters\Filters.php(192): App\Filters\LoggedIn->after(Object(CodeIgniter\HTTP\IncomingRequest), Object(CodeIgniter\HTTP\Response), NULL)
#3 C:\xampp\htdocs\myLPU-HIMS\codeigniter\system\CodeIgniter.php(414): CodeIgniter\Filters\Filters->run('dashboard', 'after')
#4 C:\xampp\htdocs\myLPU-HIMS\codeigniter\system\CodeIgniter.php(317): CodeIgniter\CodeIgniter->handleRequest(NULL, Object(Config\Cache), false)
#5 C:\xampp\htdocs\myLPU-HIMS\admin\public\index.php(37): CodeIgniter\CodeIgniter->run()
#6 {main}
CRITICAL - 2021-11-17 01:12:19 --> Undefined array key "id_no"
#0 C:\xampp\htdocs\myLPU-HIMS\admin\app\Helpers\useraccount_helper.php(27): CodeIgniter\Debug\Exceptions->errorHandler(2, 'Undefined array...', 'C:\\xampp\\htdocs...', 27)
#1 C:\xampp\htdocs\myLPU-HIMS\admin\app\Filters\LoggedIn.php(37): getIdNo()
#2 C:\xampp\htdocs\myLPU-HIMS\codeigniter\system\Filters\Filters.php(192): App\Filters\LoggedIn->after(Object(CodeIgniter\HTTP\IncomingRequest), Object(CodeIgniter\HTTP\Response), NULL)
#3 C:\xampp\htdocs\myLPU-HIMS\codeigniter\system\CodeIgniter.php(414): CodeIgniter\Filters\Filters->run('dashboard', 'after')
#4 C:\xampp\htdocs\myLPU-HIMS\codeigniter\system\CodeIgniter.php(317): CodeIgniter\CodeIgniter->handleRequest(NULL, Object(Config\Cache), false)
#5 C:\xampp\htdocs\myLPU-HIMS\admin\public\index.php(37): CodeIgniter\CodeIgniter->run()
#6 {main}
CRITICAL - 2021-11-17 01:13:25 --> There is no data to update.
#0 C:\xampp\htdocs\myLPU-HIMS\codeigniter\system\BaseModel.php(846): CodeIgniter\Database\Exceptions\DataException::forEmptyDataset('update')
#1 C:\xampp\htdocs\myLPU-HIMS\codeigniter\system\Model.php(646): CodeIgniter\BaseModel->update(NULL, Array)
#2 C:\xampp\htdocs\myLPU-HIMS\admin\app\Filters\LoggedIn.php(40): CodeIgniter\Model->update()
#3 C:\xampp\htdocs\myLPU-HIMS\codeigniter\system\Filters\Filters.php(192): App\Filters\LoggedIn->after(Object(CodeIgniter\HTTP\IncomingRequest), Object(CodeIgniter\HTTP\Response), NULL)
#4 C:\xampp\htdocs\myLPU-HIMS\codeigniter\system\CodeIgniter.php(414): CodeIgniter\Filters\Filters->run('dashboard', 'after')
#5 C:\xampp\htdocs\myLPU-HIMS\codeigniter\system\CodeIgniter.php(317): CodeIgniter\CodeIgniter->handleRequest(NULL, Object(Config\Cache), false)
#6 C:\xampp\htdocs\myLPU-HIMS\admin\public\index.php(37): CodeIgniter\CodeIgniter->run()
#7 {main}
