CRITICAL - 2021-10-17 00:45:38 --> Trying to access array offset on value of type null
#0 C:\xampp\htdocs\myLPU-HIMS\clinic\app\Helpers\useraccount_helper.php(9): CodeIgniter\Debug\Exceptions->errorHandler(2, 'Trying to acces...', 'C:\\xampp\\htdocs...', 9)
#1 C:\xampp\htdocs\myLPU-HIMS\clinic\app\Controllers\Consultations.php(15): getUserFirstname()
#2 C:\xampp\htdocs\myLPU-HIMS\codeigniter\system\CodeIgniter.php(779): App\Controllers\Consultations->__construct()
#3 C:\xampp\htdocs\myLPU-HIMS\codeigniter\system\CodeIgniter.php(390): CodeIgniter\CodeIgniter->createController()
#4 C:\xampp\htdocs\myLPU-HIMS\codeigniter\system\CodeIgniter.php(317): CodeIgniter\CodeIgniter->handleRequest(NULL, Object(Config\Cache), false)
#5 C:\xampp\htdocs\myLPU-HIMS\clinic\public\index.php(37): CodeIgniter\CodeIgniter->run()
#6 {main}
CRITICAL - 2021-10-17 00:45:38 --> Trying to access array offset on value of type null
#0 C:\xampp\htdocs\myLPU-HIMS\clinic\app\Helpers\useraccount_helper.php(9): CodeIgniter\Debug\Exceptions->errorHandler(2, 'Trying to acces...', 'C:\\xampp\\htdocs...', 9)
#1 C:\xampp\htdocs\myLPU-HIMS\clinic\app\Controllers\Consultations.php(15): getUserFirstname()
#2 C:\xampp\htdocs\myLPU-HIMS\codeigniter\system\CodeIgniter.php(779): App\Controllers\Consultations->__construct()
#3 C:\xampp\htdocs\myLPU-HIMS\codeigniter\system\CodeIgniter.php(390): CodeIgniter\CodeIgniter->createController()
#4 C:\xampp\htdocs\myLPU-HIMS\codeigniter\system\CodeIgniter.php(317): CodeIgniter\CodeIgniter->handleRequest(NULL, Object(Config\Cache), false)
#5 C:\xampp\htdocs\myLPU-HIMS\clinic\public\index.php(37): CodeIgniter\CodeIgniter->run()
#6 {main}
ERROR - 2021-10-17 15:40:21 --> Table 'mylpuhims_db.health_personnels_notification' doesn't exist
CRITICAL - 2021-10-17 15:40:21 --> Table 'mylpuhims_db.health_personnels_notification' doesn't exist
#0 C:\xampp\htdocs\myLPU-HIMS\codeigniter\system\Database\MySQLi\Connection.php(280): mysqli->query('SELECT *\nFROM `...')
#1 C:\xampp\htdocs\myLPU-HIMS\codeigniter\system\Database\BaseConnection.php(663): CodeIgniter\Database\MySQLi\Connection->execute('SELECT *\nFROM `...')
#2 C:\xampp\htdocs\myLPU-HIMS\codeigniter\system\Database\BaseConnection.php(591): CodeIgniter\Database\BaseConnection->simpleQuery('SELECT *\nFROM `...')
#3 C:\xampp\htdocs\myLPU-HIMS\codeigniter\system\Database\BaseBuilder.php(1428): CodeIgniter\Database\BaseConnection->query('SELECT *\nFROM `...', Array, false)
#4 C:\xampp\htdocs\myLPU-HIMS\codeigniter\system\Model.php(183): CodeIgniter\Database\BaseBuilder->get()
#5 C:\xampp\htdocs\myLPU-HIMS\codeigniter\system\BaseModel.php(584): CodeIgniter\Model->doFindAll(0, 0)
#6 C:\xampp\htdocs\myLPU-HIMS\clinic\app\Controllers\Notifications.php(21): CodeIgniter\BaseModel->findAll()
#7 C:\xampp\htdocs\myLPU-HIMS\codeigniter\system\CodeIgniter.php(802): App\Controllers\Notifications->fetchAllNotifications('2016-3-1234')
#8 C:\xampp\htdocs\myLPU-HIMS\codeigniter\system\CodeIgniter.php(399): CodeIgniter\CodeIgniter->runController(Object(App\Controllers\Notifications))
#9 C:\xampp\htdocs\myLPU-HIMS\codeigniter\system\CodeIgniter.php(317): CodeIgniter\CodeIgniter->handleRequest(NULL, Object(Config\Cache), false)
#10 C:\xampp\htdocs\myLPU-HIMS\clinic\public\index.php(37): CodeIgniter\CodeIgniter->run()
#11 {main}
ERROR - 2021-10-17 15:40:21 --> Table 'mylpuhims_db.health_personnels_account' doesn't exist
CRITICAL - 2021-10-17 15:40:21 --> Table 'mylpuhims_db.health_personnels_account' doesn't exist
#0 C:\xampp\htdocs\myLPU-HIMS\codeigniter\system\Database\MySQLi\Connection.php(280): mysqli->query('SELECT *\nFROM `...')
#1 C:\xampp\htdocs\myLPU-HIMS\codeigniter\system\Database\BaseConnection.php(663): CodeIgniter\Database\MySQLi\Connection->execute('SELECT *\nFROM `...')
#2 C:\xampp\htdocs\myLPU-HIMS\codeigniter\system\Database\BaseConnection.php(591): CodeIgniter\Database\BaseConnection->simpleQuery('SELECT *\nFROM `...')
#3 C:\xampp\htdocs\myLPU-HIMS\codeigniter\system\Database\BaseBuilder.php(1428): CodeIgniter\Database\BaseConnection->query('SELECT *\nFROM `...', Array, false)
#4 C:\xampp\htdocs\myLPU-HIMS\codeigniter\system\Model.php(210): CodeIgniter\Database\BaseBuilder->get()
#5 C:\xampp\htdocs\myLPU-HIMS\codeigniter\system\BaseModel.php(622): CodeIgniter\Model->doFirst()
#6 C:\xampp\htdocs\myLPU-HIMS\clinic\app\Helpers\useraccount_helper.php(8): CodeIgniter\BaseModel->first()
#7 C:\xampp\htdocs\myLPU-HIMS\clinic\app\Controllers\Consultations.php(15): getUserFirstname()
#8 C:\xampp\htdocs\myLPU-HIMS\codeigniter\system\CodeIgniter.php(779): App\Controllers\Consultations->__construct()
#9 C:\xampp\htdocs\myLPU-HIMS\codeigniter\system\CodeIgniter.php(390): CodeIgniter\CodeIgniter->createController()
#10 C:\xampp\htdocs\myLPU-HIMS\codeigniter\system\CodeIgniter.php(317): CodeIgniter\CodeIgniter->handleRequest(NULL, Object(Config\Cache), false)
#11 C:\xampp\htdocs\myLPU-HIMS\clinic\public\index.php(37): CodeIgniter\CodeIgniter->run()
#12 {main}
ERROR - 2021-10-17 15:40:21 --> Table 'mylpuhims_db.health_personnels_account' doesn't exist
CRITICAL - 2021-10-17 15:40:21 --> Table 'mylpuhims_db.health_personnels_account' doesn't exist
#0 C:\xampp\htdocs\myLPU-HIMS\codeigniter\system\Database\MySQLi\Connection.php(280): mysqli->query('SELECT *\nFROM `...')
#1 C:\xampp\htdocs\myLPU-HIMS\codeigniter\system\Database\BaseConnection.php(663): CodeIgniter\Database\MySQLi\Connection->execute('SELECT *\nFROM `...')
#2 C:\xampp\htdocs\myLPU-HIMS\codeigniter\system\Database\BaseConnection.php(591): CodeIgniter\Database\BaseConnection->simpleQuery('SELECT *\nFROM `...')
#3 C:\xampp\htdocs\myLPU-HIMS\codeigniter\system\Database\BaseBuilder.php(1428): CodeIgniter\Database\BaseConnection->query('SELECT *\nFROM `...', Array, false)
#4 C:\xampp\htdocs\myLPU-HIMS\codeigniter\system\Model.php(210): CodeIgniter\Database\BaseBuilder->get()
#5 C:\xampp\htdocs\myLPU-HIMS\codeigniter\system\BaseModel.php(622): CodeIgniter\Model->doFirst()
#6 C:\xampp\htdocs\myLPU-HIMS\clinic\app\Helpers\useraccount_helper.php(8): CodeIgniter\BaseModel->first()
#7 C:\xampp\htdocs\myLPU-HIMS\clinic\app\Controllers\Consultations.php(15): getUserFirstname()
#8 C:\xampp\htdocs\myLPU-HIMS\codeigniter\system\CodeIgniter.php(779): App\Controllers\Consultations->__construct()
#9 C:\xampp\htdocs\myLPU-HIMS\codeigniter\system\CodeIgniter.php(390): CodeIgniter\CodeIgniter->createController()
#10 C:\xampp\htdocs\myLPU-HIMS\codeigniter\system\CodeIgniter.php(317): CodeIgniter\CodeIgniter->handleRequest(NULL, Object(Config\Cache), false)
#11 C:\xampp\htdocs\myLPU-HIMS\clinic\public\index.php(37): CodeIgniter\CodeIgniter->run()
#12 {main}
ERROR - 2021-10-17 15:40:22 --> Table 'mylpuhims_db.health_personnels_account' doesn't exist
CRITICAL - 2021-10-17 15:40:22 --> Table 'mylpuhims_db.health_personnels_account' doesn't exist
#0 C:\xampp\htdocs\myLPU-HIMS\codeigniter\system\Database\MySQLi\Connection.php(280): mysqli->query('SELECT *\nFROM `...')
#1 C:\xampp\htdocs\myLPU-HIMS\codeigniter\system\Database\BaseConnection.php(663): CodeIgniter\Database\MySQLi\Connection->execute('SELECT *\nFROM `...')
#2 C:\xampp\htdocs\myLPU-HIMS\codeigniter\system\Database\BaseConnection.php(591): CodeIgniter\Database\BaseConnection->simpleQuery('SELECT *\nFROM `...')
#3 C:\xampp\htdocs\myLPU-HIMS\codeigniter\system\Database\BaseBuilder.php(1428): CodeIgniter\Database\BaseConnection->query('SELECT *\nFROM `...', Array, false)
#4 C:\xampp\htdocs\myLPU-HIMS\codeigniter\system\Model.php(210): CodeIgniter\Database\BaseBuilder->get()
#5 C:\xampp\htdocs\myLPU-HIMS\codeigniter\system\BaseModel.php(622): CodeIgniter\Model->doFirst()
#6 C:\xampp\htdocs\myLPU-HIMS\clinic\app\Helpers\useraccount_helper.php(8): CodeIgniter\BaseModel->first()
#7 C:\xampp\htdocs\myLPU-HIMS\clinic\app\Controllers\Consultations.php(15): getUserFirstname()
#8 C:\xampp\htdocs\myLPU-HIMS\codeigniter\system\CodeIgniter.php(779): App\Controllers\Consultations->__construct()
#9 C:\xampp\htdocs\myLPU-HIMS\codeigniter\system\CodeIgniter.php(390): CodeIgniter\CodeIgniter->createController()
#10 C:\xampp\htdocs\myLPU-HIMS\codeigniter\system\CodeIgniter.php(317): CodeIgniter\CodeIgniter->handleRequest(NULL, Object(Config\Cache), false)
#11 C:\xampp\htdocs\myLPU-HIMS\clinic\public\index.php(37): CodeIgniter\CodeIgniter->run()
#12 {main}
ERROR - 2021-10-17 15:40:22 --> Table 'mylpuhims_db.health_personnels_notification' doesn't exist
CRITICAL - 2021-10-17 15:40:22 --> Table 'mylpuhims_db.health_personnels_notification' doesn't exist
#0 C:\xampp\htdocs\myLPU-HIMS\codeigniter\system\Database\MySQLi\Connection.php(280): mysqli->query('SELECT *\nFROM `...')
#1 C:\xampp\htdocs\myLPU-HIMS\codeigniter\system\Database\BaseConnection.php(663): CodeIgniter\Database\MySQLi\Connection->execute('SELECT *\nFROM `...')
#2 C:\xampp\htdocs\myLPU-HIMS\codeigniter\system\Database\BaseConnection.php(591): CodeIgniter\Database\BaseConnection->simpleQuery('SELECT *\nFROM `...')
#3 C:\xampp\htdocs\myLPU-HIMS\codeigniter\system\Database\BaseBuilder.php(1428): CodeIgniter\Database\BaseConnection->query('SELECT *\nFROM `...', Array, false)
#4 C:\xampp\htdocs\myLPU-HIMS\codeigniter\system\Model.php(183): CodeIgniter\Database\BaseBuilder->get()
#5 C:\xampp\htdocs\myLPU-HIMS\codeigniter\system\BaseModel.php(584): CodeIgniter\Model->doFindAll(0, 0)
#6 C:\xampp\htdocs\myLPU-HIMS\clinic\app\Controllers\Notifications.php(21): CodeIgniter\BaseModel->findAll()
#7 C:\xampp\htdocs\myLPU-HIMS\codeigniter\system\CodeIgniter.php(802): App\Controllers\Notifications->fetchAllNotifications('2016-3-1234')
#8 C:\xampp\htdocs\myLPU-HIMS\codeigniter\system\CodeIgniter.php(399): CodeIgniter\CodeIgniter->runController(Object(App\Controllers\Notifications))
#9 C:\xampp\htdocs\myLPU-HIMS\codeigniter\system\CodeIgniter.php(317): CodeIgniter\CodeIgniter->handleRequest(NULL, Object(Config\Cache), false)
#10 C:\xampp\htdocs\myLPU-HIMS\clinic\public\index.php(37): CodeIgniter\CodeIgniter->run()
#11 {main}
ERROR - 2021-10-17 15:40:22 --> Table 'mylpuhims_db.health_personnels_account' doesn't exist
CRITICAL - 2021-10-17 15:40:22 --> Table 'mylpuhims_db.health_personnels_account' doesn't exist
#0 C:\xampp\htdocs\myLPU-HIMS\codeigniter\system\Database\MySQLi\Connection.php(280): mysqli->query('SELECT *\nFROM `...')
#1 C:\xampp\htdocs\myLPU-HIMS\codeigniter\system\Database\BaseConnection.php(663): CodeIgniter\Database\MySQLi\Connection->execute('SELECT *\nFROM `...')
#2 C:\xampp\htdocs\myLPU-HIMS\codeigniter\system\Database\BaseConnection.php(591): CodeIgniter\Database\BaseConnection->simpleQuery('SELECT *\nFROM `...')
#3 C:\xampp\htdocs\myLPU-HIMS\codeigniter\system\Database\BaseBuilder.php(1428): CodeIgniter\Database\BaseConnection->query('SELECT *\nFROM `...', Array, false)
#4 C:\xampp\htdocs\myLPU-HIMS\codeigniter\system\Model.php(210): CodeIgniter\Database\BaseBuilder->get()
#5 C:\xampp\htdocs\myLPU-HIMS\codeigniter\system\BaseModel.php(622): CodeIgniter\Model->doFirst()
#6 C:\xampp\htdocs\myLPU-HIMS\clinic\app\Helpers\useraccount_helper.php(8): CodeIgniter\BaseModel->first()
#7 C:\xampp\htdocs\myLPU-HIMS\clinic\app\Controllers\Consultations.php(15): getUserFirstname()
#8 C:\xampp\htdocs\myLPU-HIMS\codeigniter\system\CodeIgniter.php(779): App\Controllers\Consultations->__construct()
#9 C:\xampp\htdocs\myLPU-HIMS\codeigniter\system\CodeIgniter.php(390): CodeIgniter\CodeIgniter->createController()
#10 C:\xampp\htdocs\myLPU-HIMS\codeigniter\system\CodeIgniter.php(317): CodeIgniter\CodeIgniter->handleRequest(NULL, Object(Config\Cache), false)
#11 C:\xampp\htdocs\myLPU-HIMS\clinic\public\index.php(37): CodeIgniter\CodeIgniter->run()
#12 {main}
ERROR - 2021-10-17 15:40:22 --> Table 'mylpuhims_db.health_personnels_account' doesn't exist
CRITICAL - 2021-10-17 15:40:22 --> Table 'mylpuhims_db.health_personnels_account' doesn't exist
#0 C:\xampp\htdocs\myLPU-HIMS\codeigniter\system\Database\MySQLi\Connection.php(280): mysqli->query('SELECT *\nFROM `...')
#1 C:\xampp\htdocs\myLPU-HIMS\codeigniter\system\Database\BaseConnection.php(663): CodeIgniter\Database\MySQLi\Connection->execute('SELECT *\nFROM `...')
#2 C:\xampp\htdocs\myLPU-HIMS\codeigniter\system\Database\BaseConnection.php(591): CodeIgniter\Database\BaseConnection->simpleQuery('SELECT *\nFROM `...')
#3 C:\xampp\htdocs\myLPU-HIMS\codeigniter\system\Database\BaseBuilder.php(1428): CodeIgniter\Database\BaseConnection->query('SELECT *\nFROM `...', Array, false)
#4 C:\xampp\htdocs\myLPU-HIMS\codeigniter\system\Model.php(210): CodeIgniter\Database\BaseBuilder->get()
#5 C:\xampp\htdocs\myLPU-HIMS\codeigniter\system\BaseModel.php(622): CodeIgniter\Model->doFirst()
#6 C:\xampp\htdocs\myLPU-HIMS\clinic\app\Helpers\useraccount_helper.php(8): CodeIgniter\BaseModel->first()
#7 C:\xampp\htdocs\myLPU-HIMS\clinic\app\Controllers\Consultations.php(15): getUserFirstname()
#8 C:\xampp\htdocs\myLPU-HIMS\codeigniter\system\CodeIgniter.php(779): App\Controllers\Consultations->__construct()
#9 C:\xampp\htdocs\myLPU-HIMS\codeigniter\system\CodeIgniter.php(390): CodeIgniter\CodeIgniter->createController()
#10 C:\xampp\htdocs\myLPU-HIMS\codeigniter\system\CodeIgniter.php(317): CodeIgniter\CodeIgniter->handleRequest(NULL, Object(Config\Cache), false)
#11 C:\xampp\htdocs\myLPU-HIMS\clinic\public\index.php(37): CodeIgniter\CodeIgniter->run()
#12 {main}
ERROR - 2021-10-17 15:40:22 --> Table 'mylpuhims_db.health_personnels_notification' doesn't exist
CRITICAL - 2021-10-17 15:40:22 --> Table 'mylpuhims_db.health_personnels_notification' doesn't exist
#0 C:\xampp\htdocs\myLPU-HIMS\codeigniter\system\Database\MySQLi\Connection.php(280): mysqli->query('SELECT *\nFROM `...')
#1 C:\xampp\htdocs\myLPU-HIMS\codeigniter\system\Database\BaseConnection.php(663): CodeIgniter\Database\MySQLi\Connection->execute('SELECT *\nFROM `...')
#2 C:\xampp\htdocs\myLPU-HIMS\codeigniter\system\Database\BaseConnection.php(591): CodeIgniter\Database\BaseConnection->simpleQuery('SELECT *\nFROM `...')
#3 C:\xampp\htdocs\myLPU-HIMS\codeigniter\system\Database\BaseBuilder.php(1428): CodeIgniter\Database\BaseConnection->query('SELECT *\nFROM `...', Array, false)
#4 C:\xampp\htdocs\myLPU-HIMS\codeigniter\system\Model.php(183): CodeIgniter\Database\BaseBuilder->get()
#5 C:\xampp\htdocs\myLPU-HIMS\codeigniter\system\BaseModel.php(584): CodeIgniter\Model->doFindAll(0, 0)
#6 C:\xampp\htdocs\myLPU-HIMS\clinic\app\Controllers\Notifications.php(21): CodeIgniter\BaseModel->findAll()
#7 C:\xampp\htdocs\myLPU-HIMS\codeigniter\system\CodeIgniter.php(802): App\Controllers\Notifications->fetchAllNotifications('2016-3-1234')
#8 C:\xampp\htdocs\myLPU-HIMS\codeigniter\system\CodeIgniter.php(399): CodeIgniter\CodeIgniter->runController(Object(App\Controllers\Notifications))
#9 C:\xampp\htdocs\myLPU-HIMS\codeigniter\system\CodeIgniter.php(317): CodeIgniter\CodeIgniter->handleRequest(NULL, Object(Config\Cache), false)
#10 C:\xampp\htdocs\myLPU-HIMS\clinic\public\index.php(37): CodeIgniter\CodeIgniter->run()
#11 {main}
ERROR - 2021-10-17 15:40:22 --> Table 'mylpuhims_db.health_personnels_account' doesn't exist
CRITICAL - 2021-10-17 15:40:22 --> Table 'mylpuhims_db.health_personnels_account' doesn't exist
#0 C:\xampp\htdocs\myLPU-HIMS\codeigniter\system\Database\MySQLi\Connection.php(280): mysqli->query('SELECT *\nFROM `...')
#1 C:\xampp\htdocs\myLPU-HIMS\codeigniter\system\Database\BaseConnection.php(663): CodeIgniter\Database\MySQLi\Connection->execute('SELECT *\nFROM `...')
#2 C:\xampp\htdocs\myLPU-HIMS\codeigniter\system\Database\BaseConnection.php(591): CodeIgniter\Database\BaseConnection->simpleQuery('SELECT *\nFROM `...')
#3 C:\xampp\htdocs\myLPU-HIMS\codeigniter\system\Database\BaseBuilder.php(1428): CodeIgniter\Database\BaseConnection->query('SELECT *\nFROM `...', Array, false)
#4 C:\xampp\htdocs\myLPU-HIMS\codeigniter\system\Model.php(210): CodeIgniter\Database\BaseBuilder->get()
#5 C:\xampp\htdocs\myLPU-HIMS\codeigniter\system\BaseModel.php(622): CodeIgniter\Model->doFirst()
#6 C:\xampp\htdocs\myLPU-HIMS\clinic\app\Helpers\useraccount_helper.php(8): CodeIgniter\BaseModel->first()
#7 C:\xampp\htdocs\myLPU-HIMS\clinic\app\Controllers\Consultations.php(15): getUserFirstname()
#8 C:\xampp\htdocs\myLPU-HIMS\codeigniter\system\CodeIgniter.php(779): App\Controllers\Consultations->__construct()
#9 C:\xampp\htdocs\myLPU-HIMS\codeigniter\system\CodeIgniter.php(390): CodeIgniter\CodeIgniter->createController()
#10 C:\xampp\htdocs\myLPU-HIMS\codeigniter\system\CodeIgniter.php(317): CodeIgniter\CodeIgniter->handleRequest(NULL, Object(Config\Cache), false)
#11 C:\xampp\htdocs\myLPU-HIMS\clinic\public\index.php(37): CodeIgniter\CodeIgniter->run()
#12 {main}
ERROR - 2021-10-17 15:40:22 --> Table 'mylpuhims_db.health_personnels_account' doesn't exist
CRITICAL - 2021-10-17 15:40:22 --> Table 'mylpuhims_db.health_personnels_account' doesn't exist
#0 C:\xampp\htdocs\myLPU-HIMS\codeigniter\system\Database\MySQLi\Connection.php(280): mysqli->query('SELECT *\nFROM `...')
#1 C:\xampp\htdocs\myLPU-HIMS\codeigniter\system\Database\BaseConnection.php(663): CodeIgniter\Database\MySQLi\Connection->execute('SELECT *\nFROM `...')
#2 C:\xampp\htdocs\myLPU-HIMS\codeigniter\system\Database\BaseConnection.php(591): CodeIgniter\Database\BaseConnection->simpleQuery('SELECT *\nFROM `...')
#3 C:\xampp\htdocs\myLPU-HIMS\codeigniter\system\Database\BaseBuilder.php(1428): CodeIgniter\Database\BaseConnection->query('SELECT *\nFROM `...', Array, false)
#4 C:\xampp\htdocs\myLPU-HIMS\codeigniter\system\Model.php(210): CodeIgniter\Database\BaseBuilder->get()
#5 C:\xampp\htdocs\myLPU-HIMS\codeigniter\system\BaseModel.php(622): CodeIgniter\Model->doFirst()
#6 C:\xampp\htdocs\myLPU-HIMS\clinic\app\Helpers\useraccount_helper.php(8): CodeIgniter\BaseModel->first()
#7 C:\xampp\htdocs\myLPU-HIMS\clinic\app\Controllers\Consultations.php(15): getUserFirstname()
#8 C:\xampp\htdocs\myLPU-HIMS\codeigniter\system\CodeIgniter.php(779): App\Controllers\Consultations->__construct()
#9 C:\xampp\htdocs\myLPU-HIMS\codeigniter\system\CodeIgniter.php(390): CodeIgniter\CodeIgniter->createController()
#10 C:\xampp\htdocs\myLPU-HIMS\codeigniter\system\CodeIgniter.php(317): CodeIgniter\CodeIgniter->handleRequest(NULL, Object(Config\Cache), false)
#11 C:\xampp\htdocs\myLPU-HIMS\clinic\public\index.php(37): CodeIgniter\CodeIgniter->run()
#12 {main}
ERROR - 2021-10-17 15:40:22 --> Table 'mylpuhims_db.health_personnels_notification' doesn't exist
CRITICAL - 2021-10-17 15:40:22 --> Table 'mylpuhims_db.health_personnels_notification' doesn't exist
#0 C:\xampp\htdocs\myLPU-HIMS\codeigniter\system\Database\MySQLi\Connection.php(280): mysqli->query('SELECT *\nFROM `...')
#1 C:\xampp\htdocs\myLPU-HIMS\codeigniter\system\Database\BaseConnection.php(663): CodeIgniter\Database\MySQLi\Connection->execute('SELECT *\nFROM `...')
#2 C:\xampp\htdocs\myLPU-HIMS\codeigniter\system\Database\BaseConnection.php(591): CodeIgniter\Database\BaseConnection->simpleQuery('SELECT *\nFROM `...')
#3 C:\xampp\htdocs\myLPU-HIMS\codeigniter\system\Database\BaseBuilder.php(1428): CodeIgniter\Database\BaseConnection->query('SELECT *\nFROM `...', Array, false)
#4 C:\xampp\htdocs\myLPU-HIMS\codeigniter\system\Model.php(183): CodeIgniter\Database\BaseBuilder->get()
#5 C:\xampp\htdocs\myLPU-HIMS\codeigniter\system\BaseModel.php(584): CodeIgniter\Model->doFindAll(0, 0)
#6 C:\xampp\htdocs\myLPU-HIMS\clinic\app\Controllers\Notifications.php(21): CodeIgniter\BaseModel->findAll()
#7 C:\xampp\htdocs\myLPU-HIMS\codeigniter\system\CodeIgniter.php(802): App\Controllers\Notifications->fetchAllNotifications('2016-3-1234')
#8 C:\xampp\htdocs\myLPU-HIMS\codeigniter\system\CodeIgniter.php(399): CodeIgniter\CodeIgniter->runController(Object(App\Controllers\Notifications))
#9 C:\xampp\htdocs\myLPU-HIMS\codeigniter\system\CodeIgniter.php(317): CodeIgniter\CodeIgniter->handleRequest(NULL, Object(Config\Cache), false)
#10 C:\xampp\htdocs\myLPU-HIMS\clinic\public\index.php(37): CodeIgniter\CodeIgniter->run()
#11 {main}
ERROR - 2021-10-17 15:40:22 --> Table 'mylpuhims_db.health_personnels_account' doesn't exist
CRITICAL - 2021-10-17 15:40:22 --> Table 'mylpuhims_db.health_personnels_account' doesn't exist
#0 C:\xampp\htdocs\myLPU-HIMS\codeigniter\system\Database\MySQLi\Connection.php(280): mysqli->query('SELECT *\nFROM `...')
#1 C:\xampp\htdocs\myLPU-HIMS\codeigniter\system\Database\BaseConnection.php(663): CodeIgniter\Database\MySQLi\Connection->execute('SELECT *\nFROM `...')
#2 C:\xampp\htdocs\myLPU-HIMS\codeigniter\system\Database\BaseConnection.php(591): CodeIgniter\Database\BaseConnection->simpleQuery('SELECT *\nFROM `...')
#3 C:\xampp\htdocs\myLPU-HIMS\codeigniter\system\Database\BaseBuilder.php(1428): CodeIgniter\Database\BaseConnection->query('SELECT *\nFROM `...', Array, false)
#4 C:\xampp\htdocs\myLPU-HIMS\codeigniter\system\Model.php(210): CodeIgniter\Database\BaseBuilder->get()
#5 C:\xampp\htdocs\myLPU-HIMS\codeigniter\system\BaseModel.php(622): CodeIgniter\Model->doFirst()
#6 C:\xampp\htdocs\myLPU-HIMS\clinic\app\Helpers\useraccount_helper.php(8): CodeIgniter\BaseModel->first()
#7 C:\xampp\htdocs\myLPU-HIMS\clinic\app\Controllers\Consultations.php(15): getUserFirstname()
#8 C:\xampp\htdocs\myLPU-HIMS\codeigniter\system\CodeIgniter.php(779): App\Controllers\Consultations->__construct()
#9 C:\xampp\htdocs\myLPU-HIMS\codeigniter\system\CodeIgniter.php(390): CodeIgniter\CodeIgniter->createController()
#10 C:\xampp\htdocs\myLPU-HIMS\codeigniter\system\CodeIgniter.php(317): CodeIgniter\CodeIgniter->handleRequest(NULL, Object(Config\Cache), false)
#11 C:\xampp\htdocs\myLPU-HIMS\clinic\public\index.php(37): CodeIgniter\CodeIgniter->run()
#12 {main}
ERROR - 2021-10-17 15:40:22 --> Table 'mylpuhims_db.health_personnels_account' doesn't exist
CRITICAL - 2021-10-17 15:40:22 --> Table 'mylpuhims_db.health_personnels_account' doesn't exist
#0 C:\xampp\htdocs\myLPU-HIMS\codeigniter\system\Database\MySQLi\Connection.php(280): mysqli->query('SELECT *\nFROM `...')
#1 C:\xampp\htdocs\myLPU-HIMS\codeigniter\system\Database\BaseConnection.php(663): CodeIgniter\Database\MySQLi\Connection->execute('SELECT *\nFROM `...')
#2 C:\xampp\htdocs\myLPU-HIMS\codeigniter\system\Database\BaseConnection.php(591): CodeIgniter\Database\BaseConnection->simpleQuery('SELECT *\nFROM `...')
#3 C:\xampp\htdocs\myLPU-HIMS\codeigniter\system\Database\BaseBuilder.php(1428): CodeIgniter\Database\BaseConnection->query('SELECT *\nFROM `...', Array, false)
#4 C:\xampp\htdocs\myLPU-HIMS\codeigniter\system\Model.php(210): CodeIgniter\Database\BaseBuilder->get()
#5 C:\xampp\htdocs\myLPU-HIMS\codeigniter\system\BaseModel.php(622): CodeIgniter\Model->doFirst()
#6 C:\xampp\htdocs\myLPU-HIMS\clinic\app\Helpers\useraccount_helper.php(8): CodeIgniter\BaseModel->first()
#7 C:\xampp\htdocs\myLPU-HIMS\clinic\app\Controllers\Consultations.php(15): getUserFirstname()
#8 C:\xampp\htdocs\myLPU-HIMS\codeigniter\system\CodeIgniter.php(779): App\Controllers\Consultations->__construct()
#9 C:\xampp\htdocs\myLPU-HIMS\codeigniter\system\CodeIgniter.php(390): CodeIgniter\CodeIgniter->createController()
#10 C:\xampp\htdocs\myLPU-HIMS\codeigniter\system\CodeIgniter.php(317): CodeIgniter\CodeIgniter->handleRequest(NULL, Object(Config\Cache), false)
#11 C:\xampp\htdocs\myLPU-HIMS\clinic\public\index.php(37): CodeIgniter\CodeIgniter->run()
#12 {main}
ERROR - 2021-10-17 15:40:22 --> Table 'mylpuhims_db.health_personnels_notification' doesn't exist
CRITICAL - 2021-10-17 15:40:22 --> Table 'mylpuhims_db.health_personnels_notification' doesn't exist
#0 C:\xampp\htdocs\myLPU-HIMS\codeigniter\system\Database\MySQLi\Connection.php(280): mysqli->query('SELECT *\nFROM `...')
#1 C:\xampp\htdocs\myLPU-HIMS\codeigniter\system\Database\BaseConnection.php(663): CodeIgniter\Database\MySQLi\Connection->execute('SELECT *\nFROM `...')
#2 C:\xampp\htdocs\myLPU-HIMS\codeigniter\system\Database\BaseConnection.php(591): CodeIgniter\Database\BaseConnection->simpleQuery('SELECT *\nFROM `...')
#3 C:\xampp\htdocs\myLPU-HIMS\codeigniter\system\Database\BaseBuilder.php(1428): CodeIgniter\Database\BaseConnection->query('SELECT *\nFROM `...', Array, false)
#4 C:\xampp\htdocs\myLPU-HIMS\codeigniter\system\Model.php(183): CodeIgniter\Database\BaseBuilder->get()
#5 C:\xampp\htdocs\myLPU-HIMS\codeigniter\system\BaseModel.php(584): CodeIgniter\Model->doFindAll(0, 0)
#6 C:\xampp\htdocs\myLPU-HIMS\clinic\app\Controllers\Notifications.php(21): CodeIgniter\BaseModel->findAll()
#7 C:\xampp\htdocs\myLPU-HIMS\codeigniter\system\CodeIgniter.php(802): App\Controllers\Notifications->fetchAllNotifications('2016-3-1234')
#8 C:\xampp\htdocs\myLPU-HIMS\codeigniter\system\CodeIgniter.php(399): CodeIgniter\CodeIgniter->runController(Object(App\Controllers\Notifications))
#9 C:\xampp\htdocs\myLPU-HIMS\codeigniter\system\CodeIgniter.php(317): CodeIgniter\CodeIgniter->handleRequest(NULL, Object(Config\Cache), false)
#10 C:\xampp\htdocs\myLPU-HIMS\clinic\public\index.php(37): CodeIgniter\CodeIgniter->run()
#11 {main}
ERROR - 2021-10-17 15:40:22 --> Table 'mylpuhims_db.health_personnels_account' doesn't exist
CRITICAL - 2021-10-17 15:40:22 --> Table 'mylpuhims_db.health_personnels_account' doesn't exist
#0 C:\xampp\htdocs\myLPU-HIMS\codeigniter\system\Database\MySQLi\Connection.php(280): mysqli->query('SELECT *\nFROM `...')
#1 C:\xampp\htdocs\myLPU-HIMS\codeigniter\system\Database\BaseConnection.php(663): CodeIgniter\Database\MySQLi\Connection->execute('SELECT *\nFROM `...')
#2 C:\xampp\htdocs\myLPU-HIMS\codeigniter\system\Database\BaseConnection.php(591): CodeIgniter\Database\BaseConnection->simpleQuery('SELECT *\nFROM `...')
#3 C:\xampp\htdocs\myLPU-HIMS\codeigniter\system\Database\BaseBuilder.php(1428): CodeIgniter\Database\BaseConnection->query('SELECT *\nFROM `...', Array, false)
#4 C:\xampp\htdocs\myLPU-HIMS\codeigniter\system\Model.php(210): CodeIgniter\Database\BaseBuilder->get()
#5 C:\xampp\htdocs\myLPU-HIMS\codeigniter\system\BaseModel.php(622): CodeIgniter\Model->doFirst()
#6 C:\xampp\htdocs\myLPU-HIMS\clinic\app\Helpers\useraccount_helper.php(8): CodeIgniter\BaseModel->first()
#7 C:\xampp\htdocs\myLPU-HIMS\clinic\app\Controllers\Consultations.php(15): getUserFirstname()
#8 C:\xampp\htdocs\myLPU-HIMS\codeigniter\system\CodeIgniter.php(779): App\Controllers\Consultations->__construct()
#9 C:\xampp\htdocs\myLPU-HIMS\codeigniter\system\CodeIgniter.php(390): CodeIgniter\CodeIgniter->createController()
#10 C:\xampp\htdocs\myLPU-HIMS\codeigniter\system\CodeIgniter.php(317): CodeIgniter\CodeIgniter->handleRequest(NULL, Object(Config\Cache), false)
#11 C:\xampp\htdocs\myLPU-HIMS\clinic\public\index.php(37): CodeIgniter\CodeIgniter->run()
#12 {main}
ERROR - 2021-10-17 15:40:23 --> Table 'mylpuhims_db.health_personnels_notification' doesn't exist
CRITICAL - 2021-10-17 15:40:23 --> Table 'mylpuhims_db.health_personnels_notification' doesn't exist
#0 C:\xampp\htdocs\myLPU-HIMS\codeigniter\system\Database\MySQLi\Connection.php(280): mysqli->query('SELECT *\nFROM `...')
#1 C:\xampp\htdocs\myLPU-HIMS\codeigniter\system\Database\BaseConnection.php(663): CodeIgniter\Database\MySQLi\Connection->execute('SELECT *\nFROM `...')
#2 C:\xampp\htdocs\myLPU-HIMS\codeigniter\system\Database\BaseConnection.php(591): CodeIgniter\Database\BaseConnection->simpleQuery('SELECT *\nFROM `...')
#3 C:\xampp\htdocs\myLPU-HIMS\codeigniter\system\Database\BaseBuilder.php(1428): CodeIgniter\Database\BaseConnection->query('SELECT *\nFROM `...', Array, false)
#4 C:\xampp\htdocs\myLPU-HIMS\codeigniter\system\Model.php(183): CodeIgniter\Database\BaseBuilder->get()
#5 C:\xampp\htdocs\myLPU-HIMS\codeigniter\system\BaseModel.php(584): CodeIgniter\Model->doFindAll(0, 0)
#6 C:\xampp\htdocs\myLPU-HIMS\clinic\app\Controllers\Notifications.php(21): CodeIgniter\BaseModel->findAll()
#7 C:\xampp\htdocs\myLPU-HIMS\codeigniter\system\CodeIgniter.php(802): App\Controllers\Notifications->fetchAllNotifications('2016-3-1234')
#8 C:\xampp\htdocs\myLPU-HIMS\codeigniter\system\CodeIgniter.php(399): CodeIgniter\CodeIgniter->runController(Object(App\Controllers\Notifications))
#9 C:\xampp\htdocs\myLPU-HIMS\codeigniter\system\CodeIgniter.php(317): CodeIgniter\CodeIgniter->handleRequest(NULL, Object(Config\Cache), false)
#10 C:\xampp\htdocs\myLPU-HIMS\clinic\public\index.php(37): CodeIgniter\CodeIgniter->run()
#11 {main}
ERROR - 2021-10-17 15:40:23 --> Table 'mylpuhims_db.health_personnels_account' doesn't exist
CRITICAL - 2021-10-17 15:40:23 --> Table 'mylpuhims_db.health_personnels_account' doesn't exist
#0 C:\xampp\htdocs\myLPU-HIMS\codeigniter\system\Database\MySQLi\Connection.php(280): mysqli->query('SELECT *\nFROM `...')
#1 C:\xampp\htdocs\myLPU-HIMS\codeigniter\system\Database\BaseConnection.php(663): CodeIgniter\Database\MySQLi\Connection->execute('SELECT *\nFROM `...')
#2 C:\xampp\htdocs\myLPU-HIMS\codeigniter\system\Database\BaseConnection.php(591): CodeIgniter\Database\BaseConnection->simpleQuery('SELECT *\nFROM `...')
#3 C:\xampp\htdocs\myLPU-HIMS\codeigniter\system\Database\BaseBuilder.php(1428): CodeIgniter\Database\BaseConnection->query('SELECT *\nFROM `...', Array, false)
#4 C:\xampp\htdocs\myLPU-HIMS\codeigniter\system\Model.php(210): CodeIgniter\Database\BaseBuilder->get()
#5 C:\xampp\htdocs\myLPU-HIMS\codeigniter\system\BaseModel.php(622): CodeIgniter\Model->doFirst()
#6 C:\xampp\htdocs\myLPU-HIMS\clinic\app\Helpers\useraccount_helper.php(8): CodeIgniter\BaseModel->first()
#7 C:\xampp\htdocs\myLPU-HIMS\clinic\app\Controllers\Consultations.php(15): getUserFirstname()
#8 C:\xampp\htdocs\myLPU-HIMS\codeigniter\system\CodeIgniter.php(779): App\Controllers\Consultations->__construct()
#9 C:\xampp\htdocs\myLPU-HIMS\codeigniter\system\CodeIgniter.php(390): CodeIgniter\CodeIgniter->createController()
#10 C:\xampp\htdocs\myLPU-HIMS\codeigniter\system\CodeIgniter.php(317): CodeIgniter\CodeIgniter->handleRequest(NULL, Object(Config\Cache), false)
#11 C:\xampp\htdocs\myLPU-HIMS\clinic\public\index.php(37): CodeIgniter\CodeIgniter->run()
#12 {main}
ERROR - 2021-10-17 15:40:23 --> Table 'mylpuhims_db.health_personnels_account' doesn't exist
CRITICAL - 2021-10-17 15:40:23 --> Table 'mylpuhims_db.health_personnels_account' doesn't exist
#0 C:\xampp\htdocs\myLPU-HIMS\codeigniter\system\Database\MySQLi\Connection.php(280): mysqli->query('SELECT *\nFROM `...')
#1 C:\xampp\htdocs\myLPU-HIMS\codeigniter\system\Database\BaseConnection.php(663): CodeIgniter\Database\MySQLi\Connection->execute('SELECT *\nFROM `...')
#2 C:\xampp\htdocs\myLPU-HIMS\codeigniter\system\Database\BaseConnection.php(591): CodeIgniter\Database\BaseConnection->simpleQuery('SELECT *\nFROM `...')
#3 C:\xampp\htdocs\myLPU-HIMS\codeigniter\system\Database\BaseBuilder.php(1428): CodeIgniter\Database\BaseConnection->query('SELECT *\nFROM `...', Array, false)
#4 C:\xampp\htdocs\myLPU-HIMS\codeigniter\system\Model.php(210): CodeIgniter\Database\BaseBuilder->get()
#5 C:\xampp\htdocs\myLPU-HIMS\codeigniter\system\BaseModel.php(622): CodeIgniter\Model->doFirst()
#6 C:\xampp\htdocs\myLPU-HIMS\clinic\app\Helpers\useraccount_helper.php(8): CodeIgniter\BaseModel->first()
#7 C:\xampp\htdocs\myLPU-HIMS\clinic\app\Controllers\Consultations.php(15): getUserFirstname()
#8 C:\xampp\htdocs\myLPU-HIMS\codeigniter\system\CodeIgniter.php(779): App\Controllers\Consultations->__construct()
#9 C:\xampp\htdocs\myLPU-HIMS\codeigniter\system\CodeIgniter.php(390): CodeIgniter\CodeIgniter->createController()
#10 C:\xampp\htdocs\myLPU-HIMS\codeigniter\system\CodeIgniter.php(317): CodeIgniter\CodeIgniter->handleRequest(NULL, Object(Config\Cache), false)
#11 C:\xampp\htdocs\myLPU-HIMS\clinic\public\index.php(37): CodeIgniter\CodeIgniter->run()
#12 {main}
ERROR - 2021-10-17 15:40:23 --> Table 'mylpuhims_db.health_personnels_account' doesn't exist
CRITICAL - 2021-10-17 15:40:23 --> Table 'mylpuhims_db.health_personnels_account' doesn't exist
#0 C:\xampp\htdocs\myLPU-HIMS\codeigniter\system\Database\MySQLi\Connection.php(280): mysqli->query('SELECT *\nFROM `...')
#1 C:\xampp\htdocs\myLPU-HIMS\codeigniter\system\Database\BaseConnection.php(663): CodeIgniter\Database\MySQLi\Connection->execute('SELECT *\nFROM `...')
#2 C:\xampp\htdocs\myLPU-HIMS\codeigniter\system\Database\BaseConnection.php(591): CodeIgniter\Database\BaseConnection->simpleQuery('SELECT *\nFROM `...')
#3 C:\xampp\htdocs\myLPU-HIMS\codeigniter\system\Database\BaseBuilder.php(1428): CodeIgniter\Database\BaseConnection->query('SELECT *\nFROM `...', Array, false)
#4 C:\xampp\htdocs\myLPU-HIMS\codeigniter\system\Model.php(210): CodeIgniter\Database\BaseBuilder->get()
#5 C:\xampp\htdocs\myLPU-HIMS\codeigniter\system\BaseModel.php(622): CodeIgniter\Model->doFirst()
#6 C:\xampp\htdocs\myLPU-HIMS\clinic\app\Filters\LoggedIn.php(15): CodeIgniter\BaseModel->first()
#7 C:\xampp\htdocs\myLPU-HIMS\codeigniter\system\Filters\Filters.php(169): App\Filters\LoggedIn->before(Object(CodeIgniter\HTTP\IncomingRequest), NULL)
#8 C:\xampp\htdocs\myLPU-HIMS\codeigniter\system\CodeIgniter.php(374): CodeIgniter\Filters\Filters->run('consultations', 'before')
#9 C:\xampp\htdocs\myLPU-HIMS\codeigniter\system\CodeIgniter.php(317): CodeIgniter\CodeIgniter->handleRequest(NULL, Object(Config\Cache), false)
#10 C:\xampp\htdocs\myLPU-HIMS\clinic\public\index.php(37): CodeIgniter\CodeIgniter->run()
#11 {main}
ERROR - 2021-10-17 15:40:23 --> Table 'mylpuhims_db.health_personnels_notification' doesn't exist
CRITICAL - 2021-10-17 15:40:23 --> Table 'mylpuhims_db.health_personnels_notification' doesn't exist
#0 C:\xampp\htdocs\myLPU-HIMS\codeigniter\system\Database\MySQLi\Connection.php(280): mysqli->query('SELECT *\nFROM `...')
#1 C:\xampp\htdocs\myLPU-HIMS\codeigniter\system\Database\BaseConnection.php(663): CodeIgniter\Database\MySQLi\Connection->execute('SELECT *\nFROM `...')
#2 C:\xampp\htdocs\myLPU-HIMS\codeigniter\system\Database\BaseConnection.php(591): CodeIgniter\Database\BaseConnection->simpleQuery('SELECT *\nFROM `...')
#3 C:\xampp\htdocs\myLPU-HIMS\codeigniter\system\Database\BaseBuilder.php(1428): CodeIgniter\Database\BaseConnection->query('SELECT *\nFROM `...', Array, false)
#4 C:\xampp\htdocs\myLPU-HIMS\codeigniter\system\Model.php(183): CodeIgniter\Database\BaseBuilder->get()
#5 C:\xampp\htdocs\myLPU-HIMS\codeigniter\system\BaseModel.php(584): CodeIgniter\Model->doFindAll(0, 0)
#6 C:\xampp\htdocs\myLPU-HIMS\clinic\app\Controllers\Notifications.php(21): CodeIgniter\BaseModel->findAll()
#7 C:\xampp\htdocs\myLPU-HIMS\codeigniter\system\CodeIgniter.php(802): App\Controllers\Notifications->fetchAllNotifications('2016-3-1234')
#8 C:\xampp\htdocs\myLPU-HIMS\codeigniter\system\CodeIgniter.php(399): CodeIgniter\CodeIgniter->runController(Object(App\Controllers\Notifications))
#9 C:\xampp\htdocs\myLPU-HIMS\codeigniter\system\CodeIgniter.php(317): CodeIgniter\CodeIgniter->handleRequest(NULL, Object(Config\Cache), false)
#10 C:\xampp\htdocs\myLPU-HIMS\clinic\public\index.php(37): CodeIgniter\CodeIgniter->run()
#11 {main}
ERROR - 2021-10-17 15:40:23 --> Table 'mylpuhims_db.health_personnels_account' doesn't exist
CRITICAL - 2021-10-17 15:40:23 --> Table 'mylpuhims_db.health_personnels_account' doesn't exist
#0 C:\xampp\htdocs\myLPU-HIMS\codeigniter\system\Database\MySQLi\Connection.php(280): mysqli->query('SELECT *\nFROM `...')
#1 C:\xampp\htdocs\myLPU-HIMS\codeigniter\system\Database\BaseConnection.php(663): CodeIgniter\Database\MySQLi\Connection->execute('SELECT *\nFROM `...')
#2 C:\xampp\htdocs\myLPU-HIMS\codeigniter\system\Database\BaseConnection.php(591): CodeIgniter\Database\BaseConnection->simpleQuery('SELECT *\nFROM `...')
#3 C:\xampp\htdocs\myLPU-HIMS\codeigniter\system\Database\BaseBuilder.php(1428): CodeIgniter\Database\BaseConnection->query('SELECT *\nFROM `...', Array, false)
#4 C:\xampp\htdocs\myLPU-HIMS\codeigniter\system\Model.php(210): CodeIgniter\Database\BaseBuilder->get()
#5 C:\xampp\htdocs\myLPU-HIMS\codeigniter\system\BaseModel.php(622): CodeIgniter\Model->doFirst()
#6 C:\xampp\htdocs\myLPU-HIMS\clinic\app\Helpers\useraccount_helper.php(8): CodeIgniter\BaseModel->first()
#7 C:\xampp\htdocs\myLPU-HIMS\clinic\app\Controllers\Consultations.php(15): getUserFirstname()
#8 C:\xampp\htdocs\myLPU-HIMS\codeigniter\system\CodeIgniter.php(779): App\Controllers\Consultations->__construct()
#9 C:\xampp\htdocs\myLPU-HIMS\codeigniter\system\CodeIgniter.php(390): CodeIgniter\CodeIgniter->createController()
#10 C:\xampp\htdocs\myLPU-HIMS\codeigniter\system\CodeIgniter.php(317): CodeIgniter\CodeIgniter->handleRequest(NULL, Object(Config\Cache), false)
#11 C:\xampp\htdocs\myLPU-HIMS\clinic\public\index.php(37): CodeIgniter\CodeIgniter->run()
#12 {main}
ERROR - 2021-10-17 15:40:23 --> Table 'mylpuhims_db.health_personnels_account' doesn't exist
CRITICAL - 2021-10-17 15:40:23 --> Table 'mylpuhims_db.health_personnels_account' doesn't exist
#0 C:\xampp\htdocs\myLPU-HIMS\codeigniter\system\Database\MySQLi\Connection.php(280): mysqli->query('SELECT *\nFROM `...')
#1 C:\xampp\htdocs\myLPU-HIMS\codeigniter\system\Database\BaseConnection.php(663): CodeIgniter\Database\MySQLi\Connection->execute('SELECT *\nFROM `...')
#2 C:\xampp\htdocs\myLPU-HIMS\codeigniter\system\Database\BaseConnection.php(591): CodeIgniter\Database\BaseConnection->simpleQuery('SELECT *\nFROM `...')
#3 C:\xampp\htdocs\myLPU-HIMS\codeigniter\system\Database\BaseBuilder.php(1428): CodeIgniter\Database\BaseConnection->query('SELECT *\nFROM `...', Array, false)
#4 C:\xampp\htdocs\myLPU-HIMS\codeigniter\system\Model.php(210): CodeIgniter\Database\BaseBuilder->get()
#5 C:\xampp\htdocs\myLPU-HIMS\codeigniter\system\BaseModel.php(622): CodeIgniter\Model->doFirst()
#6 C:\xampp\htdocs\myLPU-HIMS\clinic\app\Helpers\useraccount_helper.php(8): CodeIgniter\BaseModel->first()
#7 C:\xampp\htdocs\myLPU-HIMS\clinic\app\Controllers\Consultations.php(15): getUserFirstname()
#8 C:\xampp\htdocs\myLPU-HIMS\codeigniter\system\CodeIgniter.php(779): App\Controllers\Consultations->__construct()
#9 C:\xampp\htdocs\myLPU-HIMS\codeigniter\system\CodeIgniter.php(390): CodeIgniter\CodeIgniter->createController()
#10 C:\xampp\htdocs\myLPU-HIMS\codeigniter\system\CodeIgniter.php(317): CodeIgniter\CodeIgniter->handleRequest(NULL, Object(Config\Cache), false)
#11 C:\xampp\htdocs\myLPU-HIMS\clinic\public\index.php(37): CodeIgniter\CodeIgniter->run()
#12 {main}
ERROR - 2021-10-17 15:45:25 --> Table 'mylpuhims_db.health_personnels_notification' doesn't exist
CRITICAL - 2021-10-17 15:45:25 --> Table 'mylpuhims_db.health_personnels_notification' doesn't exist
#0 C:\xampp\htdocs\myLPU-HIMS\codeigniter\system\Database\MySQLi\Connection.php(280): mysqli->query('SELECT *\nFROM `...')
#1 C:\xampp\htdocs\myLPU-HIMS\codeigniter\system\Database\BaseConnection.php(663): CodeIgniter\Database\MySQLi\Connection->execute('SELECT *\nFROM `...')
#2 C:\xampp\htdocs\myLPU-HIMS\codeigniter\system\Database\BaseConnection.php(591): CodeIgniter\Database\BaseConnection->simpleQuery('SELECT *\nFROM `...')
#3 C:\xampp\htdocs\myLPU-HIMS\codeigniter\system\Database\BaseBuilder.php(1428): CodeIgniter\Database\BaseConnection->query('SELECT *\nFROM `...', Array, false)
#4 C:\xampp\htdocs\myLPU-HIMS\codeigniter\system\Model.php(183): CodeIgniter\Database\BaseBuilder->get()
#5 C:\xampp\htdocs\myLPU-HIMS\codeigniter\system\BaseModel.php(584): CodeIgniter\Model->doFindAll(0, 0)
#6 C:\xampp\htdocs\myLPU-HIMS\clinic\app\Controllers\Notifications.php(21): CodeIgniter\BaseModel->findAll()
#7 C:\xampp\htdocs\myLPU-HIMS\codeigniter\system\CodeIgniter.php(802): App\Controllers\Notifications->fetchAllNotifications('2016-3-1234')
#8 C:\xampp\htdocs\myLPU-HIMS\codeigniter\system\CodeIgniter.php(399): CodeIgniter\CodeIgniter->runController(Object(App\Controllers\Notifications))
#9 C:\xampp\htdocs\myLPU-HIMS\codeigniter\system\CodeIgniter.php(317): CodeIgniter\CodeIgniter->handleRequest(NULL, Object(Config\Cache), false)
#10 C:\xampp\htdocs\myLPU-HIMS\clinic\public\index.php(37): CodeIgniter\CodeIgniter->run()
#11 {main}
ERROR - 2021-10-17 15:45:26 --> Table 'mylpuhims_db.health_personnels_notification' doesn't exist
CRITICAL - 2021-10-17 15:45:26 --> Table 'mylpuhims_db.health_personnels_notification' doesn't exist
#0 C:\xampp\htdocs\myLPU-HIMS\codeigniter\system\Database\MySQLi\Connection.php(280): mysqli->query('SELECT *\nFROM `...')
#1 C:\xampp\htdocs\myLPU-HIMS\codeigniter\system\Database\BaseConnection.php(663): CodeIgniter\Database\MySQLi\Connection->execute('SELECT *\nFROM `...')
#2 C:\xampp\htdocs\myLPU-HIMS\codeigniter\system\Database\BaseConnection.php(591): CodeIgniter\Database\BaseConnection->simpleQuery('SELECT *\nFROM `...')
#3 C:\xampp\htdocs\myLPU-HIMS\codeigniter\system\Database\BaseBuilder.php(1428): CodeIgniter\Database\BaseConnection->query('SELECT *\nFROM `...', Array, false)
#4 C:\xampp\htdocs\myLPU-HIMS\codeigniter\system\Model.php(183): CodeIgniter\Database\BaseBuilder->get()
#5 C:\xampp\htdocs\myLPU-HIMS\codeigniter\system\BaseModel.php(584): CodeIgniter\Model->doFindAll(0, 0)
#6 C:\xampp\htdocs\myLPU-HIMS\clinic\app\Controllers\Notifications.php(21): CodeIgniter\BaseModel->findAll()
#7 C:\xampp\htdocs\myLPU-HIMS\codeigniter\system\CodeIgniter.php(802): App\Controllers\Notifications->fetchAllNotifications('2016-3-1234')
#8 C:\xampp\htdocs\myLPU-HIMS\codeigniter\system\CodeIgniter.php(399): CodeIgniter\CodeIgniter->runController(Object(App\Controllers\Notifications))
#9 C:\xampp\htdocs\myLPU-HIMS\codeigniter\system\CodeIgniter.php(317): CodeIgniter\CodeIgniter->handleRequest(NULL, Object(Config\Cache), false)
#10 C:\xampp\htdocs\myLPU-HIMS\clinic\public\index.php(37): CodeIgniter\CodeIgniter->run()
#11 {main}
CRITICAL - 2021-10-17 15:45:26 --> Trying to access array offset on value of type null
#0 C:\xampp\htdocs\myLPU-HIMS\clinic\app\Helpers\useraccount_helper.php(9): CodeIgniter\Debug\Exceptions->errorHandler(2, 'Trying to acces...', 'C:\\xampp\\htdocs...', 9)
#1 C:\xampp\htdocs\myLPU-HIMS\clinic\app\Controllers\Consultations.php(15): getUserFirstname()
#2 C:\xampp\htdocs\myLPU-HIMS\codeigniter\system\CodeIgniter.php(779): App\Controllers\Consultations->__construct()
#3 C:\xampp\htdocs\myLPU-HIMS\codeigniter\system\CodeIgniter.php(390): CodeIgniter\CodeIgniter->createController()
#4 C:\xampp\htdocs\myLPU-HIMS\codeigniter\system\CodeIgniter.php(317): CodeIgniter\CodeIgniter->handleRequest(NULL, Object(Config\Cache), false)
#5 C:\xampp\htdocs\myLPU-HIMS\clinic\public\index.php(37): CodeIgniter\CodeIgniter->run()
#6 {main}
CRITICAL - 2021-10-17 15:45:27 --> Trying to access array offset on value of type null
#0 C:\xampp\htdocs\myLPU-HIMS\clinic\app\Helpers\useraccount_helper.php(9): CodeIgniter\Debug\Exceptions->errorHandler(2, 'Trying to acces...', 'C:\\xampp\\htdocs...', 9)
#1 C:\xampp\htdocs\myLPU-HIMS\clinic\app\Controllers\Consultations.php(15): getUserFirstname()
#2 C:\xampp\htdocs\myLPU-HIMS\codeigniter\system\CodeIgniter.php(779): App\Controllers\Consultations->__construct()
#3 C:\xampp\htdocs\myLPU-HIMS\codeigniter\system\CodeIgniter.php(390): CodeIgniter\CodeIgniter->createController()
#4 C:\xampp\htdocs\myLPU-HIMS\codeigniter\system\CodeIgniter.php(317): CodeIgniter\CodeIgniter->handleRequest(NULL, Object(Config\Cache), false)
#5 C:\xampp\htdocs\myLPU-HIMS\clinic\public\index.php(37): CodeIgniter\CodeIgniter->run()
#6 {main}
CRITICAL - 2021-10-17 15:45:27 --> Trying to access array offset on value of type null
#0 C:\xampp\htdocs\myLPU-HIMS\clinic\app\Helpers\useraccount_helper.php(9): CodeIgniter\Debug\Exceptions->errorHandler(2, 'Trying to acces...', 'C:\\xampp\\htdocs...', 9)
#1 C:\xampp\htdocs\myLPU-HIMS\clinic\app\Controllers\Consultations.php(15): getUserFirstname()
#2 C:\xampp\htdocs\myLPU-HIMS\codeigniter\system\CodeIgniter.php(779): App\Controllers\Consultations->__construct()
#3 C:\xampp\htdocs\myLPU-HIMS\codeigniter\system\CodeIgniter.php(390): CodeIgniter\CodeIgniter->createController()
#4 C:\xampp\htdocs\myLPU-HIMS\codeigniter\system\CodeIgniter.php(317): CodeIgniter\CodeIgniter->handleRequest(NULL, Object(Config\Cache), false)
#5 C:\xampp\htdocs\myLPU-HIMS\clinic\public\index.php(37): CodeIgniter\CodeIgniter->run()
#6 {main}
CRITICAL - 2021-10-17 15:45:27 --> Trying to access array offset on value of type null
#0 C:\xampp\htdocs\myLPU-HIMS\clinic\app\Helpers\useraccount_helper.php(9): CodeIgniter\Debug\Exceptions->errorHandler(2, 'Trying to acces...', 'C:\\xampp\\htdocs...', 9)
#1 C:\xampp\htdocs\myLPU-HIMS\clinic\app\Controllers\Consultations.php(15): getUserFirstname()
#2 C:\xampp\htdocs\myLPU-HIMS\codeigniter\system\CodeIgniter.php(779): App\Controllers\Consultations->__construct()
#3 C:\xampp\htdocs\myLPU-HIMS\codeigniter\system\CodeIgniter.php(390): CodeIgniter\CodeIgniter->createController()
#4 C:\xampp\htdocs\myLPU-HIMS\codeigniter\system\CodeIgniter.php(317): CodeIgniter\CodeIgniter->handleRequest(NULL, Object(Config\Cache), false)
#5 C:\xampp\htdocs\myLPU-HIMS\clinic\public\index.php(37): CodeIgniter\CodeIgniter->run()
#6 {main}
CRITICAL - 2021-10-17 15:45:29 --> Trying to access array offset on value of type null
#0 C:\xampp\htdocs\myLPU-HIMS\clinic\app\Helpers\useraccount_helper.php(9): CodeIgniter\Debug\Exceptions->errorHandler(2, 'Trying to acces...', 'C:\\xampp\\htdocs...', 9)
#1 C:\xampp\htdocs\myLPU-HIMS\clinic\app\Controllers\Consultations.php(15): getUserFirstname()
#2 C:\xampp\htdocs\myLPU-HIMS\codeigniter\system\CodeIgniter.php(779): App\Controllers\Consultations->__construct()
#3 C:\xampp\htdocs\myLPU-HIMS\codeigniter\system\CodeIgniter.php(390): CodeIgniter\CodeIgniter->createController()
#4 C:\xampp\htdocs\myLPU-HIMS\codeigniter\system\CodeIgniter.php(317): CodeIgniter\CodeIgniter->handleRequest(NULL, Object(Config\Cache), false)
#5 C:\xampp\htdocs\myLPU-HIMS\clinic\public\index.php(37): CodeIgniter\CodeIgniter->run()
#6 {main}
CRITICAL - 2021-10-17 19:10:40 --> Trying to access array offset on value of type null
#0 C:\xampp\htdocs\myLPU-HIMS\clinic\app\Helpers\useraccount_helper.php(9): CodeIgniter\Debug\Exceptions->errorHandler(2, 'Trying to acces...', 'C:\\xampp\\htdocs...', 9)
#1 C:\xampp\htdocs\myLPU-HIMS\clinic\app\Controllers\Consultations.php(15): getUserFirstname()
#2 C:\xampp\htdocs\myLPU-HIMS\codeigniter\system\CodeIgniter.php(779): App\Controllers\Consultations->__construct()
#3 C:\xampp\htdocs\myLPU-HIMS\codeigniter\system\CodeIgniter.php(390): CodeIgniter\CodeIgniter->createController()
#4 C:\xampp\htdocs\myLPU-HIMS\codeigniter\system\CodeIgniter.php(317): CodeIgniter\CodeIgniter->handleRequest(NULL, Object(Config\Cache), false)
#5 C:\xampp\htdocs\myLPU-HIMS\clinic\public\index.php(37): CodeIgniter\CodeIgniter->run()
#6 {main}
CRITICAL - 2021-10-17 19:10:40 --> Trying to access array offset on value of type null
#0 C:\xampp\htdocs\myLPU-HIMS\clinic\app\Helpers\useraccount_helper.php(9): CodeIgniter\Debug\Exceptions->errorHandler(2, 'Trying to acces...', 'C:\\xampp\\htdocs...', 9)
#1 C:\xampp\htdocs\myLPU-HIMS\clinic\app\Controllers\Consultations.php(15): getUserFirstname()
#2 C:\xampp\htdocs\myLPU-HIMS\codeigniter\system\CodeIgniter.php(779): App\Controllers\Consultations->__construct()
#3 C:\xampp\htdocs\myLPU-HIMS\codeigniter\system\CodeIgniter.php(390): CodeIgniter\CodeIgniter->createController()
#4 C:\xampp\htdocs\myLPU-HIMS\codeigniter\system\CodeIgniter.php(317): CodeIgniter\CodeIgniter->handleRequest(NULL, Object(Config\Cache), false)
#5 C:\xampp\htdocs\myLPU-HIMS\clinic\public\index.php(37): CodeIgniter\CodeIgniter->run()
#6 {main}
CRITICAL - 2021-10-17 19:11:27 --> Trying to access array offset on value of type null
#0 C:\xampp\htdocs\myLPU-HIMS\clinic\app\Helpers\useraccount_helper.php(9): CodeIgniter\Debug\Exceptions->errorHandler(2, 'Trying to acces...', 'C:\\xampp\\htdocs...', 9)
#1 C:\xampp\htdocs\myLPU-HIMS\clinic\app\Controllers\Consultations.php(15): getUserFirstname()
#2 C:\xampp\htdocs\myLPU-HIMS\codeigniter\system\CodeIgniter.php(779): App\Controllers\Consultations->__construct()
#3 C:\xampp\htdocs\myLPU-HIMS\codeigniter\system\CodeIgniter.php(390): CodeIgniter\CodeIgniter->createController()
#4 C:\xampp\htdocs\myLPU-HIMS\codeigniter\system\CodeIgniter.php(317): CodeIgniter\CodeIgniter->handleRequest(NULL, Object(Config\Cache), false)
#5 C:\xampp\htdocs\myLPU-HIMS\clinic\public\index.php(37): CodeIgniter\CodeIgniter->run()
#6 {main}
CRITICAL - 2021-10-17 19:11:27 --> Trying to access array offset on value of type null
#0 C:\xampp\htdocs\myLPU-HIMS\clinic\app\Helpers\useraccount_helper.php(9): CodeIgniter\Debug\Exceptions->errorHandler(2, 'Trying to acces...', 'C:\\xampp\\htdocs...', 9)
#1 C:\xampp\htdocs\myLPU-HIMS\clinic\app\Controllers\Consultations.php(15): getUserFirstname()
#2 C:\xampp\htdocs\myLPU-HIMS\codeigniter\system\CodeIgniter.php(779): App\Controllers\Consultations->__construct()
#3 C:\xampp\htdocs\myLPU-HIMS\codeigniter\system\CodeIgniter.php(390): CodeIgniter\CodeIgniter->createController()
#4 C:\xampp\htdocs\myLPU-HIMS\codeigniter\system\CodeIgniter.php(317): CodeIgniter\CodeIgniter->handleRequest(NULL, Object(Config\Cache), false)
#5 C:\xampp\htdocs\myLPU-HIMS\clinic\public\index.php(37): CodeIgniter\CodeIgniter->run()
#6 {main}
CRITICAL - 2021-10-17 19:12:27 --> Trying to access array offset on value of type null
#0 C:\xampp\htdocs\myLPU-HIMS\clinic\app\Helpers\useraccount_helper.php(9): CodeIgniter\Debug\Exceptions->errorHandler(2, 'Trying to acces...', 'C:\\xampp\\htdocs...', 9)
#1 C:\xampp\htdocs\myLPU-HIMS\clinic\app\Controllers\Consultations.php(15): getUserFirstname()
#2 C:\xampp\htdocs\myLPU-HIMS\codeigniter\system\CodeIgniter.php(779): App\Controllers\Consultations->__construct()
#3 C:\xampp\htdocs\myLPU-HIMS\codeigniter\system\CodeIgniter.php(390): CodeIgniter\CodeIgniter->createController()
#4 C:\xampp\htdocs\myLPU-HIMS\codeigniter\system\CodeIgniter.php(317): CodeIgniter\CodeIgniter->handleRequest(NULL, Object(Config\Cache), false)
#5 C:\xampp\htdocs\myLPU-HIMS\clinic\public\index.php(37): CodeIgniter\CodeIgniter->run()
#6 {main}
CRITICAL - 2021-10-17 19:12:27 --> Trying to access array offset on value of type null
#0 C:\xampp\htdocs\myLPU-HIMS\clinic\app\Helpers\useraccount_helper.php(9): CodeIgniter\Debug\Exceptions->errorHandler(2, 'Trying to acces...', 'C:\\xampp\\htdocs...', 9)
#1 C:\xampp\htdocs\myLPU-HIMS\clinic\app\Controllers\Consultations.php(15): getUserFirstname()
#2 C:\xampp\htdocs\myLPU-HIMS\codeigniter\system\CodeIgniter.php(779): App\Controllers\Consultations->__construct()
#3 C:\xampp\htdocs\myLPU-HIMS\codeigniter\system\CodeIgniter.php(390): CodeIgniter\CodeIgniter->createController()
#4 C:\xampp\htdocs\myLPU-HIMS\codeigniter\system\CodeIgniter.php(317): CodeIgniter\CodeIgniter->handleRequest(NULL, Object(Config\Cache), false)
#5 C:\xampp\htdocs\myLPU-HIMS\clinic\public\index.php(37): CodeIgniter\CodeIgniter->run()
#6 {main}
CRITICAL - 2021-10-17 19:13:27 --> Trying to access array offset on value of type null
#0 C:\xampp\htdocs\myLPU-HIMS\clinic\app\Helpers\useraccount_helper.php(9): CodeIgniter\Debug\Exceptions->errorHandler(2, 'Trying to acces...', 'C:\\xampp\\htdocs...', 9)
#1 C:\xampp\htdocs\myLPU-HIMS\clinic\app\Controllers\Consultations.php(15): getUserFirstname()
#2 C:\xampp\htdocs\myLPU-HIMS\codeigniter\system\CodeIgniter.php(779): App\Controllers\Consultations->__construct()
#3 C:\xampp\htdocs\myLPU-HIMS\codeigniter\system\CodeIgniter.php(390): CodeIgniter\CodeIgniter->createController()
#4 C:\xampp\htdocs\myLPU-HIMS\codeigniter\system\CodeIgniter.php(317): CodeIgniter\CodeIgniter->handleRequest(NULL, Object(Config\Cache), false)
#5 C:\xampp\htdocs\myLPU-HIMS\clinic\public\index.php(37): CodeIgniter\CodeIgniter->run()
#6 {main}
CRITICAL - 2021-10-17 19:13:27 --> Trying to access array offset on value of type null
#0 C:\xampp\htdocs\myLPU-HIMS\clinic\app\Helpers\useraccount_helper.php(9): CodeIgniter\Debug\Exceptions->errorHandler(2, 'Trying to acces...', 'C:\\xampp\\htdocs...', 9)
#1 C:\xampp\htdocs\myLPU-HIMS\clinic\app\Controllers\Consultations.php(15): getUserFirstname()
#2 C:\xampp\htdocs\myLPU-HIMS\codeigniter\system\CodeIgniter.php(779): App\Controllers\Consultations->__construct()
#3 C:\xampp\htdocs\myLPU-HIMS\codeigniter\system\CodeIgniter.php(390): CodeIgniter\CodeIgniter->createController()
#4 C:\xampp\htdocs\myLPU-HIMS\codeigniter\system\CodeIgniter.php(317): CodeIgniter\CodeIgniter->handleRequest(NULL, Object(Config\Cache), false)
#5 C:\xampp\htdocs\myLPU-HIMS\clinic\public\index.php(37): CodeIgniter\CodeIgniter->run()
#6 {main}
CRITICAL - 2021-10-17 19:14:27 --> Trying to access array offset on value of type null
#0 C:\xampp\htdocs\myLPU-HIMS\clinic\app\Helpers\useraccount_helper.php(9): CodeIgniter\Debug\Exceptions->errorHandler(2, 'Trying to acces...', 'C:\\xampp\\htdocs...', 9)
#1 C:\xampp\htdocs\myLPU-HIMS\clinic\app\Controllers\Consultations.php(15): getUserFirstname()
#2 C:\xampp\htdocs\myLPU-HIMS\codeigniter\system\CodeIgniter.php(779): App\Controllers\Consultations->__construct()
#3 C:\xampp\htdocs\myLPU-HIMS\codeigniter\system\CodeIgniter.php(390): CodeIgniter\CodeIgniter->createController()
#4 C:\xampp\htdocs\myLPU-HIMS\codeigniter\system\CodeIgniter.php(317): CodeIgniter\CodeIgniter->handleRequest(NULL, Object(Config\Cache), false)
#5 C:\xampp\htdocs\myLPU-HIMS\clinic\public\index.php(37): CodeIgniter\CodeIgniter->run()
#6 {main}
CRITICAL - 2021-10-17 19:14:27 --> Trying to access array offset on value of type null
#0 C:\xampp\htdocs\myLPU-HIMS\clinic\app\Helpers\useraccount_helper.php(9): CodeIgniter\Debug\Exceptions->errorHandler(2, 'Trying to acces...', 'C:\\xampp\\htdocs...', 9)
#1 C:\xampp\htdocs\myLPU-HIMS\clinic\app\Controllers\Consultations.php(15): getUserFirstname()
#2 C:\xampp\htdocs\myLPU-HIMS\codeigniter\system\CodeIgniter.php(779): App\Controllers\Consultations->__construct()
#3 C:\xampp\htdocs\myLPU-HIMS\codeigniter\system\CodeIgniter.php(390): CodeIgniter\CodeIgniter->createController()
#4 C:\xampp\htdocs\myLPU-HIMS\codeigniter\system\CodeIgniter.php(317): CodeIgniter\CodeIgniter->handleRequest(NULL, Object(Config\Cache), false)
#5 C:\xampp\htdocs\myLPU-HIMS\clinic\public\index.php(37): CodeIgniter\CodeIgniter->run()
#6 {main}
CRITICAL - 2021-10-17 19:15:27 --> Trying to access array offset on value of type null
#0 C:\xampp\htdocs\myLPU-HIMS\clinic\app\Helpers\useraccount_helper.php(9): CodeIgniter\Debug\Exceptions->errorHandler(2, 'Trying to acces...', 'C:\\xampp\\htdocs...', 9)
#1 C:\xampp\htdocs\myLPU-HIMS\clinic\app\Controllers\Consultations.php(15): getUserFirstname()
#2 C:\xampp\htdocs\myLPU-HIMS\codeigniter\system\CodeIgniter.php(779): App\Controllers\Consultations->__construct()
#3 C:\xampp\htdocs\myLPU-HIMS\codeigniter\system\CodeIgniter.php(390): CodeIgniter\CodeIgniter->createController()
#4 C:\xampp\htdocs\myLPU-HIMS\codeigniter\system\CodeIgniter.php(317): CodeIgniter\CodeIgniter->handleRequest(NULL, Object(Config\Cache), false)
#5 C:\xampp\htdocs\myLPU-HIMS\clinic\public\index.php(37): CodeIgniter\CodeIgniter->run()
#6 {main}
CRITICAL - 2021-10-17 19:15:27 --> Trying to access array offset on value of type null
#0 C:\xampp\htdocs\myLPU-HIMS\clinic\app\Helpers\useraccount_helper.php(9): CodeIgniter\Debug\Exceptions->errorHandler(2, 'Trying to acces...', 'C:\\xampp\\htdocs...', 9)
#1 C:\xampp\htdocs\myLPU-HIMS\clinic\app\Controllers\Consultations.php(15): getUserFirstname()
#2 C:\xampp\htdocs\myLPU-HIMS\codeigniter\system\CodeIgniter.php(779): App\Controllers\Consultations->__construct()
#3 C:\xampp\htdocs\myLPU-HIMS\codeigniter\system\CodeIgniter.php(390): CodeIgniter\CodeIgniter->createController()
#4 C:\xampp\htdocs\myLPU-HIMS\codeigniter\system\CodeIgniter.php(317): CodeIgniter\CodeIgniter->handleRequest(NULL, Object(Config\Cache), false)
#5 C:\xampp\htdocs\myLPU-HIMS\clinic\public\index.php(37): CodeIgniter\CodeIgniter->run()
#6 {main}
