ERROR - 2021-12-03 17:19:39 --> Table 'mylpuhims_db.health_personnels_account' doesn't exist
ERROR - 2021-12-03 17:19:39 --> Table 'mylpuhims_db.health_personnels_notification' doesn't exist
CRITICAL - 2021-12-03 17:19:39 --> Call to a member function getResult() on bool
#0 C:\xampp\htdocs\myLPU-HIMS\vendor\codeigniter\system\BaseModel.php(584): CodeIgniter\Model->doFindAll(0, 0)
#1 C:\xampp\htdocs\myLPU-HIMS\clinic\app\Controllers\Notifications.php(21): CodeIgniter\BaseModel->findAll()
#2 C:\xampp\htdocs\myLPU-HIMS\vendor\codeigniter\system\CodeIgniter.php(802): App\Controllers\Notifications->fetchAllNotifications('2016-3-1234')
#3 C:\xampp\htdocs\myLPU-HIMS\vendor\codeigniter\system\CodeIgniter.php(399): CodeIgniter\CodeIgniter->runController(Object(App\Controllers\Notifications))
#4 C:\xampp\htdocs\myLPU-HIMS\vendor\codeigniter\system\CodeIgniter.php(317): CodeIgniter\CodeIgniter->handleRequest(NULL, Object(Config\Cache), false)
#5 C:\xampp\htdocs\myLPU-HIMS\clinic\public\index.php(37): CodeIgniter\CodeIgniter->run()
#6 {main}
CRITICAL - 2021-12-03 17:19:39 --> Call to a member function getFirstRow() on bool
#0 C:\xampp\htdocs\myLPU-HIMS\vendor\codeigniter\system\BaseModel.php(622): CodeIgniter\Model->doFirst()
#1 C:\xampp\htdocs\myLPU-HIMS\clinic\app\Filters\LoggedIn.php(15): CodeIgniter\BaseModel->first()
#2 C:\xampp\htdocs\myLPU-HIMS\vendor\codeigniter\system\Filters\Filters.php(169): App\Filters\LoggedIn->before(Object(CodeIgniter\HTTP\IncomingRequest), NULL)
#3 C:\xampp\htdocs\myLPU-HIMS\vendor\codeigniter\system\CodeIgniter.php(374): CodeIgniter\Filters\Filters->run('consultations/r...', 'before')
#4 C:\xampp\htdocs\myLPU-HIMS\vendor\codeigniter\system\CodeIgniter.php(317): CodeIgniter\CodeIgniter->handleRequest(NULL, Object(Config\Cache), false)
#5 C:\xampp\htdocs\myLPU-HIMS\clinic\public\index.php(37): CodeIgniter\CodeIgniter->run()
#6 {main}
ERROR - 2021-12-03 17:19:39 --> Table 'mylpuhims_db.health_personnels_account' doesn't exist
CRITICAL - 2021-12-03 17:19:39 --> Call to a member function getFirstRow() on bool
#0 C:\xampp\htdocs\myLPU-HIMS\vendor\codeigniter\system\BaseModel.php(622): CodeIgniter\Model->doFirst()
#1 C:\xampp\htdocs\myLPU-HIMS\clinic\app\Filters\LoggedIn.php(15): CodeIgniter\BaseModel->first()
#2 C:\xampp\htdocs\myLPU-HIMS\vendor\codeigniter\system\Filters\Filters.php(169): App\Filters\LoggedIn->before(Object(CodeIgniter\HTTP\IncomingRequest), NULL)
#3 C:\xampp\htdocs\myLPU-HIMS\vendor\codeigniter\system\CodeIgniter.php(374): CodeIgniter\Filters\Filters->run('consultations/r...', 'before')
#4 C:\xampp\htdocs\myLPU-HIMS\vendor\codeigniter\system\CodeIgniter.php(317): CodeIgniter\CodeIgniter->handleRequest(NULL, Object(Config\Cache), false)
#5 C:\xampp\htdocs\myLPU-HIMS\clinic\public\index.php(37): CodeIgniter\CodeIgniter->run()
#6 {main}
ERROR - 2021-12-03 17:19:39 --> Table 'mylpuhims_db.health_personnels_notification' doesn't exist
CRITICAL - 2021-12-03 17:19:39 --> Call to a member function getResult() on bool
#0 C:\xampp\htdocs\myLPU-HIMS\vendor\codeigniter\system\BaseModel.php(584): CodeIgniter\Model->doFindAll(0, 0)
#1 C:\xampp\htdocs\myLPU-HIMS\clinic\app\Controllers\Notifications.php(21): CodeIgniter\BaseModel->findAll()
#2 C:\xampp\htdocs\myLPU-HIMS\vendor\codeigniter\system\CodeIgniter.php(802): App\Controllers\Notifications->fetchAllNotifications('2016-3-1234')
#3 C:\xampp\htdocs\myLPU-HIMS\vendor\codeigniter\system\CodeIgniter.php(399): CodeIgniter\CodeIgniter->runController(Object(App\Controllers\Notifications))
#4 C:\xampp\htdocs\myLPU-HIMS\vendor\codeigniter\system\CodeIgniter.php(317): CodeIgniter\CodeIgniter->handleRequest(NULL, Object(Config\Cache), false)
#5 C:\xampp\htdocs\myLPU-HIMS\clinic\public\index.php(37): CodeIgniter\CodeIgniter->run()
#6 {main}
ERROR - 2021-12-03 17:19:39 --> Table 'mylpuhims_db.health_personnels_account' doesn't exist
CRITICAL - 2021-12-03 17:19:39 --> Call to a member function getFirstRow() on bool
#0 C:\xampp\htdocs\myLPU-HIMS\vendor\codeigniter\system\BaseModel.php(622): CodeIgniter\Model->doFirst()
#1 C:\xampp\htdocs\myLPU-HIMS\clinic\app\Filters\LoggedIn.php(15): CodeIgniter\BaseModel->first()
#2 C:\xampp\htdocs\myLPU-HIMS\vendor\codeigniter\system\Filters\Filters.php(169): App\Filters\LoggedIn->before(Object(CodeIgniter\HTTP\IncomingRequest), NULL)
#3 C:\xampp\htdocs\myLPU-HIMS\vendor\codeigniter\system\CodeIgniter.php(374): CodeIgniter\Filters\Filters->run('consultations/r...', 'before')
#4 C:\xampp\htdocs\myLPU-HIMS\vendor\codeigniter\system\CodeIgniter.php(317): CodeIgniter\CodeIgniter->handleRequest(NULL, Object(Config\Cache), false)
#5 C:\xampp\htdocs\myLPU-HIMS\clinic\public\index.php(37): CodeIgniter\CodeIgniter->run()
#6 {main}
ERROR - 2021-12-03 17:19:39 --> Table 'mylpuhims_db.health_personnels_notification' doesn't exist
CRITICAL - 2021-12-03 17:19:39 --> Call to a member function getResult() on bool
#0 C:\xampp\htdocs\myLPU-HIMS\vendor\codeigniter\system\BaseModel.php(584): CodeIgniter\Model->doFindAll(0, 0)
#1 C:\xampp\htdocs\myLPU-HIMS\clinic\app\Controllers\Notifications.php(21): CodeIgniter\BaseModel->findAll()
#2 C:\xampp\htdocs\myLPU-HIMS\vendor\codeigniter\system\CodeIgniter.php(802): App\Controllers\Notifications->fetchAllNotifications('2016-3-1234')
#3 C:\xampp\htdocs\myLPU-HIMS\vendor\codeigniter\system\CodeIgniter.php(399): CodeIgniter\CodeIgniter->runController(Object(App\Controllers\Notifications))
#4 C:\xampp\htdocs\myLPU-HIMS\vendor\codeigniter\system\CodeIgniter.php(317): CodeIgniter\CodeIgniter->handleRequest(NULL, Object(Config\Cache), false)
#5 C:\xampp\htdocs\myLPU-HIMS\clinic\public\index.php(37): CodeIgniter\CodeIgniter->run()
#6 {main}
ERROR - 2021-12-03 17:19:40 --> Table 'mylpuhims_db.health_personnels_notification' doesn't exist
ERROR - 2021-12-03 17:19:40 --> Table 'mylpuhims_db.health_personnels_account' doesn't exist
CRITICAL - 2021-12-03 17:19:40 --> Call to a member function getResult() on bool
#0 C:\xampp\htdocs\myLPU-HIMS\vendor\codeigniter\system\BaseModel.php(584): CodeIgniter\Model->doFindAll(0, 0)
#1 C:\xampp\htdocs\myLPU-HIMS\clinic\app\Controllers\Notifications.php(21): CodeIgniter\BaseModel->findAll()
#2 C:\xampp\htdocs\myLPU-HIMS\vendor\codeigniter\system\CodeIgniter.php(802): App\Controllers\Notifications->fetchAllNotifications('2016-3-1234')
#3 C:\xampp\htdocs\myLPU-HIMS\vendor\codeigniter\system\CodeIgniter.php(399): CodeIgniter\CodeIgniter->runController(Object(App\Controllers\Notifications))
#4 C:\xampp\htdocs\myLPU-HIMS\vendor\codeigniter\system\CodeIgniter.php(317): CodeIgniter\CodeIgniter->handleRequest(NULL, Object(Config\Cache), false)
#5 C:\xampp\htdocs\myLPU-HIMS\clinic\public\index.php(37): CodeIgniter\CodeIgniter->run()
#6 {main}
CRITICAL - 2021-12-03 17:19:40 --> Call to a member function getFirstRow() on bool
#0 C:\xampp\htdocs\myLPU-HIMS\vendor\codeigniter\system\BaseModel.php(622): CodeIgniter\Model->doFirst()
#1 C:\xampp\htdocs\myLPU-HIMS\clinic\app\Filters\LoggedIn.php(15): CodeIgniter\BaseModel->first()
#2 C:\xampp\htdocs\myLPU-HIMS\vendor\codeigniter\system\Filters\Filters.php(169): App\Filters\LoggedIn->before(Object(CodeIgniter\HTTP\IncomingRequest), NULL)
#3 C:\xampp\htdocs\myLPU-HIMS\vendor\codeigniter\system\CodeIgniter.php(374): CodeIgniter\Filters\Filters->run('consultations/r...', 'before')
#4 C:\xampp\htdocs\myLPU-HIMS\vendor\codeigniter\system\CodeIgniter.php(317): CodeIgniter\CodeIgniter->handleRequest(NULL, Object(Config\Cache), false)
#5 C:\xampp\htdocs\myLPU-HIMS\clinic\public\index.php(37): CodeIgniter\CodeIgniter->run()
#6 {main}
ERROR - 2021-12-03 17:19:41 --> Table 'mylpuhims_db.health_personnels_notification' doesn't exist
CRITICAL - 2021-12-03 17:19:41 --> Call to a member function getResult() on bool
#0 C:\xampp\htdocs\myLPU-HIMS\vendor\codeigniter\system\BaseModel.php(584): CodeIgniter\Model->doFindAll(0, 0)
#1 C:\xampp\htdocs\myLPU-HIMS\clinic\app\Controllers\Notifications.php(21): CodeIgniter\BaseModel->findAll()
#2 C:\xampp\htdocs\myLPU-HIMS\vendor\codeigniter\system\CodeIgniter.php(802): App\Controllers\Notifications->fetchAllNotifications('2016-3-1234')
#3 C:\xampp\htdocs\myLPU-HIMS\vendor\codeigniter\system\CodeIgniter.php(399): CodeIgniter\CodeIgniter->runController(Object(App\Controllers\Notifications))
#4 C:\xampp\htdocs\myLPU-HIMS\vendor\codeigniter\system\CodeIgniter.php(317): CodeIgniter\CodeIgniter->handleRequest(NULL, Object(Config\Cache), false)
#5 C:\xampp\htdocs\myLPU-HIMS\clinic\public\index.php(37): CodeIgniter\CodeIgniter->run()
#6 {main}
ERROR - 2021-12-03 17:19:41 --> Table 'mylpuhims_db.health_personnels_account' doesn't exist
CRITICAL - 2021-12-03 17:19:41 --> Call to a member function getFirstRow() on bool
#0 C:\xampp\htdocs\myLPU-HIMS\vendor\codeigniter\system\BaseModel.php(622): CodeIgniter\Model->doFirst()
#1 C:\xampp\htdocs\myLPU-HIMS\clinic\app\Filters\LoggedIn.php(15): CodeIgniter\BaseModel->first()
#2 C:\xampp\htdocs\myLPU-HIMS\vendor\codeigniter\system\Filters\Filters.php(169): App\Filters\LoggedIn->before(Object(CodeIgniter\HTTP\IncomingRequest), NULL)
#3 C:\xampp\htdocs\myLPU-HIMS\vendor\codeigniter\system\CodeIgniter.php(374): CodeIgniter\Filters\Filters->run('consultations/r...', 'before')
#4 C:\xampp\htdocs\myLPU-HIMS\vendor\codeigniter\system\CodeIgniter.php(317): CodeIgniter\CodeIgniter->handleRequest(NULL, Object(Config\Cache), false)
#5 C:\xampp\htdocs\myLPU-HIMS\clinic\public\index.php(37): CodeIgniter\CodeIgniter->run()
#6 {main}
ERROR - 2021-12-03 17:19:42 --> Table 'mylpuhims_db.health_personnels_notification' doesn't exist
CRITICAL - 2021-12-03 17:19:42 --> Call to a member function getResult() on bool
#0 C:\xampp\htdocs\myLPU-HIMS\vendor\codeigniter\system\BaseModel.php(584): CodeIgniter\Model->doFindAll(0, 0)
#1 C:\xampp\htdocs\myLPU-HIMS\clinic\app\Controllers\Notifications.php(21): CodeIgniter\BaseModel->findAll()
#2 C:\xampp\htdocs\myLPU-HIMS\vendor\codeigniter\system\CodeIgniter.php(802): App\Controllers\Notifications->fetchAllNotifications('2016-3-1234')
#3 C:\xampp\htdocs\myLPU-HIMS\vendor\codeigniter\system\CodeIgniter.php(399): CodeIgniter\CodeIgniter->runController(Object(App\Controllers\Notifications))
#4 C:\xampp\htdocs\myLPU-HIMS\vendor\codeigniter\system\CodeIgniter.php(317): CodeIgniter\CodeIgniter->handleRequest(NULL, Object(Config\Cache), false)
#5 C:\xampp\htdocs\myLPU-HIMS\clinic\public\index.php(37): CodeIgniter\CodeIgniter->run()
#6 {main}
ERROR - 2021-12-03 17:19:42 --> Table 'mylpuhims_db.health_personnels_account' doesn't exist
CRITICAL - 2021-12-03 17:19:42 --> Call to a member function getFirstRow() on bool
#0 C:\xampp\htdocs\myLPU-HIMS\vendor\codeigniter\system\BaseModel.php(622): CodeIgniter\Model->doFirst()
#1 C:\xampp\htdocs\myLPU-HIMS\clinic\app\Filters\LoggedIn.php(15): CodeIgniter\BaseModel->first()
#2 C:\xampp\htdocs\myLPU-HIMS\vendor\codeigniter\system\Filters\Filters.php(169): App\Filters\LoggedIn->before(Object(CodeIgniter\HTTP\IncomingRequest), NULL)
#3 C:\xampp\htdocs\myLPU-HIMS\vendor\codeigniter\system\CodeIgniter.php(374): CodeIgniter\Filters\Filters->run('consultations/r...', 'before')
#4 C:\xampp\htdocs\myLPU-HIMS\vendor\codeigniter\system\CodeIgniter.php(317): CodeIgniter\CodeIgniter->handleRequest(NULL, Object(Config\Cache), false)
#5 C:\xampp\htdocs\myLPU-HIMS\clinic\public\index.php(37): CodeIgniter\CodeIgniter->run()
#6 {main}
ERROR - 2021-12-03 17:19:43 --> Table 'mylpuhims_db.health_personnels_notification' doesn't exist
CRITICAL - 2021-12-03 17:19:43 --> Call to a member function getResult() on bool
#0 C:\xampp\htdocs\myLPU-HIMS\vendor\codeigniter\system\BaseModel.php(584): CodeIgniter\Model->doFindAll(0, 0)
#1 C:\xampp\htdocs\myLPU-HIMS\clinic\app\Controllers\Notifications.php(21): CodeIgniter\BaseModel->findAll()
#2 C:\xampp\htdocs\myLPU-HIMS\vendor\codeigniter\system\CodeIgniter.php(802): App\Controllers\Notifications->fetchAllNotifications('2016-3-1234')
#3 C:\xampp\htdocs\myLPU-HIMS\vendor\codeigniter\system\CodeIgniter.php(399): CodeIgniter\CodeIgniter->runController(Object(App\Controllers\Notifications))
#4 C:\xampp\htdocs\myLPU-HIMS\vendor\codeigniter\system\CodeIgniter.php(317): CodeIgniter\CodeIgniter->handleRequest(NULL, Object(Config\Cache), false)
#5 C:\xampp\htdocs\myLPU-HIMS\clinic\public\index.php(37): CodeIgniter\CodeIgniter->run()
#6 {main}
ERROR - 2021-12-03 17:19:44 --> Table 'mylpuhims_db.health_personnels_notification' doesn't exist
CRITICAL - 2021-12-03 17:19:44 --> Call to a member function getResult() on bool
#0 C:\xampp\htdocs\myLPU-HIMS\vendor\codeigniter\system\BaseModel.php(584): CodeIgniter\Model->doFindAll(0, 0)
#1 C:\xampp\htdocs\myLPU-HIMS\clinic\app\Controllers\Notifications.php(21): CodeIgniter\BaseModel->findAll()
#2 C:\xampp\htdocs\myLPU-HIMS\vendor\codeigniter\system\CodeIgniter.php(802): App\Controllers\Notifications->fetchAllNotifications('2016-3-1234')
#3 C:\xampp\htdocs\myLPU-HIMS\vendor\codeigniter\system\CodeIgniter.php(399): CodeIgniter\CodeIgniter->runController(Object(App\Controllers\Notifications))
#4 C:\xampp\htdocs\myLPU-HIMS\vendor\codeigniter\system\CodeIgniter.php(317): CodeIgniter\CodeIgniter->handleRequest(NULL, Object(Config\Cache), false)
#5 C:\xampp\htdocs\myLPU-HIMS\clinic\public\index.php(37): CodeIgniter\CodeIgniter->run()
#6 {main}
ERROR - 2021-12-03 17:24:11 --> Table 'mylpuhims_db.health_personnels_notification' doesn't exist
ERROR - 2021-12-03 17:24:11 --> Table 'mylpuhims_db.health_personnels_account' doesn't exist
CRITICAL - 2021-12-03 17:24:11 --> Call to a member function getResult() on bool
#0 C:\xampp\htdocs\myLPU-HIMS\vendor\codeigniter\system\BaseModel.php(584): CodeIgniter\Model->doFindAll(0, 0)
#1 C:\xampp\htdocs\myLPU-HIMS\clinic\app\Controllers\Notifications.php(21): CodeIgniter\BaseModel->findAll()
#2 C:\xampp\htdocs\myLPU-HIMS\vendor\codeigniter\system\CodeIgniter.php(802): App\Controllers\Notifications->fetchAllNotifications('2016-3-1234')
#3 C:\xampp\htdocs\myLPU-HIMS\vendor\codeigniter\system\CodeIgniter.php(399): CodeIgniter\CodeIgniter->runController(Object(App\Controllers\Notifications))
#4 C:\xampp\htdocs\myLPU-HIMS\vendor\codeigniter\system\CodeIgniter.php(317): CodeIgniter\CodeIgniter->handleRequest(NULL, Object(Config\Cache), false)
#5 C:\xampp\htdocs\myLPU-HIMS\clinic\public\index.php(37): CodeIgniter\CodeIgniter->run()
#6 {main}
CRITICAL - 2021-12-03 17:24:11 --> Call to a member function getFirstRow() on bool
#0 C:\xampp\htdocs\myLPU-HIMS\vendor\codeigniter\system\BaseModel.php(622): CodeIgniter\Model->doFirst()
#1 C:\xampp\htdocs\myLPU-HIMS\clinic\app\Filters\LoggedIn.php(15): CodeIgniter\BaseModel->first()
#2 C:\xampp\htdocs\myLPU-HIMS\vendor\codeigniter\system\Filters\Filters.php(169): App\Filters\LoggedIn->before(Object(CodeIgniter\HTTP\IncomingRequest), NULL)
#3 C:\xampp\htdocs\myLPU-HIMS\vendor\codeigniter\system\CodeIgniter.php(374): CodeIgniter\Filters\Filters->run('consultations/r...', 'before')
#4 C:\xampp\htdocs\myLPU-HIMS\vendor\codeigniter\system\CodeIgniter.php(317): CodeIgniter\CodeIgniter->handleRequest(NULL, Object(Config\Cache), false)
#5 C:\xampp\htdocs\myLPU-HIMS\clinic\public\index.php(37): CodeIgniter\CodeIgniter->run()
#6 {main}
ERROR - 2021-12-03 17:24:11 --> Table 'mylpuhims_db.health_personnels_notification' doesn't exist
CRITICAL - 2021-12-03 17:24:11 --> Call to a member function getResult() on bool
#0 C:\xampp\htdocs\myLPU-HIMS\vendor\codeigniter\system\BaseModel.php(584): CodeIgniter\Model->doFindAll(0, 0)
#1 C:\xampp\htdocs\myLPU-HIMS\clinic\app\Controllers\Notifications.php(21): CodeIgniter\BaseModel->findAll()
#2 C:\xampp\htdocs\myLPU-HIMS\vendor\codeigniter\system\CodeIgniter.php(802): App\Controllers\Notifications->fetchAllNotifications('2016-3-1234')
#3 C:\xampp\htdocs\myLPU-HIMS\vendor\codeigniter\system\CodeIgniter.php(399): CodeIgniter\CodeIgniter->runController(Object(App\Controllers\Notifications))
#4 C:\xampp\htdocs\myLPU-HIMS\vendor\codeigniter\system\CodeIgniter.php(317): CodeIgniter\CodeIgniter->handleRequest(NULL, Object(Config\Cache), false)
#5 C:\xampp\htdocs\myLPU-HIMS\clinic\public\index.php(37): CodeIgniter\CodeIgniter->run()
#6 {main}
ERROR - 2021-12-03 17:24:11 --> Table 'mylpuhims_db.health_personnels_account' doesn't exist
CRITICAL - 2021-12-03 17:24:11 --> Call to a member function getFirstRow() on bool
#0 C:\xampp\htdocs\myLPU-HIMS\vendor\codeigniter\system\BaseModel.php(622): CodeIgniter\Model->doFirst()
#1 C:\xampp\htdocs\myLPU-HIMS\clinic\app\Filters\LoggedIn.php(15): CodeIgniter\BaseModel->first()
#2 C:\xampp\htdocs\myLPU-HIMS\vendor\codeigniter\system\Filters\Filters.php(169): App\Filters\LoggedIn->before(Object(CodeIgniter\HTTP\IncomingRequest), NULL)
#3 C:\xampp\htdocs\myLPU-HIMS\vendor\codeigniter\system\CodeIgniter.php(374): CodeIgniter\Filters\Filters->run('consultations/r...', 'before')
#4 C:\xampp\htdocs\myLPU-HIMS\vendor\codeigniter\system\CodeIgniter.php(317): CodeIgniter\CodeIgniter->handleRequest(NULL, Object(Config\Cache), false)
#5 C:\xampp\htdocs\myLPU-HIMS\clinic\public\index.php(37): CodeIgniter\CodeIgniter->run()
#6 {main}
ERROR - 2021-12-03 17:24:11 --> Table 'mylpuhims_db.health_personnels_notification' doesn't exist
CRITICAL - 2021-12-03 17:24:11 --> Call to a member function getResult() on bool
#0 C:\xampp\htdocs\myLPU-HIMS\vendor\codeigniter\system\BaseModel.php(584): CodeIgniter\Model->doFindAll(0, 0)
#1 C:\xampp\htdocs\myLPU-HIMS\clinic\app\Controllers\Notifications.php(21): CodeIgniter\BaseModel->findAll()
#2 C:\xampp\htdocs\myLPU-HIMS\vendor\codeigniter\system\CodeIgniter.php(802): App\Controllers\Notifications->fetchAllNotifications('2016-3-1234')
#3 C:\xampp\htdocs\myLPU-HIMS\vendor\codeigniter\system\CodeIgniter.php(399): CodeIgniter\CodeIgniter->runController(Object(App\Controllers\Notifications))
#4 C:\xampp\htdocs\myLPU-HIMS\vendor\codeigniter\system\CodeIgniter.php(317): CodeIgniter\CodeIgniter->handleRequest(NULL, Object(Config\Cache), false)
#5 C:\xampp\htdocs\myLPU-HIMS\clinic\public\index.php(37): CodeIgniter\CodeIgniter->run()
#6 {main}
ERROR - 2021-12-03 17:24:11 --> Table 'mylpuhims_db.health_personnels_account' doesn't exist
CRITICAL - 2021-12-03 17:24:11 --> Call to a member function getFirstRow() on bool
#0 C:\xampp\htdocs\myLPU-HIMS\vendor\codeigniter\system\BaseModel.php(622): CodeIgniter\Model->doFirst()
#1 C:\xampp\htdocs\myLPU-HIMS\clinic\app\Filters\LoggedIn.php(15): CodeIgniter\BaseModel->first()
#2 C:\xampp\htdocs\myLPU-HIMS\vendor\codeigniter\system\Filters\Filters.php(169): App\Filters\LoggedIn->before(Object(CodeIgniter\HTTP\IncomingRequest), NULL)
#3 C:\xampp\htdocs\myLPU-HIMS\vendor\codeigniter\system\CodeIgniter.php(374): CodeIgniter\Filters\Filters->run('consultations/r...', 'before')
#4 C:\xampp\htdocs\myLPU-HIMS\vendor\codeigniter\system\CodeIgniter.php(317): CodeIgniter\CodeIgniter->handleRequest(NULL, Object(Config\Cache), false)
#5 C:\xampp\htdocs\myLPU-HIMS\clinic\public\index.php(37): CodeIgniter\CodeIgniter->run()
#6 {main}
ERROR - 2021-12-03 17:24:11 --> Table 'mylpuhims_db.health_personnels_notification' doesn't exist
CRITICAL - 2021-12-03 17:24:11 --> Call to a member function getResult() on bool
#0 C:\xampp\htdocs\myLPU-HIMS\vendor\codeigniter\system\BaseModel.php(584): CodeIgniter\Model->doFindAll(0, 0)
#1 C:\xampp\htdocs\myLPU-HIMS\clinic\app\Controllers\Notifications.php(21): CodeIgniter\BaseModel->findAll()
#2 C:\xampp\htdocs\myLPU-HIMS\vendor\codeigniter\system\CodeIgniter.php(802): App\Controllers\Notifications->fetchAllNotifications('2016-3-1234')
#3 C:\xampp\htdocs\myLPU-HIMS\vendor\codeigniter\system\CodeIgniter.php(399): CodeIgniter\CodeIgniter->runController(Object(App\Controllers\Notifications))
#4 C:\xampp\htdocs\myLPU-HIMS\vendor\codeigniter\system\CodeIgniter.php(317): CodeIgniter\CodeIgniter->handleRequest(NULL, Object(Config\Cache), false)
#5 C:\xampp\htdocs\myLPU-HIMS\clinic\public\index.php(37): CodeIgniter\CodeIgniter->run()
#6 {main}
ERROR - 2021-12-03 17:24:11 --> Table 'mylpuhims_db.health_personnels_account' doesn't exist
CRITICAL - 2021-12-03 17:24:11 --> Call to a member function getFirstRow() on bool
#0 C:\xampp\htdocs\myLPU-HIMS\vendor\codeigniter\system\BaseModel.php(622): CodeIgniter\Model->doFirst()
#1 C:\xampp\htdocs\myLPU-HIMS\clinic\app\Filters\LoggedIn.php(15): CodeIgniter\BaseModel->first()
#2 C:\xampp\htdocs\myLPU-HIMS\vendor\codeigniter\system\Filters\Filters.php(169): App\Filters\LoggedIn->before(Object(CodeIgniter\HTTP\IncomingRequest), NULL)
#3 C:\xampp\htdocs\myLPU-HIMS\vendor\codeigniter\system\CodeIgniter.php(374): CodeIgniter\Filters\Filters->run('consultations/r...', 'before')
#4 C:\xampp\htdocs\myLPU-HIMS\vendor\codeigniter\system\CodeIgniter.php(317): CodeIgniter\CodeIgniter->handleRequest(NULL, Object(Config\Cache), false)
#5 C:\xampp\htdocs\myLPU-HIMS\clinic\public\index.php(37): CodeIgniter\CodeIgniter->run()
#6 {main}
ERROR - 2021-12-03 17:24:12 --> Table 'mylpuhims_db.health_personnels_account' doesn't exist
CRITICAL - 2021-12-03 17:24:12 --> Call to a member function getFirstRow() on bool
#0 C:\xampp\htdocs\myLPU-HIMS\vendor\codeigniter\system\BaseModel.php(622): CodeIgniter\Model->doFirst()
#1 C:\xampp\htdocs\myLPU-HIMS\clinic\app\Filters\LoggedIn.php(15): CodeIgniter\BaseModel->first()
#2 C:\xampp\htdocs\myLPU-HIMS\vendor\codeigniter\system\Filters\Filters.php(169): App\Filters\LoggedIn->before(Object(CodeIgniter\HTTP\IncomingRequest), NULL)
#3 C:\xampp\htdocs\myLPU-HIMS\vendor\codeigniter\system\CodeIgniter.php(374): CodeIgniter\Filters\Filters->run('consultations/r...', 'before')
#4 C:\xampp\htdocs\myLPU-HIMS\vendor\codeigniter\system\CodeIgniter.php(317): CodeIgniter\CodeIgniter->handleRequest(NULL, Object(Config\Cache), false)
#5 C:\xampp\htdocs\myLPU-HIMS\clinic\public\index.php(37): CodeIgniter\CodeIgniter->run()
#6 {main}
ERROR - 2021-12-03 17:24:12 --> Table 'mylpuhims_db.health_personnels_notification' doesn't exist
CRITICAL - 2021-12-03 17:24:12 --> Call to a member function getResult() on bool
#0 C:\xampp\htdocs\myLPU-HIMS\vendor\codeigniter\system\BaseModel.php(584): CodeIgniter\Model->doFindAll(0, 0)
#1 C:\xampp\htdocs\myLPU-HIMS\clinic\app\Controllers\Notifications.php(21): CodeIgniter\BaseModel->findAll()
#2 C:\xampp\htdocs\myLPU-HIMS\vendor\codeigniter\system\CodeIgniter.php(802): App\Controllers\Notifications->fetchAllNotifications('2016-3-1234')
#3 C:\xampp\htdocs\myLPU-HIMS\vendor\codeigniter\system\CodeIgniter.php(399): CodeIgniter\CodeIgniter->runController(Object(App\Controllers\Notifications))
#4 C:\xampp\htdocs\myLPU-HIMS\vendor\codeigniter\system\CodeIgniter.php(317): CodeIgniter\CodeIgniter->handleRequest(NULL, Object(Config\Cache), false)
#5 C:\xampp\htdocs\myLPU-HIMS\clinic\public\index.php(37): CodeIgniter\CodeIgniter->run()
#6 {main}
ERROR - 2021-12-03 17:24:13 --> Table 'mylpuhims_db.health_personnels_notification' doesn't exist
CRITICAL - 2021-12-03 17:24:13 --> Call to a member function getResult() on bool
#0 C:\xampp\htdocs\myLPU-HIMS\vendor\codeigniter\system\BaseModel.php(584): CodeIgniter\Model->doFindAll(0, 0)
#1 C:\xampp\htdocs\myLPU-HIMS\clinic\app\Controllers\Notifications.php(21): CodeIgniter\BaseModel->findAll()
#2 C:\xampp\htdocs\myLPU-HIMS\vendor\codeigniter\system\CodeIgniter.php(802): App\Controllers\Notifications->fetchAllNotifications('2016-3-1234')
#3 C:\xampp\htdocs\myLPU-HIMS\vendor\codeigniter\system\CodeIgniter.php(399): CodeIgniter\CodeIgniter->runController(Object(App\Controllers\Notifications))
#4 C:\xampp\htdocs\myLPU-HIMS\vendor\codeigniter\system\CodeIgniter.php(317): CodeIgniter\CodeIgniter->handleRequest(NULL, Object(Config\Cache), false)
#5 C:\xampp\htdocs\myLPU-HIMS\clinic\public\index.php(37): CodeIgniter\CodeIgniter->run()
#6 {main}
ERROR - 2021-12-03 17:24:13 --> Table 'mylpuhims_db.health_personnels_account' doesn't exist
CRITICAL - 2021-12-03 17:24:13 --> Call to a member function getFirstRow() on bool
#0 C:\xampp\htdocs\myLPU-HIMS\vendor\codeigniter\system\BaseModel.php(622): CodeIgniter\Model->doFirst()
#1 C:\xampp\htdocs\myLPU-HIMS\clinic\app\Filters\LoggedIn.php(15): CodeIgniter\BaseModel->first()
#2 C:\xampp\htdocs\myLPU-HIMS\vendor\codeigniter\system\Filters\Filters.php(169): App\Filters\LoggedIn->before(Object(CodeIgniter\HTTP\IncomingRequest), NULL)
#3 C:\xampp\htdocs\myLPU-HIMS\vendor\codeigniter\system\CodeIgniter.php(374): CodeIgniter\Filters\Filters->run('consultations/r...', 'before')
#4 C:\xampp\htdocs\myLPU-HIMS\vendor\codeigniter\system\CodeIgniter.php(317): CodeIgniter\CodeIgniter->handleRequest(NULL, Object(Config\Cache), false)
#5 C:\xampp\htdocs\myLPU-HIMS\clinic\public\index.php(37): CodeIgniter\CodeIgniter->run()
#6 {main}
ERROR - 2021-12-03 17:24:14 --> Table 'mylpuhims_db.health_personnels_account' doesn't exist
CRITICAL - 2021-12-03 17:24:14 --> Call to a member function getFirstRow() on bool
#0 C:\xampp\htdocs\myLPU-HIMS\vendor\codeigniter\system\BaseModel.php(622): CodeIgniter\Model->doFirst()
#1 C:\xampp\htdocs\myLPU-HIMS\clinic\app\Filters\LoggedIn.php(15): CodeIgniter\BaseModel->first()
#2 C:\xampp\htdocs\myLPU-HIMS\vendor\codeigniter\system\Filters\Filters.php(169): App\Filters\LoggedIn->before(Object(CodeIgniter\HTTP\IncomingRequest), NULL)
#3 C:\xampp\htdocs\myLPU-HIMS\vendor\codeigniter\system\CodeIgniter.php(374): CodeIgniter\Filters\Filters->run('consultations/r...', 'before')
#4 C:\xampp\htdocs\myLPU-HIMS\vendor\codeigniter\system\CodeIgniter.php(317): CodeIgniter\CodeIgniter->handleRequest(NULL, Object(Config\Cache), false)
#5 C:\xampp\htdocs\myLPU-HIMS\clinic\public\index.php(37): CodeIgniter\CodeIgniter->run()
#6 {main}
ERROR - 2021-12-03 17:24:14 --> Table 'mylpuhims_db.health_personnels_notification' doesn't exist
CRITICAL - 2021-12-03 17:24:14 --> Call to a member function getResult() on bool
#0 C:\xampp\htdocs\myLPU-HIMS\vendor\codeigniter\system\BaseModel.php(584): CodeIgniter\Model->doFindAll(0, 0)
#1 C:\xampp\htdocs\myLPU-HIMS\clinic\app\Controllers\Notifications.php(21): CodeIgniter\BaseModel->findAll()
#2 C:\xampp\htdocs\myLPU-HIMS\vendor\codeigniter\system\CodeIgniter.php(802): App\Controllers\Notifications->fetchAllNotifications('2016-3-1234')
#3 C:\xampp\htdocs\myLPU-HIMS\vendor\codeigniter\system\CodeIgniter.php(399): CodeIgniter\CodeIgniter->runController(Object(App\Controllers\Notifications))
#4 C:\xampp\htdocs\myLPU-HIMS\vendor\codeigniter\system\CodeIgniter.php(317): CodeIgniter\CodeIgniter->handleRequest(NULL, Object(Config\Cache), false)
#5 C:\xampp\htdocs\myLPU-HIMS\clinic\public\index.php(37): CodeIgniter\CodeIgniter->run()
#6 {main}
ERROR - 2021-12-03 17:24:15 --> Table 'mylpuhims_db.health_personnels_notification' doesn't exist
CRITICAL - 2021-12-03 17:24:15 --> Call to a member function getResult() on bool
#0 C:\xampp\htdocs\myLPU-HIMS\vendor\codeigniter\system\BaseModel.php(584): CodeIgniter\Model->doFindAll(0, 0)
#1 C:\xampp\htdocs\myLPU-HIMS\clinic\app\Controllers\Notifications.php(21): CodeIgniter\BaseModel->findAll()
#2 C:\xampp\htdocs\myLPU-HIMS\vendor\codeigniter\system\CodeIgniter.php(802): App\Controllers\Notifications->fetchAllNotifications('2016-3-1234')
#3 C:\xampp\htdocs\myLPU-HIMS\vendor\codeigniter\system\CodeIgniter.php(399): CodeIgniter\CodeIgniter->runController(Object(App\Controllers\Notifications))
#4 C:\xampp\htdocs\myLPU-HIMS\vendor\codeigniter\system\CodeIgniter.php(317): CodeIgniter\CodeIgniter->handleRequest(NULL, Object(Config\Cache), false)
#5 C:\xampp\htdocs\myLPU-HIMS\clinic\public\index.php(37): CodeIgniter\CodeIgniter->run()
#6 {main}
ERROR - 2021-12-03 17:24:16 --> Table 'mylpuhims_db.health_personnels_notification' doesn't exist
CRITICAL - 2021-12-03 17:24:16 --> Call to a member function getResult() on bool
#0 C:\xampp\htdocs\myLPU-HIMS\vendor\codeigniter\system\BaseModel.php(584): CodeIgniter\Model->doFindAll(0, 0)
#1 C:\xampp\htdocs\myLPU-HIMS\clinic\app\Controllers\Notifications.php(21): CodeIgniter\BaseModel->findAll()
#2 C:\xampp\htdocs\myLPU-HIMS\vendor\codeigniter\system\CodeIgniter.php(802): App\Controllers\Notifications->fetchAllNotifications('2016-3-1234')
#3 C:\xampp\htdocs\myLPU-HIMS\vendor\codeigniter\system\CodeIgniter.php(399): CodeIgniter\CodeIgniter->runController(Object(App\Controllers\Notifications))
#4 C:\xampp\htdocs\myLPU-HIMS\vendor\codeigniter\system\CodeIgniter.php(317): CodeIgniter\CodeIgniter->handleRequest(NULL, Object(Config\Cache), false)
#5 C:\xampp\htdocs\myLPU-HIMS\clinic\public\index.php(37): CodeIgniter\CodeIgniter->run()
#6 {main}
ERROR - 2021-12-03 17:24:17 --> Table 'mylpuhims_db.health_personnels_notification' doesn't exist
CRITICAL - 2021-12-03 17:24:17 --> Call to a member function getResult() on bool
#0 C:\xampp\htdocs\myLPU-HIMS\vendor\codeigniter\system\BaseModel.php(584): CodeIgniter\Model->doFindAll(0, 0)
#1 C:\xampp\htdocs\myLPU-HIMS\clinic\app\Controllers\Notifications.php(21): CodeIgniter\BaseModel->findAll()
#2 C:\xampp\htdocs\myLPU-HIMS\vendor\codeigniter\system\CodeIgniter.php(802): App\Controllers\Notifications->fetchAllNotifications('2016-3-1234')
#3 C:\xampp\htdocs\myLPU-HIMS\vendor\codeigniter\system\CodeIgniter.php(399): CodeIgniter\CodeIgniter->runController(Object(App\Controllers\Notifications))
#4 C:\xampp\htdocs\myLPU-HIMS\vendor\codeigniter\system\CodeIgniter.php(317): CodeIgniter\CodeIgniter->handleRequest(NULL, Object(Config\Cache), false)
#5 C:\xampp\htdocs\myLPU-HIMS\clinic\public\index.php(37): CodeIgniter\CodeIgniter->run()
#6 {main}
ERROR - 2021-12-03 17:24:18 --> Table 'mylpuhims_db.health_personnels_notification' doesn't exist
CRITICAL - 2021-12-03 17:24:18 --> Call to a member function getResult() on bool
#0 C:\xampp\htdocs\myLPU-HIMS\vendor\codeigniter\system\BaseModel.php(584): CodeIgniter\Model->doFindAll(0, 0)
#1 C:\xampp\htdocs\myLPU-HIMS\clinic\app\Controllers\Notifications.php(21): CodeIgniter\BaseModel->findAll()
#2 C:\xampp\htdocs\myLPU-HIMS\vendor\codeigniter\system\CodeIgniter.php(802): App\Controllers\Notifications->fetchAllNotifications('2016-3-1234')
#3 C:\xampp\htdocs\myLPU-HIMS\vendor\codeigniter\system\CodeIgniter.php(399): CodeIgniter\CodeIgniter->runController(Object(App\Controllers\Notifications))
#4 C:\xampp\htdocs\myLPU-HIMS\vendor\codeigniter\system\CodeIgniter.php(317): CodeIgniter\CodeIgniter->handleRequest(NULL, Object(Config\Cache), false)
#5 C:\xampp\htdocs\myLPU-HIMS\clinic\public\index.php(37): CodeIgniter\CodeIgniter->run()
#6 {main}
