ERROR - 2021-10-28 15:01:55 --> Cannot delete or update a parent row: a foreign key constraint fails (`mylpuhims_db`.`batches`, CONSTRAINT `fk_batches_medicines1` FOREIGN KEY (`product_id`) REFERENCES `medicines` (`product_id`) ON DELETE NO ACTION ON UPDATE NO ACTION)
CRITICAL - 2021-10-28 15:01:55 --> Cannot delete or update a parent row: a foreign key constraint fails (`mylpuhims_db`.`batches`, CONSTRAINT `fk_batches_medicines1` FOREIGN KEY (`product_id`) REFERENCES `medicines` (`product_id`) ON DELETE NO ACTION ON UPDATE NO ACTION)
#0 C:\xampp\htdocs\myLPU-HIMS\codeigniter\system\Database\MySQLi\Connection.php(280): mysqli->query('DELETE FROM `me...')
#1 C:\xampp\htdocs\myLPU-HIMS\codeigniter\system\Database\BaseConnection.php(663): CodeIgniter\Database\MySQLi\Connection->execute('DELETE FROM `me...')
#2 C:\xampp\htdocs\myLPU-HIMS\codeigniter\system\Database\BaseConnection.php(591): CodeIgniter\Database\BaseConnection->simpleQuery('DELETE FROM `me...')
#3 C:\xampp\htdocs\myLPU-HIMS\codeigniter\system\Database\BaseBuilder.php(2175): CodeIgniter\Database\BaseConnection->query('DELETE FROM `me...', Array, false)
#4 C:\xampp\htdocs\myLPU-HIMS\codeigniter\system\Model.php(359): CodeIgniter\Database\BaseBuilder->delete()
#5 C:\xampp\htdocs\myLPU-HIMS\codeigniter\system\BaseModel.php(963): CodeIgniter\Model->doDelete(Array, false)
#6 C:\xampp\htdocs\myLPU-HIMS\clinic\app\Controllers\Inventory.php(261): CodeIgniter\BaseModel->delete(Array)
#7 C:\xampp\htdocs\myLPU-HIMS\codeigniter\system\CodeIgniter.php(802): App\Controllers\Inventory->deleteMedicine('A0001')
#8 C:\xampp\htdocs\myLPU-HIMS\codeigniter\system\CodeIgniter.php(399): CodeIgniter\CodeIgniter->runController(Object(App\Controllers\Inventory))
#9 C:\xampp\htdocs\myLPU-HIMS\codeigniter\system\CodeIgniter.php(317): CodeIgniter\CodeIgniter->handleRequest(NULL, Object(Config\Cache), false)
#10 C:\xampp\htdocs\myLPU-HIMS\clinic\public\index.php(37): CodeIgniter\CodeIgniter->run()
#11 {main}
ERROR - 2021-10-28 15:03:07 --> Cannot delete or update a parent row: a foreign key constraint fails (`mylpuhims_db`.`batches`, CONSTRAINT `fk_batches_medicines1` FOREIGN KEY (`product_id`) REFERENCES `medicines` (`product_id`) ON DELETE NO ACTION ON UPDATE NO ACTION)
CRITICAL - 2021-10-28 15:03:07 --> Cannot delete or update a parent row: a foreign key constraint fails (`mylpuhims_db`.`batches`, CONSTRAINT `fk_batches_medicines1` FOREIGN KEY (`product_id`) REFERENCES `medicines` (`product_id`) ON DELETE NO ACTION ON UPDATE NO ACTION)
#0 C:\xampp\htdocs\myLPU-HIMS\codeigniter\system\Database\MySQLi\Connection.php(280): mysqli->query('DELETE FROM `me...')
#1 C:\xampp\htdocs\myLPU-HIMS\codeigniter\system\Database\BaseConnection.php(663): CodeIgniter\Database\MySQLi\Connection->execute('DELETE FROM `me...')
#2 C:\xampp\htdocs\myLPU-HIMS\codeigniter\system\Database\BaseConnection.php(591): CodeIgniter\Database\BaseConnection->simpleQuery('DELETE FROM `me...')
#3 C:\xampp\htdocs\myLPU-HIMS\codeigniter\system\Database\BaseBuilder.php(2175): CodeIgniter\Database\BaseConnection->query('DELETE FROM `me...', Array, false)
#4 C:\xampp\htdocs\myLPU-HIMS\codeigniter\system\Model.php(359): CodeIgniter\Database\BaseBuilder->delete()
#5 C:\xampp\htdocs\myLPU-HIMS\codeigniter\system\BaseModel.php(963): CodeIgniter\Model->doDelete(Array, false)
#6 C:\xampp\htdocs\myLPU-HIMS\clinic\app\Controllers\Inventory.php(261): CodeIgniter\BaseModel->delete(Array)
#7 C:\xampp\htdocs\myLPU-HIMS\codeigniter\system\CodeIgniter.php(802): App\Controllers\Inventory->deleteMedicine('A0001')
#8 C:\xampp\htdocs\myLPU-HIMS\codeigniter\system\CodeIgniter.php(399): CodeIgniter\CodeIgniter->runController(Object(App\Controllers\Inventory))
#9 C:\xampp\htdocs\myLPU-HIMS\codeigniter\system\CodeIgniter.php(317): CodeIgniter\CodeIgniter->handleRequest(NULL, Object(Config\Cache), false)
#10 C:\xampp\htdocs\myLPU-HIMS\clinic\public\index.php(37): CodeIgniter\CodeIgniter->run()
#11 {main}
ERROR - 2021-10-28 15:24:34 --> Error connecting to the database: Unknown database 'mylpuhims_db'
CRITICAL - 2021-10-28 15:24:34 --> Unable to connect to the database.
Main connection [MySQLi]: Unknown database 'mylpuhims_db'
#0 C:\xampp\htdocs\myLPU-HIMS\codeigniter\system\Database\BaseConnection.php(570): CodeIgniter\Database\BaseConnection->initialize()
#1 C:\xampp\htdocs\myLPU-HIMS\codeigniter\system\Database\BaseBuilder.php(1428): CodeIgniter\Database\BaseConnection->query('SELECT *\nFROM `...', Array, false)
#2 C:\xampp\htdocs\myLPU-HIMS\codeigniter\system\Model.php(183): CodeIgniter\Database\BaseBuilder->get()
#3 C:\xampp\htdocs\myLPU-HIMS\codeigniter\system\BaseModel.php(584): CodeIgniter\Model->doFindAll(0, 0)
#4 C:\xampp\htdocs\myLPU-HIMS\clinic\app\Controllers\Notifications.php(21): CodeIgniter\BaseModel->findAll()
#5 C:\xampp\htdocs\myLPU-HIMS\codeigniter\system\CodeIgniter.php(802): App\Controllers\Notifications->fetchAllNotifications('2016-3-1234')
#6 C:\xampp\htdocs\myLPU-HIMS\codeigniter\system\CodeIgniter.php(399): CodeIgniter\CodeIgniter->runController(Object(App\Controllers\Notifications))
#7 C:\xampp\htdocs\myLPU-HIMS\codeigniter\system\CodeIgniter.php(317): CodeIgniter\CodeIgniter->handleRequest(NULL, Object(Config\Cache), false)
#8 C:\xampp\htdocs\myLPU-HIMS\clinic\public\index.php(37): CodeIgniter\CodeIgniter->run()
#9 {main}
ERROR - 2021-10-28 15:24:34 --> Error connecting to the database: Unknown database 'mylpuhims_db'
CRITICAL - 2021-10-28 15:24:34 --> Unable to connect to the database.
Main connection [MySQLi]: Unknown database 'mylpuhims_db'
#0 C:\xampp\htdocs\myLPU-HIMS\codeigniter\system\Database\BaseConnection.php(570): CodeIgniter\Database\BaseConnection->initialize()
#1 C:\xampp\htdocs\myLPU-HIMS\codeigniter\system\Database\BaseBuilder.php(1428): CodeIgniter\Database\BaseConnection->query('SELECT *\nFROM `...', Array, false)
#2 C:\xampp\htdocs\myLPU-HIMS\codeigniter\system\Model.php(210): CodeIgniter\Database\BaseBuilder->get()
#3 C:\xampp\htdocs\myLPU-HIMS\codeigniter\system\BaseModel.php(622): CodeIgniter\Model->doFirst()
#4 C:\xampp\htdocs\myLPU-HIMS\clinic\app\Filters\LoggedIn.php(15): CodeIgniter\BaseModel->first()
#5 C:\xampp\htdocs\myLPU-HIMS\codeigniter\system\Filters\Filters.php(169): App\Filters\LoggedIn->before(Object(CodeIgniter\HTTP\IncomingRequest), NULL)
#6 C:\xampp\htdocs\myLPU-HIMS\codeigniter\system\CodeIgniter.php(374): CodeIgniter\Filters\Filters->run('consultations/r...', 'before')
#7 C:\xampp\htdocs\myLPU-HIMS\codeigniter\system\CodeIgniter.php(317): CodeIgniter\CodeIgniter->handleRequest(NULL, Object(Config\Cache), false)
#8 C:\xampp\htdocs\myLPU-HIMS\clinic\public\index.php(37): CodeIgniter\CodeIgniter->run()
#9 {main}
CRITICAL - 2021-10-28 20:56:45 --> Undefined array key "expiration"
#0 C:\xampp\htdocs\myLPU-HIMS\clinic\app\Controllers\Inventory.php(225): CodeIgniter\Debug\Exceptions->errorHandler(2, 'Undefined array...', 'C:\\xampp\\htdocs...', 225)
#1 C:\xampp\htdocs\myLPU-HIMS\codeigniter\system\CodeIgniter.php(802): App\Controllers\Inventory->fetchBatchById('B01')
#2 C:\xampp\htdocs\myLPU-HIMS\codeigniter\system\CodeIgniter.php(399): CodeIgniter\CodeIgniter->runController(Object(App\Controllers\Inventory))
#3 C:\xampp\htdocs\myLPU-HIMS\codeigniter\system\CodeIgniter.php(317): CodeIgniter\CodeIgniter->handleRequest(NULL, Object(Config\Cache), false)
#4 C:\xampp\htdocs\myLPU-HIMS\clinic\public\index.php(37): CodeIgniter\CodeIgniter->run()
#5 {main}
CRITICAL - 2021-10-28 20:56:52 --> Undefined array key "expiration"
#0 C:\xampp\htdocs\myLPU-HIMS\clinic\app\Controllers\Inventory.php(225): CodeIgniter\Debug\Exceptions->errorHandler(2, 'Undefined array...', 'C:\\xampp\\htdocs...', 225)
#1 C:\xampp\htdocs\myLPU-HIMS\codeigniter\system\CodeIgniter.php(802): App\Controllers\Inventory->fetchBatchById('B01')
#2 C:\xampp\htdocs\myLPU-HIMS\codeigniter\system\CodeIgniter.php(399): CodeIgniter\CodeIgniter->runController(Object(App\Controllers\Inventory))
#3 C:\xampp\htdocs\myLPU-HIMS\codeigniter\system\CodeIgniter.php(317): CodeIgniter\CodeIgniter->handleRequest(NULL, Object(Config\Cache), false)
#4 C:\xampp\htdocs\myLPU-HIMS\clinic\public\index.php(37): CodeIgniter\CodeIgniter->run()
#5 {main}
CRITICAL - 2021-10-28 20:56:54 --> Undefined array key "expiration"
#0 C:\xampp\htdocs\myLPU-HIMS\clinic\app\Controllers\Inventory.php(225): CodeIgniter\Debug\Exceptions->errorHandler(2, 'Undefined array...', 'C:\\xampp\\htdocs...', 225)
#1 C:\xampp\htdocs\myLPU-HIMS\codeigniter\system\CodeIgniter.php(802): App\Controllers\Inventory->fetchBatchById('B01')
#2 C:\xampp\htdocs\myLPU-HIMS\codeigniter\system\CodeIgniter.php(399): CodeIgniter\CodeIgniter->runController(Object(App\Controllers\Inventory))
#3 C:\xampp\htdocs\myLPU-HIMS\codeigniter\system\CodeIgniter.php(317): CodeIgniter\CodeIgniter->handleRequest(NULL, Object(Config\Cache), false)
#4 C:\xampp\htdocs\myLPU-HIMS\clinic\public\index.php(37): CodeIgniter\CodeIgniter->run()
#5 {main}
CRITICAL - 2021-10-28 20:56:54 --> Undefined array key "expiration"
#0 C:\xampp\htdocs\myLPU-HIMS\clinic\app\Controllers\Inventory.php(225): CodeIgniter\Debug\Exceptions->errorHandler(2, 'Undefined array...', 'C:\\xampp\\htdocs...', 225)
#1 C:\xampp\htdocs\myLPU-HIMS\codeigniter\system\CodeIgniter.php(802): App\Controllers\Inventory->fetchBatchById('B01')
#2 C:\xampp\htdocs\myLPU-HIMS\codeigniter\system\CodeIgniter.php(399): CodeIgniter\CodeIgniter->runController(Object(App\Controllers\Inventory))
#3 C:\xampp\htdocs\myLPU-HIMS\codeigniter\system\CodeIgniter.php(317): CodeIgniter\CodeIgniter->handleRequest(NULL, Object(Config\Cache), false)
#4 C:\xampp\htdocs\myLPU-HIMS\clinic\public\index.php(37): CodeIgniter\CodeIgniter->run()
#5 {main}
CRITICAL - 2021-10-28 21:04:53 --> Undefined array key "product_id"
#0 C:\xampp\htdocs\myLPU-HIMS\clinic\app\Controllers\Inventory.php(349): CodeIgniter\Debug\Exceptions->errorHandler(2, 'Undefined array...', 'C:\\xampp\\htdocs...', 349)
#1 C:\xampp\htdocs\myLPU-HIMS\codeigniter\system\CodeIgniter.php(802): App\Controllers\Inventory->modifyBatch('B02')
#2 C:\xampp\htdocs\myLPU-HIMS\codeigniter\system\CodeIgniter.php(399): CodeIgniter\CodeIgniter->runController(Object(App\Controllers\Inventory))
#3 C:\xampp\htdocs\myLPU-HIMS\codeigniter\system\CodeIgniter.php(317): CodeIgniter\CodeIgniter->handleRequest(NULL, Object(Config\Cache), false)
#4 C:\xampp\htdocs\myLPU-HIMS\clinic\public\index.php(37): CodeIgniter\CodeIgniter->run()
#5 {main}
CRITICAL - 2021-10-28 22:25:33 --> Undefined property: App\Controllers\Inventory::$bacthesModel
#0 C:\xampp\htdocs\myLPU-HIMS\clinic\app\Controllers\Inventory.php(318): CodeIgniter\Debug\Exceptions->errorHandler(2, 'Undefined prope...', 'C:\\xampp\\htdocs...', 318)
#1 C:\xampp\htdocs\myLPU-HIMS\codeigniter\system\CodeIgniter.php(802): App\Controllers\Inventory->addBatch()
#2 C:\xampp\htdocs\myLPU-HIMS\codeigniter\system\CodeIgniter.php(399): CodeIgniter\CodeIgniter->runController(Object(App\Controllers\Inventory))
#3 C:\xampp\htdocs\myLPU-HIMS\codeigniter\system\CodeIgniter.php(317): CodeIgniter\CodeIgniter->handleRequest(NULL, Object(Config\Cache), false)
#4 C:\xampp\htdocs\myLPU-HIMS\clinic\public\index.php(37): CodeIgniter\CodeIgniter->run()
#5 {main}
CRITICAL - 2021-10-28 22:26:13 --> Undefined variable $expiry_count
#0 C:\xampp\htdocs\myLPU-HIMS\clinic\app\Controllers\Inventory.php(204): CodeIgniter\Debug\Exceptions->errorHandler(2, 'Undefined varia...', 'C:\\xampp\\htdocs...', 204)
#1 C:\xampp\htdocs\myLPU-HIMS\codeigniter\system\CodeIgniter.php(802): App\Controllers\Inventory->fetchStockManagement()
#2 C:\xampp\htdocs\myLPU-HIMS\codeigniter\system\CodeIgniter.php(399): CodeIgniter\CodeIgniter->runController(Object(App\Controllers\Inventory))
#3 C:\xampp\htdocs\myLPU-HIMS\codeigniter\system\CodeIgniter.php(317): CodeIgniter\CodeIgniter->handleRequest(NULL, Object(Config\Cache), false)
#4 C:\xampp\htdocs\myLPU-HIMS\clinic\public\index.php(37): CodeIgniter\CodeIgniter->run()
#5 {main}
CRITICAL - 2021-10-28 22:26:16 --> Undefined variable $expiry_count
#0 C:\xampp\htdocs\myLPU-HIMS\clinic\app\Controllers\Inventory.php(204): CodeIgniter\Debug\Exceptions->errorHandler(2, 'Undefined varia...', 'C:\\xampp\\htdocs...', 204)
#1 C:\xampp\htdocs\myLPU-HIMS\codeigniter\system\CodeIgniter.php(802): App\Controllers\Inventory->fetchStockManagement()
#2 C:\xampp\htdocs\myLPU-HIMS\codeigniter\system\CodeIgniter.php(399): CodeIgniter\CodeIgniter->runController(Object(App\Controllers\Inventory))
#3 C:\xampp\htdocs\myLPU-HIMS\codeigniter\system\CodeIgniter.php(317): CodeIgniter\CodeIgniter->handleRequest(NULL, Object(Config\Cache), false)
#4 C:\xampp\htdocs\myLPU-HIMS\clinic\public\index.php(37): CodeIgniter\CodeIgniter->run()
#5 {main}
ERROR - 2021-10-28 22:34:56 --> Table 'mylpuhims_db.health_personnels_notification' doesn't exist
ERROR - 2021-10-28 22:34:56 --> Table 'mylpuhims_db.health_personnels_account' doesn't exist
CRITICAL - 2021-10-28 22:34:56 --> Table 'mylpuhims_db.health_personnels_notification' doesn't exist
#0 C:\xampp\htdocs\myLPU-HIMS\codeigniter\system\Database\MySQLi\Connection.php(280): mysqli->query('SELECT *\nFROM `...')
#1 C:\xampp\htdocs\myLPU-HIMS\codeigniter\system\Database\BaseConnection.php(663): CodeIgniter\Database\MySQLi\Connection->execute('SELECT *\nFROM `...')
#2 C:\xampp\htdocs\myLPU-HIMS\codeigniter\system\Database\BaseConnection.php(591): CodeIgniter\Database\BaseConnection->simpleQuery('SELECT *\nFROM `...')
#3 C:\xampp\htdocs\myLPU-HIMS\codeigniter\system\Database\BaseBuilder.php(1428): CodeIgniter\Database\BaseConnection->query('SELECT *\nFROM `...', Array, false)
#4 C:\xampp\htdocs\myLPU-HIMS\codeigniter\system\Model.php(183): CodeIgniter\Database\BaseBuilder->get()
#5 C:\xampp\htdocs\myLPU-HIMS\codeigniter\system\BaseModel.php(584): CodeIgniter\Model->doFindAll(0, 0)
#6 C:\xampp\htdocs\myLPU-HIMS\clinic\app\Controllers\Notifications.php(21): CodeIgniter\BaseModel->findAll()
#7 C:\xampp\htdocs\myLPU-HIMS\codeigniter\system\CodeIgniter.php(802): App\Controllers\Notifications->fetchAllNotifications('2016-3-1234')
#8 C:\xampp\htdocs\myLPU-HIMS\codeigniter\system\CodeIgniter.php(399): CodeIgniter\CodeIgniter->runController(Object(App\Controllers\Notifications))
#9 C:\xampp\htdocs\myLPU-HIMS\codeigniter\system\CodeIgniter.php(317): CodeIgniter\CodeIgniter->handleRequest(NULL, Object(Config\Cache), false)
#10 C:\xampp\htdocs\myLPU-HIMS\clinic\public\index.php(37): CodeIgniter\CodeIgniter->run()
#11 {main}
CRITICAL - 2021-10-28 22:34:56 --> Table 'mylpuhims_db.health_personnels_account' doesn't exist
#0 C:\xampp\htdocs\myLPU-HIMS\codeigniter\system\Database\MySQLi\Connection.php(280): mysqli->query('SELECT *\nFROM `...')
#1 C:\xampp\htdocs\myLPU-HIMS\codeigniter\system\Database\BaseConnection.php(663): CodeIgniter\Database\MySQLi\Connection->execute('SELECT *\nFROM `...')
#2 C:\xampp\htdocs\myLPU-HIMS\codeigniter\system\Database\BaseConnection.php(591): CodeIgniter\Database\BaseConnection->simpleQuery('SELECT *\nFROM `...')
#3 C:\xampp\htdocs\myLPU-HIMS\codeigniter\system\Database\BaseBuilder.php(1428): CodeIgniter\Database\BaseConnection->query('SELECT *\nFROM `...', Array, false)
#4 C:\xampp\htdocs\myLPU-HIMS\codeigniter\system\Model.php(210): CodeIgniter\Database\BaseBuilder->get()
#5 C:\xampp\htdocs\myLPU-HIMS\codeigniter\system\BaseModel.php(622): CodeIgniter\Model->doFirst()
#6 C:\xampp\htdocs\myLPU-HIMS\clinic\app\Filters\LoggedIn.php(15): CodeIgniter\BaseModel->first()
#7 C:\xampp\htdocs\myLPU-HIMS\codeigniter\system\Filters\Filters.php(169): App\Filters\LoggedIn->before(Object(CodeIgniter\HTTP\IncomingRequest), NULL)
#8 C:\xampp\htdocs\myLPU-HIMS\codeigniter\system\CodeIgniter.php(374): CodeIgniter\Filters\Filters->run('consultations/r...', 'before')
#9 C:\xampp\htdocs\myLPU-HIMS\codeigniter\system\CodeIgniter.php(317): CodeIgniter\CodeIgniter->handleRequest(NULL, Object(Config\Cache), false)
#10 C:\xampp\htdocs\myLPU-HIMS\clinic\public\index.php(37): CodeIgniter\CodeIgniter->run()
#11 {main}
ERROR - 2021-10-28 22:34:56 --> Table 'mylpuhims_db.health_personnels_notification' doesn't exist
ERROR - 2021-10-28 22:34:56 --> Table 'mylpuhims_db.health_personnels_account' doesn't exist
CRITICAL - 2021-10-28 22:34:56 --> Table 'mylpuhims_db.health_personnels_notification' doesn't exist
#0 C:\xampp\htdocs\myLPU-HIMS\codeigniter\system\Database\MySQLi\Connection.php(280): mysqli->query('SELECT *\nFROM `...')
#1 C:\xampp\htdocs\myLPU-HIMS\codeigniter\system\Database\BaseConnection.php(663): CodeIgniter\Database\MySQLi\Connection->execute('SELECT *\nFROM `...')
#2 C:\xampp\htdocs\myLPU-HIMS\codeigniter\system\Database\BaseConnection.php(591): CodeIgniter\Database\BaseConnection->simpleQuery('SELECT *\nFROM `...')
#3 C:\xampp\htdocs\myLPU-HIMS\codeigniter\system\Database\BaseBuilder.php(1428): CodeIgniter\Database\BaseConnection->query('SELECT *\nFROM `...', Array, false)
#4 C:\xampp\htdocs\myLPU-HIMS\codeigniter\system\Model.php(183): CodeIgniter\Database\BaseBuilder->get()
#5 C:\xampp\htdocs\myLPU-HIMS\codeigniter\system\BaseModel.php(584): CodeIgniter\Model->doFindAll(0, 0)
#6 C:\xampp\htdocs\myLPU-HIMS\clinic\app\Controllers\Notifications.php(21): CodeIgniter\BaseModel->findAll()
#7 C:\xampp\htdocs\myLPU-HIMS\codeigniter\system\CodeIgniter.php(802): App\Controllers\Notifications->fetchAllNotifications('2016-3-1234')
#8 C:\xampp\htdocs\myLPU-HIMS\codeigniter\system\CodeIgniter.php(399): CodeIgniter\CodeIgniter->runController(Object(App\Controllers\Notifications))
#9 C:\xampp\htdocs\myLPU-HIMS\codeigniter\system\CodeIgniter.php(317): CodeIgniter\CodeIgniter->handleRequest(NULL, Object(Config\Cache), false)
#10 C:\xampp\htdocs\myLPU-HIMS\clinic\public\index.php(37): CodeIgniter\CodeIgniter->run()
#11 {main}
CRITICAL - 2021-10-28 22:34:56 --> Table 'mylpuhims_db.health_personnels_account' doesn't exist
#0 C:\xampp\htdocs\myLPU-HIMS\codeigniter\system\Database\MySQLi\Connection.php(280): mysqli->query('SELECT *\nFROM `...')
#1 C:\xampp\htdocs\myLPU-HIMS\codeigniter\system\Database\BaseConnection.php(663): CodeIgniter\Database\MySQLi\Connection->execute('SELECT *\nFROM `...')
#2 C:\xampp\htdocs\myLPU-HIMS\codeigniter\system\Database\BaseConnection.php(591): CodeIgniter\Database\BaseConnection->simpleQuery('SELECT *\nFROM `...')
#3 C:\xampp\htdocs\myLPU-HIMS\codeigniter\system\Database\BaseBuilder.php(1428): CodeIgniter\Database\BaseConnection->query('SELECT *\nFROM `...', Array, false)
#4 C:\xampp\htdocs\myLPU-HIMS\codeigniter\system\Model.php(210): CodeIgniter\Database\BaseBuilder->get()
#5 C:\xampp\htdocs\myLPU-HIMS\codeigniter\system\BaseModel.php(622): CodeIgniter\Model->doFirst()
#6 C:\xampp\htdocs\myLPU-HIMS\clinic\app\Filters\LoggedIn.php(15): CodeIgniter\BaseModel->first()
#7 C:\xampp\htdocs\myLPU-HIMS\codeigniter\system\Filters\Filters.php(169): App\Filters\LoggedIn->before(Object(CodeIgniter\HTTP\IncomingRequest), NULL)
#8 C:\xampp\htdocs\myLPU-HIMS\codeigniter\system\CodeIgniter.php(374): CodeIgniter\Filters\Filters->run('consultations/r...', 'before')
#9 C:\xampp\htdocs\myLPU-HIMS\codeigniter\system\CodeIgniter.php(317): CodeIgniter\CodeIgniter->handleRequest(NULL, Object(Config\Cache), false)
#10 C:\xampp\htdocs\myLPU-HIMS\clinic\public\index.php(37): CodeIgniter\CodeIgniter->run()
#11 {main}
ERROR - 2021-10-28 22:34:56 --> Table 'mylpuhims_db.health_personnels_account' doesn't exist
ERROR - 2021-10-28 22:34:56 --> Table 'mylpuhims_db.health_personnels_notification' doesn't exist
CRITICAL - 2021-10-28 22:34:56 --> Table 'mylpuhims_db.health_personnels_account' doesn't exist
#0 C:\xampp\htdocs\myLPU-HIMS\codeigniter\system\Database\MySQLi\Connection.php(280): mysqli->query('SELECT *\nFROM `...')
#1 C:\xampp\htdocs\myLPU-HIMS\codeigniter\system\Database\BaseConnection.php(663): CodeIgniter\Database\MySQLi\Connection->execute('SELECT *\nFROM `...')
#2 C:\xampp\htdocs\myLPU-HIMS\codeigniter\system\Database\BaseConnection.php(591): CodeIgniter\Database\BaseConnection->simpleQuery('SELECT *\nFROM `...')
#3 C:\xampp\htdocs\myLPU-HIMS\codeigniter\system\Database\BaseBuilder.php(1428): CodeIgniter\Database\BaseConnection->query('SELECT *\nFROM `...', Array, false)
#4 C:\xampp\htdocs\myLPU-HIMS\codeigniter\system\Model.php(210): CodeIgniter\Database\BaseBuilder->get()
#5 C:\xampp\htdocs\myLPU-HIMS\codeigniter\system\BaseModel.php(622): CodeIgniter\Model->doFirst()
#6 C:\xampp\htdocs\myLPU-HIMS\clinic\app\Filters\LoggedIn.php(15): CodeIgniter\BaseModel->first()
#7 C:\xampp\htdocs\myLPU-HIMS\codeigniter\system\Filters\Filters.php(169): App\Filters\LoggedIn->before(Object(CodeIgniter\HTTP\IncomingRequest), NULL)
#8 C:\xampp\htdocs\myLPU-HIMS\codeigniter\system\CodeIgniter.php(374): CodeIgniter\Filters\Filters->run('consultations/r...', 'before')
#9 C:\xampp\htdocs\myLPU-HIMS\codeigniter\system\CodeIgniter.php(317): CodeIgniter\CodeIgniter->handleRequest(NULL, Object(Config\Cache), false)
#10 C:\xampp\htdocs\myLPU-HIMS\clinic\public\index.php(37): CodeIgniter\CodeIgniter->run()
#11 {main}
CRITICAL - 2021-10-28 22:34:56 --> Table 'mylpuhims_db.health_personnels_notification' doesn't exist
#0 C:\xampp\htdocs\myLPU-HIMS\codeigniter\system\Database\MySQLi\Connection.php(280): mysqli->query('SELECT *\nFROM `...')
#1 C:\xampp\htdocs\myLPU-HIMS\codeigniter\system\Database\BaseConnection.php(663): CodeIgniter\Database\MySQLi\Connection->execute('SELECT *\nFROM `...')
#2 C:\xampp\htdocs\myLPU-HIMS\codeigniter\system\Database\BaseConnection.php(591): CodeIgniter\Database\BaseConnection->simpleQuery('SELECT *\nFROM `...')
#3 C:\xampp\htdocs\myLPU-HIMS\codeigniter\system\Database\BaseBuilder.php(1428): CodeIgniter\Database\BaseConnection->query('SELECT *\nFROM `...', Array, false)
#4 C:\xampp\htdocs\myLPU-HIMS\codeigniter\system\Model.php(183): CodeIgniter\Database\BaseBuilder->get()
#5 C:\xampp\htdocs\myLPU-HIMS\codeigniter\system\BaseModel.php(584): CodeIgniter\Model->doFindAll(0, 0)
#6 C:\xampp\htdocs\myLPU-HIMS\clinic\app\Controllers\Notifications.php(21): CodeIgniter\BaseModel->findAll()
#7 C:\xampp\htdocs\myLPU-HIMS\codeigniter\system\CodeIgniter.php(802): App\Controllers\Notifications->fetchAllNotifications('2016-3-1234')
#8 C:\xampp\htdocs\myLPU-HIMS\codeigniter\system\CodeIgniter.php(399): CodeIgniter\CodeIgniter->runController(Object(App\Controllers\Notifications))
#9 C:\xampp\htdocs\myLPU-HIMS\codeigniter\system\CodeIgniter.php(317): CodeIgniter\CodeIgniter->handleRequest(NULL, Object(Config\Cache), false)
#10 C:\xampp\htdocs\myLPU-HIMS\clinic\public\index.php(37): CodeIgniter\CodeIgniter->run()
#11 {main}
ERROR - 2021-10-28 22:34:56 --> Table 'mylpuhims_db.health_personnels_notification' doesn't exist
CRITICAL - 2021-10-28 22:34:56 --> Table 'mylpuhims_db.health_personnels_notification' doesn't exist
#0 C:\xampp\htdocs\myLPU-HIMS\codeigniter\system\Database\MySQLi\Connection.php(280): mysqli->query('SELECT *\nFROM `...')
#1 C:\xampp\htdocs\myLPU-HIMS\codeigniter\system\Database\BaseConnection.php(663): CodeIgniter\Database\MySQLi\Connection->execute('SELECT *\nFROM `...')
#2 C:\xampp\htdocs\myLPU-HIMS\codeigniter\system\Database\BaseConnection.php(591): CodeIgniter\Database\BaseConnection->simpleQuery('SELECT *\nFROM `...')
#3 C:\xampp\htdocs\myLPU-HIMS\codeigniter\system\Database\BaseBuilder.php(1428): CodeIgniter\Database\BaseConnection->query('SELECT *\nFROM `...', Array, false)
#4 C:\xampp\htdocs\myLPU-HIMS\codeigniter\system\Model.php(183): CodeIgniter\Database\BaseBuilder->get()
#5 C:\xampp\htdocs\myLPU-HIMS\codeigniter\system\BaseModel.php(584): CodeIgniter\Model->doFindAll(0, 0)
#6 C:\xampp\htdocs\myLPU-HIMS\clinic\app\Controllers\Notifications.php(21): CodeIgniter\BaseModel->findAll()
#7 C:\xampp\htdocs\myLPU-HIMS\codeigniter\system\CodeIgniter.php(802): App\Controllers\Notifications->fetchAllNotifications('2016-3-1234')
#8 C:\xampp\htdocs\myLPU-HIMS\codeigniter\system\CodeIgniter.php(399): CodeIgniter\CodeIgniter->runController(Object(App\Controllers\Notifications))
#9 C:\xampp\htdocs\myLPU-HIMS\codeigniter\system\CodeIgniter.php(317): CodeIgniter\CodeIgniter->handleRequest(NULL, Object(Config\Cache), false)
#10 C:\xampp\htdocs\myLPU-HIMS\clinic\public\index.php(37): CodeIgniter\CodeIgniter->run()
#11 {main}
ERROR - 2021-10-28 22:34:56 --> Table 'mylpuhims_db.health_personnels_account' doesn't exist
CRITICAL - 2021-10-28 22:34:56 --> Table 'mylpuhims_db.health_personnels_account' doesn't exist
#0 C:\xampp\htdocs\myLPU-HIMS\codeigniter\system\Database\MySQLi\Connection.php(280): mysqli->query('SELECT *\nFROM `...')
#1 C:\xampp\htdocs\myLPU-HIMS\codeigniter\system\Database\BaseConnection.php(663): CodeIgniter\Database\MySQLi\Connection->execute('SELECT *\nFROM `...')
#2 C:\xampp\htdocs\myLPU-HIMS\codeigniter\system\Database\BaseConnection.php(591): CodeIgniter\Database\BaseConnection->simpleQuery('SELECT *\nFROM `...')
#3 C:\xampp\htdocs\myLPU-HIMS\codeigniter\system\Database\BaseBuilder.php(1428): CodeIgniter\Database\BaseConnection->query('SELECT *\nFROM `...', Array, false)
#4 C:\xampp\htdocs\myLPU-HIMS\codeigniter\system\Model.php(210): CodeIgniter\Database\BaseBuilder->get()
#5 C:\xampp\htdocs\myLPU-HIMS\codeigniter\system\BaseModel.php(622): CodeIgniter\Model->doFirst()
#6 C:\xampp\htdocs\myLPU-HIMS\clinic\app\Filters\LoggedIn.php(15): CodeIgniter\BaseModel->first()
#7 C:\xampp\htdocs\myLPU-HIMS\codeigniter\system\Filters\Filters.php(169): App\Filters\LoggedIn->before(Object(CodeIgniter\HTTP\IncomingRequest), NULL)
#8 C:\xampp\htdocs\myLPU-HIMS\codeigniter\system\CodeIgniter.php(374): CodeIgniter\Filters\Filters->run('consultations/r...', 'before')
#9 C:\xampp\htdocs\myLPU-HIMS\codeigniter\system\CodeIgniter.php(317): CodeIgniter\CodeIgniter->handleRequest(NULL, Object(Config\Cache), false)
#10 C:\xampp\htdocs\myLPU-HIMS\clinic\public\index.php(37): CodeIgniter\CodeIgniter->run()
#11 {main}
ERROR - 2021-10-28 22:34:57 --> Table 'mylpuhims_db.health_personnels_notification' doesn't exist
CRITICAL - 2021-10-28 22:34:57 --> Table 'mylpuhims_db.health_personnels_notification' doesn't exist
#0 C:\xampp\htdocs\myLPU-HIMS\codeigniter\system\Database\MySQLi\Connection.php(280): mysqli->query('SELECT *\nFROM `...')
#1 C:\xampp\htdocs\myLPU-HIMS\codeigniter\system\Database\BaseConnection.php(663): CodeIgniter\Database\MySQLi\Connection->execute('SELECT *\nFROM `...')
#2 C:\xampp\htdocs\myLPU-HIMS\codeigniter\system\Database\BaseConnection.php(591): CodeIgniter\Database\BaseConnection->simpleQuery('SELECT *\nFROM `...')
#3 C:\xampp\htdocs\myLPU-HIMS\codeigniter\system\Database\BaseBuilder.php(1428): CodeIgniter\Database\BaseConnection->query('SELECT *\nFROM `...', Array, false)
#4 C:\xampp\htdocs\myLPU-HIMS\codeigniter\system\Model.php(183): CodeIgniter\Database\BaseBuilder->get()
#5 C:\xampp\htdocs\myLPU-HIMS\codeigniter\system\BaseModel.php(584): CodeIgniter\Model->doFindAll(0, 0)
#6 C:\xampp\htdocs\myLPU-HIMS\clinic\app\Controllers\Notifications.php(21): CodeIgniter\BaseModel->findAll()
#7 C:\xampp\htdocs\myLPU-HIMS\codeigniter\system\CodeIgniter.php(802): App\Controllers\Notifications->fetchAllNotifications('2016-3-1234')
#8 C:\xampp\htdocs\myLPU-HIMS\codeigniter\system\CodeIgniter.php(399): CodeIgniter\CodeIgniter->runController(Object(App\Controllers\Notifications))
#9 C:\xampp\htdocs\myLPU-HIMS\codeigniter\system\CodeIgniter.php(317): CodeIgniter\CodeIgniter->handleRequest(NULL, Object(Config\Cache), false)
#10 C:\xampp\htdocs\myLPU-HIMS\clinic\public\index.php(37): CodeIgniter\CodeIgniter->run()
#11 {main}
ERROR - 2021-10-28 22:34:57 --> Table 'mylpuhims_db.health_personnels_account' doesn't exist
CRITICAL - 2021-10-28 22:34:57 --> Table 'mylpuhims_db.health_personnels_account' doesn't exist
#0 C:\xampp\htdocs\myLPU-HIMS\codeigniter\system\Database\MySQLi\Connection.php(280): mysqli->query('SELECT *\nFROM `...')
#1 C:\xampp\htdocs\myLPU-HIMS\codeigniter\system\Database\BaseConnection.php(663): CodeIgniter\Database\MySQLi\Connection->execute('SELECT *\nFROM `...')
#2 C:\xampp\htdocs\myLPU-HIMS\codeigniter\system\Database\BaseConnection.php(591): CodeIgniter\Database\BaseConnection->simpleQuery('SELECT *\nFROM `...')
#3 C:\xampp\htdocs\myLPU-HIMS\codeigniter\system\Database\BaseBuilder.php(1428): CodeIgniter\Database\BaseConnection->query('SELECT *\nFROM `...', Array, false)
#4 C:\xampp\htdocs\myLPU-HIMS\codeigniter\system\Model.php(210): CodeIgniter\Database\BaseBuilder->get()
#5 C:\xampp\htdocs\myLPU-HIMS\codeigniter\system\BaseModel.php(622): CodeIgniter\Model->doFirst()
#6 C:\xampp\htdocs\myLPU-HIMS\clinic\app\Filters\LoggedIn.php(15): CodeIgniter\BaseModel->first()
#7 C:\xampp\htdocs\myLPU-HIMS\codeigniter\system\Filters\Filters.php(169): App\Filters\LoggedIn->before(Object(CodeIgniter\HTTP\IncomingRequest), NULL)
#8 C:\xampp\htdocs\myLPU-HIMS\codeigniter\system\CodeIgniter.php(374): CodeIgniter\Filters\Filters->run('consultations/r...', 'before')
#9 C:\xampp\htdocs\myLPU-HIMS\codeigniter\system\CodeIgniter.php(317): CodeIgniter\CodeIgniter->handleRequest(NULL, Object(Config\Cache), false)
#10 C:\xampp\htdocs\myLPU-HIMS\clinic\public\index.php(37): CodeIgniter\CodeIgniter->run()
#11 {main}
ERROR - 2021-10-28 22:34:57 --> Table 'mylpuhims_db.health_personnels_notification' doesn't exist
CRITICAL - 2021-10-28 22:34:57 --> Table 'mylpuhims_db.health_personnels_notification' doesn't exist
#0 C:\xampp\htdocs\myLPU-HIMS\codeigniter\system\Database\MySQLi\Connection.php(280): mysqli->query('SELECT *\nFROM `...')
#1 C:\xampp\htdocs\myLPU-HIMS\codeigniter\system\Database\BaseConnection.php(663): CodeIgniter\Database\MySQLi\Connection->execute('SELECT *\nFROM `...')
#2 C:\xampp\htdocs\myLPU-HIMS\codeigniter\system\Database\BaseConnection.php(591): CodeIgniter\Database\BaseConnection->simpleQuery('SELECT *\nFROM `...')
#3 C:\xampp\htdocs\myLPU-HIMS\codeigniter\system\Database\BaseBuilder.php(1428): CodeIgniter\Database\BaseConnection->query('SELECT *\nFROM `...', Array, false)
#4 C:\xampp\htdocs\myLPU-HIMS\codeigniter\system\Model.php(183): CodeIgniter\Database\BaseBuilder->get()
#5 C:\xampp\htdocs\myLPU-HIMS\codeigniter\system\BaseModel.php(584): CodeIgniter\Model->doFindAll(0, 0)
#6 C:\xampp\htdocs\myLPU-HIMS\clinic\app\Controllers\Notifications.php(21): CodeIgniter\BaseModel->findAll()
#7 C:\xampp\htdocs\myLPU-HIMS\codeigniter\system\CodeIgniter.php(802): App\Controllers\Notifications->fetchAllNotifications('2016-3-1234')
#8 C:\xampp\htdocs\myLPU-HIMS\codeigniter\system\CodeIgniter.php(399): CodeIgniter\CodeIgniter->runController(Object(App\Controllers\Notifications))
#9 C:\xampp\htdocs\myLPU-HIMS\codeigniter\system\CodeIgniter.php(317): CodeIgniter\CodeIgniter->handleRequest(NULL, Object(Config\Cache), false)
#10 C:\xampp\htdocs\myLPU-HIMS\clinic\public\index.php(37): CodeIgniter\CodeIgniter->run()
#11 {main}
ERROR - 2021-10-28 22:34:57 --> Table 'mylpuhims_db.health_personnels_account' doesn't exist
CRITICAL - 2021-10-28 22:34:57 --> Table 'mylpuhims_db.health_personnels_account' doesn't exist
#0 C:\xampp\htdocs\myLPU-HIMS\codeigniter\system\Database\MySQLi\Connection.php(280): mysqli->query('SELECT *\nFROM `...')
#1 C:\xampp\htdocs\myLPU-HIMS\codeigniter\system\Database\BaseConnection.php(663): CodeIgniter\Database\MySQLi\Connection->execute('SELECT *\nFROM `...')
#2 C:\xampp\htdocs\myLPU-HIMS\codeigniter\system\Database\BaseConnection.php(591): CodeIgniter\Database\BaseConnection->simpleQuery('SELECT *\nFROM `...')
#3 C:\xampp\htdocs\myLPU-HIMS\codeigniter\system\Database\BaseBuilder.php(1428): CodeIgniter\Database\BaseConnection->query('SELECT *\nFROM `...', Array, false)
#4 C:\xampp\htdocs\myLPU-HIMS\codeigniter\system\Model.php(210): CodeIgniter\Database\BaseBuilder->get()
#5 C:\xampp\htdocs\myLPU-HIMS\codeigniter\system\BaseModel.php(622): CodeIgniter\Model->doFirst()
#6 C:\xampp\htdocs\myLPU-HIMS\clinic\app\Filters\LoggedIn.php(15): CodeIgniter\BaseModel->first()
#7 C:\xampp\htdocs\myLPU-HIMS\codeigniter\system\Filters\Filters.php(169): App\Filters\LoggedIn->before(Object(CodeIgniter\HTTP\IncomingRequest), NULL)
#8 C:\xampp\htdocs\myLPU-HIMS\codeigniter\system\CodeIgniter.php(374): CodeIgniter\Filters\Filters->run('consultations/r...', 'before')
#9 C:\xampp\htdocs\myLPU-HIMS\codeigniter\system\CodeIgniter.php(317): CodeIgniter\CodeIgniter->handleRequest(NULL, Object(Config\Cache), false)
#10 C:\xampp\htdocs\myLPU-HIMS\clinic\public\index.php(37): CodeIgniter\CodeIgniter->run()
#11 {main}
ERROR - 2021-10-28 22:34:57 --> Table 'mylpuhims_db.health_personnels_notification' doesn't exist
CRITICAL - 2021-10-28 22:34:57 --> Table 'mylpuhims_db.health_personnels_notification' doesn't exist
#0 C:\xampp\htdocs\myLPU-HIMS\codeigniter\system\Database\MySQLi\Connection.php(280): mysqli->query('SELECT *\nFROM `...')
#1 C:\xampp\htdocs\myLPU-HIMS\codeigniter\system\Database\BaseConnection.php(663): CodeIgniter\Database\MySQLi\Connection->execute('SELECT *\nFROM `...')
#2 C:\xampp\htdocs\myLPU-HIMS\codeigniter\system\Database\BaseConnection.php(591): CodeIgniter\Database\BaseConnection->simpleQuery('SELECT *\nFROM `...')
#3 C:\xampp\htdocs\myLPU-HIMS\codeigniter\system\Database\BaseBuilder.php(1428): CodeIgniter\Database\BaseConnection->query('SELECT *\nFROM `...', Array, false)
#4 C:\xampp\htdocs\myLPU-HIMS\codeigniter\system\Model.php(183): CodeIgniter\Database\BaseBuilder->get()
#5 C:\xampp\htdocs\myLPU-HIMS\codeigniter\system\BaseModel.php(584): CodeIgniter\Model->doFindAll(0, 0)
#6 C:\xampp\htdocs\myLPU-HIMS\clinic\app\Controllers\Notifications.php(21): CodeIgniter\BaseModel->findAll()
#7 C:\xampp\htdocs\myLPU-HIMS\codeigniter\system\CodeIgniter.php(802): App\Controllers\Notifications->fetchAllNotifications('2016-3-1234')
#8 C:\xampp\htdocs\myLPU-HIMS\codeigniter\system\CodeIgniter.php(399): CodeIgniter\CodeIgniter->runController(Object(App\Controllers\Notifications))
#9 C:\xampp\htdocs\myLPU-HIMS\codeigniter\system\CodeIgniter.php(317): CodeIgniter\CodeIgniter->handleRequest(NULL, Object(Config\Cache), false)
#10 C:\xampp\htdocs\myLPU-HIMS\clinic\public\index.php(37): CodeIgniter\CodeIgniter->run()
#11 {main}
ERROR - 2021-10-28 22:34:57 --> Table 'mylpuhims_db.health_personnels_account' doesn't exist
CRITICAL - 2021-10-28 22:34:57 --> Table 'mylpuhims_db.health_personnels_account' doesn't exist
#0 C:\xampp\htdocs\myLPU-HIMS\codeigniter\system\Database\MySQLi\Connection.php(280): mysqli->query('SELECT *\nFROM `...')
#1 C:\xampp\htdocs\myLPU-HIMS\codeigniter\system\Database\BaseConnection.php(663): CodeIgniter\Database\MySQLi\Connection->execute('SELECT *\nFROM `...')
#2 C:\xampp\htdocs\myLPU-HIMS\codeigniter\system\Database\BaseConnection.php(591): CodeIgniter\Database\BaseConnection->simpleQuery('SELECT *\nFROM `...')
#3 C:\xampp\htdocs\myLPU-HIMS\codeigniter\system\Database\BaseBuilder.php(1428): CodeIgniter\Database\BaseConnection->query('SELECT *\nFROM `...', Array, false)
#4 C:\xampp\htdocs\myLPU-HIMS\codeigniter\system\Model.php(210): CodeIgniter\Database\BaseBuilder->get()
#5 C:\xampp\htdocs\myLPU-HIMS\codeigniter\system\BaseModel.php(622): CodeIgniter\Model->doFirst()
#6 C:\xampp\htdocs\myLPU-HIMS\clinic\app\Filters\LoggedIn.php(15): CodeIgniter\BaseModel->first()
#7 C:\xampp\htdocs\myLPU-HIMS\codeigniter\system\Filters\Filters.php(169): App\Filters\LoggedIn->before(Object(CodeIgniter\HTTP\IncomingRequest), NULL)
#8 C:\xampp\htdocs\myLPU-HIMS\codeigniter\system\CodeIgniter.php(374): CodeIgniter\Filters\Filters->run('consultations/r...', 'before')
#9 C:\xampp\htdocs\myLPU-HIMS\codeigniter\system\CodeIgniter.php(317): CodeIgniter\CodeIgniter->handleRequest(NULL, Object(Config\Cache), false)
#10 C:\xampp\htdocs\myLPU-HIMS\clinic\public\index.php(37): CodeIgniter\CodeIgniter->run()
#11 {main}
ERROR - 2021-10-28 22:34:58 --> Table 'mylpuhims_db.health_personnels_account' doesn't exist
CRITICAL - 2021-10-28 22:34:58 --> Table 'mylpuhims_db.health_personnels_account' doesn't exist
#0 C:\xampp\htdocs\myLPU-HIMS\codeigniter\system\Database\MySQLi\Connection.php(280): mysqli->query('SELECT *\nFROM `...')
#1 C:\xampp\htdocs\myLPU-HIMS\codeigniter\system\Database\BaseConnection.php(663): CodeIgniter\Database\MySQLi\Connection->execute('SELECT *\nFROM `...')
#2 C:\xampp\htdocs\myLPU-HIMS\codeigniter\system\Database\BaseConnection.php(591): CodeIgniter\Database\BaseConnection->simpleQuery('SELECT *\nFROM `...')
#3 C:\xampp\htdocs\myLPU-HIMS\codeigniter\system\Database\BaseBuilder.php(1428): CodeIgniter\Database\BaseConnection->query('SELECT *\nFROM `...', Array, false)
#4 C:\xampp\htdocs\myLPU-HIMS\codeigniter\system\Model.php(210): CodeIgniter\Database\BaseBuilder->get()
#5 C:\xampp\htdocs\myLPU-HIMS\codeigniter\system\BaseModel.php(622): CodeIgniter\Model->doFirst()
#6 C:\xampp\htdocs\myLPU-HIMS\clinic\app\Filters\LoggedIn.php(15): CodeIgniter\BaseModel->first()
#7 C:\xampp\htdocs\myLPU-HIMS\codeigniter\system\Filters\Filters.php(169): App\Filters\LoggedIn->before(Object(CodeIgniter\HTTP\IncomingRequest), NULL)
#8 C:\xampp\htdocs\myLPU-HIMS\codeigniter\system\CodeIgniter.php(374): CodeIgniter\Filters\Filters->run('consultations/r...', 'before')
#9 C:\xampp\htdocs\myLPU-HIMS\codeigniter\system\CodeIgniter.php(317): CodeIgniter\CodeIgniter->handleRequest(NULL, Object(Config\Cache), false)
#10 C:\xampp\htdocs\myLPU-HIMS\clinic\public\index.php(37): CodeIgniter\CodeIgniter->run()
#11 {main}
ERROR - 2021-10-28 22:34:58 --> Table 'mylpuhims_db.health_personnels_notification' doesn't exist
CRITICAL - 2021-10-28 22:34:58 --> Table 'mylpuhims_db.health_personnels_notification' doesn't exist
#0 C:\xampp\htdocs\myLPU-HIMS\codeigniter\system\Database\MySQLi\Connection.php(280): mysqli->query('SELECT *\nFROM `...')
#1 C:\xampp\htdocs\myLPU-HIMS\codeigniter\system\Database\BaseConnection.php(663): CodeIgniter\Database\MySQLi\Connection->execute('SELECT *\nFROM `...')
#2 C:\xampp\htdocs\myLPU-HIMS\codeigniter\system\Database\BaseConnection.php(591): CodeIgniter\Database\BaseConnection->simpleQuery('SELECT *\nFROM `...')
#3 C:\xampp\htdocs\myLPU-HIMS\codeigniter\system\Database\BaseBuilder.php(1428): CodeIgniter\Database\BaseConnection->query('SELECT *\nFROM `...', Array, false)
#4 C:\xampp\htdocs\myLPU-HIMS\codeigniter\system\Model.php(183): CodeIgniter\Database\BaseBuilder->get()
#5 C:\xampp\htdocs\myLPU-HIMS\codeigniter\system\BaseModel.php(584): CodeIgniter\Model->doFindAll(0, 0)
#6 C:\xampp\htdocs\myLPU-HIMS\clinic\app\Controllers\Notifications.php(21): CodeIgniter\BaseModel->findAll()
#7 C:\xampp\htdocs\myLPU-HIMS\codeigniter\system\CodeIgniter.php(802): App\Controllers\Notifications->fetchAllNotifications('2016-3-1234')
#8 C:\xampp\htdocs\myLPU-HIMS\codeigniter\system\CodeIgniter.php(399): CodeIgniter\CodeIgniter->runController(Object(App\Controllers\Notifications))
#9 C:\xampp\htdocs\myLPU-HIMS\codeigniter\system\CodeIgniter.php(317): CodeIgniter\CodeIgniter->handleRequest(NULL, Object(Config\Cache), false)
#10 C:\xampp\htdocs\myLPU-HIMS\clinic\public\index.php(37): CodeIgniter\CodeIgniter->run()
#11 {main}
ERROR - 2021-10-28 22:34:58 --> Table 'mylpuhims_db.health_personnels_notification' doesn't exist
CRITICAL - 2021-10-28 22:34:58 --> Table 'mylpuhims_db.health_personnels_notification' doesn't exist
#0 C:\xampp\htdocs\myLPU-HIMS\codeigniter\system\Database\MySQLi\Connection.php(280): mysqli->query('SELECT *\nFROM `...')
#1 C:\xampp\htdocs\myLPU-HIMS\codeigniter\system\Database\BaseConnection.php(663): CodeIgniter\Database\MySQLi\Connection->execute('SELECT *\nFROM `...')
#2 C:\xampp\htdocs\myLPU-HIMS\codeigniter\system\Database\BaseConnection.php(591): CodeIgniter\Database\BaseConnection->simpleQuery('SELECT *\nFROM `...')
#3 C:\xampp\htdocs\myLPU-HIMS\codeigniter\system\Database\BaseBuilder.php(1428): CodeIgniter\Database\BaseConnection->query('SELECT *\nFROM `...', Array, false)
#4 C:\xampp\htdocs\myLPU-HIMS\codeigniter\system\Model.php(183): CodeIgniter\Database\BaseBuilder->get()
#5 C:\xampp\htdocs\myLPU-HIMS\codeigniter\system\BaseModel.php(584): CodeIgniter\Model->doFindAll(0, 0)
#6 C:\xampp\htdocs\myLPU-HIMS\clinic\app\Controllers\Notifications.php(21): CodeIgniter\BaseModel->findAll()
#7 C:\xampp\htdocs\myLPU-HIMS\codeigniter\system\CodeIgniter.php(802): App\Controllers\Notifications->fetchAllNotifications('2016-3-1234')
#8 C:\xampp\htdocs\myLPU-HIMS\codeigniter\system\CodeIgniter.php(399): CodeIgniter\CodeIgniter->runController(Object(App\Controllers\Notifications))
#9 C:\xampp\htdocs\myLPU-HIMS\codeigniter\system\CodeIgniter.php(317): CodeIgniter\CodeIgniter->handleRequest(NULL, Object(Config\Cache), false)
#10 C:\xampp\htdocs\myLPU-HIMS\clinic\public\index.php(37): CodeIgniter\CodeIgniter->run()
#11 {main}
ERROR - 2021-10-28 22:34:59 --> Table 'mylpuhims_db.health_personnels_notification' doesn't exist
CRITICAL - 2021-10-28 22:34:59 --> Table 'mylpuhims_db.health_personnels_notification' doesn't exist
#0 C:\xampp\htdocs\myLPU-HIMS\codeigniter\system\Database\MySQLi\Connection.php(280): mysqli->query('SELECT *\nFROM `...')
#1 C:\xampp\htdocs\myLPU-HIMS\codeigniter\system\Database\BaseConnection.php(663): CodeIgniter\Database\MySQLi\Connection->execute('SELECT *\nFROM `...')
#2 C:\xampp\htdocs\myLPU-HIMS\codeigniter\system\Database\BaseConnection.php(591): CodeIgniter\Database\BaseConnection->simpleQuery('SELECT *\nFROM `...')
#3 C:\xampp\htdocs\myLPU-HIMS\codeigniter\system\Database\BaseBuilder.php(1428): CodeIgniter\Database\BaseConnection->query('SELECT *\nFROM `...', Array, false)
#4 C:\xampp\htdocs\myLPU-HIMS\codeigniter\system\Model.php(183): CodeIgniter\Database\BaseBuilder->get()
#5 C:\xampp\htdocs\myLPU-HIMS\codeigniter\system\BaseModel.php(584): CodeIgniter\Model->doFindAll(0, 0)
#6 C:\xampp\htdocs\myLPU-HIMS\clinic\app\Controllers\Notifications.php(21): CodeIgniter\BaseModel->findAll()
#7 C:\xampp\htdocs\myLPU-HIMS\codeigniter\system\CodeIgniter.php(802): App\Controllers\Notifications->fetchAllNotifications('2016-3-1234')
#8 C:\xampp\htdocs\myLPU-HIMS\codeigniter\system\CodeIgniter.php(399): CodeIgniter\CodeIgniter->runController(Object(App\Controllers\Notifications))
#9 C:\xampp\htdocs\myLPU-HIMS\codeigniter\system\CodeIgniter.php(317): CodeIgniter\CodeIgniter->handleRequest(NULL, Object(Config\Cache), false)
#10 C:\xampp\htdocs\myLPU-HIMS\clinic\public\index.php(37): CodeIgniter\CodeIgniter->run()
#11 {main}
