ERROR - 2021-10-05 15:09:14 --> Table 'mylpuhims_db.health_personnels_account' doesn't exist
CRITICAL - 2021-10-05 15:09:14 --> Table 'mylpuhims_db.health_personnels_account' doesn't exist
#0 C:\xampp\htdocs\myLPU-HIMS\codeigniter\system\Database\MySQLi\Connection.php(280): mysqli->query('SELECT *\nFROM `...')
#1 C:\xampp\htdocs\myLPU-HIMS\codeigniter\system\Database\BaseConnection.php(663): CodeIgniter\Database\MySQLi\Connection->execute('SELECT *\nFROM `...')
#2 C:\xampp\htdocs\myLPU-HIMS\codeigniter\system\Database\BaseConnection.php(591): CodeIgniter\Database\BaseConnection->simpleQuery('SELECT *\nFROM `...')
#3 C:\xampp\htdocs\myLPU-HIMS\codeigniter\system\Database\BaseBuilder.php(1428): CodeIgniter\Database\BaseConnection->query('SELECT *\nFROM `...', Array, false)
#4 C:\xampp\htdocs\myLPU-HIMS\codeigniter\system\Model.php(210): CodeIgniter\Database\BaseBuilder->get()
#5 C:\xampp\htdocs\myLPU-HIMS\codeigniter\system\BaseModel.php(622): CodeIgniter\Model->doFirst()
#6 C:\xampp\htdocs\myLPU-HIMS\clinic\app\Controllers\Consultations.php(78): CodeIgniter\BaseModel->first()
#7 C:\xampp\htdocs\myLPU-HIMS\codeigniter\system\CodeIgniter.php(802): App\Controllers\Consultations->fetchAllRequestConsultations()
#8 C:\xampp\htdocs\myLPU-HIMS\codeigniter\system\CodeIgniter.php(399): CodeIgniter\CodeIgniter->runController(Object(App\Controllers\Consultations))
#9 C:\xampp\htdocs\myLPU-HIMS\codeigniter\system\CodeIgniter.php(317): CodeIgniter\CodeIgniter->handleRequest(NULL, Object(Config\Cache), false)
#10 C:\xampp\htdocs\myLPU-HIMS\clinic\public\index.php(37): CodeIgniter\CodeIgniter->run()
#11 {main}
ERROR - 2021-10-05 15:09:14 --> Error connecting to the database: Unknown database 'mylpuhims_db'
CRITICAL - 2021-10-05 15:09:14 --> Unable to connect to the database.
Main connection [MySQLi]: Unknown database 'mylpuhims_db'
#0 C:\xampp\htdocs\myLPU-HIMS\codeigniter\system\Database\BaseConnection.php(570): CodeIgniter\Database\BaseConnection->initialize()
#1 C:\xampp\htdocs\myLPU-HIMS\codeigniter\system\Database\BaseBuilder.php(1428): CodeIgniter\Database\BaseConnection->query('SELECT *\nFROM `...', Array, false)
#2 C:\xampp\htdocs\myLPU-HIMS\codeigniter\system\Model.php(210): CodeIgniter\Database\BaseBuilder->get()
#3 C:\xampp\htdocs\myLPU-HIMS\codeigniter\system\BaseModel.php(622): CodeIgniter\Model->doFirst()
#4 C:\xampp\htdocs\myLPU-HIMS\clinic\app\Controllers\Consultations.php(124): CodeIgniter\BaseModel->first()
#5 C:\xampp\htdocs\myLPU-HIMS\codeigniter\system\CodeIgniter.php(802): App\Controllers\Consultations->fetchAllScheduledConsultations()
#6 C:\xampp\htdocs\myLPU-HIMS\codeigniter\system\CodeIgniter.php(399): CodeIgniter\CodeIgniter->runController(Object(App\Controllers\Consultations))
#7 C:\xampp\htdocs\myLPU-HIMS\codeigniter\system\CodeIgniter.php(317): CodeIgniter\CodeIgniter->handleRequest(NULL, Object(Config\Cache), false)
#8 C:\xampp\htdocs\myLPU-HIMS\clinic\public\index.php(37): CodeIgniter\CodeIgniter->run()
#9 {main}
ERROR - 2021-10-05 15:09:14 --> Error connecting to the database: Unknown database 'mylpuhims_db'
CRITICAL - 2021-10-05 15:09:14 --> Unable to connect to the database.
Main connection [MySQLi]: Unknown database 'mylpuhims_db'
#0 C:\xampp\htdocs\myLPU-HIMS\codeigniter\system\Database\BaseConnection.php(570): CodeIgniter\Database\BaseConnection->initialize()
#1 C:\xampp\htdocs\myLPU-HIMS\codeigniter\system\Database\BaseBuilder.php(1428): CodeIgniter\Database\BaseConnection->query('SELECT *\nFROM `...', Array, false)
#2 C:\xampp\htdocs\myLPU-HIMS\codeigniter\system\Model.php(210): CodeIgniter\Database\BaseBuilder->get()
#3 C:\xampp\htdocs\myLPU-HIMS\codeigniter\system\BaseModel.php(622): CodeIgniter\Model->doFirst()
#4 C:\xampp\htdocs\myLPU-HIMS\clinic\app\Controllers\Consultations.php(78): CodeIgniter\BaseModel->first()
#5 C:\xampp\htdocs\myLPU-HIMS\codeigniter\system\CodeIgniter.php(802): App\Controllers\Consultations->fetchAllRequestConsultations()
#6 C:\xampp\htdocs\myLPU-HIMS\codeigniter\system\CodeIgniter.php(399): CodeIgniter\CodeIgniter->runController(Object(App\Controllers\Consultations))
#7 C:\xampp\htdocs\myLPU-HIMS\codeigniter\system\CodeIgniter.php(317): CodeIgniter\CodeIgniter->handleRequest(NULL, Object(Config\Cache), false)
#8 C:\xampp\htdocs\myLPU-HIMS\clinic\public\index.php(37): CodeIgniter\CodeIgniter->run()
#9 {main}
ERROR - 2021-10-05 15:09:14 --> Error connecting to the database: Unknown database 'mylpuhims_db'
CRITICAL - 2021-10-05 15:09:14 --> Unable to connect to the database.
Main connection [MySQLi]: Unknown database 'mylpuhims_db'
#0 C:\xampp\htdocs\myLPU-HIMS\codeigniter\system\Database\BaseConnection.php(570): CodeIgniter\Database\BaseConnection->initialize()
#1 C:\xampp\htdocs\myLPU-HIMS\codeigniter\system\Database\BaseBuilder.php(1428): CodeIgniter\Database\BaseConnection->query('SELECT *\nFROM `...', Array, false)
#2 C:\xampp\htdocs\myLPU-HIMS\codeigniter\system\Model.php(210): CodeIgniter\Database\BaseBuilder->get()
#3 C:\xampp\htdocs\myLPU-HIMS\codeigniter\system\BaseModel.php(622): CodeIgniter\Model->doFirst()
#4 C:\xampp\htdocs\myLPU-HIMS\clinic\app\Controllers\Consultations.php(124): CodeIgniter\BaseModel->first()
#5 C:\xampp\htdocs\myLPU-HIMS\codeigniter\system\CodeIgniter.php(802): App\Controllers\Consultations->fetchAllScheduledConsultations()
#6 C:\xampp\htdocs\myLPU-HIMS\codeigniter\system\CodeIgniter.php(399): CodeIgniter\CodeIgniter->runController(Object(App\Controllers\Consultations))
#7 C:\xampp\htdocs\myLPU-HIMS\codeigniter\system\CodeIgniter.php(317): CodeIgniter\CodeIgniter->handleRequest(NULL, Object(Config\Cache), false)
#8 C:\xampp\htdocs\myLPU-HIMS\clinic\public\index.php(37): CodeIgniter\CodeIgniter->run()
#9 {main}
ERROR - 2021-10-05 15:09:14 --> Table 'mylpuhims_db.health_personnels_account' doesn't exist
CRITICAL - 2021-10-05 15:09:14 --> Table 'mylpuhims_db.health_personnels_account' doesn't exist
#0 C:\xampp\htdocs\myLPU-HIMS\codeigniter\system\Database\MySQLi\Connection.php(280): mysqli->query('SELECT *\nFROM `...')
#1 C:\xampp\htdocs\myLPU-HIMS\codeigniter\system\Database\BaseConnection.php(663): CodeIgniter\Database\MySQLi\Connection->execute('SELECT *\nFROM `...')
#2 C:\xampp\htdocs\myLPU-HIMS\codeigniter\system\Database\BaseConnection.php(591): CodeIgniter\Database\BaseConnection->simpleQuery('SELECT *\nFROM `...')
#3 C:\xampp\htdocs\myLPU-HIMS\codeigniter\system\Database\BaseBuilder.php(1428): CodeIgniter\Database\BaseConnection->query('SELECT *\nFROM `...', Array, false)
#4 C:\xampp\htdocs\myLPU-HIMS\codeigniter\system\Model.php(210): CodeIgniter\Database\BaseBuilder->get()
#5 C:\xampp\htdocs\myLPU-HIMS\codeigniter\system\BaseModel.php(622): CodeIgniter\Model->doFirst()
#6 C:\xampp\htdocs\myLPU-HIMS\clinic\app\Controllers\Consultations.php(78): CodeIgniter\BaseModel->first()
#7 C:\xampp\htdocs\myLPU-HIMS\codeigniter\system\CodeIgniter.php(802): App\Controllers\Consultations->fetchAllRequestConsultations()
#8 C:\xampp\htdocs\myLPU-HIMS\codeigniter\system\CodeIgniter.php(399): CodeIgniter\CodeIgniter->runController(Object(App\Controllers\Consultations))
#9 C:\xampp\htdocs\myLPU-HIMS\codeigniter\system\CodeIgniter.php(317): CodeIgniter\CodeIgniter->handleRequest(NULL, Object(Config\Cache), false)
#10 C:\xampp\htdocs\myLPU-HIMS\clinic\public\index.php(37): CodeIgniter\CodeIgniter->run()
#11 {main}
ERROR - 2021-10-05 15:09:14 --> Table 'mylpuhims_db.health_personnels_account' doesn't exist
CRITICAL - 2021-10-05 15:09:14 --> Table 'mylpuhims_db.health_personnels_account' doesn't exist
#0 C:\xampp\htdocs\myLPU-HIMS\codeigniter\system\Database\MySQLi\Connection.php(280): mysqli->query('SELECT *\nFROM `...')
#1 C:\xampp\htdocs\myLPU-HIMS\codeigniter\system\Database\BaseConnection.php(663): CodeIgniter\Database\MySQLi\Connection->execute('SELECT *\nFROM `...')
#2 C:\xampp\htdocs\myLPU-HIMS\codeigniter\system\Database\BaseConnection.php(591): CodeIgniter\Database\BaseConnection->simpleQuery('SELECT *\nFROM `...')
#3 C:\xampp\htdocs\myLPU-HIMS\codeigniter\system\Database\BaseBuilder.php(1428): CodeIgniter\Database\BaseConnection->query('SELECT *\nFROM `...', Array, false)
#4 C:\xampp\htdocs\myLPU-HIMS\codeigniter\system\Model.php(210): CodeIgniter\Database\BaseBuilder->get()
#5 C:\xampp\htdocs\myLPU-HIMS\codeigniter\system\BaseModel.php(622): CodeIgniter\Model->doFirst()
#6 C:\xampp\htdocs\myLPU-HIMS\clinic\app\Controllers\Consultations.php(124): CodeIgniter\BaseModel->first()
#7 C:\xampp\htdocs\myLPU-HIMS\codeigniter\system\CodeIgniter.php(802): App\Controllers\Consultations->fetchAllScheduledConsultations()
#8 C:\xampp\htdocs\myLPU-HIMS\codeigniter\system\CodeIgniter.php(399): CodeIgniter\CodeIgniter->runController(Object(App\Controllers\Consultations))
#9 C:\xampp\htdocs\myLPU-HIMS\codeigniter\system\CodeIgniter.php(317): CodeIgniter\CodeIgniter->handleRequest(NULL, Object(Config\Cache), false)
#10 C:\xampp\htdocs\myLPU-HIMS\clinic\public\index.php(37): CodeIgniter\CodeIgniter->run()
#11 {main}
ERROR - 2021-10-05 15:09:14 --> Table 'mylpuhims_db.health_personnels_account' doesn't exist
CRITICAL - 2021-10-05 15:09:14 --> Table 'mylpuhims_db.health_personnels_account' doesn't exist
#0 C:\xampp\htdocs\myLPU-HIMS\codeigniter\system\Database\MySQLi\Connection.php(280): mysqli->query('SELECT *\nFROM `...')
#1 C:\xampp\htdocs\myLPU-HIMS\codeigniter\system\Database\BaseConnection.php(663): CodeIgniter\Database\MySQLi\Connection->execute('SELECT *\nFROM `...')
#2 C:\xampp\htdocs\myLPU-HIMS\codeigniter\system\Database\BaseConnection.php(591): CodeIgniter\Database\BaseConnection->simpleQuery('SELECT *\nFROM `...')
#3 C:\xampp\htdocs\myLPU-HIMS\codeigniter\system\Database\BaseBuilder.php(1428): CodeIgniter\Database\BaseConnection->query('SELECT *\nFROM `...', Array, false)
#4 C:\xampp\htdocs\myLPU-HIMS\codeigniter\system\Model.php(210): CodeIgniter\Database\BaseBuilder->get()
#5 C:\xampp\htdocs\myLPU-HIMS\codeigniter\system\BaseModel.php(622): CodeIgniter\Model->doFirst()
#6 C:\xampp\htdocs\myLPU-HIMS\clinic\app\Controllers\Consultations.php(78): CodeIgniter\BaseModel->first()
#7 C:\xampp\htdocs\myLPU-HIMS\codeigniter\system\CodeIgniter.php(802): App\Controllers\Consultations->fetchAllRequestConsultations()
#8 C:\xampp\htdocs\myLPU-HIMS\codeigniter\system\CodeIgniter.php(399): CodeIgniter\CodeIgniter->runController(Object(App\Controllers\Consultations))
#9 C:\xampp\htdocs\myLPU-HIMS\codeigniter\system\CodeIgniter.php(317): CodeIgniter\CodeIgniter->handleRequest(NULL, Object(Config\Cache), false)
#10 C:\xampp\htdocs\myLPU-HIMS\clinic\public\index.php(37): CodeIgniter\CodeIgniter->run()
#11 {main}
ERROR - 2021-10-05 15:09:14 --> Table 'mylpuhims_db.health_personnels_account' doesn't exist
CRITICAL - 2021-10-05 15:09:14 --> Table 'mylpuhims_db.health_personnels_account' doesn't exist
#0 C:\xampp\htdocs\myLPU-HIMS\codeigniter\system\Database\MySQLi\Connection.php(280): mysqli->query('SELECT *\nFROM `...')
#1 C:\xampp\htdocs\myLPU-HIMS\codeigniter\system\Database\BaseConnection.php(663): CodeIgniter\Database\MySQLi\Connection->execute('SELECT *\nFROM `...')
#2 C:\xampp\htdocs\myLPU-HIMS\codeigniter\system\Database\BaseConnection.php(591): CodeIgniter\Database\BaseConnection->simpleQuery('SELECT *\nFROM `...')
#3 C:\xampp\htdocs\myLPU-HIMS\codeigniter\system\Database\BaseBuilder.php(1428): CodeIgniter\Database\BaseConnection->query('SELECT *\nFROM `...', Array, false)
#4 C:\xampp\htdocs\myLPU-HIMS\codeigniter\system\Model.php(210): CodeIgniter\Database\BaseBuilder->get()
#5 C:\xampp\htdocs\myLPU-HIMS\codeigniter\system\BaseModel.php(622): CodeIgniter\Model->doFirst()
#6 C:\xampp\htdocs\myLPU-HIMS\clinic\app\Controllers\Consultations.php(124): CodeIgniter\BaseModel->first()
#7 C:\xampp\htdocs\myLPU-HIMS\codeigniter\system\CodeIgniter.php(802): App\Controllers\Consultations->fetchAllScheduledConsultations()
#8 C:\xampp\htdocs\myLPU-HIMS\codeigniter\system\CodeIgniter.php(399): CodeIgniter\CodeIgniter->runController(Object(App\Controllers\Consultations))
#9 C:\xampp\htdocs\myLPU-HIMS\codeigniter\system\CodeIgniter.php(317): CodeIgniter\CodeIgniter->handleRequest(NULL, Object(Config\Cache), false)
#10 C:\xampp\htdocs\myLPU-HIMS\clinic\public\index.php(37): CodeIgniter\CodeIgniter->run()
#11 {main}
ERROR - 2021-10-05 15:09:14 --> Table 'mylpuhims_db.health_personnels_account' doesn't exist
CRITICAL - 2021-10-05 15:09:14 --> Table 'mylpuhims_db.health_personnels_account' doesn't exist
#0 C:\xampp\htdocs\myLPU-HIMS\codeigniter\system\Database\MySQLi\Connection.php(280): mysqli->query('SELECT *\nFROM `...')
#1 C:\xampp\htdocs\myLPU-HIMS\codeigniter\system\Database\BaseConnection.php(663): CodeIgniter\Database\MySQLi\Connection->execute('SELECT *\nFROM `...')
#2 C:\xampp\htdocs\myLPU-HIMS\codeigniter\system\Database\BaseConnection.php(591): CodeIgniter\Database\BaseConnection->simpleQuery('SELECT *\nFROM `...')
#3 C:\xampp\htdocs\myLPU-HIMS\codeigniter\system\Database\BaseBuilder.php(1428): CodeIgniter\Database\BaseConnection->query('SELECT *\nFROM `...', Array, false)
#4 C:\xampp\htdocs\myLPU-HIMS\codeigniter\system\Model.php(210): CodeIgniter\Database\BaseBuilder->get()
#5 C:\xampp\htdocs\myLPU-HIMS\codeigniter\system\BaseModel.php(622): CodeIgniter\Model->doFirst()
#6 C:\xampp\htdocs\myLPU-HIMS\clinic\app\Controllers\Consultations.php(78): CodeIgniter\BaseModel->first()
#7 C:\xampp\htdocs\myLPU-HIMS\codeigniter\system\CodeIgniter.php(802): App\Controllers\Consultations->fetchAllRequestConsultations()
#8 C:\xampp\htdocs\myLPU-HIMS\codeigniter\system\CodeIgniter.php(399): CodeIgniter\CodeIgniter->runController(Object(App\Controllers\Consultations))
#9 C:\xampp\htdocs\myLPU-HIMS\codeigniter\system\CodeIgniter.php(317): CodeIgniter\CodeIgniter->handleRequest(NULL, Object(Config\Cache), false)
#10 C:\xampp\htdocs\myLPU-HIMS\clinic\public\index.php(37): CodeIgniter\CodeIgniter->run()
#11 {main}
ERROR - 2021-10-05 15:09:14 --> Table 'mylpuhims_db.health_personnels_account' doesn't exist
CRITICAL - 2021-10-05 15:09:14 --> Table 'mylpuhims_db.health_personnels_account' doesn't exist
#0 C:\xampp\htdocs\myLPU-HIMS\codeigniter\system\Database\MySQLi\Connection.php(280): mysqli->query('SELECT *\nFROM `...')
#1 C:\xampp\htdocs\myLPU-HIMS\codeigniter\system\Database\BaseConnection.php(663): CodeIgniter\Database\MySQLi\Connection->execute('SELECT *\nFROM `...')
#2 C:\xampp\htdocs\myLPU-HIMS\codeigniter\system\Database\BaseConnection.php(591): CodeIgniter\Database\BaseConnection->simpleQuery('SELECT *\nFROM `...')
#3 C:\xampp\htdocs\myLPU-HIMS\codeigniter\system\Database\BaseBuilder.php(1428): CodeIgniter\Database\BaseConnection->query('SELECT *\nFROM `...', Array, false)
#4 C:\xampp\htdocs\myLPU-HIMS\codeigniter\system\Model.php(210): CodeIgniter\Database\BaseBuilder->get()
#5 C:\xampp\htdocs\myLPU-HIMS\codeigniter\system\BaseModel.php(622): CodeIgniter\Model->doFirst()
#6 C:\xampp\htdocs\myLPU-HIMS\clinic\app\Controllers\Consultations.php(124): CodeIgniter\BaseModel->first()
#7 C:\xampp\htdocs\myLPU-HIMS\codeigniter\system\CodeIgniter.php(802): App\Controllers\Consultations->fetchAllScheduledConsultations()
#8 C:\xampp\htdocs\myLPU-HIMS\codeigniter\system\CodeIgniter.php(399): CodeIgniter\CodeIgniter->runController(Object(App\Controllers\Consultations))
#9 C:\xampp\htdocs\myLPU-HIMS\codeigniter\system\CodeIgniter.php(317): CodeIgniter\CodeIgniter->handleRequest(NULL, Object(Config\Cache), false)
#10 C:\xampp\htdocs\myLPU-HIMS\clinic\public\index.php(37): CodeIgniter\CodeIgniter->run()
#11 {main}
ERROR - 2021-10-05 15:09:15 --> Table 'mylpuhims_db.health_personnels_account' doesn't exist
CRITICAL - 2021-10-05 15:09:15 --> Table 'mylpuhims_db.health_personnels_account' doesn't exist
#0 C:\xampp\htdocs\myLPU-HIMS\codeigniter\system\Database\MySQLi\Connection.php(280): mysqli->query('SELECT *\nFROM `...')
#1 C:\xampp\htdocs\myLPU-HIMS\codeigniter\system\Database\BaseConnection.php(663): CodeIgniter\Database\MySQLi\Connection->execute('SELECT *\nFROM `...')
#2 C:\xampp\htdocs\myLPU-HIMS\codeigniter\system\Database\BaseConnection.php(591): CodeIgniter\Database\BaseConnection->simpleQuery('SELECT *\nFROM `...')
#3 C:\xampp\htdocs\myLPU-HIMS\codeigniter\system\Database\BaseBuilder.php(1428): CodeIgniter\Database\BaseConnection->query('SELECT *\nFROM `...', Array, false)
#4 C:\xampp\htdocs\myLPU-HIMS\codeigniter\system\Model.php(210): CodeIgniter\Database\BaseBuilder->get()
#5 C:\xampp\htdocs\myLPU-HIMS\codeigniter\system\BaseModel.php(622): CodeIgniter\Model->doFirst()
#6 C:\xampp\htdocs\myLPU-HIMS\clinic\app\Controllers\Consultations.php(124): CodeIgniter\BaseModel->first()
#7 C:\xampp\htdocs\myLPU-HIMS\codeigniter\system\CodeIgniter.php(802): App\Controllers\Consultations->fetchAllScheduledConsultations()
#8 C:\xampp\htdocs\myLPU-HIMS\codeigniter\system\CodeIgniter.php(399): CodeIgniter\CodeIgniter->runController(Object(App\Controllers\Consultations))
#9 C:\xampp\htdocs\myLPU-HIMS\codeigniter\system\CodeIgniter.php(317): CodeIgniter\CodeIgniter->handleRequest(NULL, Object(Config\Cache), false)
#10 C:\xampp\htdocs\myLPU-HIMS\clinic\public\index.php(37): CodeIgniter\CodeIgniter->run()
#11 {main}
ERROR - 2021-10-05 15:09:15 --> Table 'mylpuhims_db.health_personnels_account' doesn't exist
CRITICAL - 2021-10-05 15:09:15 --> Table 'mylpuhims_db.health_personnels_account' doesn't exist
#0 C:\xampp\htdocs\myLPU-HIMS\codeigniter\system\Database\MySQLi\Connection.php(280): mysqli->query('SELECT *\nFROM `...')
#1 C:\xampp\htdocs\myLPU-HIMS\codeigniter\system\Database\BaseConnection.php(663): CodeIgniter\Database\MySQLi\Connection->execute('SELECT *\nFROM `...')
#2 C:\xampp\htdocs\myLPU-HIMS\codeigniter\system\Database\BaseConnection.php(591): CodeIgniter\Database\BaseConnection->simpleQuery('SELECT *\nFROM `...')
#3 C:\xampp\htdocs\myLPU-HIMS\codeigniter\system\Database\BaseBuilder.php(1428): CodeIgniter\Database\BaseConnection->query('SELECT *\nFROM `...', Array, false)
#4 C:\xampp\htdocs\myLPU-HIMS\codeigniter\system\Model.php(210): CodeIgniter\Database\BaseBuilder->get()
#5 C:\xampp\htdocs\myLPU-HIMS\codeigniter\system\BaseModel.php(622): CodeIgniter\Model->doFirst()
#6 C:\xampp\htdocs\myLPU-HIMS\clinic\app\Controllers\Consultations.php(78): CodeIgniter\BaseModel->first()
#7 C:\xampp\htdocs\myLPU-HIMS\codeigniter\system\CodeIgniter.php(802): App\Controllers\Consultations->fetchAllRequestConsultations()
#8 C:\xampp\htdocs\myLPU-HIMS\codeigniter\system\CodeIgniter.php(399): CodeIgniter\CodeIgniter->runController(Object(App\Controllers\Consultations))
#9 C:\xampp\htdocs\myLPU-HIMS\codeigniter\system\CodeIgniter.php(317): CodeIgniter\CodeIgniter->handleRequest(NULL, Object(Config\Cache), false)
#10 C:\xampp\htdocs\myLPU-HIMS\clinic\public\index.php(37): CodeIgniter\CodeIgniter->run()
#11 {main}
ERROR - 2021-10-05 15:09:15 --> Table 'mylpuhims_db.health_personnels_account' doesn't exist
CRITICAL - 2021-10-05 15:09:15 --> Table 'mylpuhims_db.health_personnels_account' doesn't exist
#0 C:\xampp\htdocs\myLPU-HIMS\codeigniter\system\Database\MySQLi\Connection.php(280): mysqli->query('SELECT *\nFROM `...')
#1 C:\xampp\htdocs\myLPU-HIMS\codeigniter\system\Database\BaseConnection.php(663): CodeIgniter\Database\MySQLi\Connection->execute('SELECT *\nFROM `...')
#2 C:\xampp\htdocs\myLPU-HIMS\codeigniter\system\Database\BaseConnection.php(591): CodeIgniter\Database\BaseConnection->simpleQuery('SELECT *\nFROM `...')
#3 C:\xampp\htdocs\myLPU-HIMS\codeigniter\system\Database\BaseBuilder.php(1428): CodeIgniter\Database\BaseConnection->query('SELECT *\nFROM `...', Array, false)
#4 C:\xampp\htdocs\myLPU-HIMS\codeigniter\system\Model.php(210): CodeIgniter\Database\BaseBuilder->get()
#5 C:\xampp\htdocs\myLPU-HIMS\codeigniter\system\BaseModel.php(622): CodeIgniter\Model->doFirst()
#6 C:\xampp\htdocs\myLPU-HIMS\clinic\app\Controllers\Consultations.php(124): CodeIgniter\BaseModel->first()
#7 C:\xampp\htdocs\myLPU-HIMS\codeigniter\system\CodeIgniter.php(802): App\Controllers\Consultations->fetchAllScheduledConsultations()
#8 C:\xampp\htdocs\myLPU-HIMS\codeigniter\system\CodeIgniter.php(399): CodeIgniter\CodeIgniter->runController(Object(App\Controllers\Consultations))
#9 C:\xampp\htdocs\myLPU-HIMS\codeigniter\system\CodeIgniter.php(317): CodeIgniter\CodeIgniter->handleRequest(NULL, Object(Config\Cache), false)
#10 C:\xampp\htdocs\myLPU-HIMS\clinic\public\index.php(37): CodeIgniter\CodeIgniter->run()
#11 {main}
ERROR - 2021-10-05 15:09:15 --> Table 'mylpuhims_db.health_personnels_account' doesn't exist
CRITICAL - 2021-10-05 15:09:15 --> Table 'mylpuhims_db.health_personnels_account' doesn't exist
#0 C:\xampp\htdocs\myLPU-HIMS\codeigniter\system\Database\MySQLi\Connection.php(280): mysqli->query('SELECT *\nFROM `...')
#1 C:\xampp\htdocs\myLPU-HIMS\codeigniter\system\Database\BaseConnection.php(663): CodeIgniter\Database\MySQLi\Connection->execute('SELECT *\nFROM `...')
#2 C:\xampp\htdocs\myLPU-HIMS\codeigniter\system\Database\BaseConnection.php(591): CodeIgniter\Database\BaseConnection->simpleQuery('SELECT *\nFROM `...')
#3 C:\xampp\htdocs\myLPU-HIMS\codeigniter\system\Database\BaseBuilder.php(1428): CodeIgniter\Database\BaseConnection->query('SELECT *\nFROM `...', Array, false)
#4 C:\xampp\htdocs\myLPU-HIMS\codeigniter\system\Model.php(210): CodeIgniter\Database\BaseBuilder->get()
#5 C:\xampp\htdocs\myLPU-HIMS\codeigniter\system\BaseModel.php(622): CodeIgniter\Model->doFirst()
#6 C:\xampp\htdocs\myLPU-HIMS\clinic\app\Controllers\Consultations.php(78): CodeIgniter\BaseModel->first()
#7 C:\xampp\htdocs\myLPU-HIMS\codeigniter\system\CodeIgniter.php(802): App\Controllers\Consultations->fetchAllRequestConsultations()
#8 C:\xampp\htdocs\myLPU-HIMS\codeigniter\system\CodeIgniter.php(399): CodeIgniter\CodeIgniter->runController(Object(App\Controllers\Consultations))
#9 C:\xampp\htdocs\myLPU-HIMS\codeigniter\system\CodeIgniter.php(317): CodeIgniter\CodeIgniter->handleRequest(NULL, Object(Config\Cache), false)
#10 C:\xampp\htdocs\myLPU-HIMS\clinic\public\index.php(37): CodeIgniter\CodeIgniter->run()
#11 {main}
CRITICAL - 2021-10-05 15:09:16 --> Trying to access array offset on value of type null
#0 C:\xampp\htdocs\myLPU-HIMS\clinic\app\Controllers\Consultations.php(127): CodeIgniter\Debug\Exceptions->errorHandler(2, 'Trying to acces...', 'C:\\xampp\\htdocs...', 127)
#1 C:\xampp\htdocs\myLPU-HIMS\codeigniter\system\CodeIgniter.php(802): App\Controllers\Consultations->fetchAllScheduledConsultations()
#2 C:\xampp\htdocs\myLPU-HIMS\codeigniter\system\CodeIgniter.php(399): CodeIgniter\CodeIgniter->runController(Object(App\Controllers\Consultations))
#3 C:\xampp\htdocs\myLPU-HIMS\codeigniter\system\CodeIgniter.php(317): CodeIgniter\CodeIgniter->handleRequest(NULL, Object(Config\Cache), false)
#4 C:\xampp\htdocs\myLPU-HIMS\clinic\public\index.php(37): CodeIgniter\CodeIgniter->run()
#5 {main}
CRITICAL - 2021-10-05 15:09:16 --> Trying to access array offset on value of type null
#0 C:\xampp\htdocs\myLPU-HIMS\clinic\app\Controllers\Consultations.php(79): CodeIgniter\Debug\Exceptions->errorHandler(2, 'Trying to acces...', 'C:\\xampp\\htdocs...', 79)
#1 C:\xampp\htdocs\myLPU-HIMS\codeigniter\system\CodeIgniter.php(802): App\Controllers\Consultations->fetchAllRequestConsultations()
#2 C:\xampp\htdocs\myLPU-HIMS\codeigniter\system\CodeIgniter.php(399): CodeIgniter\CodeIgniter->runController(Object(App\Controllers\Consultations))
#3 C:\xampp\htdocs\myLPU-HIMS\codeigniter\system\CodeIgniter.php(317): CodeIgniter\CodeIgniter->handleRequest(NULL, Object(Config\Cache), false)
#4 C:\xampp\htdocs\myLPU-HIMS\clinic\public\index.php(37): CodeIgniter\CodeIgniter->run()
#5 {main}
CRITICAL - 2021-10-05 15:09:16 --> Trying to access array offset on value of type null
#0 C:\xampp\htdocs\myLPU-HIMS\clinic\app\Controllers\Consultations.php(79): CodeIgniter\Debug\Exceptions->errorHandler(2, 'Trying to acces...', 'C:\\xampp\\htdocs...', 79)
#1 C:\xampp\htdocs\myLPU-HIMS\codeigniter\system\CodeIgniter.php(802): App\Controllers\Consultations->fetchAllRequestConsultations()
#2 C:\xampp\htdocs\myLPU-HIMS\codeigniter\system\CodeIgniter.php(399): CodeIgniter\CodeIgniter->runController(Object(App\Controllers\Consultations))
#3 C:\xampp\htdocs\myLPU-HIMS\codeigniter\system\CodeIgniter.php(317): CodeIgniter\CodeIgniter->handleRequest(NULL, Object(Config\Cache), false)
#4 C:\xampp\htdocs\myLPU-HIMS\clinic\public\index.php(37): CodeIgniter\CodeIgniter->run()
#5 {main}
CRITICAL - 2021-10-05 15:09:16 --> Trying to access array offset on value of type null
#0 C:\xampp\htdocs\myLPU-HIMS\clinic\app\Controllers\Consultations.php(127): CodeIgniter\Debug\Exceptions->errorHandler(2, 'Trying to acces...', 'C:\\xampp\\htdocs...', 127)
#1 C:\xampp\htdocs\myLPU-HIMS\codeigniter\system\CodeIgniter.php(802): App\Controllers\Consultations->fetchAllScheduledConsultations()
#2 C:\xampp\htdocs\myLPU-HIMS\codeigniter\system\CodeIgniter.php(399): CodeIgniter\CodeIgniter->runController(Object(App\Controllers\Consultations))
#3 C:\xampp\htdocs\myLPU-HIMS\codeigniter\system\CodeIgniter.php(317): CodeIgniter\CodeIgniter->handleRequest(NULL, Object(Config\Cache), false)
#4 C:\xampp\htdocs\myLPU-HIMS\clinic\public\index.php(37): CodeIgniter\CodeIgniter->run()
#5 {main}
CRITICAL - 2021-10-05 15:09:17 --> Trying to access array offset on value of type null
#0 C:\xampp\htdocs\myLPU-HIMS\clinic\app\Controllers\Consultations.php(79): CodeIgniter\Debug\Exceptions->errorHandler(2, 'Trying to acces...', 'C:\\xampp\\htdocs...', 79)
#1 C:\xampp\htdocs\myLPU-HIMS\codeigniter\system\CodeIgniter.php(802): App\Controllers\Consultations->fetchAllRequestConsultations()
#2 C:\xampp\htdocs\myLPU-HIMS\codeigniter\system\CodeIgniter.php(399): CodeIgniter\CodeIgniter->runController(Object(App\Controllers\Consultations))
#3 C:\xampp\htdocs\myLPU-HIMS\codeigniter\system\CodeIgniter.php(317): CodeIgniter\CodeIgniter->handleRequest(NULL, Object(Config\Cache), false)
#4 C:\xampp\htdocs\myLPU-HIMS\clinic\public\index.php(37): CodeIgniter\CodeIgniter->run()
#5 {main}
CRITICAL - 2021-10-05 15:09:17 --> Trying to access array offset on value of type null
#0 C:\xampp\htdocs\myLPU-HIMS\clinic\app\Controllers\Consultations.php(127): CodeIgniter\Debug\Exceptions->errorHandler(2, 'Trying to acces...', 'C:\\xampp\\htdocs...', 127)
#1 C:\xampp\htdocs\myLPU-HIMS\codeigniter\system\CodeIgniter.php(802): App\Controllers\Consultations->fetchAllScheduledConsultations()
#2 C:\xampp\htdocs\myLPU-HIMS\codeigniter\system\CodeIgniter.php(399): CodeIgniter\CodeIgniter->runController(Object(App\Controllers\Consultations))
#3 C:\xampp\htdocs\myLPU-HIMS\codeigniter\system\CodeIgniter.php(317): CodeIgniter\CodeIgniter->handleRequest(NULL, Object(Config\Cache), false)
#4 C:\xampp\htdocs\myLPU-HIMS\clinic\public\index.php(37): CodeIgniter\CodeIgniter->run()
#5 {main}
ERROR - 2021-10-05 15:12:03 --> Table 'mylpuhims_db.health_personnels_account' doesn't exist
CRITICAL - 2021-10-05 15:12:03 --> Table 'mylpuhims_db.health_personnels_account' doesn't exist
#0 C:\xampp\htdocs\myLPU-HIMS\codeigniter\system\Database\MySQLi\Connection.php(280): mysqli->query('SELECT *\nFROM `...')
#1 C:\xampp\htdocs\myLPU-HIMS\codeigniter\system\Database\BaseConnection.php(663): CodeIgniter\Database\MySQLi\Connection->execute('SELECT *\nFROM `...')
#2 C:\xampp\htdocs\myLPU-HIMS\codeigniter\system\Database\BaseConnection.php(591): CodeIgniter\Database\BaseConnection->simpleQuery('SELECT *\nFROM `...')
#3 C:\xampp\htdocs\myLPU-HIMS\codeigniter\system\Database\BaseBuilder.php(1428): CodeIgniter\Database\BaseConnection->query('SELECT *\nFROM `...', Array, false)
#4 C:\xampp\htdocs\myLPU-HIMS\codeigniter\system\Model.php(210): CodeIgniter\Database\BaseBuilder->get()
#5 C:\xampp\htdocs\myLPU-HIMS\codeigniter\system\BaseModel.php(622): CodeIgniter\Model->doFirst()
#6 C:\xampp\htdocs\myLPU-HIMS\clinic\app\Controllers\Consultations.php(124): CodeIgniter\BaseModel->first()
#7 C:\xampp\htdocs\myLPU-HIMS\codeigniter\system\CodeIgniter.php(802): App\Controllers\Consultations->fetchAllScheduledConsultations()
#8 C:\xampp\htdocs\myLPU-HIMS\codeigniter\system\CodeIgniter.php(399): CodeIgniter\CodeIgniter->runController(Object(App\Controllers\Consultations))
#9 C:\xampp\htdocs\myLPU-HIMS\codeigniter\system\CodeIgniter.php(317): CodeIgniter\CodeIgniter->handleRequest(NULL, Object(Config\Cache), false)
#10 C:\xampp\htdocs\myLPU-HIMS\clinic\public\index.php(37): CodeIgniter\CodeIgniter->run()
#11 {main}
ERROR - 2021-10-05 15:12:03 --> Table 'mylpuhims_db.health_personnels_account' doesn't exist
CRITICAL - 2021-10-05 15:12:03 --> Table 'mylpuhims_db.health_personnels_account' doesn't exist
#0 C:\xampp\htdocs\myLPU-HIMS\codeigniter\system\Database\MySQLi\Connection.php(280): mysqli->query('SELECT *\nFROM `...')
#1 C:\xampp\htdocs\myLPU-HIMS\codeigniter\system\Database\BaseConnection.php(663): CodeIgniter\Database\MySQLi\Connection->execute('SELECT *\nFROM `...')
#2 C:\xampp\htdocs\myLPU-HIMS\codeigniter\system\Database\BaseConnection.php(591): CodeIgniter\Database\BaseConnection->simpleQuery('SELECT *\nFROM `...')
#3 C:\xampp\htdocs\myLPU-HIMS\codeigniter\system\Database\BaseBuilder.php(1428): CodeIgniter\Database\BaseConnection->query('SELECT *\nFROM `...', Array, false)
#4 C:\xampp\htdocs\myLPU-HIMS\codeigniter\system\Model.php(210): CodeIgniter\Database\BaseBuilder->get()
#5 C:\xampp\htdocs\myLPU-HIMS\codeigniter\system\BaseModel.php(622): CodeIgniter\Model->doFirst()
#6 C:\xampp\htdocs\myLPU-HIMS\clinic\app\Controllers\Consultations.php(78): CodeIgniter\BaseModel->first()
#7 C:\xampp\htdocs\myLPU-HIMS\codeigniter\system\CodeIgniter.php(802): App\Controllers\Consultations->fetchAllRequestConsultations()
#8 C:\xampp\htdocs\myLPU-HIMS\codeigniter\system\CodeIgniter.php(399): CodeIgniter\CodeIgniter->runController(Object(App\Controllers\Consultations))
#9 C:\xampp\htdocs\myLPU-HIMS\codeigniter\system\CodeIgniter.php(317): CodeIgniter\CodeIgniter->handleRequest(NULL, Object(Config\Cache), false)
#10 C:\xampp\htdocs\myLPU-HIMS\clinic\public\index.php(37): CodeIgniter\CodeIgniter->run()
#11 {main}
ERROR - 2021-10-05 15:12:03 --> Table 'mylpuhims_db.health_personnels_account' doesn't exist
CRITICAL - 2021-10-05 15:12:03 --> Table 'mylpuhims_db.health_personnels_account' doesn't exist
#0 C:\xampp\htdocs\myLPU-HIMS\codeigniter\system\Database\MySQLi\Connection.php(280): mysqli->query('SELECT *\nFROM `...')
#1 C:\xampp\htdocs\myLPU-HIMS\codeigniter\system\Database\BaseConnection.php(663): CodeIgniter\Database\MySQLi\Connection->execute('SELECT *\nFROM `...')
#2 C:\xampp\htdocs\myLPU-HIMS\codeigniter\system\Database\BaseConnection.php(591): CodeIgniter\Database\BaseConnection->simpleQuery('SELECT *\nFROM `...')
#3 C:\xampp\htdocs\myLPU-HIMS\codeigniter\system\Database\BaseBuilder.php(1428): CodeIgniter\Database\BaseConnection->query('SELECT *\nFROM `...', Array, false)
#4 C:\xampp\htdocs\myLPU-HIMS\codeigniter\system\Model.php(210): CodeIgniter\Database\BaseBuilder->get()
#5 C:\xampp\htdocs\myLPU-HIMS\codeigniter\system\BaseModel.php(622): CodeIgniter\Model->doFirst()
#6 C:\xampp\htdocs\myLPU-HIMS\clinic\app\Controllers\Consultations.php(78): CodeIgniter\BaseModel->first()
#7 C:\xampp\htdocs\myLPU-HIMS\codeigniter\system\CodeIgniter.php(802): App\Controllers\Consultations->fetchAllRequestConsultations()
#8 C:\xampp\htdocs\myLPU-HIMS\codeigniter\system\CodeIgniter.php(399): CodeIgniter\CodeIgniter->runController(Object(App\Controllers\Consultations))
#9 C:\xampp\htdocs\myLPU-HIMS\codeigniter\system\CodeIgniter.php(317): CodeIgniter\CodeIgniter->handleRequest(NULL, Object(Config\Cache), false)
#10 C:\xampp\htdocs\myLPU-HIMS\clinic\public\index.php(37): CodeIgniter\CodeIgniter->run()
#11 {main}
ERROR - 2021-10-05 15:12:03 --> Table 'mylpuhims_db.health_personnels_account' doesn't exist
CRITICAL - 2021-10-05 15:12:03 --> Table 'mylpuhims_db.health_personnels_account' doesn't exist
#0 C:\xampp\htdocs\myLPU-HIMS\codeigniter\system\Database\MySQLi\Connection.php(280): mysqli->query('SELECT *\nFROM `...')
#1 C:\xampp\htdocs\myLPU-HIMS\codeigniter\system\Database\BaseConnection.php(663): CodeIgniter\Database\MySQLi\Connection->execute('SELECT *\nFROM `...')
#2 C:\xampp\htdocs\myLPU-HIMS\codeigniter\system\Database\BaseConnection.php(591): CodeIgniter\Database\BaseConnection->simpleQuery('SELECT *\nFROM `...')
#3 C:\xampp\htdocs\myLPU-HIMS\codeigniter\system\Database\BaseBuilder.php(1428): CodeIgniter\Database\BaseConnection->query('SELECT *\nFROM `...', Array, false)
#4 C:\xampp\htdocs\myLPU-HIMS\codeigniter\system\Model.php(210): CodeIgniter\Database\BaseBuilder->get()
#5 C:\xampp\htdocs\myLPU-HIMS\codeigniter\system\BaseModel.php(622): CodeIgniter\Model->doFirst()
#6 C:\xampp\htdocs\myLPU-HIMS\clinic\app\Controllers\Consultations.php(124): CodeIgniter\BaseModel->first()
#7 C:\xampp\htdocs\myLPU-HIMS\codeigniter\system\CodeIgniter.php(802): App\Controllers\Consultations->fetchAllScheduledConsultations()
#8 C:\xampp\htdocs\myLPU-HIMS\codeigniter\system\CodeIgniter.php(399): CodeIgniter\CodeIgniter->runController(Object(App\Controllers\Consultations))
#9 C:\xampp\htdocs\myLPU-HIMS\codeigniter\system\CodeIgniter.php(317): CodeIgniter\CodeIgniter->handleRequest(NULL, Object(Config\Cache), false)
#10 C:\xampp\htdocs\myLPU-HIMS\clinic\public\index.php(37): CodeIgniter\CodeIgniter->run()
#11 {main}
ERROR - 2021-10-05 15:12:04 --> Table 'mylpuhims_db.health_personnels_account' doesn't exist
CRITICAL - 2021-10-05 15:12:04 --> Table 'mylpuhims_db.health_personnels_account' doesn't exist
#0 C:\xampp\htdocs\myLPU-HIMS\codeigniter\system\Database\MySQLi\Connection.php(280): mysqli->query('SELECT *\nFROM `...')
#1 C:\xampp\htdocs\myLPU-HIMS\codeigniter\system\Database\BaseConnection.php(663): CodeIgniter\Database\MySQLi\Connection->execute('SELECT *\nFROM `...')
#2 C:\xampp\htdocs\myLPU-HIMS\codeigniter\system\Database\BaseConnection.php(591): CodeIgniter\Database\BaseConnection->simpleQuery('SELECT *\nFROM `...')
#3 C:\xampp\htdocs\myLPU-HIMS\codeigniter\system\Database\BaseBuilder.php(1428): CodeIgniter\Database\BaseConnection->query('SELECT *\nFROM `...', Array, false)
#4 C:\xampp\htdocs\myLPU-HIMS\codeigniter\system\Model.php(210): CodeIgniter\Database\BaseBuilder->get()
#5 C:\xampp\htdocs\myLPU-HIMS\codeigniter\system\BaseModel.php(622): CodeIgniter\Model->doFirst()
#6 C:\xampp\htdocs\myLPU-HIMS\clinic\app\Controllers\Consultations.php(124): CodeIgniter\BaseModel->first()
#7 C:\xampp\htdocs\myLPU-HIMS\codeigniter\system\CodeIgniter.php(802): App\Controllers\Consultations->fetchAllScheduledConsultations()
#8 C:\xampp\htdocs\myLPU-HIMS\codeigniter\system\CodeIgniter.php(399): CodeIgniter\CodeIgniter->runController(Object(App\Controllers\Consultations))
#9 C:\xampp\htdocs\myLPU-HIMS\codeigniter\system\CodeIgniter.php(317): CodeIgniter\CodeIgniter->handleRequest(NULL, Object(Config\Cache), false)
#10 C:\xampp\htdocs\myLPU-HIMS\clinic\public\index.php(37): CodeIgniter\CodeIgniter->run()
#11 {main}
ERROR - 2021-10-05 15:12:04 --> Table 'mylpuhims_db.health_personnels_account' doesn't exist
CRITICAL - 2021-10-05 15:12:04 --> Table 'mylpuhims_db.health_personnels_account' doesn't exist
#0 C:\xampp\htdocs\myLPU-HIMS\codeigniter\system\Database\MySQLi\Connection.php(280): mysqli->query('SELECT *\nFROM `...')
#1 C:\xampp\htdocs\myLPU-HIMS\codeigniter\system\Database\BaseConnection.php(663): CodeIgniter\Database\MySQLi\Connection->execute('SELECT *\nFROM `...')
#2 C:\xampp\htdocs\myLPU-HIMS\codeigniter\system\Database\BaseConnection.php(591): CodeIgniter\Database\BaseConnection->simpleQuery('SELECT *\nFROM `...')
#3 C:\xampp\htdocs\myLPU-HIMS\codeigniter\system\Database\BaseBuilder.php(1428): CodeIgniter\Database\BaseConnection->query('SELECT *\nFROM `...', Array, false)
#4 C:\xampp\htdocs\myLPU-HIMS\codeigniter\system\Model.php(210): CodeIgniter\Database\BaseBuilder->get()
#5 C:\xampp\htdocs\myLPU-HIMS\codeigniter\system\BaseModel.php(622): CodeIgniter\Model->doFirst()
#6 C:\xampp\htdocs\myLPU-HIMS\clinic\app\Controllers\Consultations.php(78): CodeIgniter\BaseModel->first()
#7 C:\xampp\htdocs\myLPU-HIMS\codeigniter\system\CodeIgniter.php(802): App\Controllers\Consultations->fetchAllRequestConsultations()
#8 C:\xampp\htdocs\myLPU-HIMS\codeigniter\system\CodeIgniter.php(399): CodeIgniter\CodeIgniter->runController(Object(App\Controllers\Consultations))
#9 C:\xampp\htdocs\myLPU-HIMS\codeigniter\system\CodeIgniter.php(317): CodeIgniter\CodeIgniter->handleRequest(NULL, Object(Config\Cache), false)
#10 C:\xampp\htdocs\myLPU-HIMS\clinic\public\index.php(37): CodeIgniter\CodeIgniter->run()
#11 {main}
ERROR - 2021-10-05 15:12:05 --> Table 'mylpuhims_db.health_personnels_account' doesn't exist
CRITICAL - 2021-10-05 15:12:05 --> Table 'mylpuhims_db.health_personnels_account' doesn't exist
#0 C:\xampp\htdocs\myLPU-HIMS\codeigniter\system\Database\MySQLi\Connection.php(280): mysqli->query('SELECT *\nFROM `...')
#1 C:\xampp\htdocs\myLPU-HIMS\codeigniter\system\Database\BaseConnection.php(663): CodeIgniter\Database\MySQLi\Connection->execute('SELECT *\nFROM `...')
#2 C:\xampp\htdocs\myLPU-HIMS\codeigniter\system\Database\BaseConnection.php(591): CodeIgniter\Database\BaseConnection->simpleQuery('SELECT *\nFROM `...')
#3 C:\xampp\htdocs\myLPU-HIMS\codeigniter\system\Database\BaseBuilder.php(1428): CodeIgniter\Database\BaseConnection->query('SELECT *\nFROM `...', Array, false)
#4 C:\xampp\htdocs\myLPU-HIMS\codeigniter\system\Model.php(210): CodeIgniter\Database\BaseBuilder->get()
#5 C:\xampp\htdocs\myLPU-HIMS\codeigniter\system\BaseModel.php(622): CodeIgniter\Model->doFirst()
#6 C:\xampp\htdocs\myLPU-HIMS\clinic\app\Controllers\Consultations.php(78): CodeIgniter\BaseModel->first()
#7 C:\xampp\htdocs\myLPU-HIMS\codeigniter\system\CodeIgniter.php(802): App\Controllers\Consultations->fetchAllRequestConsultations()
#8 C:\xampp\htdocs\myLPU-HIMS\codeigniter\system\CodeIgniter.php(399): CodeIgniter\CodeIgniter->runController(Object(App\Controllers\Consultations))
#9 C:\xampp\htdocs\myLPU-HIMS\codeigniter\system\CodeIgniter.php(317): CodeIgniter\CodeIgniter->handleRequest(NULL, Object(Config\Cache), false)
#10 C:\xampp\htdocs\myLPU-HIMS\clinic\public\index.php(37): CodeIgniter\CodeIgniter->run()
#11 {main}
ERROR - 2021-10-05 15:12:05 --> Table 'mylpuhims_db.health_personnels_account' doesn't exist
CRITICAL - 2021-10-05 15:12:05 --> Table 'mylpuhims_db.health_personnels_account' doesn't exist
#0 C:\xampp\htdocs\myLPU-HIMS\codeigniter\system\Database\MySQLi\Connection.php(280): mysqli->query('SELECT *\nFROM `...')
#1 C:\xampp\htdocs\myLPU-HIMS\codeigniter\system\Database\BaseConnection.php(663): CodeIgniter\Database\MySQLi\Connection->execute('SELECT *\nFROM `...')
#2 C:\xampp\htdocs\myLPU-HIMS\codeigniter\system\Database\BaseConnection.php(591): CodeIgniter\Database\BaseConnection->simpleQuery('SELECT *\nFROM `...')
#3 C:\xampp\htdocs\myLPU-HIMS\codeigniter\system\Database\BaseBuilder.php(1428): CodeIgniter\Database\BaseConnection->query('SELECT *\nFROM `...', Array, false)
#4 C:\xampp\htdocs\myLPU-HIMS\codeigniter\system\Model.php(210): CodeIgniter\Database\BaseBuilder->get()
#5 C:\xampp\htdocs\myLPU-HIMS\codeigniter\system\BaseModel.php(622): CodeIgniter\Model->doFirst()
#6 C:\xampp\htdocs\myLPU-HIMS\clinic\app\Controllers\Consultations.php(124): CodeIgniter\BaseModel->first()
#7 C:\xampp\htdocs\myLPU-HIMS\codeigniter\system\CodeIgniter.php(802): App\Controllers\Consultations->fetchAllScheduledConsultations()
#8 C:\xampp\htdocs\myLPU-HIMS\codeigniter\system\CodeIgniter.php(399): CodeIgniter\CodeIgniter->runController(Object(App\Controllers\Consultations))
#9 C:\xampp\htdocs\myLPU-HIMS\codeigniter\system\CodeIgniter.php(317): CodeIgniter\CodeIgniter->handleRequest(NULL, Object(Config\Cache), false)
#10 C:\xampp\htdocs\myLPU-HIMS\clinic\public\index.php(37): CodeIgniter\CodeIgniter->run()
#11 {main}
CRITICAL - 2021-10-05 15:12:06 --> Trying to access array offset on value of type null
#0 C:\xampp\htdocs\myLPU-HIMS\clinic\app\Controllers\Consultations.php(127): CodeIgniter\Debug\Exceptions->errorHandler(2, 'Trying to acces...', 'C:\\xampp\\htdocs...', 127)
#1 C:\xampp\htdocs\myLPU-HIMS\codeigniter\system\CodeIgniter.php(802): App\Controllers\Consultations->fetchAllScheduledConsultations()
#2 C:\xampp\htdocs\myLPU-HIMS\codeigniter\system\CodeIgniter.php(399): CodeIgniter\CodeIgniter->runController(Object(App\Controllers\Consultations))
#3 C:\xampp\htdocs\myLPU-HIMS\codeigniter\system\CodeIgniter.php(317): CodeIgniter\CodeIgniter->handleRequest(NULL, Object(Config\Cache), false)
#4 C:\xampp\htdocs\myLPU-HIMS\clinic\public\index.php(37): CodeIgniter\CodeIgniter->run()
#5 {main}
CRITICAL - 2021-10-05 15:12:06 --> Trying to access array offset on value of type null
#0 C:\xampp\htdocs\myLPU-HIMS\clinic\app\Controllers\Consultations.php(79): CodeIgniter\Debug\Exceptions->errorHandler(2, 'Trying to acces...', 'C:\\xampp\\htdocs...', 79)
#1 C:\xampp\htdocs\myLPU-HIMS\codeigniter\system\CodeIgniter.php(802): App\Controllers\Consultations->fetchAllRequestConsultations()
#2 C:\xampp\htdocs\myLPU-HIMS\codeigniter\system\CodeIgniter.php(399): CodeIgniter\CodeIgniter->runController(Object(App\Controllers\Consultations))
#3 C:\xampp\htdocs\myLPU-HIMS\codeigniter\system\CodeIgniter.php(317): CodeIgniter\CodeIgniter->handleRequest(NULL, Object(Config\Cache), false)
#4 C:\xampp\htdocs\myLPU-HIMS\clinic\public\index.php(37): CodeIgniter\CodeIgniter->run()
#5 {main}
CRITICAL - 2021-10-05 15:12:07 --> Trying to access array offset on value of type null
#0 C:\xampp\htdocs\myLPU-HIMS\clinic\app\Controllers\Consultations.php(79): CodeIgniter\Debug\Exceptions->errorHandler(2, 'Trying to acces...', 'C:\\xampp\\htdocs...', 79)
#1 C:\xampp\htdocs\myLPU-HIMS\codeigniter\system\CodeIgniter.php(802): App\Controllers\Consultations->fetchAllRequestConsultations()
#2 C:\xampp\htdocs\myLPU-HIMS\codeigniter\system\CodeIgniter.php(399): CodeIgniter\CodeIgniter->runController(Object(App\Controllers\Consultations))
#3 C:\xampp\htdocs\myLPU-HIMS\codeigniter\system\CodeIgniter.php(317): CodeIgniter\CodeIgniter->handleRequest(NULL, Object(Config\Cache), false)
#4 C:\xampp\htdocs\myLPU-HIMS\clinic\public\index.php(37): CodeIgniter\CodeIgniter->run()
#5 {main}
CRITICAL - 2021-10-05 15:12:07 --> Trying to access array offset on value of type null
#0 C:\xampp\htdocs\myLPU-HIMS\clinic\app\Controllers\Consultations.php(127): CodeIgniter\Debug\Exceptions->errorHandler(2, 'Trying to acces...', 'C:\\xampp\\htdocs...', 127)
#1 C:\xampp\htdocs\myLPU-HIMS\codeigniter\system\CodeIgniter.php(802): App\Controllers\Consultations->fetchAllScheduledConsultations()
#2 C:\xampp\htdocs\myLPU-HIMS\codeigniter\system\CodeIgniter.php(399): CodeIgniter\CodeIgniter->runController(Object(App\Controllers\Consultations))
#3 C:\xampp\htdocs\myLPU-HIMS\codeigniter\system\CodeIgniter.php(317): CodeIgniter\CodeIgniter->handleRequest(NULL, Object(Config\Cache), false)
#4 C:\xampp\htdocs\myLPU-HIMS\clinic\public\index.php(37): CodeIgniter\CodeIgniter->run()
#5 {main}
CRITICAL - 2021-10-05 15:29:31 --> Unclosed '{' on line 8
#0 C:\xampp\htdocs\myLPU-HIMS\codeigniter\system\Router\Router.php(160): CodeIgniter\Router\Router->autoRoute('consultations/f...')
#1 C:\xampp\htdocs\myLPU-HIMS\codeigniter\system\CodeIgniter.php(702): CodeIgniter\Router\Router->handle('consultations/f...')
#2 C:\xampp\htdocs\myLPU-HIMS\codeigniter\system\CodeIgniter.php(358): CodeIgniter\CodeIgniter->tryToRouteIt(Object(CodeIgniter\Router\RouteCollection))
#3 C:\xampp\htdocs\myLPU-HIMS\codeigniter\system\CodeIgniter.php(317): CodeIgniter\CodeIgniter->handleRequest(NULL, Object(Config\Cache), false)
#4 C:\xampp\htdocs\myLPU-HIMS\clinic\public\index.php(37): CodeIgniter\CodeIgniter->run()
#5 {main}
CRITICAL - 2021-10-05 15:29:31 --> Unclosed '{' on line 8
#0 C:\xampp\htdocs\myLPU-HIMS\codeigniter\system\Router\Router.php(160): CodeIgniter\Router\Router->autoRoute('consultations/f...')
#1 C:\xampp\htdocs\myLPU-HIMS\codeigniter\system\CodeIgniter.php(702): CodeIgniter\Router\Router->handle('consultations/f...')
#2 C:\xampp\htdocs\myLPU-HIMS\codeigniter\system\CodeIgniter.php(358): CodeIgniter\CodeIgniter->tryToRouteIt(Object(CodeIgniter\Router\RouteCollection))
#3 C:\xampp\htdocs\myLPU-HIMS\codeigniter\system\CodeIgniter.php(317): CodeIgniter\CodeIgniter->handleRequest(NULL, Object(Config\Cache), false)
#4 C:\xampp\htdocs\myLPU-HIMS\clinic\public\index.php(37): CodeIgniter\CodeIgniter->run()
#5 {main}
CRITICAL - 2021-10-05 15:29:32 --> Unclosed '{' on line 8
#0 C:\xampp\htdocs\myLPU-HIMS\codeigniter\system\Router\Router.php(160): CodeIgniter\Router\Router->autoRoute('consultations/f...')
#1 C:\xampp\htdocs\myLPU-HIMS\codeigniter\system\CodeIgniter.php(702): CodeIgniter\Router\Router->handle('consultations/f...')
#2 C:\xampp\htdocs\myLPU-HIMS\codeigniter\system\CodeIgniter.php(358): CodeIgniter\CodeIgniter->tryToRouteIt(Object(CodeIgniter\Router\RouteCollection))
#3 C:\xampp\htdocs\myLPU-HIMS\codeigniter\system\CodeIgniter.php(317): CodeIgniter\CodeIgniter->handleRequest(NULL, Object(Config\Cache), false)
#4 C:\xampp\htdocs\myLPU-HIMS\clinic\public\index.php(37): CodeIgniter\CodeIgniter->run()
#5 {main}
CRITICAL - 2021-10-05 15:29:32 --> Unclosed '{' on line 8
#0 C:\xampp\htdocs\myLPU-HIMS\codeigniter\system\Router\Router.php(160): CodeIgniter\Router\Router->autoRoute('consultations/f...')
#1 C:\xampp\htdocs\myLPU-HIMS\codeigniter\system\CodeIgniter.php(702): CodeIgniter\Router\Router->handle('consultations/f...')
#2 C:\xampp\htdocs\myLPU-HIMS\codeigniter\system\CodeIgniter.php(358): CodeIgniter\CodeIgniter->tryToRouteIt(Object(CodeIgniter\Router\RouteCollection))
#3 C:\xampp\htdocs\myLPU-HIMS\codeigniter\system\CodeIgniter.php(317): CodeIgniter\CodeIgniter->handleRequest(NULL, Object(Config\Cache), false)
#4 C:\xampp\htdocs\myLPU-HIMS\clinic\public\index.php(37): CodeIgniter\CodeIgniter->run()
#5 {main}
CRITICAL - 2021-10-05 15:29:33 --> Cannot redeclare App\Controllers\Consultations::rejectRequestById()
#0 [internal function]: CodeIgniter\Debug\Exceptions->shutdownHandler()
#1 {main}
CRITICAL - 2021-10-05 15:29:33 --> Cannot redeclare App\Controllers\Consultations::rejectRequestById()
#0 [internal function]: CodeIgniter\Debug\Exceptions->shutdownHandler()
#1 {main}
CRITICAL - 2021-10-05 15:29:34 --> Cannot redeclare App\Controllers\Consultations::rejectRequestById()
#0 [internal function]: CodeIgniter\Debug\Exceptions->shutdownHandler()
#1 {main}
CRITICAL - 2021-10-05 15:29:34 --> Cannot redeclare App\Controllers\Consultations::rejectRequestById()
#0 [internal function]: CodeIgniter\Debug\Exceptions->shutdownHandler()
#1 {main}
CRITICAL - 2021-10-05 15:29:35 --> Cannot redeclare App\Controllers\Consultations::rejectRequestById()
#0 [internal function]: CodeIgniter\Debug\Exceptions->shutdownHandler()
#1 {main}
CRITICAL - 2021-10-05 15:29:35 --> Cannot redeclare App\Controllers\Consultations::rejectRequestById()
#0 [internal function]: CodeIgniter\Debug\Exceptions->shutdownHandler()
#1 {main}
CRITICAL - 2021-10-05 15:29:36 --> Cannot redeclare App\Controllers\Consultations::rejectRequestById()
#0 [internal function]: CodeIgniter\Debug\Exceptions->shutdownHandler()
#1 {main}
CRITICAL - 2021-10-05 15:29:36 --> Cannot redeclare App\Controllers\Consultations::rejectRequestById()
#0 [internal function]: CodeIgniter\Debug\Exceptions->shutdownHandler()
#1 {main}
CRITICAL - 2021-10-05 15:29:37 --> Cannot redeclare App\Controllers\Consultations::rejectRequestById()
#0 [internal function]: CodeIgniter\Debug\Exceptions->shutdownHandler()
#1 {main}
CRITICAL - 2021-10-05 15:29:37 --> Cannot redeclare App\Controllers\Consultations::rejectRequestById()
#0 [internal function]: CodeIgniter\Debug\Exceptions->shutdownHandler()
#1 {main}
CRITICAL - 2021-10-05 15:29:38 --> Cannot redeclare App\Controllers\Consultations::rejectRequestById()
#0 [internal function]: CodeIgniter\Debug\Exceptions->shutdownHandler()
#1 {main}
CRITICAL - 2021-10-05 15:29:38 --> Cannot redeclare App\Controllers\Consultations::rejectRequestById()
#0 [internal function]: CodeIgniter\Debug\Exceptions->shutdownHandler()
#1 {main}
CRITICAL - 2021-10-05 15:29:39 --> Cannot redeclare App\Controllers\Consultations::rejectRequestById()
#0 [internal function]: CodeIgniter\Debug\Exceptions->shutdownHandler()
#1 {main}
CRITICAL - 2021-10-05 15:29:39 --> Cannot redeclare App\Controllers\Consultations::rejectRequestById()
#0 [internal function]: CodeIgniter\Debug\Exceptions->shutdownHandler()
#1 {main}
CRITICAL - 2021-10-05 15:29:40 --> Cannot redeclare App\Controllers\Consultations::rejectRequestById()
#0 [internal function]: CodeIgniter\Debug\Exceptions->shutdownHandler()
#1 {main}
CRITICAL - 2021-10-05 15:29:40 --> Cannot redeclare App\Controllers\Consultations::rejectRequestById()
#0 [internal function]: CodeIgniter\Debug\Exceptions->shutdownHandler()
#1 {main}
CRITICAL - 2021-10-05 15:29:41 --> Cannot redeclare App\Controllers\Consultations::rejectRequestById()
#0 [internal function]: CodeIgniter\Debug\Exceptions->shutdownHandler()
#1 {main}
CRITICAL - 2021-10-05 15:29:41 --> Cannot redeclare App\Controllers\Consultations::rejectRequestById()
#0 [internal function]: CodeIgniter\Debug\Exceptions->shutdownHandler()
#1 {main}
CRITICAL - 2021-10-05 15:29:42 --> Cannot redeclare App\Controllers\Consultations::rejectRequestById()
#0 [internal function]: CodeIgniter\Debug\Exceptions->shutdownHandler()
#1 {main}
CRITICAL - 2021-10-05 15:29:42 --> Cannot redeclare App\Controllers\Consultations::rejectRequestById()
#0 [internal function]: CodeIgniter\Debug\Exceptions->shutdownHandler()
#1 {main}
CRITICAL - 2021-10-05 15:29:43 --> Cannot redeclare App\Controllers\Consultations::rejectRequestById()
#0 [internal function]: CodeIgniter\Debug\Exceptions->shutdownHandler()
#1 {main}
CRITICAL - 2021-10-05 15:29:43 --> Cannot redeclare App\Controllers\Consultations::rejectRequestById()
#0 [internal function]: CodeIgniter\Debug\Exceptions->shutdownHandler()
#1 {main}
CRITICAL - 2021-10-05 15:29:44 --> Cannot redeclare App\Controllers\Consultations::rejectRequestById()
#0 [internal function]: CodeIgniter\Debug\Exceptions->shutdownHandler()
#1 {main}
CRITICAL - 2021-10-05 15:29:44 --> Cannot redeclare App\Controllers\Consultations::rejectRequestById()
#0 [internal function]: CodeIgniter\Debug\Exceptions->shutdownHandler()
#1 {main}
CRITICAL - 2021-10-05 15:29:45 --> Cannot redeclare App\Controllers\Consultations::rejectRequestById()
#0 [internal function]: CodeIgniter\Debug\Exceptions->shutdownHandler()
#1 {main}
CRITICAL - 2021-10-05 15:29:45 --> Cannot redeclare App\Controllers\Consultations::rejectRequestById()
#0 [internal function]: CodeIgniter\Debug\Exceptions->shutdownHandler()
#1 {main}
CRITICAL - 2021-10-05 15:29:46 --> Cannot redeclare App\Controllers\Consultations::rejectRequestById()
#0 [internal function]: CodeIgniter\Debug\Exceptions->shutdownHandler()
#1 {main}
CRITICAL - 2021-10-05 15:29:46 --> Cannot redeclare App\Controllers\Consultations::rejectRequestById()
#0 [internal function]: CodeIgniter\Debug\Exceptions->shutdownHandler()
#1 {main}
CRITICAL - 2021-10-05 15:29:47 --> Cannot redeclare App\Controllers\Consultations::rejectRequestById()
#0 [internal function]: CodeIgniter\Debug\Exceptions->shutdownHandler()
#1 {main}
CRITICAL - 2021-10-05 15:29:47 --> Cannot redeclare App\Controllers\Consultations::rejectRequestById()
#0 [internal function]: CodeIgniter\Debug\Exceptions->shutdownHandler()
#1 {main}
CRITICAL - 2021-10-05 15:29:48 --> Cannot redeclare App\Controllers\Consultations::rejectRequestById()
#0 [internal function]: CodeIgniter\Debug\Exceptions->shutdownHandler()
#1 {main}
CRITICAL - 2021-10-05 15:29:48 --> Cannot redeclare App\Controllers\Consultations::rejectRequestById()
#0 [internal function]: CodeIgniter\Debug\Exceptions->shutdownHandler()
#1 {main}
CRITICAL - 2021-10-05 15:29:49 --> Cannot redeclare App\Controllers\Consultations::rejectRequestById()
#0 [internal function]: CodeIgniter\Debug\Exceptions->shutdownHandler()
#1 {main}
CRITICAL - 2021-10-05 15:29:49 --> Cannot redeclare App\Controllers\Consultations::rejectRequestById()
#0 [internal function]: CodeIgniter\Debug\Exceptions->shutdownHandler()
#1 {main}
CRITICAL - 2021-10-05 15:29:50 --> Cannot redeclare App\Controllers\Consultations::rejectRequestById()
#0 [internal function]: CodeIgniter\Debug\Exceptions->shutdownHandler()
#1 {main}
CRITICAL - 2021-10-05 15:29:50 --> Cannot redeclare App\Controllers\Consultations::rejectRequestById()
#0 [internal function]: CodeIgniter\Debug\Exceptions->shutdownHandler()
#1 {main}
CRITICAL - 2021-10-05 15:29:51 --> Cannot redeclare App\Controllers\Consultations::rejectRequestById()
#0 [internal function]: CodeIgniter\Debug\Exceptions->shutdownHandler()
#1 {main}
CRITICAL - 2021-10-05 15:29:51 --> Cannot redeclare App\Controllers\Consultations::rejectRequestById()
#0 [internal function]: CodeIgniter\Debug\Exceptions->shutdownHandler()
#1 {main}
CRITICAL - 2021-10-05 15:29:52 --> Cannot redeclare App\Controllers\Consultations::rejectRequestById()
#0 [internal function]: CodeIgniter\Debug\Exceptions->shutdownHandler()
#1 {main}
CRITICAL - 2021-10-05 15:29:52 --> Cannot redeclare App\Controllers\Consultations::rejectRequestById()
#0 [internal function]: CodeIgniter\Debug\Exceptions->shutdownHandler()
#1 {main}
CRITICAL - 2021-10-05 15:29:53 --> Cannot redeclare App\Controllers\Consultations::rejectRequestById()
#0 [internal function]: CodeIgniter\Debug\Exceptions->shutdownHandler()
#1 {main}
CRITICAL - 2021-10-05 15:29:53 --> Cannot redeclare App\Controllers\Consultations::rejectRequestById()
#0 [internal function]: CodeIgniter\Debug\Exceptions->shutdownHandler()
#1 {main}
CRITICAL - 2021-10-05 15:29:54 --> Cannot redeclare App\Controllers\Consultations::rejectRequestById()
#0 [internal function]: CodeIgniter\Debug\Exceptions->shutdownHandler()
#1 {main}
CRITICAL - 2021-10-05 15:29:54 --> Cannot redeclare App\Controllers\Consultations::rejectRequestById()
#0 [internal function]: CodeIgniter\Debug\Exceptions->shutdownHandler()
#1 {main}
CRITICAL - 2021-10-05 15:29:55 --> Cannot redeclare App\Controllers\Consultations::rejectRequestById()
#0 [internal function]: CodeIgniter\Debug\Exceptions->shutdownHandler()
#1 {main}
CRITICAL - 2021-10-05 15:29:55 --> Cannot redeclare App\Controllers\Consultations::rejectRequestById()
#0 [internal function]: CodeIgniter\Debug\Exceptions->shutdownHandler()
#1 {main}
CRITICAL - 2021-10-05 15:29:56 --> Cannot redeclare App\Controllers\Consultations::rejectRequestById()
#0 [internal function]: CodeIgniter\Debug\Exceptions->shutdownHandler()
#1 {main}
CRITICAL - 2021-10-05 15:29:56 --> Cannot redeclare App\Controllers\Consultations::rejectRequestById()
#0 [internal function]: CodeIgniter\Debug\Exceptions->shutdownHandler()
#1 {main}
CRITICAL - 2021-10-05 15:29:57 --> Cannot redeclare App\Controllers\Consultations::rejectRequestById()
#0 [internal function]: CodeIgniter\Debug\Exceptions->shutdownHandler()
#1 {main}
CRITICAL - 2021-10-05 15:29:57 --> Cannot redeclare App\Controllers\Consultations::rejectRequestById()
#0 [internal function]: CodeIgniter\Debug\Exceptions->shutdownHandler()
#1 {main}
CRITICAL - 2021-10-05 15:29:58 --> Cannot redeclare App\Controllers\Consultations::rejectRequestById()
#0 [internal function]: CodeIgniter\Debug\Exceptions->shutdownHandler()
#1 {main}
CRITICAL - 2021-10-05 15:29:58 --> Cannot redeclare App\Controllers\Consultations::rejectRequestById()
#0 [internal function]: CodeIgniter\Debug\Exceptions->shutdownHandler()
#1 {main}
CRITICAL - 2021-10-05 16:18:24 --> syntax error, unexpected token ";"
#0 C:\xampp\htdocs\myLPU-HIMS\codeigniter\system\Router\Router.php(160): CodeIgniter\Router\Router->autoRoute('consultations/f...')
#1 C:\xampp\htdocs\myLPU-HIMS\codeigniter\system\CodeIgniter.php(702): CodeIgniter\Router\Router->handle('consultations/f...')
#2 C:\xampp\htdocs\myLPU-HIMS\codeigniter\system\CodeIgniter.php(358): CodeIgniter\CodeIgniter->tryToRouteIt(Object(CodeIgniter\Router\RouteCollection))
#3 C:\xampp\htdocs\myLPU-HIMS\codeigniter\system\CodeIgniter.php(317): CodeIgniter\CodeIgniter->handleRequest(NULL, Object(Config\Cache), false)
#4 C:\xampp\htdocs\myLPU-HIMS\clinic\public\index.php(37): CodeIgniter\CodeIgniter->run()
#5 {main}
CRITICAL - 2021-10-05 16:18:24 --> syntax error, unexpected token ";"
#0 C:\xampp\htdocs\myLPU-HIMS\codeigniter\system\Router\Router.php(160): CodeIgniter\Router\Router->autoRoute('consultations/f...')
#1 C:\xampp\htdocs\myLPU-HIMS\codeigniter\system\CodeIgniter.php(702): CodeIgniter\Router\Router->handle('consultations/f...')
#2 C:\xampp\htdocs\myLPU-HIMS\codeigniter\system\CodeIgniter.php(358): CodeIgniter\CodeIgniter->tryToRouteIt(Object(CodeIgniter\Router\RouteCollection))
#3 C:\xampp\htdocs\myLPU-HIMS\codeigniter\system\CodeIgniter.php(317): CodeIgniter\CodeIgniter->handleRequest(NULL, Object(Config\Cache), false)
#4 C:\xampp\htdocs\myLPU-HIMS\clinic\public\index.php(37): CodeIgniter\CodeIgniter->run()
#5 {main}
CRITICAL - 2021-10-05 16:19:24 --> syntax error, unexpected token ";"
#0 C:\xampp\htdocs\myLPU-HIMS\codeigniter\system\Router\Router.php(160): CodeIgniter\Router\Router->autoRoute('consultations/f...')
#1 C:\xampp\htdocs\myLPU-HIMS\codeigniter\system\CodeIgniter.php(702): CodeIgniter\Router\Router->handle('consultations/f...')
#2 C:\xampp\htdocs\myLPU-HIMS\codeigniter\system\CodeIgniter.php(358): CodeIgniter\CodeIgniter->tryToRouteIt(Object(CodeIgniter\Router\RouteCollection))
#3 C:\xampp\htdocs\myLPU-HIMS\codeigniter\system\CodeIgniter.php(317): CodeIgniter\CodeIgniter->handleRequest(NULL, Object(Config\Cache), false)
#4 C:\xampp\htdocs\myLPU-HIMS\clinic\public\index.php(37): CodeIgniter\CodeIgniter->run()
#5 {main}
CRITICAL - 2021-10-05 16:19:24 --> syntax error, unexpected token ";"
#0 C:\xampp\htdocs\myLPU-HIMS\codeigniter\system\Router\Router.php(160): CodeIgniter\Router\Router->autoRoute('consultations/f...')
#1 C:\xampp\htdocs\myLPU-HIMS\codeigniter\system\CodeIgniter.php(702): CodeIgniter\Router\Router->handle('consultations/f...')
#2 C:\xampp\htdocs\myLPU-HIMS\codeigniter\system\CodeIgniter.php(358): CodeIgniter\CodeIgniter->tryToRouteIt(Object(CodeIgniter\Router\RouteCollection))
#3 C:\xampp\htdocs\myLPU-HIMS\codeigniter\system\CodeIgniter.php(317): CodeIgniter\CodeIgniter->handleRequest(NULL, Object(Config\Cache), false)
#4 C:\xampp\htdocs\myLPU-HIMS\clinic\public\index.php(37): CodeIgniter\CodeIgniter->run()
#5 {main}
CRITICAL - 2021-10-05 16:20:24 --> syntax error, unexpected token ";"
#0 C:\xampp\htdocs\myLPU-HIMS\codeigniter\system\Router\Router.php(160): CodeIgniter\Router\Router->autoRoute('consultations/f...')
#1 C:\xampp\htdocs\myLPU-HIMS\codeigniter\system\CodeIgniter.php(702): CodeIgniter\Router\Router->handle('consultations/f...')
#2 C:\xampp\htdocs\myLPU-HIMS\codeigniter\system\CodeIgniter.php(358): CodeIgniter\CodeIgniter->tryToRouteIt(Object(CodeIgniter\Router\RouteCollection))
#3 C:\xampp\htdocs\myLPU-HIMS\codeigniter\system\CodeIgniter.php(317): CodeIgniter\CodeIgniter->handleRequest(NULL, Object(Config\Cache), false)
#4 C:\xampp\htdocs\myLPU-HIMS\clinic\public\index.php(37): CodeIgniter\CodeIgniter->run()
#5 {main}
CRITICAL - 2021-10-05 16:20:24 --> syntax error, unexpected token ";"
#0 C:\xampp\htdocs\myLPU-HIMS\codeigniter\system\Router\Router.php(160): CodeIgniter\Router\Router->autoRoute('consultations/f...')
#1 C:\xampp\htdocs\myLPU-HIMS\codeigniter\system\CodeIgniter.php(702): CodeIgniter\Router\Router->handle('consultations/f...')
#2 C:\xampp\htdocs\myLPU-HIMS\codeigniter\system\CodeIgniter.php(358): CodeIgniter\CodeIgniter->tryToRouteIt(Object(CodeIgniter\Router\RouteCollection))
#3 C:\xampp\htdocs\myLPU-HIMS\codeigniter\system\CodeIgniter.php(317): CodeIgniter\CodeIgniter->handleRequest(NULL, Object(Config\Cache), false)
#4 C:\xampp\htdocs\myLPU-HIMS\clinic\public\index.php(37): CodeIgniter\CodeIgniter->run()
#5 {main}
CRITICAL - 2021-10-05 16:27:24 --> syntax error, unexpected token ")"
#0 C:\xampp\htdocs\myLPU-HIMS\codeigniter\system\Router\Router.php(160): CodeIgniter\Router\Router->autoRoute('consultations/f...')
#1 C:\xampp\htdocs\myLPU-HIMS\codeigniter\system\CodeIgniter.php(702): CodeIgniter\Router\Router->handle('consultations/f...')
#2 C:\xampp\htdocs\myLPU-HIMS\codeigniter\system\CodeIgniter.php(358): CodeIgniter\CodeIgniter->tryToRouteIt(Object(CodeIgniter\Router\RouteCollection))
#3 C:\xampp\htdocs\myLPU-HIMS\codeigniter\system\CodeIgniter.php(317): CodeIgniter\CodeIgniter->handleRequest(NULL, Object(Config\Cache), false)
#4 C:\xampp\htdocs\myLPU-HIMS\clinic\public\index.php(37): CodeIgniter\CodeIgniter->run()
#5 {main}
CRITICAL - 2021-10-05 16:27:24 --> syntax error, unexpected token ")"
#0 C:\xampp\htdocs\myLPU-HIMS\codeigniter\system\Router\Router.php(160): CodeIgniter\Router\Router->autoRoute('consultations/f...')
#1 C:\xampp\htdocs\myLPU-HIMS\codeigniter\system\CodeIgniter.php(702): CodeIgniter\Router\Router->handle('consultations/f...')
#2 C:\xampp\htdocs\myLPU-HIMS\codeigniter\system\CodeIgniter.php(358): CodeIgniter\CodeIgniter->tryToRouteIt(Object(CodeIgniter\Router\RouteCollection))
#3 C:\xampp\htdocs\myLPU-HIMS\codeigniter\system\CodeIgniter.php(317): CodeIgniter\CodeIgniter->handleRequest(NULL, Object(Config\Cache), false)
#4 C:\xampp\htdocs\myLPU-HIMS\clinic\public\index.php(37): CodeIgniter\CodeIgniter->run()
#5 {main}
CRITICAL - 2021-10-05 16:51:28 --> The action you requested is not allowed.
#0 C:\xampp\htdocs\myLPU-HIMS\codeigniter\system\Security\Security.php(222): CodeIgniter\Security\Exceptions\SecurityException::forDisallowedAction()
#1 C:\xampp\htdocs\myLPU-HIMS\codeigniter\system\Filters\CSRF.php(53): CodeIgniter\Security\Security->verify(Object(CodeIgniter\HTTP\IncomingRequest))
#2 C:\xampp\htdocs\myLPU-HIMS\codeigniter\system\Filters\Filters.php(169): CodeIgniter\Filters\CSRF->before(Object(CodeIgniter\HTTP\IncomingRequest), NULL)
#3 C:\xampp\htdocs\myLPU-HIMS\codeigniter\system\CodeIgniter.php(374): CodeIgniter\Filters\Filters->run('records/fetchAl...', 'before')
#4 C:\xampp\htdocs\myLPU-HIMS\codeigniter\system\CodeIgniter.php(317): CodeIgniter\CodeIgniter->handleRequest(NULL, Object(Config\Cache), false)
#5 C:\xampp\htdocs\myLPU-HIMS\clinic\public\index.php(37): CodeIgniter\CodeIgniter->run()
#6 {main}
ERROR - 2021-10-05 22:53:11 --> Table 'mylpuhims_db.health_personnels_account' doesn't exist
CRITICAL - 2021-10-05 22:53:11 --> Table 'mylpuhims_db.health_personnels_account' doesn't exist
#0 C:\xampp\htdocs\myLPU-HIMS\codeigniter\system\Database\MySQLi\Connection.php(280): mysqli->query('SELECT *\nFROM `...')
#1 C:\xampp\htdocs\myLPU-HIMS\codeigniter\system\Database\BaseConnection.php(663): CodeIgniter\Database\MySQLi\Connection->execute('SELECT *\nFROM `...')
#2 C:\xampp\htdocs\myLPU-HIMS\codeigniter\system\Database\BaseConnection.php(591): CodeIgniter\Database\BaseConnection->simpleQuery('SELECT *\nFROM `...')
#3 C:\xampp\htdocs\myLPU-HIMS\codeigniter\system\Database\BaseBuilder.php(1428): CodeIgniter\Database\BaseConnection->query('SELECT *\nFROM `...', Array, false)
#4 C:\xampp\htdocs\myLPU-HIMS\codeigniter\system\Model.php(210): CodeIgniter\Database\BaseBuilder->get()
#5 C:\xampp\htdocs\myLPU-HIMS\codeigniter\system\BaseModel.php(622): CodeIgniter\Model->doFirst()
#6 C:\xampp\htdocs\myLPU-HIMS\clinic\app\Controllers\Consultations.php(92): CodeIgniter\BaseModel->first()
#7 C:\xampp\htdocs\myLPU-HIMS\codeigniter\system\CodeIgniter.php(802): App\Controllers\Consultations->fetchAllRequestConsultations()
#8 C:\xampp\htdocs\myLPU-HIMS\codeigniter\system\CodeIgniter.php(399): CodeIgniter\CodeIgniter->runController(Object(App\Controllers\Consultations))
#9 C:\xampp\htdocs\myLPU-HIMS\codeigniter\system\CodeIgniter.php(317): CodeIgniter\CodeIgniter->handleRequest(NULL, Object(Config\Cache), false)
#10 C:\xampp\htdocs\myLPU-HIMS\clinic\public\index.php(37): CodeIgniter\CodeIgniter->run()
#11 {main}
ERROR - 2021-10-05 22:53:11 --> Table 'mylpuhims_db.health_personnels_account' doesn't exist
CRITICAL - 2021-10-05 22:53:11 --> Table 'mylpuhims_db.health_personnels_account' doesn't exist
#0 C:\xampp\htdocs\myLPU-HIMS\codeigniter\system\Database\MySQLi\Connection.php(280): mysqli->query('SELECT *\nFROM `...')
#1 C:\xampp\htdocs\myLPU-HIMS\codeigniter\system\Database\BaseConnection.php(663): CodeIgniter\Database\MySQLi\Connection->execute('SELECT *\nFROM `...')
#2 C:\xampp\htdocs\myLPU-HIMS\codeigniter\system\Database\BaseConnection.php(591): CodeIgniter\Database\BaseConnection->simpleQuery('SELECT *\nFROM `...')
#3 C:\xampp\htdocs\myLPU-HIMS\codeigniter\system\Database\BaseBuilder.php(1428): CodeIgniter\Database\BaseConnection->query('SELECT *\nFROM `...', Array, false)
#4 C:\xampp\htdocs\myLPU-HIMS\codeigniter\system\Model.php(210): CodeIgniter\Database\BaseBuilder->get()
#5 C:\xampp\htdocs\myLPU-HIMS\codeigniter\system\BaseModel.php(622): CodeIgniter\Model->doFirst()
#6 C:\xampp\htdocs\myLPU-HIMS\clinic\app\Controllers\Consultations.php(138): CodeIgniter\BaseModel->first()
#7 C:\xampp\htdocs\myLPU-HIMS\codeigniter\system\CodeIgniter.php(802): App\Controllers\Consultations->fetchAllScheduledConsultations()
#8 C:\xampp\htdocs\myLPU-HIMS\codeigniter\system\CodeIgniter.php(399): CodeIgniter\CodeIgniter->runController(Object(App\Controllers\Consultations))
#9 C:\xampp\htdocs\myLPU-HIMS\codeigniter\system\CodeIgniter.php(317): CodeIgniter\CodeIgniter->handleRequest(NULL, Object(Config\Cache), false)
#10 C:\xampp\htdocs\myLPU-HIMS\clinic\public\index.php(37): CodeIgniter\CodeIgniter->run()
#11 {main}
ERROR - 2021-10-05 22:53:11 --> Table 'mylpuhims_db.health_personnels_account' doesn't exist
CRITICAL - 2021-10-05 22:53:11 --> Table 'mylpuhims_db.health_personnels_account' doesn't exist
#0 C:\xampp\htdocs\myLPU-HIMS\codeigniter\system\Database\MySQLi\Connection.php(280): mysqli->query('SELECT *\nFROM `...')
#1 C:\xampp\htdocs\myLPU-HIMS\codeigniter\system\Database\BaseConnection.php(663): CodeIgniter\Database\MySQLi\Connection->execute('SELECT *\nFROM `...')
#2 C:\xampp\htdocs\myLPU-HIMS\codeigniter\system\Database\BaseConnection.php(591): CodeIgniter\Database\BaseConnection->simpleQuery('SELECT *\nFROM `...')
#3 C:\xampp\htdocs\myLPU-HIMS\codeigniter\system\Database\BaseBuilder.php(1428): CodeIgniter\Database\BaseConnection->query('SELECT *\nFROM `...', Array, false)
#4 C:\xampp\htdocs\myLPU-HIMS\codeigniter\system\Model.php(210): CodeIgniter\Database\BaseBuilder->get()
#5 C:\xampp\htdocs\myLPU-HIMS\codeigniter\system\BaseModel.php(622): CodeIgniter\Model->doFirst()
#6 C:\xampp\htdocs\myLPU-HIMS\clinic\app\Controllers\Consultations.php(92): CodeIgniter\BaseModel->first()
#7 C:\xampp\htdocs\myLPU-HIMS\codeigniter\system\CodeIgniter.php(802): App\Controllers\Consultations->fetchAllRequestConsultations()
#8 C:\xampp\htdocs\myLPU-HIMS\codeigniter\system\CodeIgniter.php(399): CodeIgniter\CodeIgniter->runController(Object(App\Controllers\Consultations))
#9 C:\xampp\htdocs\myLPU-HIMS\codeigniter\system\CodeIgniter.php(317): CodeIgniter\CodeIgniter->handleRequest(NULL, Object(Config\Cache), false)
#10 C:\xampp\htdocs\myLPU-HIMS\clinic\public\index.php(37): CodeIgniter\CodeIgniter->run()
#11 {main}
ERROR - 2021-10-05 22:53:11 --> Table 'mylpuhims_db.health_personnels_account' doesn't exist
CRITICAL - 2021-10-05 22:53:11 --> Table 'mylpuhims_db.health_personnels_account' doesn't exist
#0 C:\xampp\htdocs\myLPU-HIMS\codeigniter\system\Database\MySQLi\Connection.php(280): mysqli->query('SELECT *\nFROM `...')
#1 C:\xampp\htdocs\myLPU-HIMS\codeigniter\system\Database\BaseConnection.php(663): CodeIgniter\Database\MySQLi\Connection->execute('SELECT *\nFROM `...')
#2 C:\xampp\htdocs\myLPU-HIMS\codeigniter\system\Database\BaseConnection.php(591): CodeIgniter\Database\BaseConnection->simpleQuery('SELECT *\nFROM `...')
#3 C:\xampp\htdocs\myLPU-HIMS\codeigniter\system\Database\BaseBuilder.php(1428): CodeIgniter\Database\BaseConnection->query('SELECT *\nFROM `...', Array, false)
#4 C:\xampp\htdocs\myLPU-HIMS\codeigniter\system\Model.php(210): CodeIgniter\Database\BaseBuilder->get()
#5 C:\xampp\htdocs\myLPU-HIMS\codeigniter\system\BaseModel.php(622): CodeIgniter\Model->doFirst()
#6 C:\xampp\htdocs\myLPU-HIMS\clinic\app\Controllers\Consultations.php(138): CodeIgniter\BaseModel->first()
#7 C:\xampp\htdocs\myLPU-HIMS\codeigniter\system\CodeIgniter.php(802): App\Controllers\Consultations->fetchAllScheduledConsultations()
#8 C:\xampp\htdocs\myLPU-HIMS\codeigniter\system\CodeIgniter.php(399): CodeIgniter\CodeIgniter->runController(Object(App\Controllers\Consultations))
#9 C:\xampp\htdocs\myLPU-HIMS\codeigniter\system\CodeIgniter.php(317): CodeIgniter\CodeIgniter->handleRequest(NULL, Object(Config\Cache), false)
#10 C:\xampp\htdocs\myLPU-HIMS\clinic\public\index.php(37): CodeIgniter\CodeIgniter->run()
#11 {main}
ERROR - 2021-10-05 22:53:12 --> Table 'mylpuhims_db.health_personnels_account' doesn't exist
CRITICAL - 2021-10-05 22:53:12 --> Table 'mylpuhims_db.health_personnels_account' doesn't exist
#0 C:\xampp\htdocs\myLPU-HIMS\codeigniter\system\Database\MySQLi\Connection.php(280): mysqli->query('SELECT *\nFROM `...')
#1 C:\xampp\htdocs\myLPU-HIMS\codeigniter\system\Database\BaseConnection.php(663): CodeIgniter\Database\MySQLi\Connection->execute('SELECT *\nFROM `...')
#2 C:\xampp\htdocs\myLPU-HIMS\codeigniter\system\Database\BaseConnection.php(591): CodeIgniter\Database\BaseConnection->simpleQuery('SELECT *\nFROM `...')
#3 C:\xampp\htdocs\myLPU-HIMS\codeigniter\system\Database\BaseBuilder.php(1428): CodeIgniter\Database\BaseConnection->query('SELECT *\nFROM `...', Array, false)
#4 C:\xampp\htdocs\myLPU-HIMS\codeigniter\system\Model.php(210): CodeIgniter\Database\BaseBuilder->get()
#5 C:\xampp\htdocs\myLPU-HIMS\codeigniter\system\BaseModel.php(622): CodeIgniter\Model->doFirst()
#6 C:\xampp\htdocs\myLPU-HIMS\clinic\app\Controllers\Consultations.php(92): CodeIgniter\BaseModel->first()
#7 C:\xampp\htdocs\myLPU-HIMS\codeigniter\system\CodeIgniter.php(802): App\Controllers\Consultations->fetchAllRequestConsultations()
#8 C:\xampp\htdocs\myLPU-HIMS\codeigniter\system\CodeIgniter.php(399): CodeIgniter\CodeIgniter->runController(Object(App\Controllers\Consultations))
#9 C:\xampp\htdocs\myLPU-HIMS\codeigniter\system\CodeIgniter.php(317): CodeIgniter\CodeIgniter->handleRequest(NULL, Object(Config\Cache), false)
#10 C:\xampp\htdocs\myLPU-HIMS\clinic\public\index.php(37): CodeIgniter\CodeIgniter->run()
#11 {main}
ERROR - 2021-10-05 22:53:12 --> Table 'mylpuhims_db.health_personnels_account' doesn't exist
CRITICAL - 2021-10-05 22:53:12 --> Table 'mylpuhims_db.health_personnels_account' doesn't exist
#0 C:\xampp\htdocs\myLPU-HIMS\codeigniter\system\Database\MySQLi\Connection.php(280): mysqli->query('SELECT *\nFROM `...')
#1 C:\xampp\htdocs\myLPU-HIMS\codeigniter\system\Database\BaseConnection.php(663): CodeIgniter\Database\MySQLi\Connection->execute('SELECT *\nFROM `...')
#2 C:\xampp\htdocs\myLPU-HIMS\codeigniter\system\Database\BaseConnection.php(591): CodeIgniter\Database\BaseConnection->simpleQuery('SELECT *\nFROM `...')
#3 C:\xampp\htdocs\myLPU-HIMS\codeigniter\system\Database\BaseBuilder.php(1428): CodeIgniter\Database\BaseConnection->query('SELECT *\nFROM `...', Array, false)
#4 C:\xampp\htdocs\myLPU-HIMS\codeigniter\system\Model.php(210): CodeIgniter\Database\BaseBuilder->get()
#5 C:\xampp\htdocs\myLPU-HIMS\codeigniter\system\BaseModel.php(622): CodeIgniter\Model->doFirst()
#6 C:\xampp\htdocs\myLPU-HIMS\clinic\app\Controllers\Consultations.php(138): CodeIgniter\BaseModel->first()
#7 C:\xampp\htdocs\myLPU-HIMS\codeigniter\system\CodeIgniter.php(802): App\Controllers\Consultations->fetchAllScheduledConsultations()
#8 C:\xampp\htdocs\myLPU-HIMS\codeigniter\system\CodeIgniter.php(399): CodeIgniter\CodeIgniter->runController(Object(App\Controllers\Consultations))
#9 C:\xampp\htdocs\myLPU-HIMS\codeigniter\system\CodeIgniter.php(317): CodeIgniter\CodeIgniter->handleRequest(NULL, Object(Config\Cache), false)
#10 C:\xampp\htdocs\myLPU-HIMS\clinic\public\index.php(37): CodeIgniter\CodeIgniter->run()
#11 {main}
CRITICAL - 2021-10-05 22:53:13 --> Trying to access array offset on value of type null
#0 C:\xampp\htdocs\myLPU-HIMS\clinic\app\Controllers\Consultations.php(141): CodeIgniter\Debug\Exceptions->errorHandler(2, 'Trying to acces...', 'C:\\xampp\\htdocs...', 141)
#1 C:\xampp\htdocs\myLPU-HIMS\codeigniter\system\CodeIgniter.php(802): App\Controllers\Consultations->fetchAllScheduledConsultations()
#2 C:\xampp\htdocs\myLPU-HIMS\codeigniter\system\CodeIgniter.php(399): CodeIgniter\CodeIgniter->runController(Object(App\Controllers\Consultations))
#3 C:\xampp\htdocs\myLPU-HIMS\codeigniter\system\CodeIgniter.php(317): CodeIgniter\CodeIgniter->handleRequest(NULL, Object(Config\Cache), false)
#4 C:\xampp\htdocs\myLPU-HIMS\clinic\public\index.php(37): CodeIgniter\CodeIgniter->run()
#5 {main}
CRITICAL - 2021-10-05 22:53:13 --> Trying to access array offset on value of type null
#0 C:\xampp\htdocs\myLPU-HIMS\clinic\app\Controllers\Consultations.php(93): CodeIgniter\Debug\Exceptions->errorHandler(2, 'Trying to acces...', 'C:\\xampp\\htdocs...', 93)
#1 C:\xampp\htdocs\myLPU-HIMS\codeigniter\system\CodeIgniter.php(802): App\Controllers\Consultations->fetchAllRequestConsultations()
#2 C:\xampp\htdocs\myLPU-HIMS\codeigniter\system\CodeIgniter.php(399): CodeIgniter\CodeIgniter->runController(Object(App\Controllers\Consultations))
#3 C:\xampp\htdocs\myLPU-HIMS\codeigniter\system\CodeIgniter.php(317): CodeIgniter\CodeIgniter->handleRequest(NULL, Object(Config\Cache), false)
#4 C:\xampp\htdocs\myLPU-HIMS\clinic\public\index.php(37): CodeIgniter\CodeIgniter->run()
#5 {main}
CRITICAL - 2021-10-05 22:53:14 --> Trying to access array offset on value of type null
#0 C:\xampp\htdocs\myLPU-HIMS\clinic\app\Controllers\Consultations.php(93): CodeIgniter\Debug\Exceptions->errorHandler(2, 'Trying to acces...', 'C:\\xampp\\htdocs...', 93)
#1 C:\xampp\htdocs\myLPU-HIMS\codeigniter\system\CodeIgniter.php(802): App\Controllers\Consultations->fetchAllRequestConsultations()
#2 C:\xampp\htdocs\myLPU-HIMS\codeigniter\system\CodeIgniter.php(399): CodeIgniter\CodeIgniter->runController(Object(App\Controllers\Consultations))
#3 C:\xampp\htdocs\myLPU-HIMS\codeigniter\system\CodeIgniter.php(317): CodeIgniter\CodeIgniter->handleRequest(NULL, Object(Config\Cache), false)
#4 C:\xampp\htdocs\myLPU-HIMS\clinic\public\index.php(37): CodeIgniter\CodeIgniter->run()
#5 {main}
CRITICAL - 2021-10-05 22:53:14 --> Trying to access array offset on value of type null
#0 C:\xampp\htdocs\myLPU-HIMS\clinic\app\Controllers\Consultations.php(141): CodeIgniter\Debug\Exceptions->errorHandler(2, 'Trying to acces...', 'C:\\xampp\\htdocs...', 141)
#1 C:\xampp\htdocs\myLPU-HIMS\codeigniter\system\CodeIgniter.php(802): App\Controllers\Consultations->fetchAllScheduledConsultations()
#2 C:\xampp\htdocs\myLPU-HIMS\codeigniter\system\CodeIgniter.php(399): CodeIgniter\CodeIgniter->runController(Object(App\Controllers\Consultations))
#3 C:\xampp\htdocs\myLPU-HIMS\codeigniter\system\CodeIgniter.php(317): CodeIgniter\CodeIgniter->handleRequest(NULL, Object(Config\Cache), false)
#4 C:\xampp\htdocs\myLPU-HIMS\clinic\public\index.php(37): CodeIgniter\CodeIgniter->run()
#5 {main}
