CRITICAL - 2021-12-04 17:55:32 --> Uncaught ErrorException: Undefined variable $firstname in C:\xampp\htdocs\myLPU-HIMS\clinic\app\Views\errors\html\error_404.php:47
Stack trace:
#0 C:\xampp\htdocs\myLPU-HIMS\clinic\app\Views\errors\html\error_404.php(47): CodeIgniter\Debug\Exceptions->errorHandler(2, 'Undefined varia...', 'C:\\xampp\\htdocs...', 47)
#1 C:\xampp\htdocs\myLPU-HIMS\vendor\codeigniter\system\Debug\Exceptions.php(235): include('C:\\xampp\\htdocs...')
#2 C:\xampp\htdocs\myLPU-HIMS\vendor\codeigniter\system\Debug\Exceptions.php(132): CodeIgniter\Debug\Exceptions->render(Object(CodeIgniter\Exceptions\PageNotFoundException), 404)
#3 [internal function]: CodeIgniter\Debug\Exceptions->exceptionHandler(Object(CodeIgniter\Exceptions\PageNotFoundException))
#4 {main}
  thrown
#0 [internal function]: CodeIgniter\Debug\Exceptions->shutdownHandler()
#1 {main}
CRITICAL - 2021-12-04 17:55:47 --> Uncaught ErrorException: Undefined variable $firstname in C:\xampp\htdocs\myLPU-HIMS\clinic\app\Views\errors\html\error_404.php:47
Stack trace:
#0 C:\xampp\htdocs\myLPU-HIMS\clinic\app\Views\errors\html\error_404.php(47): CodeIgniter\Debug\Exceptions->errorHandler(2, 'Undefined varia...', 'C:\\xampp\\htdocs...', 47)
#1 C:\xampp\htdocs\myLPU-HIMS\vendor\codeigniter\system\Debug\Exceptions.php(235): include('C:\\xampp\\htdocs...')
#2 C:\xampp\htdocs\myLPU-HIMS\vendor\codeigniter\system\Debug\Exceptions.php(132): CodeIgniter\Debug\Exceptions->render(Object(CodeIgniter\Exceptions\PageNotFoundException), 404)
#3 [internal function]: CodeIgniter\Debug\Exceptions->exceptionHandler(Object(CodeIgniter\Exceptions\PageNotFoundException))
#4 {main}
  thrown
#0 [internal function]: CodeIgniter\Debug\Exceptions->shutdownHandler()
#1 {main}
CRITICAL - 2021-12-04 17:55:48 --> Uncaught ErrorException: Undefined variable $firstname in C:\xampp\htdocs\myLPU-HIMS\clinic\app\Views\errors\html\error_404.php:47
Stack trace:
#0 C:\xampp\htdocs\myLPU-HIMS\clinic\app\Views\errors\html\error_404.php(47): CodeIgniter\Debug\Exceptions->errorHandler(2, 'Undefined varia...', 'C:\\xampp\\htdocs...', 47)
#1 C:\xampp\htdocs\myLPU-HIMS\vendor\codeigniter\system\Debug\Exceptions.php(235): include('C:\\xampp\\htdocs...')
#2 C:\xampp\htdocs\myLPU-HIMS\vendor\codeigniter\system\Debug\Exceptions.php(132): CodeIgniter\Debug\Exceptions->render(Object(CodeIgniter\Exceptions\PageNotFoundException), 404)
#3 [internal function]: CodeIgniter\Debug\Exceptions->exceptionHandler(Object(CodeIgniter\Exceptions\PageNotFoundException))
#4 {main}
  thrown
#0 [internal function]: CodeIgniter\Debug\Exceptions->shutdownHandler()
#1 {main}
CRITICAL - 2021-12-04 17:55:54 --> Uncaught ErrorException: Undefined variable $firstname in C:\xampp\htdocs\myLPU-HIMS\clinic\app\Views\errors\html\error_404.php:47
Stack trace:
#0 C:\xampp\htdocs\myLPU-HIMS\clinic\app\Views\errors\html\error_404.php(47): CodeIgniter\Debug\Exceptions->errorHandler(2, 'Undefined varia...', 'C:\\xampp\\htdocs...', 47)
#1 C:\xampp\htdocs\myLPU-HIMS\vendor\codeigniter\system\Debug\Exceptions.php(235): include('C:\\xampp\\htdocs...')
#2 C:\xampp\htdocs\myLPU-HIMS\vendor\codeigniter\system\Debug\Exceptions.php(132): CodeIgniter\Debug\Exceptions->render(Object(CodeIgniter\Exceptions\PageNotFoundException), 404)
#3 [internal function]: CodeIgniter\Debug\Exceptions->exceptionHandler(Object(CodeIgniter\Exceptions\PageNotFoundException))
#4 {main}
  thrown
#0 [internal function]: CodeIgniter\Debug\Exceptions->shutdownHandler()
#1 {main}
CRITICAL - 2021-12-04 17:55:54 --> Uncaught ErrorException: Undefined variable $firstname in C:\xampp\htdocs\myLPU-HIMS\clinic\app\Views\errors\html\error_404.php:47
Stack trace:
#0 C:\xampp\htdocs\myLPU-HIMS\clinic\app\Views\errors\html\error_404.php(47): CodeIgniter\Debug\Exceptions->errorHandler(2, 'Undefined varia...', 'C:\\xampp\\htdocs...', 47)
#1 C:\xampp\htdocs\myLPU-HIMS\vendor\codeigniter\system\Debug\Exceptions.php(235): include('C:\\xampp\\htdocs...')
#2 C:\xampp\htdocs\myLPU-HIMS\vendor\codeigniter\system\Debug\Exceptions.php(132): CodeIgniter\Debug\Exceptions->render(Object(CodeIgniter\Exceptions\PageNotFoundException), 404)
#3 [internal function]: CodeIgniter\Debug\Exceptions->exceptionHandler(Object(CodeIgniter\Exceptions\PageNotFoundException))
#4 {main}
  thrown
#0 [internal function]: CodeIgniter\Debug\Exceptions->shutdownHandler()
#1 {main}
