CRITICAL - 2021-09-24 18:23:22 --> basename() expects at least 1 argument, 0 given
#0 C:\xampp\htdocs\myLPU-HIMS\clinic\app\Controllers\Records.php(217): basename()
#1 C:\xampp\htdocs\myLPU-HIMS\codeigniter\system\CodeIgniter.php(802): App\Controllers\Records->uploadStaffRecord()
#2 C:\xampp\htdocs\myLPU-HIMS\codeigniter\system\CodeIgniter.php(399): CodeIgniter\CodeIgniter->runController(Object(App\Controllers\Records))
#3 C:\xampp\htdocs\myLPU-HIMS\codeigniter\system\CodeIgniter.php(317): CodeIgniter\CodeIgniter->handleRequest(NULL, Object(Config\Cache), false)
#4 C:\xampp\htdocs\myLPU-HIMS\clinic\public\index.php(37): CodeIgniter\CodeIgniter->run()
#5 {main}
CRITICAL - 2021-09-24 18:23:26 --> Undefined constant "App\Controllers\basename"
#0 C:\xampp\htdocs\myLPU-HIMS\codeigniter\system\CodeIgniter.php(802): App\Controllers\Records->uploadStaffRecord()
#1 C:\xampp\htdocs\myLPU-HIMS\codeigniter\system\CodeIgniter.php(399): CodeIgniter\CodeIgniter->runController(Object(App\Controllers\Records))
#2 C:\xampp\htdocs\myLPU-HIMS\codeigniter\system\CodeIgniter.php(317): CodeIgniter\CodeIgniter->handleRequest(NULL, Object(Config\Cache), false)
#3 C:\xampp\htdocs\myLPU-HIMS\clinic\public\index.php(37): CodeIgniter\CodeIgniter->run()
#4 {main}
CRITICAL - 2021-09-24 18:30:32 --> syntax error, unexpected token "}", expecting "," or ";"
#0 C:\xampp\htdocs\myLPU-HIMS\codeigniter\system\Router\Router.php(160): CodeIgniter\Router\Router->autoRoute('records/uploadS...')
#1 C:\xampp\htdocs\myLPU-HIMS\codeigniter\system\CodeIgniter.php(702): CodeIgniter\Router\Router->handle('records/uploadS...')
#2 C:\xampp\htdocs\myLPU-HIMS\codeigniter\system\CodeIgniter.php(358): CodeIgniter\CodeIgniter->tryToRouteIt(Object(CodeIgniter\Router\RouteCollection))
#3 C:\xampp\htdocs\myLPU-HIMS\codeigniter\system\CodeIgniter.php(317): CodeIgniter\CodeIgniter->handleRequest(NULL, Object(Config\Cache), false)
#4 C:\xampp\htdocs\myLPU-HIMS\clinic\public\index.php(37): CodeIgniter\CodeIgniter->run()
#5 {main}
