CRITICAL - 2021-12-09 20:43:39 --> syntax error, unexpected variable "$data"
#0 C:\xampp\htdocs\myLPU-HIMS\vendor\codeigniter\system\Router\Router.php(160): CodeIgniter\Router\Router->autoRoute('consultations/f...')
#1 C:\xampp\htdocs\myLPU-HIMS\vendor\codeigniter\system\CodeIgniter.php(702): CodeIgniter\Router\Router->handle('consultations/f...')
#2 C:\xampp\htdocs\myLPU-HIMS\vendor\codeigniter\system\CodeIgniter.php(358): CodeIgniter\CodeIgniter->tryToRouteIt(Object(CodeIgniter\Router\RouteCollection))
#3 C:\xampp\htdocs\myLPU-HIMS\vendor\codeigniter\system\CodeIgniter.php(317): CodeIgniter\CodeIgniter->handleRequest(NULL, Object(Config\Cache), false)
#4 C:\xampp\htdocs\myLPU-HIMS\clinic\public\index.php(37): CodeIgniter\CodeIgniter->run()
#5 {main}
CRITICAL - 2021-12-09 20:43:39 --> syntax error, unexpected variable "$data"
#0 C:\xampp\htdocs\myLPU-HIMS\vendor\codeigniter\system\Router\Router.php(160): CodeIgniter\Router\Router->autoRoute('consultations/f...')
#1 C:\xampp\htdocs\myLPU-HIMS\vendor\codeigniter\system\CodeIgniter.php(702): CodeIgniter\Router\Router->handle('consultations/f...')
#2 C:\xampp\htdocs\myLPU-HIMS\vendor\codeigniter\system\CodeIgniter.php(358): CodeIgniter\CodeIgniter->tryToRouteIt(Object(CodeIgniter\Router\RouteCollection))
#3 C:\xampp\htdocs\myLPU-HIMS\vendor\codeigniter\system\CodeIgniter.php(317): CodeIgniter\CodeIgniter->handleRequest(NULL, Object(Config\Cache), false)
#4 C:\xampp\htdocs\myLPU-HIMS\clinic\public\index.php(37): CodeIgniter\CodeIgniter->run()
#5 {main}
CRITICAL - 2021-12-09 20:43:39 --> syntax error, unexpected variable "$data"
#0 C:\xampp\htdocs\myLPU-HIMS\vendor\codeigniter\system\Router\Router.php(160): CodeIgniter\Router\Router->autoRoute('consultations/r...')
#1 C:\xampp\htdocs\myLPU-HIMS\vendor\codeigniter\system\CodeIgniter.php(702): CodeIgniter\Router\Router->handle('consultations/r...')
#2 C:\xampp\htdocs\myLPU-HIMS\vendor\codeigniter\system\CodeIgniter.php(358): CodeIgniter\CodeIgniter->tryToRouteIt(Object(CodeIgniter\Router\RouteCollection))
#3 C:\xampp\htdocs\myLPU-HIMS\vendor\codeigniter\system\CodeIgniter.php(317): CodeIgniter\CodeIgniter->handleRequest(NULL, Object(Config\Cache), false)
#4 C:\xampp\htdocs\myLPU-HIMS\clinic\public\index.php(37): CodeIgniter\CodeIgniter->run()
#5 {main}
