CRITICAL - 2021-11-29 16:35:41 --> Trying to access array offset on value of type null
#0 C:\xampp\htdocs\myLPU-HIMS\clinic\app\Helpers\useraccount_helper.php(9): CodeIgniter\Debug\Exceptions->errorHandler(2, 'Trying to acces...', 'C:\\xampp\\htdocs...', 9)
#1 C:\xampp\htdocs\myLPU-HIMS\clinic\app\Controllers\Dashboard.php(15): getUserFirstname()
#2 C:\xampp\htdocs\myLPU-HIMS\vendor\codeigniter\system\CodeIgniter.php(779): App\Controllers\Dashboard->__construct()
#3 C:\xampp\htdocs\myLPU-HIMS\vendor\codeigniter\system\CodeIgniter.php(390): CodeIgniter\CodeIgniter->createController()
#4 C:\xampp\htdocs\myLPU-HIMS\vendor\codeigniter\system\CodeIgniter.php(317): CodeIgniter\CodeIgniter->handleRequest(NULL, Object(Config\Cache), false)
#5 C:\xampp\htdocs\myLPU-HIMS\clinic\public\index.php(37): CodeIgniter\CodeIgniter->run()
#6 {main}
CRITICAL - 2021-11-29 16:35:41 --> Trying to access array offset on value of type null
#0 C:\xampp\htdocs\myLPU-HIMS\clinic\app\Helpers\useraccount_helper.php(9): CodeIgniter\Debug\Exceptions->errorHandler(2, 'Trying to acces...', 'C:\\xampp\\htdocs...', 9)
#1 C:\xampp\htdocs\myLPU-HIMS\clinic\app\Controllers\Dashboard.php(15): getUserFirstname()
#2 C:\xampp\htdocs\myLPU-HIMS\vendor\codeigniter\system\CodeIgniter.php(779): App\Controllers\Dashboard->__construct()
#3 C:\xampp\htdocs\myLPU-HIMS\vendor\codeigniter\system\CodeIgniter.php(390): CodeIgniter\CodeIgniter->createController()
#4 C:\xampp\htdocs\myLPU-HIMS\vendor\codeigniter\system\CodeIgniter.php(317): CodeIgniter\CodeIgniter->handleRequest(NULL, Object(Config\Cache), false)
#5 C:\xampp\htdocs\myLPU-HIMS\clinic\public\index.php(37): CodeIgniter\CodeIgniter->run()
#6 {main}
CRITICAL - 2021-11-29 16:35:42 --> Trying to access array offset on value of type null
#0 C:\xampp\htdocs\myLPU-HIMS\clinic\app\Helpers\useraccount_helper.php(9): CodeIgniter\Debug\Exceptions->errorHandler(2, 'Trying to acces...', 'C:\\xampp\\htdocs...', 9)
#1 C:\xampp\htdocs\myLPU-HIMS\clinic\app\Controllers\Dashboard.php(15): getUserFirstname()
#2 C:\xampp\htdocs\myLPU-HIMS\vendor\codeigniter\system\CodeIgniter.php(779): App\Controllers\Dashboard->__construct()
#3 C:\xampp\htdocs\myLPU-HIMS\vendor\codeigniter\system\CodeIgniter.php(390): CodeIgniter\CodeIgniter->createController()
#4 C:\xampp\htdocs\myLPU-HIMS\vendor\codeigniter\system\CodeIgniter.php(317): CodeIgniter\CodeIgniter->handleRequest(NULL, Object(Config\Cache), false)
#5 C:\xampp\htdocs\myLPU-HIMS\clinic\public\index.php(37): CodeIgniter\CodeIgniter->run()
#6 {main}
CRITICAL - 2021-11-29 16:35:42 --> Trying to access array offset on value of type null
#0 C:\xampp\htdocs\myLPU-HIMS\clinic\app\Helpers\useraccount_helper.php(9): CodeIgniter\Debug\Exceptions->errorHandler(2, 'Trying to acces...', 'C:\\xampp\\htdocs...', 9)
#1 C:\xampp\htdocs\myLPU-HIMS\clinic\app\Controllers\Dashboard.php(15): getUserFirstname()
#2 C:\xampp\htdocs\myLPU-HIMS\vendor\codeigniter\system\CodeIgniter.php(779): App\Controllers\Dashboard->__construct()
#3 C:\xampp\htdocs\myLPU-HIMS\vendor\codeigniter\system\CodeIgniter.php(390): CodeIgniter\CodeIgniter->createController()
#4 C:\xampp\htdocs\myLPU-HIMS\vendor\codeigniter\system\CodeIgniter.php(317): CodeIgniter\CodeIgniter->handleRequest(NULL, Object(Config\Cache), false)
#5 C:\xampp\htdocs\myLPU-HIMS\clinic\public\index.php(37): CodeIgniter\CodeIgniter->run()
#6 {main}
CRITICAL - 2021-11-29 16:35:42 --> Trying to access array offset on value of type null
#0 C:\xampp\htdocs\myLPU-HIMS\clinic\app\Helpers\useraccount_helper.php(9): CodeIgniter\Debug\Exceptions->errorHandler(2, 'Trying to acces...', 'C:\\xampp\\htdocs...', 9)
#1 C:\xampp\htdocs\myLPU-HIMS\clinic\app\Controllers\Dashboard.php(15): getUserFirstname()
#2 C:\xampp\htdocs\myLPU-HIMS\vendor\codeigniter\system\CodeIgniter.php(779): App\Controllers\Dashboard->__construct()
#3 C:\xampp\htdocs\myLPU-HIMS\vendor\codeigniter\system\CodeIgniter.php(390): CodeIgniter\CodeIgniter->createController()
#4 C:\xampp\htdocs\myLPU-HIMS\vendor\codeigniter\system\CodeIgniter.php(317): CodeIgniter\CodeIgniter->handleRequest(NULL, Object(Config\Cache), false)
#5 C:\xampp\htdocs\myLPU-HIMS\clinic\public\index.php(37): CodeIgniter\CodeIgniter->run()
#6 {main}
CRITICAL - 2021-11-29 16:35:42 --> Trying to access array offset on value of type null
#0 C:\xampp\htdocs\myLPU-HIMS\clinic\app\Helpers\useraccount_helper.php(9): CodeIgniter\Debug\Exceptions->errorHandler(2, 'Trying to acces...', 'C:\\xampp\\htdocs...', 9)
#1 C:\xampp\htdocs\myLPU-HIMS\clinic\app\Controllers\Dashboard.php(15): getUserFirstname()
#2 C:\xampp\htdocs\myLPU-HIMS\vendor\codeigniter\system\CodeIgniter.php(779): App\Controllers\Dashboard->__construct()
#3 C:\xampp\htdocs\myLPU-HIMS\vendor\codeigniter\system\CodeIgniter.php(390): CodeIgniter\CodeIgniter->createController()
#4 C:\xampp\htdocs\myLPU-HIMS\vendor\codeigniter\system\CodeIgniter.php(317): CodeIgniter\CodeIgniter->handleRequest(NULL, Object(Config\Cache), false)
#5 C:\xampp\htdocs\myLPU-HIMS\clinic\public\index.php(37): CodeIgniter\CodeIgniter->run()
#6 {main}
CRITICAL - 2021-11-29 16:35:45 --> Trying to access array offset on value of type null
#0 C:\xampp\htdocs\myLPU-HIMS\clinic\app\Helpers\useraccount_helper.php(9): CodeIgniter\Debug\Exceptions->errorHandler(2, 'Trying to acces...', 'C:\\xampp\\htdocs...', 9)
#1 C:\xampp\htdocs\myLPU-HIMS\clinic\app\Controllers\Dashboard.php(15): getUserFirstname()
#2 C:\xampp\htdocs\myLPU-HIMS\vendor\codeigniter\system\CodeIgniter.php(779): App\Controllers\Dashboard->__construct()
#3 C:\xampp\htdocs\myLPU-HIMS\vendor\codeigniter\system\CodeIgniter.php(390): CodeIgniter\CodeIgniter->createController()
#4 C:\xampp\htdocs\myLPU-HIMS\vendor\codeigniter\system\CodeIgniter.php(317): CodeIgniter\CodeIgniter->handleRequest(NULL, Object(Config\Cache), false)
#5 C:\xampp\htdocs\myLPU-HIMS\clinic\public\index.php(37): CodeIgniter\CodeIgniter->run()
#6 {main}
CRITICAL - 2021-11-29 16:35:45 --> Trying to access array offset on value of type null
#0 C:\xampp\htdocs\myLPU-HIMS\clinic\app\Helpers\useraccount_helper.php(9): CodeIgniter\Debug\Exceptions->errorHandler(2, 'Trying to acces...', 'C:\\xampp\\htdocs...', 9)
#1 C:\xampp\htdocs\myLPU-HIMS\clinic\app\Controllers\Dashboard.php(15): getUserFirstname()
#2 C:\xampp\htdocs\myLPU-HIMS\vendor\codeigniter\system\CodeIgniter.php(779): App\Controllers\Dashboard->__construct()
#3 C:\xampp\htdocs\myLPU-HIMS\vendor\codeigniter\system\CodeIgniter.php(390): CodeIgniter\CodeIgniter->createController()
#4 C:\xampp\htdocs\myLPU-HIMS\vendor\codeigniter\system\CodeIgniter.php(317): CodeIgniter\CodeIgniter->handleRequest(NULL, Object(Config\Cache), false)
#5 C:\xampp\htdocs\myLPU-HIMS\clinic\public\index.php(37): CodeIgniter\CodeIgniter->run()
#6 {main}
CRITICAL - 2021-11-29 16:35:52 --> Trying to access array offset on value of type null
#0 C:\xampp\htdocs\myLPU-HIMS\clinic\app\Helpers\useraccount_helper.php(9): CodeIgniter\Debug\Exceptions->errorHandler(2, 'Trying to acces...', 'C:\\xampp\\htdocs...', 9)
#1 C:\xampp\htdocs\myLPU-HIMS\clinic\app\Controllers\Dashboard.php(15): getUserFirstname()
#2 C:\xampp\htdocs\myLPU-HIMS\vendor\codeigniter\system\CodeIgniter.php(779): App\Controllers\Dashboard->__construct()
#3 C:\xampp\htdocs\myLPU-HIMS\vendor\codeigniter\system\CodeIgniter.php(390): CodeIgniter\CodeIgniter->createController()
#4 C:\xampp\htdocs\myLPU-HIMS\vendor\codeigniter\system\CodeIgniter.php(317): CodeIgniter\CodeIgniter->handleRequest(NULL, Object(Config\Cache), false)
#5 C:\xampp\htdocs\myLPU-HIMS\clinic\public\index.php(37): CodeIgniter\CodeIgniter->run()
#6 {main}
CRITICAL - 2021-11-29 16:35:52 --> Trying to access array offset on value of type null
#0 C:\xampp\htdocs\myLPU-HIMS\clinic\app\Helpers\useraccount_helper.php(9): CodeIgniter\Debug\Exceptions->errorHandler(2, 'Trying to acces...', 'C:\\xampp\\htdocs...', 9)
#1 C:\xampp\htdocs\myLPU-HIMS\clinic\app\Controllers\Dashboard.php(15): getUserFirstname()
#2 C:\xampp\htdocs\myLPU-HIMS\vendor\codeigniter\system\CodeIgniter.php(779): App\Controllers\Dashboard->__construct()
#3 C:\xampp\htdocs\myLPU-HIMS\vendor\codeigniter\system\CodeIgniter.php(390): CodeIgniter\CodeIgniter->createController()
#4 C:\xampp\htdocs\myLPU-HIMS\vendor\codeigniter\system\CodeIgniter.php(317): CodeIgniter\CodeIgniter->handleRequest(NULL, Object(Config\Cache), false)
#5 C:\xampp\htdocs\myLPU-HIMS\clinic\public\index.php(37): CodeIgniter\CodeIgniter->run()
#6 {main}
CRITICAL - 2021-11-29 16:35:55 --> Trying to access array offset on value of type null
#0 C:\xampp\htdocs\myLPU-HIMS\clinic\app\Helpers\useraccount_helper.php(9): CodeIgniter\Debug\Exceptions->errorHandler(2, 'Trying to acces...', 'C:\\xampp\\htdocs...', 9)
#1 C:\xampp\htdocs\myLPU-HIMS\clinic\app\Controllers\Dashboard.php(15): getUserFirstname()
#2 C:\xampp\htdocs\myLPU-HIMS\vendor\codeigniter\system\CodeIgniter.php(779): App\Controllers\Dashboard->__construct()
#3 C:\xampp\htdocs\myLPU-HIMS\vendor\codeigniter\system\CodeIgniter.php(390): CodeIgniter\CodeIgniter->createController()
#4 C:\xampp\htdocs\myLPU-HIMS\vendor\codeigniter\system\CodeIgniter.php(317): CodeIgniter\CodeIgniter->handleRequest(NULL, Object(Config\Cache), false)
#5 C:\xampp\htdocs\myLPU-HIMS\clinic\public\index.php(37): CodeIgniter\CodeIgniter->run()
#6 {main}
CRITICAL - 2021-11-29 16:35:55 --> Trying to access array offset on value of type null
#0 C:\xampp\htdocs\myLPU-HIMS\clinic\app\Helpers\useraccount_helper.php(9): CodeIgniter\Debug\Exceptions->errorHandler(2, 'Trying to acces...', 'C:\\xampp\\htdocs...', 9)
#1 C:\xampp\htdocs\myLPU-HIMS\clinic\app\Controllers\Dashboard.php(15): getUserFirstname()
#2 C:\xampp\htdocs\myLPU-HIMS\vendor\codeigniter\system\CodeIgniter.php(779): App\Controllers\Dashboard->__construct()
#3 C:\xampp\htdocs\myLPU-HIMS\vendor\codeigniter\system\CodeIgniter.php(390): CodeIgniter\CodeIgniter->createController()
#4 C:\xampp\htdocs\myLPU-HIMS\vendor\codeigniter\system\CodeIgniter.php(317): CodeIgniter\CodeIgniter->handleRequest(NULL, Object(Config\Cache), false)
#5 C:\xampp\htdocs\myLPU-HIMS\clinic\public\index.php(37): CodeIgniter\CodeIgniter->run()
#6 {main}
CRITICAL - 2021-11-29 16:36:01 --> Trying to access array offset on value of type null
#0 C:\xampp\htdocs\myLPU-HIMS\clinic\app\Helpers\useraccount_helper.php(9): CodeIgniter\Debug\Exceptions->errorHandler(2, 'Trying to acces...', 'C:\\xampp\\htdocs...', 9)
#1 C:\xampp\htdocs\myLPU-HIMS\clinic\app\Controllers\Dashboard.php(15): getUserFirstname()
#2 C:\xampp\htdocs\myLPU-HIMS\vendor\codeigniter\system\CodeIgniter.php(779): App\Controllers\Dashboard->__construct()
#3 C:\xampp\htdocs\myLPU-HIMS\vendor\codeigniter\system\CodeIgniter.php(390): CodeIgniter\CodeIgniter->createController()
#4 C:\xampp\htdocs\myLPU-HIMS\vendor\codeigniter\system\CodeIgniter.php(317): CodeIgniter\CodeIgniter->handleRequest(NULL, Object(Config\Cache), false)
#5 C:\xampp\htdocs\myLPU-HIMS\clinic\public\index.php(37): CodeIgniter\CodeIgniter->run()
#6 {main}
CRITICAL - 2021-11-29 16:36:01 --> Trying to access array offset on value of type null
#0 C:\xampp\htdocs\myLPU-HIMS\clinic\app\Helpers\useraccount_helper.php(9): CodeIgniter\Debug\Exceptions->errorHandler(2, 'Trying to acces...', 'C:\\xampp\\htdocs...', 9)
#1 C:\xampp\htdocs\myLPU-HIMS\clinic\app\Controllers\Dashboard.php(15): getUserFirstname()
#2 C:\xampp\htdocs\myLPU-HIMS\vendor\codeigniter\system\CodeIgniter.php(779): App\Controllers\Dashboard->__construct()
#3 C:\xampp\htdocs\myLPU-HIMS\vendor\codeigniter\system\CodeIgniter.php(390): CodeIgniter\CodeIgniter->createController()
#4 C:\xampp\htdocs\myLPU-HIMS\vendor\codeigniter\system\CodeIgniter.php(317): CodeIgniter\CodeIgniter->handleRequest(NULL, Object(Config\Cache), false)
#5 C:\xampp\htdocs\myLPU-HIMS\clinic\public\index.php(37): CodeIgniter\CodeIgniter->run()
#6 {main}
CRITICAL - 2021-11-29 16:36:08 --> Trying to access array offset on value of type null
#0 C:\xampp\htdocs\myLPU-HIMS\clinic\app\Helpers\useraccount_helper.php(9): CodeIgniter\Debug\Exceptions->errorHandler(2, 'Trying to acces...', 'C:\\xampp\\htdocs...', 9)
#1 C:\xampp\htdocs\myLPU-HIMS\clinic\app\Controllers\Dashboard.php(15): getUserFirstname()
#2 C:\xampp\htdocs\myLPU-HIMS\vendor\codeigniter\system\CodeIgniter.php(779): App\Controllers\Dashboard->__construct()
#3 C:\xampp\htdocs\myLPU-HIMS\vendor\codeigniter\system\CodeIgniter.php(390): CodeIgniter\CodeIgniter->createController()
#4 C:\xampp\htdocs\myLPU-HIMS\vendor\codeigniter\system\CodeIgniter.php(317): CodeIgniter\CodeIgniter->handleRequest(NULL, Object(Config\Cache), false)
#5 C:\xampp\htdocs\myLPU-HIMS\clinic\public\index.php(37): CodeIgniter\CodeIgniter->run()
#6 {main}
CRITICAL - 2021-11-29 16:36:08 --> Trying to access array offset on value of type null
#0 C:\xampp\htdocs\myLPU-HIMS\clinic\app\Helpers\useraccount_helper.php(9): CodeIgniter\Debug\Exceptions->errorHandler(2, 'Trying to acces...', 'C:\\xampp\\htdocs...', 9)
#1 C:\xampp\htdocs\myLPU-HIMS\clinic\app\Controllers\Dashboard.php(15): getUserFirstname()
#2 C:\xampp\htdocs\myLPU-HIMS\vendor\codeigniter\system\CodeIgniter.php(779): App\Controllers\Dashboard->__construct()
#3 C:\xampp\htdocs\myLPU-HIMS\vendor\codeigniter\system\CodeIgniter.php(390): CodeIgniter\CodeIgniter->createController()
#4 C:\xampp\htdocs\myLPU-HIMS\vendor\codeigniter\system\CodeIgniter.php(317): CodeIgniter\CodeIgniter->handleRequest(NULL, Object(Config\Cache), false)
#5 C:\xampp\htdocs\myLPU-HIMS\clinic\public\index.php(37): CodeIgniter\CodeIgniter->run()
#6 {main}
CRITICAL - 2021-11-29 16:36:11 --> Trying to access array offset on value of type null
#0 C:\xampp\htdocs\myLPU-HIMS\clinic\app\Helpers\useraccount_helper.php(9): CodeIgniter\Debug\Exceptions->errorHandler(2, 'Trying to acces...', 'C:\\xampp\\htdocs...', 9)
#1 C:\xampp\htdocs\myLPU-HIMS\clinic\app\Controllers\Dashboard.php(15): getUserFirstname()
#2 C:\xampp\htdocs\myLPU-HIMS\vendor\codeigniter\system\CodeIgniter.php(779): App\Controllers\Dashboard->__construct()
#3 C:\xampp\htdocs\myLPU-HIMS\vendor\codeigniter\system\CodeIgniter.php(390): CodeIgniter\CodeIgniter->createController()
#4 C:\xampp\htdocs\myLPU-HIMS\vendor\codeigniter\system\CodeIgniter.php(317): CodeIgniter\CodeIgniter->handleRequest(NULL, Object(Config\Cache), false)
#5 C:\xampp\htdocs\myLPU-HIMS\clinic\public\index.php(37): CodeIgniter\CodeIgniter->run()
#6 {main}
CRITICAL - 2021-11-29 16:36:11 --> Trying to access array offset on value of type null
#0 C:\xampp\htdocs\myLPU-HIMS\clinic\app\Helpers\useraccount_helper.php(9): CodeIgniter\Debug\Exceptions->errorHandler(2, 'Trying to acces...', 'C:\\xampp\\htdocs...', 9)
#1 C:\xampp\htdocs\myLPU-HIMS\clinic\app\Controllers\Dashboard.php(15): getUserFirstname()
#2 C:\xampp\htdocs\myLPU-HIMS\vendor\codeigniter\system\CodeIgniter.php(779): App\Controllers\Dashboard->__construct()
#3 C:\xampp\htdocs\myLPU-HIMS\vendor\codeigniter\system\CodeIgniter.php(390): CodeIgniter\CodeIgniter->createController()
#4 C:\xampp\htdocs\myLPU-HIMS\vendor\codeigniter\system\CodeIgniter.php(317): CodeIgniter\CodeIgniter->handleRequest(NULL, Object(Config\Cache), false)
#5 C:\xampp\htdocs\myLPU-HIMS\clinic\public\index.php(37): CodeIgniter\CodeIgniter->run()
#6 {main}
CRITICAL - 2021-11-29 16:36:15 --> Trying to access array offset on value of type null
#0 C:\xampp\htdocs\myLPU-HIMS\clinic\app\Helpers\useraccount_helper.php(9): CodeIgniter\Debug\Exceptions->errorHandler(2, 'Trying to acces...', 'C:\\xampp\\htdocs...', 9)
#1 C:\xampp\htdocs\myLPU-HIMS\clinic\app\Controllers\Dashboard.php(15): getUserFirstname()
#2 C:\xampp\htdocs\myLPU-HIMS\vendor\codeigniter\system\CodeIgniter.php(779): App\Controllers\Dashboard->__construct()
#3 C:\xampp\htdocs\myLPU-HIMS\vendor\codeigniter\system\CodeIgniter.php(390): CodeIgniter\CodeIgniter->createController()
#4 C:\xampp\htdocs\myLPU-HIMS\vendor\codeigniter\system\CodeIgniter.php(317): CodeIgniter\CodeIgniter->handleRequest(NULL, Object(Config\Cache), false)
#5 C:\xampp\htdocs\myLPU-HIMS\clinic\public\index.php(37): CodeIgniter\CodeIgniter->run()
#6 {main}
CRITICAL - 2021-11-29 16:36:15 --> Trying to access array offset on value of type null
#0 C:\xampp\htdocs\myLPU-HIMS\clinic\app\Helpers\useraccount_helper.php(9): CodeIgniter\Debug\Exceptions->errorHandler(2, 'Trying to acces...', 'C:\\xampp\\htdocs...', 9)
#1 C:\xampp\htdocs\myLPU-HIMS\clinic\app\Controllers\Dashboard.php(15): getUserFirstname()
#2 C:\xampp\htdocs\myLPU-HIMS\vendor\codeigniter\system\CodeIgniter.php(779): App\Controllers\Dashboard->__construct()
#3 C:\xampp\htdocs\myLPU-HIMS\vendor\codeigniter\system\CodeIgniter.php(390): CodeIgniter\CodeIgniter->createController()
#4 C:\xampp\htdocs\myLPU-HIMS\vendor\codeigniter\system\CodeIgniter.php(317): CodeIgniter\CodeIgniter->handleRequest(NULL, Object(Config\Cache), false)
#5 C:\xampp\htdocs\myLPU-HIMS\clinic\public\index.php(37): CodeIgniter\CodeIgniter->run()
#6 {main}
CRITICAL - 2021-11-29 16:36:26 --> Trying to access array offset on value of type null
#0 C:\xampp\htdocs\myLPU-HIMS\clinic\app\Helpers\useraccount_helper.php(9): CodeIgniter\Debug\Exceptions->errorHandler(2, 'Trying to acces...', 'C:\\xampp\\htdocs...', 9)
#1 C:\xampp\htdocs\myLPU-HIMS\clinic\app\Controllers\Dashboard.php(15): getUserFirstname()
#2 C:\xampp\htdocs\myLPU-HIMS\vendor\codeigniter\system\CodeIgniter.php(779): App\Controllers\Dashboard->__construct()
#3 C:\xampp\htdocs\myLPU-HIMS\vendor\codeigniter\system\CodeIgniter.php(390): CodeIgniter\CodeIgniter->createController()
#4 C:\xampp\htdocs\myLPU-HIMS\vendor\codeigniter\system\CodeIgniter.php(317): CodeIgniter\CodeIgniter->handleRequest(NULL, Object(Config\Cache), false)
#5 C:\xampp\htdocs\myLPU-HIMS\clinic\public\index.php(37): CodeIgniter\CodeIgniter->run()
#6 {main}
CRITICAL - 2021-11-29 16:36:26 --> Trying to access array offset on value of type null
#0 C:\xampp\htdocs\myLPU-HIMS\clinic\app\Helpers\useraccount_helper.php(9): CodeIgniter\Debug\Exceptions->errorHandler(2, 'Trying to acces...', 'C:\\xampp\\htdocs...', 9)
#1 C:\xampp\htdocs\myLPU-HIMS\clinic\app\Controllers\Dashboard.php(15): getUserFirstname()
#2 C:\xampp\htdocs\myLPU-HIMS\vendor\codeigniter\system\CodeIgniter.php(779): App\Controllers\Dashboard->__construct()
#3 C:\xampp\htdocs\myLPU-HIMS\vendor\codeigniter\system\CodeIgniter.php(390): CodeIgniter\CodeIgniter->createController()
#4 C:\xampp\htdocs\myLPU-HIMS\vendor\codeigniter\system\CodeIgniter.php(317): CodeIgniter\CodeIgniter->handleRequest(NULL, Object(Config\Cache), false)
#5 C:\xampp\htdocs\myLPU-HIMS\clinic\public\index.php(37): CodeIgniter\CodeIgniter->run()
#6 {main}
CRITICAL - 2021-11-29 16:36:30 --> Trying to access array offset on value of type null
#0 C:\xampp\htdocs\myLPU-HIMS\clinic\app\Helpers\useraccount_helper.php(9): CodeIgniter\Debug\Exceptions->errorHandler(2, 'Trying to acces...', 'C:\\xampp\\htdocs...', 9)
#1 C:\xampp\htdocs\myLPU-HIMS\clinic\app\Controllers\Dashboard.php(15): getUserFirstname()
#2 C:\xampp\htdocs\myLPU-HIMS\vendor\codeigniter\system\CodeIgniter.php(779): App\Controllers\Dashboard->__construct()
#3 C:\xampp\htdocs\myLPU-HIMS\vendor\codeigniter\system\CodeIgniter.php(390): CodeIgniter\CodeIgniter->createController()
#4 C:\xampp\htdocs\myLPU-HIMS\vendor\codeigniter\system\CodeIgniter.php(317): CodeIgniter\CodeIgniter->handleRequest(NULL, Object(Config\Cache), false)
#5 C:\xampp\htdocs\myLPU-HIMS\clinic\public\index.php(37): CodeIgniter\CodeIgniter->run()
#6 {main}
CRITICAL - 2021-11-29 16:36:30 --> Trying to access array offset on value of type null
#0 C:\xampp\htdocs\myLPU-HIMS\clinic\app\Helpers\useraccount_helper.php(9): CodeIgniter\Debug\Exceptions->errorHandler(2, 'Trying to acces...', 'C:\\xampp\\htdocs...', 9)
#1 C:\xampp\htdocs\myLPU-HIMS\clinic\app\Controllers\Dashboard.php(15): getUserFirstname()
#2 C:\xampp\htdocs\myLPU-HIMS\vendor\codeigniter\system\CodeIgniter.php(779): App\Controllers\Dashboard->__construct()
#3 C:\xampp\htdocs\myLPU-HIMS\vendor\codeigniter\system\CodeIgniter.php(390): CodeIgniter\CodeIgniter->createController()
#4 C:\xampp\htdocs\myLPU-HIMS\vendor\codeigniter\system\CodeIgniter.php(317): CodeIgniter\CodeIgniter->handleRequest(NULL, Object(Config\Cache), false)
#5 C:\xampp\htdocs\myLPU-HIMS\clinic\public\index.php(37): CodeIgniter\CodeIgniter->run()
#6 {main}
CRITICAL - 2021-11-29 16:36:37 --> Trying to access array offset on value of type null
#0 C:\xampp\htdocs\myLPU-HIMS\clinic\app\Helpers\useraccount_helper.php(9): CodeIgniter\Debug\Exceptions->errorHandler(2, 'Trying to acces...', 'C:\\xampp\\htdocs...', 9)
#1 C:\xampp\htdocs\myLPU-HIMS\clinic\app\Controllers\Dashboard.php(15): getUserFirstname()
#2 C:\xampp\htdocs\myLPU-HIMS\vendor\codeigniter\system\CodeIgniter.php(779): App\Controllers\Dashboard->__construct()
#3 C:\xampp\htdocs\myLPU-HIMS\vendor\codeigniter\system\CodeIgniter.php(390): CodeIgniter\CodeIgniter->createController()
#4 C:\xampp\htdocs\myLPU-HIMS\vendor\codeigniter\system\CodeIgniter.php(317): CodeIgniter\CodeIgniter->handleRequest(NULL, Object(Config\Cache), false)
#5 C:\xampp\htdocs\myLPU-HIMS\clinic\public\index.php(37): CodeIgniter\CodeIgniter->run()
#6 {main}
CRITICAL - 2021-11-29 16:36:37 --> Trying to access array offset on value of type null
#0 C:\xampp\htdocs\myLPU-HIMS\clinic\app\Helpers\useraccount_helper.php(9): CodeIgniter\Debug\Exceptions->errorHandler(2, 'Trying to acces...', 'C:\\xampp\\htdocs...', 9)
#1 C:\xampp\htdocs\myLPU-HIMS\clinic\app\Controllers\Dashboard.php(15): getUserFirstname()
#2 C:\xampp\htdocs\myLPU-HIMS\vendor\codeigniter\system\CodeIgniter.php(779): App\Controllers\Dashboard->__construct()
#3 C:\xampp\htdocs\myLPU-HIMS\vendor\codeigniter\system\CodeIgniter.php(390): CodeIgniter\CodeIgniter->createController()
#4 C:\xampp\htdocs\myLPU-HIMS\vendor\codeigniter\system\CodeIgniter.php(317): CodeIgniter\CodeIgniter->handleRequest(NULL, Object(Config\Cache), false)
#5 C:\xampp\htdocs\myLPU-HIMS\clinic\public\index.php(37): CodeIgniter\CodeIgniter->run()
#6 {main}
CRITICAL - 2021-11-29 16:36:40 --> Trying to access array offset on value of type null
#0 C:\xampp\htdocs\myLPU-HIMS\clinic\app\Helpers\useraccount_helper.php(9): CodeIgniter\Debug\Exceptions->errorHandler(2, 'Trying to acces...', 'C:\\xampp\\htdocs...', 9)
#1 C:\xampp\htdocs\myLPU-HIMS\clinic\app\Controllers\Dashboard.php(15): getUserFirstname()
#2 C:\xampp\htdocs\myLPU-HIMS\vendor\codeigniter\system\CodeIgniter.php(779): App\Controllers\Dashboard->__construct()
#3 C:\xampp\htdocs\myLPU-HIMS\vendor\codeigniter\system\CodeIgniter.php(390): CodeIgniter\CodeIgniter->createController()
#4 C:\xampp\htdocs\myLPU-HIMS\vendor\codeigniter\system\CodeIgniter.php(317): CodeIgniter\CodeIgniter->handleRequest(NULL, Object(Config\Cache), false)
#5 C:\xampp\htdocs\myLPU-HIMS\clinic\public\index.php(37): CodeIgniter\CodeIgniter->run()
#6 {main}
CRITICAL - 2021-11-29 16:36:40 --> Trying to access array offset on value of type null
#0 C:\xampp\htdocs\myLPU-HIMS\clinic\app\Helpers\useraccount_helper.php(9): CodeIgniter\Debug\Exceptions->errorHandler(2, 'Trying to acces...', 'C:\\xampp\\htdocs...', 9)
#1 C:\xampp\htdocs\myLPU-HIMS\clinic\app\Controllers\Dashboard.php(15): getUserFirstname()
#2 C:\xampp\htdocs\myLPU-HIMS\vendor\codeigniter\system\CodeIgniter.php(779): App\Controllers\Dashboard->__construct()
#3 C:\xampp\htdocs\myLPU-HIMS\vendor\codeigniter\system\CodeIgniter.php(390): CodeIgniter\CodeIgniter->createController()
#4 C:\xampp\htdocs\myLPU-HIMS\vendor\codeigniter\system\CodeIgniter.php(317): CodeIgniter\CodeIgniter->handleRequest(NULL, Object(Config\Cache), false)
#5 C:\xampp\htdocs\myLPU-HIMS\clinic\public\index.php(37): CodeIgniter\CodeIgniter->run()
#6 {main}
CRITICAL - 2021-11-29 16:36:53 --> Trying to access array offset on value of type null
#0 C:\xampp\htdocs\myLPU-HIMS\clinic\app\Helpers\useraccount_helper.php(9): CodeIgniter\Debug\Exceptions->errorHandler(2, 'Trying to acces...', 'C:\\xampp\\htdocs...', 9)
#1 C:\xampp\htdocs\myLPU-HIMS\clinic\app\Controllers\Dashboard.php(15): getUserFirstname()
#2 C:\xampp\htdocs\myLPU-HIMS\vendor\codeigniter\system\CodeIgniter.php(779): App\Controllers\Dashboard->__construct()
#3 C:\xampp\htdocs\myLPU-HIMS\vendor\codeigniter\system\CodeIgniter.php(390): CodeIgniter\CodeIgniter->createController()
#4 C:\xampp\htdocs\myLPU-HIMS\vendor\codeigniter\system\CodeIgniter.php(317): CodeIgniter\CodeIgniter->handleRequest(NULL, Object(Config\Cache), false)
#5 C:\xampp\htdocs\myLPU-HIMS\clinic\public\index.php(37): CodeIgniter\CodeIgniter->run()
#6 {main}
CRITICAL - 2021-11-29 16:36:53 --> Trying to access array offset on value of type null
#0 C:\xampp\htdocs\myLPU-HIMS\clinic\app\Helpers\useraccount_helper.php(9): CodeIgniter\Debug\Exceptions->errorHandler(2, 'Trying to acces...', 'C:\\xampp\\htdocs...', 9)
#1 C:\xampp\htdocs\myLPU-HIMS\clinic\app\Controllers\Dashboard.php(15): getUserFirstname()
#2 C:\xampp\htdocs\myLPU-HIMS\vendor\codeigniter\system\CodeIgniter.php(779): App\Controllers\Dashboard->__construct()
#3 C:\xampp\htdocs\myLPU-HIMS\vendor\codeigniter\system\CodeIgniter.php(390): CodeIgniter\CodeIgniter->createController()
#4 C:\xampp\htdocs\myLPU-HIMS\vendor\codeigniter\system\CodeIgniter.php(317): CodeIgniter\CodeIgniter->handleRequest(NULL, Object(Config\Cache), false)
#5 C:\xampp\htdocs\myLPU-HIMS\clinic\public\index.php(37): CodeIgniter\CodeIgniter->run()
#6 {main}
CRITICAL - 2021-11-29 16:36:55 --> Trying to access array offset on value of type null
#0 C:\xampp\htdocs\myLPU-HIMS\clinic\app\Helpers\useraccount_helper.php(9): CodeIgniter\Debug\Exceptions->errorHandler(2, 'Trying to acces...', 'C:\\xampp\\htdocs...', 9)
#1 C:\xampp\htdocs\myLPU-HIMS\clinic\app\Controllers\Dashboard.php(15): getUserFirstname()
#2 C:\xampp\htdocs\myLPU-HIMS\vendor\codeigniter\system\CodeIgniter.php(779): App\Controllers\Dashboard->__construct()
#3 C:\xampp\htdocs\myLPU-HIMS\vendor\codeigniter\system\CodeIgniter.php(390): CodeIgniter\CodeIgniter->createController()
#4 C:\xampp\htdocs\myLPU-HIMS\vendor\codeigniter\system\CodeIgniter.php(317): CodeIgniter\CodeIgniter->handleRequest(NULL, Object(Config\Cache), false)
#5 C:\xampp\htdocs\myLPU-HIMS\clinic\public\index.php(37): CodeIgniter\CodeIgniter->run()
#6 {main}
CRITICAL - 2021-11-29 16:36:55 --> Trying to access array offset on value of type null
#0 C:\xampp\htdocs\myLPU-HIMS\clinic\app\Helpers\useraccount_helper.php(9): CodeIgniter\Debug\Exceptions->errorHandler(2, 'Trying to acces...', 'C:\\xampp\\htdocs...', 9)
#1 C:\xampp\htdocs\myLPU-HIMS\clinic\app\Controllers\Dashboard.php(15): getUserFirstname()
#2 C:\xampp\htdocs\myLPU-HIMS\vendor\codeigniter\system\CodeIgniter.php(779): App\Controllers\Dashboard->__construct()
#3 C:\xampp\htdocs\myLPU-HIMS\vendor\codeigniter\system\CodeIgniter.php(390): CodeIgniter\CodeIgniter->createController()
#4 C:\xampp\htdocs\myLPU-HIMS\vendor\codeigniter\system\CodeIgniter.php(317): CodeIgniter\CodeIgniter->handleRequest(NULL, Object(Config\Cache), false)
#5 C:\xampp\htdocs\myLPU-HIMS\clinic\public\index.php(37): CodeIgniter\CodeIgniter->run()
#6 {main}
CRITICAL - 2021-11-29 16:37:09 --> Trying to access array offset on value of type null
#0 C:\xampp\htdocs\myLPU-HIMS\clinic\app\Helpers\useraccount_helper.php(9): CodeIgniter\Debug\Exceptions->errorHandler(2, 'Trying to acces...', 'C:\\xampp\\htdocs...', 9)
#1 C:\xampp\htdocs\myLPU-HIMS\clinic\app\Controllers\Dashboard.php(15): getUserFirstname()
#2 C:\xampp\htdocs\myLPU-HIMS\vendor\codeigniter\system\CodeIgniter.php(779): App\Controllers\Dashboard->__construct()
#3 C:\xampp\htdocs\myLPU-HIMS\vendor\codeigniter\system\CodeIgniter.php(390): CodeIgniter\CodeIgniter->createController()
#4 C:\xampp\htdocs\myLPU-HIMS\vendor\codeigniter\system\CodeIgniter.php(317): CodeIgniter\CodeIgniter->handleRequest(NULL, Object(Config\Cache), false)
#5 C:\xampp\htdocs\myLPU-HIMS\clinic\public\index.php(37): CodeIgniter\CodeIgniter->run()
#6 {main}
CRITICAL - 2021-11-29 16:37:09 --> Trying to access array offset on value of type null
#0 C:\xampp\htdocs\myLPU-HIMS\clinic\app\Helpers\useraccount_helper.php(9): CodeIgniter\Debug\Exceptions->errorHandler(2, 'Trying to acces...', 'C:\\xampp\\htdocs...', 9)
#1 C:\xampp\htdocs\myLPU-HIMS\clinic\app\Controllers\Dashboard.php(15): getUserFirstname()
#2 C:\xampp\htdocs\myLPU-HIMS\vendor\codeigniter\system\CodeIgniter.php(779): App\Controllers\Dashboard->__construct()
#3 C:\xampp\htdocs\myLPU-HIMS\vendor\codeigniter\system\CodeIgniter.php(390): CodeIgniter\CodeIgniter->createController()
#4 C:\xampp\htdocs\myLPU-HIMS\vendor\codeigniter\system\CodeIgniter.php(317): CodeIgniter\CodeIgniter->handleRequest(NULL, Object(Config\Cache), false)
#5 C:\xampp\htdocs\myLPU-HIMS\clinic\public\index.php(37): CodeIgniter\CodeIgniter->run()
#6 {main}
CRITICAL - 2021-11-29 16:37:13 --> Trying to access array offset on value of type null
#0 C:\xampp\htdocs\myLPU-HIMS\clinic\app\Helpers\useraccount_helper.php(9): CodeIgniter\Debug\Exceptions->errorHandler(2, 'Trying to acces...', 'C:\\xampp\\htdocs...', 9)
#1 C:\xampp\htdocs\myLPU-HIMS\clinic\app\Controllers\Dashboard.php(15): getUserFirstname()
#2 C:\xampp\htdocs\myLPU-HIMS\vendor\codeigniter\system\CodeIgniter.php(779): App\Controllers\Dashboard->__construct()
#3 C:\xampp\htdocs\myLPU-HIMS\vendor\codeigniter\system\CodeIgniter.php(390): CodeIgniter\CodeIgniter->createController()
#4 C:\xampp\htdocs\myLPU-HIMS\vendor\codeigniter\system\CodeIgniter.php(317): CodeIgniter\CodeIgniter->handleRequest(NULL, Object(Config\Cache), false)
#5 C:\xampp\htdocs\myLPU-HIMS\clinic\public\index.php(37): CodeIgniter\CodeIgniter->run()
#6 {main}
CRITICAL - 2021-11-29 16:37:13 --> Trying to access array offset on value of type null
#0 C:\xampp\htdocs\myLPU-HIMS\clinic\app\Helpers\useraccount_helper.php(9): CodeIgniter\Debug\Exceptions->errorHandler(2, 'Trying to acces...', 'C:\\xampp\\htdocs...', 9)
#1 C:\xampp\htdocs\myLPU-HIMS\clinic\app\Controllers\Dashboard.php(15): getUserFirstname()
#2 C:\xampp\htdocs\myLPU-HIMS\vendor\codeigniter\system\CodeIgniter.php(779): App\Controllers\Dashboard->__construct()
#3 C:\xampp\htdocs\myLPU-HIMS\vendor\codeigniter\system\CodeIgniter.php(390): CodeIgniter\CodeIgniter->createController()
#4 C:\xampp\htdocs\myLPU-HIMS\vendor\codeigniter\system\CodeIgniter.php(317): CodeIgniter\CodeIgniter->handleRequest(NULL, Object(Config\Cache), false)
#5 C:\xampp\htdocs\myLPU-HIMS\clinic\public\index.php(37): CodeIgniter\CodeIgniter->run()
#6 {main}
CRITICAL - 2021-11-29 16:37:15 --> Trying to access array offset on value of type null
#0 C:\xampp\htdocs\myLPU-HIMS\clinic\app\Helpers\useraccount_helper.php(9): CodeIgniter\Debug\Exceptions->errorHandler(2, 'Trying to acces...', 'C:\\xampp\\htdocs...', 9)
#1 C:\xampp\htdocs\myLPU-HIMS\clinic\app\Controllers\Dashboard.php(15): getUserFirstname()
#2 C:\xampp\htdocs\myLPU-HIMS\vendor\codeigniter\system\CodeIgniter.php(779): App\Controllers\Dashboard->__construct()
#3 C:\xampp\htdocs\myLPU-HIMS\vendor\codeigniter\system\CodeIgniter.php(390): CodeIgniter\CodeIgniter->createController()
#4 C:\xampp\htdocs\myLPU-HIMS\vendor\codeigniter\system\CodeIgniter.php(317): CodeIgniter\CodeIgniter->handleRequest(NULL, Object(Config\Cache), false)
#5 C:\xampp\htdocs\myLPU-HIMS\clinic\public\index.php(37): CodeIgniter\CodeIgniter->run()
#6 {main}
CRITICAL - 2021-11-29 16:37:15 --> Trying to access array offset on value of type null
#0 C:\xampp\htdocs\myLPU-HIMS\clinic\app\Helpers\useraccount_helper.php(9): CodeIgniter\Debug\Exceptions->errorHandler(2, 'Trying to acces...', 'C:\\xampp\\htdocs...', 9)
#1 C:\xampp\htdocs\myLPU-HIMS\clinic\app\Controllers\Dashboard.php(15): getUserFirstname()
#2 C:\xampp\htdocs\myLPU-HIMS\vendor\codeigniter\system\CodeIgniter.php(779): App\Controllers\Dashboard->__construct()
#3 C:\xampp\htdocs\myLPU-HIMS\vendor\codeigniter\system\CodeIgniter.php(390): CodeIgniter\CodeIgniter->createController()
#4 C:\xampp\htdocs\myLPU-HIMS\vendor\codeigniter\system\CodeIgniter.php(317): CodeIgniter\CodeIgniter->handleRequest(NULL, Object(Config\Cache), false)
#5 C:\xampp\htdocs\myLPU-HIMS\clinic\public\index.php(37): CodeIgniter\CodeIgniter->run()
#6 {main}
CRITICAL - 2021-11-29 16:37:28 --> Trying to access array offset on value of type null
#0 C:\xampp\htdocs\myLPU-HIMS\clinic\app\Helpers\useraccount_helper.php(9): CodeIgniter\Debug\Exceptions->errorHandler(2, 'Trying to acces...', 'C:\\xampp\\htdocs...', 9)
#1 C:\xampp\htdocs\myLPU-HIMS\clinic\app\Controllers\Dashboard.php(15): getUserFirstname()
#2 C:\xampp\htdocs\myLPU-HIMS\vendor\codeigniter\system\CodeIgniter.php(779): App\Controllers\Dashboard->__construct()
#3 C:\xampp\htdocs\myLPU-HIMS\vendor\codeigniter\system\CodeIgniter.php(390): CodeIgniter\CodeIgniter->createController()
#4 C:\xampp\htdocs\myLPU-HIMS\vendor\codeigniter\system\CodeIgniter.php(317): CodeIgniter\CodeIgniter->handleRequest(NULL, Object(Config\Cache), false)
#5 C:\xampp\htdocs\myLPU-HIMS\clinic\public\index.php(37): CodeIgniter\CodeIgniter->run()
#6 {main}
CRITICAL - 2021-11-29 16:37:28 --> Trying to access array offset on value of type null
#0 C:\xampp\htdocs\myLPU-HIMS\clinic\app\Helpers\useraccount_helper.php(9): CodeIgniter\Debug\Exceptions->errorHandler(2, 'Trying to acces...', 'C:\\xampp\\htdocs...', 9)
#1 C:\xampp\htdocs\myLPU-HIMS\clinic\app\Controllers\Dashboard.php(15): getUserFirstname()
#2 C:\xampp\htdocs\myLPU-HIMS\vendor\codeigniter\system\CodeIgniter.php(779): App\Controllers\Dashboard->__construct()
#3 C:\xampp\htdocs\myLPU-HIMS\vendor\codeigniter\system\CodeIgniter.php(390): CodeIgniter\CodeIgniter->createController()
#4 C:\xampp\htdocs\myLPU-HIMS\vendor\codeigniter\system\CodeIgniter.php(317): CodeIgniter\CodeIgniter->handleRequest(NULL, Object(Config\Cache), false)
#5 C:\xampp\htdocs\myLPU-HIMS\clinic\public\index.php(37): CodeIgniter\CodeIgniter->run()
#6 {main}
CRITICAL - 2021-11-29 16:37:30 --> Trying to access array offset on value of type null
#0 C:\xampp\htdocs\myLPU-HIMS\clinic\app\Helpers\useraccount_helper.php(9): CodeIgniter\Debug\Exceptions->errorHandler(2, 'Trying to acces...', 'C:\\xampp\\htdocs...', 9)
#1 C:\xampp\htdocs\myLPU-HIMS\clinic\app\Controllers\Dashboard.php(15): getUserFirstname()
#2 C:\xampp\htdocs\myLPU-HIMS\vendor\codeigniter\system\CodeIgniter.php(779): App\Controllers\Dashboard->__construct()
#3 C:\xampp\htdocs\myLPU-HIMS\vendor\codeigniter\system\CodeIgniter.php(390): CodeIgniter\CodeIgniter->createController()
#4 C:\xampp\htdocs\myLPU-HIMS\vendor\codeigniter\system\CodeIgniter.php(317): CodeIgniter\CodeIgniter->handleRequest(NULL, Object(Config\Cache), false)
#5 C:\xampp\htdocs\myLPU-HIMS\clinic\public\index.php(37): CodeIgniter\CodeIgniter->run()
#6 {main}
CRITICAL - 2021-11-29 16:37:30 --> Trying to access array offset on value of type null
#0 C:\xampp\htdocs\myLPU-HIMS\clinic\app\Helpers\useraccount_helper.php(9): CodeIgniter\Debug\Exceptions->errorHandler(2, 'Trying to acces...', 'C:\\xampp\\htdocs...', 9)
#1 C:\xampp\htdocs\myLPU-HIMS\clinic\app\Controllers\Dashboard.php(15): getUserFirstname()
#2 C:\xampp\htdocs\myLPU-HIMS\vendor\codeigniter\system\CodeIgniter.php(779): App\Controllers\Dashboard->__construct()
#3 C:\xampp\htdocs\myLPU-HIMS\vendor\codeigniter\system\CodeIgniter.php(390): CodeIgniter\CodeIgniter->createController()
#4 C:\xampp\htdocs\myLPU-HIMS\vendor\codeigniter\system\CodeIgniter.php(317): CodeIgniter\CodeIgniter->handleRequest(NULL, Object(Config\Cache), false)
#5 C:\xampp\htdocs\myLPU-HIMS\clinic\public\index.php(37): CodeIgniter\CodeIgniter->run()
#6 {main}
CRITICAL - 2021-11-29 16:37:47 --> Trying to access array offset on value of type null
#0 C:\xampp\htdocs\myLPU-HIMS\clinic\app\Helpers\useraccount_helper.php(9): CodeIgniter\Debug\Exceptions->errorHandler(2, 'Trying to acces...', 'C:\\xampp\\htdocs...', 9)
#1 C:\xampp\htdocs\myLPU-HIMS\clinic\app\Controllers\Dashboard.php(15): getUserFirstname()
#2 C:\xampp\htdocs\myLPU-HIMS\vendor\codeigniter\system\CodeIgniter.php(779): App\Controllers\Dashboard->__construct()
#3 C:\xampp\htdocs\myLPU-HIMS\vendor\codeigniter\system\CodeIgniter.php(390): CodeIgniter\CodeIgniter->createController()
#4 C:\xampp\htdocs\myLPU-HIMS\vendor\codeigniter\system\CodeIgniter.php(317): CodeIgniter\CodeIgniter->handleRequest(NULL, Object(Config\Cache), false)
#5 C:\xampp\htdocs\myLPU-HIMS\clinic\public\index.php(37): CodeIgniter\CodeIgniter->run()
#6 {main}
CRITICAL - 2021-11-29 16:37:47 --> Trying to access array offset on value of type null
#0 C:\xampp\htdocs\myLPU-HIMS\clinic\app\Helpers\useraccount_helper.php(9): CodeIgniter\Debug\Exceptions->errorHandler(2, 'Trying to acces...', 'C:\\xampp\\htdocs...', 9)
#1 C:\xampp\htdocs\myLPU-HIMS\clinic\app\Controllers\Dashboard.php(15): getUserFirstname()
#2 C:\xampp\htdocs\myLPU-HIMS\vendor\codeigniter\system\CodeIgniter.php(779): App\Controllers\Dashboard->__construct()
#3 C:\xampp\htdocs\myLPU-HIMS\vendor\codeigniter\system\CodeIgniter.php(390): CodeIgniter\CodeIgniter->createController()
#4 C:\xampp\htdocs\myLPU-HIMS\vendor\codeigniter\system\CodeIgniter.php(317): CodeIgniter\CodeIgniter->handleRequest(NULL, Object(Config\Cache), false)
#5 C:\xampp\htdocs\myLPU-HIMS\clinic\public\index.php(37): CodeIgniter\CodeIgniter->run()
#6 {main}
CRITICAL - 2021-11-29 16:37:51 --> Trying to access array offset on value of type null
#0 C:\xampp\htdocs\myLPU-HIMS\clinic\app\Helpers\useraccount_helper.php(9): CodeIgniter\Debug\Exceptions->errorHandler(2, 'Trying to acces...', 'C:\\xampp\\htdocs...', 9)
#1 C:\xampp\htdocs\myLPU-HIMS\clinic\app\Controllers\Dashboard.php(15): getUserFirstname()
#2 C:\xampp\htdocs\myLPU-HIMS\vendor\codeigniter\system\CodeIgniter.php(779): App\Controllers\Dashboard->__construct()
#3 C:\xampp\htdocs\myLPU-HIMS\vendor\codeigniter\system\CodeIgniter.php(390): CodeIgniter\CodeIgniter->createController()
#4 C:\xampp\htdocs\myLPU-HIMS\vendor\codeigniter\system\CodeIgniter.php(317): CodeIgniter\CodeIgniter->handleRequest(NULL, Object(Config\Cache), false)
#5 C:\xampp\htdocs\myLPU-HIMS\clinic\public\index.php(37): CodeIgniter\CodeIgniter->run()
#6 {main}
CRITICAL - 2021-11-29 16:37:51 --> Trying to access array offset on value of type null
#0 C:\xampp\htdocs\myLPU-HIMS\clinic\app\Helpers\useraccount_helper.php(9): CodeIgniter\Debug\Exceptions->errorHandler(2, 'Trying to acces...', 'C:\\xampp\\htdocs...', 9)
#1 C:\xampp\htdocs\myLPU-HIMS\clinic\app\Controllers\Dashboard.php(15): getUserFirstname()
#2 C:\xampp\htdocs\myLPU-HIMS\vendor\codeigniter\system\CodeIgniter.php(779): App\Controllers\Dashboard->__construct()
#3 C:\xampp\htdocs\myLPU-HIMS\vendor\codeigniter\system\CodeIgniter.php(390): CodeIgniter\CodeIgniter->createController()
#4 C:\xampp\htdocs\myLPU-HIMS\vendor\codeigniter\system\CodeIgniter.php(317): CodeIgniter\CodeIgniter->handleRequest(NULL, Object(Config\Cache), false)
#5 C:\xampp\htdocs\myLPU-HIMS\clinic\public\index.php(37): CodeIgniter\CodeIgniter->run()
#6 {main}
CRITICAL - 2021-11-29 16:38:06 --> Trying to access array offset on value of type null
#0 C:\xampp\htdocs\myLPU-HIMS\clinic\app\Helpers\useraccount_helper.php(9): CodeIgniter\Debug\Exceptions->errorHandler(2, 'Trying to acces...', 'C:\\xampp\\htdocs...', 9)
#1 C:\xampp\htdocs\myLPU-HIMS\clinic\app\Controllers\Dashboard.php(15): getUserFirstname()
#2 C:\xampp\htdocs\myLPU-HIMS\vendor\codeigniter\system\CodeIgniter.php(779): App\Controllers\Dashboard->__construct()
#3 C:\xampp\htdocs\myLPU-HIMS\vendor\codeigniter\system\CodeIgniter.php(390): CodeIgniter\CodeIgniter->createController()
#4 C:\xampp\htdocs\myLPU-HIMS\vendor\codeigniter\system\CodeIgniter.php(317): CodeIgniter\CodeIgniter->handleRequest(NULL, Object(Config\Cache), false)
#5 C:\xampp\htdocs\myLPU-HIMS\clinic\public\index.php(37): CodeIgniter\CodeIgniter->run()
#6 {main}
CRITICAL - 2021-11-29 16:38:06 --> Trying to access array offset on value of type null
#0 C:\xampp\htdocs\myLPU-HIMS\clinic\app\Helpers\useraccount_helper.php(9): CodeIgniter\Debug\Exceptions->errorHandler(2, 'Trying to acces...', 'C:\\xampp\\htdocs...', 9)
#1 C:\xampp\htdocs\myLPU-HIMS\clinic\app\Controllers\Dashboard.php(15): getUserFirstname()
#2 C:\xampp\htdocs\myLPU-HIMS\vendor\codeigniter\system\CodeIgniter.php(779): App\Controllers\Dashboard->__construct()
#3 C:\xampp\htdocs\myLPU-HIMS\vendor\codeigniter\system\CodeIgniter.php(390): CodeIgniter\CodeIgniter->createController()
#4 C:\xampp\htdocs\myLPU-HIMS\vendor\codeigniter\system\CodeIgniter.php(317): CodeIgniter\CodeIgniter->handleRequest(NULL, Object(Config\Cache), false)
#5 C:\xampp\htdocs\myLPU-HIMS\clinic\public\index.php(37): CodeIgniter\CodeIgniter->run()
#6 {main}
CRITICAL - 2021-11-29 16:38:10 --> Trying to access array offset on value of type null
#0 C:\xampp\htdocs\myLPU-HIMS\clinic\app\Helpers\useraccount_helper.php(9): CodeIgniter\Debug\Exceptions->errorHandler(2, 'Trying to acces...', 'C:\\xampp\\htdocs...', 9)
#1 C:\xampp\htdocs\myLPU-HIMS\clinic\app\Controllers\Dashboard.php(15): getUserFirstname()
#2 C:\xampp\htdocs\myLPU-HIMS\vendor\codeigniter\system\CodeIgniter.php(779): App\Controllers\Dashboard->__construct()
#3 C:\xampp\htdocs\myLPU-HIMS\vendor\codeigniter\system\CodeIgniter.php(390): CodeIgniter\CodeIgniter->createController()
#4 C:\xampp\htdocs\myLPU-HIMS\vendor\codeigniter\system\CodeIgniter.php(317): CodeIgniter\CodeIgniter->handleRequest(NULL, Object(Config\Cache), false)
#5 C:\xampp\htdocs\myLPU-HIMS\clinic\public\index.php(37): CodeIgniter\CodeIgniter->run()
#6 {main}
CRITICAL - 2021-11-29 16:38:10 --> Trying to access array offset on value of type null
#0 C:\xampp\htdocs\myLPU-HIMS\clinic\app\Helpers\useraccount_helper.php(9): CodeIgniter\Debug\Exceptions->errorHandler(2, 'Trying to acces...', 'C:\\xampp\\htdocs...', 9)
#1 C:\xampp\htdocs\myLPU-HIMS\clinic\app\Controllers\Dashboard.php(15): getUserFirstname()
#2 C:\xampp\htdocs\myLPU-HIMS\vendor\codeigniter\system\CodeIgniter.php(779): App\Controllers\Dashboard->__construct()
#3 C:\xampp\htdocs\myLPU-HIMS\vendor\codeigniter\system\CodeIgniter.php(390): CodeIgniter\CodeIgniter->createController()
#4 C:\xampp\htdocs\myLPU-HIMS\vendor\codeigniter\system\CodeIgniter.php(317): CodeIgniter\CodeIgniter->handleRequest(NULL, Object(Config\Cache), false)
#5 C:\xampp\htdocs\myLPU-HIMS\clinic\public\index.php(37): CodeIgniter\CodeIgniter->run()
#6 {main}
CRITICAL - 2021-11-29 16:38:23 --> Trying to access array offset on value of type null
#0 C:\xampp\htdocs\myLPU-HIMS\clinic\app\Helpers\useraccount_helper.php(9): CodeIgniter\Debug\Exceptions->errorHandler(2, 'Trying to acces...', 'C:\\xampp\\htdocs...', 9)
#1 C:\xampp\htdocs\myLPU-HIMS\clinic\app\Controllers\Dashboard.php(15): getUserFirstname()
#2 C:\xampp\htdocs\myLPU-HIMS\vendor\codeigniter\system\CodeIgniter.php(779): App\Controllers\Dashboard->__construct()
#3 C:\xampp\htdocs\myLPU-HIMS\vendor\codeigniter\system\CodeIgniter.php(390): CodeIgniter\CodeIgniter->createController()
#4 C:\xampp\htdocs\myLPU-HIMS\vendor\codeigniter\system\CodeIgniter.php(317): CodeIgniter\CodeIgniter->handleRequest(NULL, Object(Config\Cache), false)
#5 C:\xampp\htdocs\myLPU-HIMS\clinic\public\index.php(37): CodeIgniter\CodeIgniter->run()
#6 {main}
CRITICAL - 2021-11-29 16:38:23 --> Trying to access array offset on value of type null
#0 C:\xampp\htdocs\myLPU-HIMS\clinic\app\Helpers\useraccount_helper.php(9): CodeIgniter\Debug\Exceptions->errorHandler(2, 'Trying to acces...', 'C:\\xampp\\htdocs...', 9)
#1 C:\xampp\htdocs\myLPU-HIMS\clinic\app\Controllers\Dashboard.php(15): getUserFirstname()
#2 C:\xampp\htdocs\myLPU-HIMS\vendor\codeigniter\system\CodeIgniter.php(779): App\Controllers\Dashboard->__construct()
#3 C:\xampp\htdocs\myLPU-HIMS\vendor\codeigniter\system\CodeIgniter.php(390): CodeIgniter\CodeIgniter->createController()
#4 C:\xampp\htdocs\myLPU-HIMS\vendor\codeigniter\system\CodeIgniter.php(317): CodeIgniter\CodeIgniter->handleRequest(NULL, Object(Config\Cache), false)
#5 C:\xampp\htdocs\myLPU-HIMS\clinic\public\index.php(37): CodeIgniter\CodeIgniter->run()
#6 {main}
CRITICAL - 2021-11-29 16:38:37 --> Trying to access array offset on value of type null
#0 C:\xampp\htdocs\myLPU-HIMS\clinic\app\Helpers\useraccount_helper.php(9): CodeIgniter\Debug\Exceptions->errorHandler(2, 'Trying to acces...', 'C:\\xampp\\htdocs...', 9)
#1 C:\xampp\htdocs\myLPU-HIMS\clinic\app\Controllers\Dashboard.php(15): getUserFirstname()
#2 C:\xampp\htdocs\myLPU-HIMS\vendor\codeigniter\system\CodeIgniter.php(779): App\Controllers\Dashboard->__construct()
#3 C:\xampp\htdocs\myLPU-HIMS\vendor\codeigniter\system\CodeIgniter.php(390): CodeIgniter\CodeIgniter->createController()
#4 C:\xampp\htdocs\myLPU-HIMS\vendor\codeigniter\system\CodeIgniter.php(317): CodeIgniter\CodeIgniter->handleRequest(NULL, Object(Config\Cache), false)
#5 C:\xampp\htdocs\myLPU-HIMS\clinic\public\index.php(37): CodeIgniter\CodeIgniter->run()
#6 {main}
CRITICAL - 2021-11-29 16:38:37 --> Trying to access array offset on value of type null
#0 C:\xampp\htdocs\myLPU-HIMS\clinic\app\Helpers\useraccount_helper.php(9): CodeIgniter\Debug\Exceptions->errorHandler(2, 'Trying to acces...', 'C:\\xampp\\htdocs...', 9)
#1 C:\xampp\htdocs\myLPU-HIMS\clinic\app\Controllers\Dashboard.php(15): getUserFirstname()
#2 C:\xampp\htdocs\myLPU-HIMS\vendor\codeigniter\system\CodeIgniter.php(779): App\Controllers\Dashboard->__construct()
#3 C:\xampp\htdocs\myLPU-HIMS\vendor\codeigniter\system\CodeIgniter.php(390): CodeIgniter\CodeIgniter->createController()
#4 C:\xampp\htdocs\myLPU-HIMS\vendor\codeigniter\system\CodeIgniter.php(317): CodeIgniter\CodeIgniter->handleRequest(NULL, Object(Config\Cache), false)
#5 C:\xampp\htdocs\myLPU-HIMS\clinic\public\index.php(37): CodeIgniter\CodeIgniter->run()
#6 {main}
CRITICAL - 2021-11-29 16:38:50 --> Trying to access array offset on value of type null
#0 C:\xampp\htdocs\myLPU-HIMS\clinic\app\Helpers\useraccount_helper.php(9): CodeIgniter\Debug\Exceptions->errorHandler(2, 'Trying to acces...', 'C:\\xampp\\htdocs...', 9)
#1 C:\xampp\htdocs\myLPU-HIMS\clinic\app\Controllers\Dashboard.php(15): getUserFirstname()
#2 C:\xampp\htdocs\myLPU-HIMS\vendor\codeigniter\system\CodeIgniter.php(779): App\Controllers\Dashboard->__construct()
#3 C:\xampp\htdocs\myLPU-HIMS\vendor\codeigniter\system\CodeIgniter.php(390): CodeIgniter\CodeIgniter->createController()
#4 C:\xampp\htdocs\myLPU-HIMS\vendor\codeigniter\system\CodeIgniter.php(317): CodeIgniter\CodeIgniter->handleRequest(NULL, Object(Config\Cache), false)
#5 C:\xampp\htdocs\myLPU-HIMS\clinic\public\index.php(37): CodeIgniter\CodeIgniter->run()
#6 {main}
CRITICAL - 2021-11-29 16:38:50 --> Trying to access array offset on value of type null
#0 C:\xampp\htdocs\myLPU-HIMS\clinic\app\Helpers\useraccount_helper.php(9): CodeIgniter\Debug\Exceptions->errorHandler(2, 'Trying to acces...', 'C:\\xampp\\htdocs...', 9)
#1 C:\xampp\htdocs\myLPU-HIMS\clinic\app\Controllers\Dashboard.php(15): getUserFirstname()
#2 C:\xampp\htdocs\myLPU-HIMS\vendor\codeigniter\system\CodeIgniter.php(779): App\Controllers\Dashboard->__construct()
#3 C:\xampp\htdocs\myLPU-HIMS\vendor\codeigniter\system\CodeIgniter.php(390): CodeIgniter\CodeIgniter->createController()
#4 C:\xampp\htdocs\myLPU-HIMS\vendor\codeigniter\system\CodeIgniter.php(317): CodeIgniter\CodeIgniter->handleRequest(NULL, Object(Config\Cache), false)
#5 C:\xampp\htdocs\myLPU-HIMS\clinic\public\index.php(37): CodeIgniter\CodeIgniter->run()
#6 {main}
CRITICAL - 2021-11-29 16:39:01 --> Trying to access array offset on value of type null
#0 C:\xampp\htdocs\myLPU-HIMS\clinic\app\Helpers\useraccount_helper.php(9): CodeIgniter\Debug\Exceptions->errorHandler(2, 'Trying to acces...', 'C:\\xampp\\htdocs...', 9)
#1 C:\xampp\htdocs\myLPU-HIMS\clinic\app\Controllers\Dashboard.php(15): getUserFirstname()
#2 C:\xampp\htdocs\myLPU-HIMS\vendor\codeigniter\system\CodeIgniter.php(779): App\Controllers\Dashboard->__construct()
#3 C:\xampp\htdocs\myLPU-HIMS\vendor\codeigniter\system\CodeIgniter.php(390): CodeIgniter\CodeIgniter->createController()
#4 C:\xampp\htdocs\myLPU-HIMS\vendor\codeigniter\system\CodeIgniter.php(317): CodeIgniter\CodeIgniter->handleRequest(NULL, Object(Config\Cache), false)
#5 C:\xampp\htdocs\myLPU-HIMS\clinic\public\index.php(37): CodeIgniter\CodeIgniter->run()
#6 {main}
CRITICAL - 2021-11-29 16:39:01 --> Trying to access array offset on value of type null
#0 C:\xampp\htdocs\myLPU-HIMS\clinic\app\Helpers\useraccount_helper.php(9): CodeIgniter\Debug\Exceptions->errorHandler(2, 'Trying to acces...', 'C:\\xampp\\htdocs...', 9)
#1 C:\xampp\htdocs\myLPU-HIMS\clinic\app\Controllers\Dashboard.php(15): getUserFirstname()
#2 C:\xampp\htdocs\myLPU-HIMS\vendor\codeigniter\system\CodeIgniter.php(779): App\Controllers\Dashboard->__construct()
#3 C:\xampp\htdocs\myLPU-HIMS\vendor\codeigniter\system\CodeIgniter.php(390): CodeIgniter\CodeIgniter->createController()
#4 C:\xampp\htdocs\myLPU-HIMS\vendor\codeigniter\system\CodeIgniter.php(317): CodeIgniter\CodeIgniter->handleRequest(NULL, Object(Config\Cache), false)
#5 C:\xampp\htdocs\myLPU-HIMS\clinic\public\index.php(37): CodeIgniter\CodeIgniter->run()
#6 {main}
CRITICAL - 2021-11-29 16:39:07 --> Trying to access array offset on value of type null
#0 C:\xampp\htdocs\myLPU-HIMS\clinic\app\Helpers\useraccount_helper.php(9): CodeIgniter\Debug\Exceptions->errorHandler(2, 'Trying to acces...', 'C:\\xampp\\htdocs...', 9)
#1 C:\xampp\htdocs\myLPU-HIMS\clinic\app\Controllers\Dashboard.php(15): getUserFirstname()
#2 C:\xampp\htdocs\myLPU-HIMS\vendor\codeigniter\system\CodeIgniter.php(779): App\Controllers\Dashboard->__construct()
#3 C:\xampp\htdocs\myLPU-HIMS\vendor\codeigniter\system\CodeIgniter.php(390): CodeIgniter\CodeIgniter->createController()
#4 C:\xampp\htdocs\myLPU-HIMS\vendor\codeigniter\system\CodeIgniter.php(317): CodeIgniter\CodeIgniter->handleRequest(NULL, Object(Config\Cache), false)
#5 C:\xampp\htdocs\myLPU-HIMS\clinic\public\index.php(37): CodeIgniter\CodeIgniter->run()
#6 {main}
CRITICAL - 2021-11-29 16:39:07 --> Trying to access array offset on value of type null
#0 C:\xampp\htdocs\myLPU-HIMS\clinic\app\Helpers\useraccount_helper.php(9): CodeIgniter\Debug\Exceptions->errorHandler(2, 'Trying to acces...', 'C:\\xampp\\htdocs...', 9)
#1 C:\xampp\htdocs\myLPU-HIMS\clinic\app\Controllers\Dashboard.php(15): getUserFirstname()
#2 C:\xampp\htdocs\myLPU-HIMS\vendor\codeigniter\system\CodeIgniter.php(779): App\Controllers\Dashboard->__construct()
#3 C:\xampp\htdocs\myLPU-HIMS\vendor\codeigniter\system\CodeIgniter.php(390): CodeIgniter\CodeIgniter->createController()
#4 C:\xampp\htdocs\myLPU-HIMS\vendor\codeigniter\system\CodeIgniter.php(317): CodeIgniter\CodeIgniter->handleRequest(NULL, Object(Config\Cache), false)
#5 C:\xampp\htdocs\myLPU-HIMS\clinic\public\index.php(37): CodeIgniter\CodeIgniter->run()
#6 {main}
CRITICAL - 2021-11-29 16:39:10 --> Trying to access array offset on value of type null
#0 C:\xampp\htdocs\myLPU-HIMS\clinic\app\Helpers\useraccount_helper.php(9): CodeIgniter\Debug\Exceptions->errorHandler(2, 'Trying to acces...', 'C:\\xampp\\htdocs...', 9)
#1 C:\xampp\htdocs\myLPU-HIMS\clinic\app\Controllers\Dashboard.php(15): getUserFirstname()
#2 C:\xampp\htdocs\myLPU-HIMS\vendor\codeigniter\system\CodeIgniter.php(779): App\Controllers\Dashboard->__construct()
#3 C:\xampp\htdocs\myLPU-HIMS\vendor\codeigniter\system\CodeIgniter.php(390): CodeIgniter\CodeIgniter->createController()
#4 C:\xampp\htdocs\myLPU-HIMS\vendor\codeigniter\system\CodeIgniter.php(317): CodeIgniter\CodeIgniter->handleRequest(NULL, Object(Config\Cache), false)
#5 C:\xampp\htdocs\myLPU-HIMS\clinic\public\index.php(37): CodeIgniter\CodeIgniter->run()
#6 {main}
CRITICAL - 2021-11-29 16:39:10 --> Trying to access array offset on value of type null
#0 C:\xampp\htdocs\myLPU-HIMS\clinic\app\Helpers\useraccount_helper.php(9): CodeIgniter\Debug\Exceptions->errorHandler(2, 'Trying to acces...', 'C:\\xampp\\htdocs...', 9)
#1 C:\xampp\htdocs\myLPU-HIMS\clinic\app\Controllers\Dashboard.php(15): getUserFirstname()
#2 C:\xampp\htdocs\myLPU-HIMS\vendor\codeigniter\system\CodeIgniter.php(779): App\Controllers\Dashboard->__construct()
#3 C:\xampp\htdocs\myLPU-HIMS\vendor\codeigniter\system\CodeIgniter.php(390): CodeIgniter\CodeIgniter->createController()
#4 C:\xampp\htdocs\myLPU-HIMS\vendor\codeigniter\system\CodeIgniter.php(317): CodeIgniter\CodeIgniter->handleRequest(NULL, Object(Config\Cache), false)
#5 C:\xampp\htdocs\myLPU-HIMS\clinic\public\index.php(37): CodeIgniter\CodeIgniter->run()
#6 {main}
CRITICAL - 2021-11-29 16:39:20 --> Trying to access array offset on value of type null
#0 C:\xampp\htdocs\myLPU-HIMS\clinic\app\Helpers\useraccount_helper.php(9): CodeIgniter\Debug\Exceptions->errorHandler(2, 'Trying to acces...', 'C:\\xampp\\htdocs...', 9)
#1 C:\xampp\htdocs\myLPU-HIMS\clinic\app\Controllers\Dashboard.php(15): getUserFirstname()
#2 C:\xampp\htdocs\myLPU-HIMS\vendor\codeigniter\system\CodeIgniter.php(779): App\Controllers\Dashboard->__construct()
#3 C:\xampp\htdocs\myLPU-HIMS\vendor\codeigniter\system\CodeIgniter.php(390): CodeIgniter\CodeIgniter->createController()
#4 C:\xampp\htdocs\myLPU-HIMS\vendor\codeigniter\system\CodeIgniter.php(317): CodeIgniter\CodeIgniter->handleRequest(NULL, Object(Config\Cache), false)
#5 C:\xampp\htdocs\myLPU-HIMS\clinic\public\index.php(37): CodeIgniter\CodeIgniter->run()
#6 {main}
CRITICAL - 2021-11-29 16:39:20 --> Trying to access array offset on value of type null
#0 C:\xampp\htdocs\myLPU-HIMS\clinic\app\Helpers\useraccount_helper.php(9): CodeIgniter\Debug\Exceptions->errorHandler(2, 'Trying to acces...', 'C:\\xampp\\htdocs...', 9)
#1 C:\xampp\htdocs\myLPU-HIMS\clinic\app\Controllers\Dashboard.php(15): getUserFirstname()
#2 C:\xampp\htdocs\myLPU-HIMS\vendor\codeigniter\system\CodeIgniter.php(779): App\Controllers\Dashboard->__construct()
#3 C:\xampp\htdocs\myLPU-HIMS\vendor\codeigniter\system\CodeIgniter.php(390): CodeIgniter\CodeIgniter->createController()
#4 C:\xampp\htdocs\myLPU-HIMS\vendor\codeigniter\system\CodeIgniter.php(317): CodeIgniter\CodeIgniter->handleRequest(NULL, Object(Config\Cache), false)
#5 C:\xampp\htdocs\myLPU-HIMS\clinic\public\index.php(37): CodeIgniter\CodeIgniter->run()
#6 {main}
CRITICAL - 2021-11-29 16:39:25 --> Trying to access array offset on value of type null
#0 C:\xampp\htdocs\myLPU-HIMS\clinic\app\Helpers\useraccount_helper.php(9): CodeIgniter\Debug\Exceptions->errorHandler(2, 'Trying to acces...', 'C:\\xampp\\htdocs...', 9)
#1 C:\xampp\htdocs\myLPU-HIMS\clinic\app\Controllers\Dashboard.php(15): getUserFirstname()
#2 C:\xampp\htdocs\myLPU-HIMS\vendor\codeigniter\system\CodeIgniter.php(779): App\Controllers\Dashboard->__construct()
#3 C:\xampp\htdocs\myLPU-HIMS\vendor\codeigniter\system\CodeIgniter.php(390): CodeIgniter\CodeIgniter->createController()
#4 C:\xampp\htdocs\myLPU-HIMS\vendor\codeigniter\system\CodeIgniter.php(317): CodeIgniter\CodeIgniter->handleRequest(NULL, Object(Config\Cache), false)
#5 C:\xampp\htdocs\myLPU-HIMS\clinic\public\index.php(37): CodeIgniter\CodeIgniter->run()
#6 {main}
CRITICAL - 2021-11-29 16:39:25 --> Trying to access array offset on value of type null
#0 C:\xampp\htdocs\myLPU-HIMS\clinic\app\Helpers\useraccount_helper.php(9): CodeIgniter\Debug\Exceptions->errorHandler(2, 'Trying to acces...', 'C:\\xampp\\htdocs...', 9)
#1 C:\xampp\htdocs\myLPU-HIMS\clinic\app\Controllers\Dashboard.php(15): getUserFirstname()
#2 C:\xampp\htdocs\myLPU-HIMS\vendor\codeigniter\system\CodeIgniter.php(779): App\Controllers\Dashboard->__construct()
#3 C:\xampp\htdocs\myLPU-HIMS\vendor\codeigniter\system\CodeIgniter.php(390): CodeIgniter\CodeIgniter->createController()
#4 C:\xampp\htdocs\myLPU-HIMS\vendor\codeigniter\system\CodeIgniter.php(317): CodeIgniter\CodeIgniter->handleRequest(NULL, Object(Config\Cache), false)
#5 C:\xampp\htdocs\myLPU-HIMS\clinic\public\index.php(37): CodeIgniter\CodeIgniter->run()
#6 {main}
CRITICAL - 2021-11-29 16:39:30 --> Trying to access array offset on value of type null
#0 C:\xampp\htdocs\myLPU-HIMS\clinic\app\Helpers\useraccount_helper.php(9): CodeIgniter\Debug\Exceptions->errorHandler(2, 'Trying to acces...', 'C:\\xampp\\htdocs...', 9)
#1 C:\xampp\htdocs\myLPU-HIMS\clinic\app\Controllers\Dashboard.php(15): getUserFirstname()
#2 C:\xampp\htdocs\myLPU-HIMS\vendor\codeigniter\system\CodeIgniter.php(779): App\Controllers\Dashboard->__construct()
#3 C:\xampp\htdocs\myLPU-HIMS\vendor\codeigniter\system\CodeIgniter.php(390): CodeIgniter\CodeIgniter->createController()
#4 C:\xampp\htdocs\myLPU-HIMS\vendor\codeigniter\system\CodeIgniter.php(317): CodeIgniter\CodeIgniter->handleRequest(NULL, Object(Config\Cache), false)
#5 C:\xampp\htdocs\myLPU-HIMS\clinic\public\index.php(37): CodeIgniter\CodeIgniter->run()
#6 {main}
CRITICAL - 2021-11-29 16:39:30 --> Trying to access array offset on value of type null
#0 C:\xampp\htdocs\myLPU-HIMS\clinic\app\Helpers\useraccount_helper.php(9): CodeIgniter\Debug\Exceptions->errorHandler(2, 'Trying to acces...', 'C:\\xampp\\htdocs...', 9)
#1 C:\xampp\htdocs\myLPU-HIMS\clinic\app\Controllers\Dashboard.php(15): getUserFirstname()
#2 C:\xampp\htdocs\myLPU-HIMS\vendor\codeigniter\system\CodeIgniter.php(779): App\Controllers\Dashboard->__construct()
#3 C:\xampp\htdocs\myLPU-HIMS\vendor\codeigniter\system\CodeIgniter.php(390): CodeIgniter\CodeIgniter->createController()
#4 C:\xampp\htdocs\myLPU-HIMS\vendor\codeigniter\system\CodeIgniter.php(317): CodeIgniter\CodeIgniter->handleRequest(NULL, Object(Config\Cache), false)
#5 C:\xampp\htdocs\myLPU-HIMS\clinic\public\index.php(37): CodeIgniter\CodeIgniter->run()
#6 {main}
CRITICAL - 2021-11-29 16:39:39 --> Trying to access array offset on value of type null
#0 C:\xampp\htdocs\myLPU-HIMS\clinic\app\Helpers\useraccount_helper.php(9): CodeIgniter\Debug\Exceptions->errorHandler(2, 'Trying to acces...', 'C:\\xampp\\htdocs...', 9)
#1 C:\xampp\htdocs\myLPU-HIMS\clinic\app\Controllers\Dashboard.php(15): getUserFirstname()
#2 C:\xampp\htdocs\myLPU-HIMS\vendor\codeigniter\system\CodeIgniter.php(779): App\Controllers\Dashboard->__construct()
#3 C:\xampp\htdocs\myLPU-HIMS\vendor\codeigniter\system\CodeIgniter.php(390): CodeIgniter\CodeIgniter->createController()
#4 C:\xampp\htdocs\myLPU-HIMS\vendor\codeigniter\system\CodeIgniter.php(317): CodeIgniter\CodeIgniter->handleRequest(NULL, Object(Config\Cache), false)
#5 C:\xampp\htdocs\myLPU-HIMS\clinic\public\index.php(37): CodeIgniter\CodeIgniter->run()
#6 {main}
CRITICAL - 2021-11-29 16:39:39 --> Trying to access array offset on value of type null
#0 C:\xampp\htdocs\myLPU-HIMS\clinic\app\Helpers\useraccount_helper.php(9): CodeIgniter\Debug\Exceptions->errorHandler(2, 'Trying to acces...', 'C:\\xampp\\htdocs...', 9)
#1 C:\xampp\htdocs\myLPU-HIMS\clinic\app\Controllers\Dashboard.php(15): getUserFirstname()
#2 C:\xampp\htdocs\myLPU-HIMS\vendor\codeigniter\system\CodeIgniter.php(779): App\Controllers\Dashboard->__construct()
#3 C:\xampp\htdocs\myLPU-HIMS\vendor\codeigniter\system\CodeIgniter.php(390): CodeIgniter\CodeIgniter->createController()
#4 C:\xampp\htdocs\myLPU-HIMS\vendor\codeigniter\system\CodeIgniter.php(317): CodeIgniter\CodeIgniter->handleRequest(NULL, Object(Config\Cache), false)
#5 C:\xampp\htdocs\myLPU-HIMS\clinic\public\index.php(37): CodeIgniter\CodeIgniter->run()
#6 {main}
CRITICAL - 2021-11-29 16:39:40 --> Trying to access array offset on value of type null
#0 C:\xampp\htdocs\myLPU-HIMS\clinic\app\Helpers\useraccount_helper.php(9): CodeIgniter\Debug\Exceptions->errorHandler(2, 'Trying to acces...', 'C:\\xampp\\htdocs...', 9)
#1 C:\xampp\htdocs\myLPU-HIMS\clinic\app\Controllers\Dashboard.php(15): getUserFirstname()
#2 C:\xampp\htdocs\myLPU-HIMS\vendor\codeigniter\system\CodeIgniter.php(779): App\Controllers\Dashboard->__construct()
#3 C:\xampp\htdocs\myLPU-HIMS\vendor\codeigniter\system\CodeIgniter.php(390): CodeIgniter\CodeIgniter->createController()
#4 C:\xampp\htdocs\myLPU-HIMS\vendor\codeigniter\system\CodeIgniter.php(317): CodeIgniter\CodeIgniter->handleRequest(NULL, Object(Config\Cache), false)
#5 C:\xampp\htdocs\myLPU-HIMS\clinic\public\index.php(37): CodeIgniter\CodeIgniter->run()
#6 {main}
CRITICAL - 2021-11-29 16:39:40 --> Trying to access array offset on value of type null
#0 C:\xampp\htdocs\myLPU-HIMS\clinic\app\Helpers\useraccount_helper.php(9): CodeIgniter\Debug\Exceptions->errorHandler(2, 'Trying to acces...', 'C:\\xampp\\htdocs...', 9)
#1 C:\xampp\htdocs\myLPU-HIMS\clinic\app\Controllers\Dashboard.php(15): getUserFirstname()
#2 C:\xampp\htdocs\myLPU-HIMS\vendor\codeigniter\system\CodeIgniter.php(779): App\Controllers\Dashboard->__construct()
#3 C:\xampp\htdocs\myLPU-HIMS\vendor\codeigniter\system\CodeIgniter.php(390): CodeIgniter\CodeIgniter->createController()
#4 C:\xampp\htdocs\myLPU-HIMS\vendor\codeigniter\system\CodeIgniter.php(317): CodeIgniter\CodeIgniter->handleRequest(NULL, Object(Config\Cache), false)
#5 C:\xampp\htdocs\myLPU-HIMS\clinic\public\index.php(37): CodeIgniter\CodeIgniter->run()
#6 {main}
CRITICAL - 2021-11-29 16:39:54 --> Trying to access array offset on value of type null
#0 C:\xampp\htdocs\myLPU-HIMS\clinic\app\Helpers\useraccount_helper.php(9): CodeIgniter\Debug\Exceptions->errorHandler(2, 'Trying to acces...', 'C:\\xampp\\htdocs...', 9)
#1 C:\xampp\htdocs\myLPU-HIMS\clinic\app\Controllers\Dashboard.php(15): getUserFirstname()
#2 C:\xampp\htdocs\myLPU-HIMS\vendor\codeigniter\system\CodeIgniter.php(779): App\Controllers\Dashboard->__construct()
#3 C:\xampp\htdocs\myLPU-HIMS\vendor\codeigniter\system\CodeIgniter.php(390): CodeIgniter\CodeIgniter->createController()
#4 C:\xampp\htdocs\myLPU-HIMS\vendor\codeigniter\system\CodeIgniter.php(317): CodeIgniter\CodeIgniter->handleRequest(NULL, Object(Config\Cache), false)
#5 C:\xampp\htdocs\myLPU-HIMS\clinic\public\index.php(37): CodeIgniter\CodeIgniter->run()
#6 {main}
CRITICAL - 2021-11-29 16:39:54 --> Trying to access array offset on value of type null
#0 C:\xampp\htdocs\myLPU-HIMS\clinic\app\Helpers\useraccount_helper.php(9): CodeIgniter\Debug\Exceptions->errorHandler(2, 'Trying to acces...', 'C:\\xampp\\htdocs...', 9)
#1 C:\xampp\htdocs\myLPU-HIMS\clinic\app\Controllers\Dashboard.php(15): getUserFirstname()
#2 C:\xampp\htdocs\myLPU-HIMS\vendor\codeigniter\system\CodeIgniter.php(779): App\Controllers\Dashboard->__construct()
#3 C:\xampp\htdocs\myLPU-HIMS\vendor\codeigniter\system\CodeIgniter.php(390): CodeIgniter\CodeIgniter->createController()
#4 C:\xampp\htdocs\myLPU-HIMS\vendor\codeigniter\system\CodeIgniter.php(317): CodeIgniter\CodeIgniter->handleRequest(NULL, Object(Config\Cache), false)
#5 C:\xampp\htdocs\myLPU-HIMS\clinic\public\index.php(37): CodeIgniter\CodeIgniter->run()
#6 {main}
CRITICAL - 2021-11-29 16:40:11 --> Trying to access array offset on value of type null
#0 C:\xampp\htdocs\myLPU-HIMS\clinic\app\Helpers\useraccount_helper.php(9): CodeIgniter\Debug\Exceptions->errorHandler(2, 'Trying to acces...', 'C:\\xampp\\htdocs...', 9)
#1 C:\xampp\htdocs\myLPU-HIMS\clinic\app\Controllers\Dashboard.php(15): getUserFirstname()
#2 C:\xampp\htdocs\myLPU-HIMS\vendor\codeigniter\system\CodeIgniter.php(779): App\Controllers\Dashboard->__construct()
#3 C:\xampp\htdocs\myLPU-HIMS\vendor\codeigniter\system\CodeIgniter.php(390): CodeIgniter\CodeIgniter->createController()
#4 C:\xampp\htdocs\myLPU-HIMS\vendor\codeigniter\system\CodeIgniter.php(317): CodeIgniter\CodeIgniter->handleRequest(NULL, Object(Config\Cache), false)
#5 C:\xampp\htdocs\myLPU-HIMS\clinic\public\index.php(37): CodeIgniter\CodeIgniter->run()
#6 {main}
CRITICAL - 2021-11-29 16:40:11 --> Trying to access array offset on value of type null
#0 C:\xampp\htdocs\myLPU-HIMS\clinic\app\Helpers\useraccount_helper.php(9): CodeIgniter\Debug\Exceptions->errorHandler(2, 'Trying to acces...', 'C:\\xampp\\htdocs...', 9)
#1 C:\xampp\htdocs\myLPU-HIMS\clinic\app\Controllers\Dashboard.php(15): getUserFirstname()
#2 C:\xampp\htdocs\myLPU-HIMS\vendor\codeigniter\system\CodeIgniter.php(779): App\Controllers\Dashboard->__construct()
#3 C:\xampp\htdocs\myLPU-HIMS\vendor\codeigniter\system\CodeIgniter.php(390): CodeIgniter\CodeIgniter->createController()
#4 C:\xampp\htdocs\myLPU-HIMS\vendor\codeigniter\system\CodeIgniter.php(317): CodeIgniter\CodeIgniter->handleRequest(NULL, Object(Config\Cache), false)
#5 C:\xampp\htdocs\myLPU-HIMS\clinic\public\index.php(37): CodeIgniter\CodeIgniter->run()
#6 {main}
CRITICAL - 2021-11-29 16:40:15 --> Trying to access array offset on value of type null
#0 C:\xampp\htdocs\myLPU-HIMS\clinic\app\Helpers\useraccount_helper.php(9): CodeIgniter\Debug\Exceptions->errorHandler(2, 'Trying to acces...', 'C:\\xampp\\htdocs...', 9)
#1 C:\xampp\htdocs\myLPU-HIMS\clinic\app\Controllers\Dashboard.php(15): getUserFirstname()
#2 C:\xampp\htdocs\myLPU-HIMS\vendor\codeigniter\system\CodeIgniter.php(779): App\Controllers\Dashboard->__construct()
#3 C:\xampp\htdocs\myLPU-HIMS\vendor\codeigniter\system\CodeIgniter.php(390): CodeIgniter\CodeIgniter->createController()
#4 C:\xampp\htdocs\myLPU-HIMS\vendor\codeigniter\system\CodeIgniter.php(317): CodeIgniter\CodeIgniter->handleRequest(NULL, Object(Config\Cache), false)
#5 C:\xampp\htdocs\myLPU-HIMS\clinic\public\index.php(37): CodeIgniter\CodeIgniter->run()
#6 {main}
CRITICAL - 2021-11-29 16:40:15 --> Trying to access array offset on value of type null
#0 C:\xampp\htdocs\myLPU-HIMS\clinic\app\Helpers\useraccount_helper.php(9): CodeIgniter\Debug\Exceptions->errorHandler(2, 'Trying to acces...', 'C:\\xampp\\htdocs...', 9)
#1 C:\xampp\htdocs\myLPU-HIMS\clinic\app\Controllers\Dashboard.php(15): getUserFirstname()
#2 C:\xampp\htdocs\myLPU-HIMS\vendor\codeigniter\system\CodeIgniter.php(779): App\Controllers\Dashboard->__construct()
#3 C:\xampp\htdocs\myLPU-HIMS\vendor\codeigniter\system\CodeIgniter.php(390): CodeIgniter\CodeIgniter->createController()
#4 C:\xampp\htdocs\myLPU-HIMS\vendor\codeigniter\system\CodeIgniter.php(317): CodeIgniter\CodeIgniter->handleRequest(NULL, Object(Config\Cache), false)
#5 C:\xampp\htdocs\myLPU-HIMS\clinic\public\index.php(37): CodeIgniter\CodeIgniter->run()
#6 {main}
CRITICAL - 2021-11-29 16:40:53 --> Trying to access array offset on value of type null
#0 C:\xampp\htdocs\myLPU-HIMS\clinic\app\Helpers\useraccount_helper.php(9): CodeIgniter\Debug\Exceptions->errorHandler(2, 'Trying to acces...', 'C:\\xampp\\htdocs...', 9)
#1 C:\xampp\htdocs\myLPU-HIMS\clinic\app\Controllers\Dashboard.php(15): getUserFirstname()
#2 C:\xampp\htdocs\myLPU-HIMS\vendor\codeigniter\system\CodeIgniter.php(779): App\Controllers\Dashboard->__construct()
#3 C:\xampp\htdocs\myLPU-HIMS\vendor\codeigniter\system\CodeIgniter.php(390): CodeIgniter\CodeIgniter->createController()
#4 C:\xampp\htdocs\myLPU-HIMS\vendor\codeigniter\system\CodeIgniter.php(317): CodeIgniter\CodeIgniter->handleRequest(NULL, Object(Config\Cache), false)
#5 C:\xampp\htdocs\myLPU-HIMS\clinic\public\index.php(37): CodeIgniter\CodeIgniter->run()
#6 {main}
CRITICAL - 2021-11-29 16:40:53 --> Trying to access array offset on value of type null
#0 C:\xampp\htdocs\myLPU-HIMS\clinic\app\Helpers\useraccount_helper.php(9): CodeIgniter\Debug\Exceptions->errorHandler(2, 'Trying to acces...', 'C:\\xampp\\htdocs...', 9)
#1 C:\xampp\htdocs\myLPU-HIMS\clinic\app\Controllers\Dashboard.php(15): getUserFirstname()
#2 C:\xampp\htdocs\myLPU-HIMS\vendor\codeigniter\system\CodeIgniter.php(779): App\Controllers\Dashboard->__construct()
#3 C:\xampp\htdocs\myLPU-HIMS\vendor\codeigniter\system\CodeIgniter.php(390): CodeIgniter\CodeIgniter->createController()
#4 C:\xampp\htdocs\myLPU-HIMS\vendor\codeigniter\system\CodeIgniter.php(317): CodeIgniter\CodeIgniter->handleRequest(NULL, Object(Config\Cache), false)
#5 C:\xampp\htdocs\myLPU-HIMS\clinic\public\index.php(37): CodeIgniter\CodeIgniter->run()
#6 {main}
CRITICAL - 2021-11-29 16:40:55 --> Trying to access array offset on value of type null
#0 C:\xampp\htdocs\myLPU-HIMS\clinic\app\Helpers\useraccount_helper.php(9): CodeIgniter\Debug\Exceptions->errorHandler(2, 'Trying to acces...', 'C:\\xampp\\htdocs...', 9)
#1 C:\xampp\htdocs\myLPU-HIMS\clinic\app\Controllers\Dashboard.php(15): getUserFirstname()
#2 C:\xampp\htdocs\myLPU-HIMS\vendor\codeigniter\system\CodeIgniter.php(779): App\Controllers\Dashboard->__construct()
#3 C:\xampp\htdocs\myLPU-HIMS\vendor\codeigniter\system\CodeIgniter.php(390): CodeIgniter\CodeIgniter->createController()
#4 C:\xampp\htdocs\myLPU-HIMS\vendor\codeigniter\system\CodeIgniter.php(317): CodeIgniter\CodeIgniter->handleRequest(NULL, Object(Config\Cache), false)
#5 C:\xampp\htdocs\myLPU-HIMS\clinic\public\index.php(37): CodeIgniter\CodeIgniter->run()
#6 {main}
CRITICAL - 2021-11-29 16:40:55 --> Trying to access array offset on value of type null
#0 C:\xampp\htdocs\myLPU-HIMS\clinic\app\Helpers\useraccount_helper.php(9): CodeIgniter\Debug\Exceptions->errorHandler(2, 'Trying to acces...', 'C:\\xampp\\htdocs...', 9)
#1 C:\xampp\htdocs\myLPU-HIMS\clinic\app\Controllers\Dashboard.php(15): getUserFirstname()
#2 C:\xampp\htdocs\myLPU-HIMS\vendor\codeigniter\system\CodeIgniter.php(779): App\Controllers\Dashboard->__construct()
#3 C:\xampp\htdocs\myLPU-HIMS\vendor\codeigniter\system\CodeIgniter.php(390): CodeIgniter\CodeIgniter->createController()
#4 C:\xampp\htdocs\myLPU-HIMS\vendor\codeigniter\system\CodeIgniter.php(317): CodeIgniter\CodeIgniter->handleRequest(NULL, Object(Config\Cache), false)
#5 C:\xampp\htdocs\myLPU-HIMS\clinic\public\index.php(37): CodeIgniter\CodeIgniter->run()
#6 {main}
CRITICAL - 2021-11-29 17:29:18 --> Unsupported operand types: string + string
#0 C:\xampp\htdocs\myLPU-HIMS\vendor\codeigniter\system\CodeIgniter.php(802): App\Controllers\Dashboard->fetchExpiredMedicine()
#1 C:\xampp\htdocs\myLPU-HIMS\vendor\codeigniter\system\CodeIgniter.php(399): CodeIgniter\CodeIgniter->runController(Object(App\Controllers\Dashboard))
#2 C:\xampp\htdocs\myLPU-HIMS\vendor\codeigniter\system\CodeIgniter.php(317): CodeIgniter\CodeIgniter->handleRequest(NULL, Object(Config\Cache), false)
#3 C:\xampp\htdocs\myLPU-HIMS\clinic\public\index.php(37): CodeIgniter\CodeIgniter->run()
#4 {main}
CRITICAL - 2021-11-29 17:29:18 --> Unsupported operand types: string + string
#0 C:\xampp\htdocs\myLPU-HIMS\vendor\codeigniter\system\CodeIgniter.php(802): App\Controllers\Dashboard->fetchLowStockMedicine()
#1 C:\xampp\htdocs\myLPU-HIMS\vendor\codeigniter\system\CodeIgniter.php(399): CodeIgniter\CodeIgniter->runController(Object(App\Controllers\Dashboard))
#2 C:\xampp\htdocs\myLPU-HIMS\vendor\codeigniter\system\CodeIgniter.php(317): CodeIgniter\CodeIgniter->handleRequest(NULL, Object(Config\Cache), false)
#3 C:\xampp\htdocs\myLPU-HIMS\clinic\public\index.php(37): CodeIgniter\CodeIgniter->run()
#4 {main}
CRITICAL - 2021-11-29 17:29:20 --> Unsupported operand types: string + string
#0 C:\xampp\htdocs\myLPU-HIMS\vendor\codeigniter\system\CodeIgniter.php(802): App\Controllers\Dashboard->fetchLowStockMedicine()
#1 C:\xampp\htdocs\myLPU-HIMS\vendor\codeigniter\system\CodeIgniter.php(399): CodeIgniter\CodeIgniter->runController(Object(App\Controllers\Dashboard))
#2 C:\xampp\htdocs\myLPU-HIMS\vendor\codeigniter\system\CodeIgniter.php(317): CodeIgniter\CodeIgniter->handleRequest(NULL, Object(Config\Cache), false)
#3 C:\xampp\htdocs\myLPU-HIMS\clinic\public\index.php(37): CodeIgniter\CodeIgniter->run()
#4 {main}
CRITICAL - 2021-11-29 17:29:20 --> Unsupported operand types: string + string
#0 C:\xampp\htdocs\myLPU-HIMS\vendor\codeigniter\system\CodeIgniter.php(802): App\Controllers\Dashboard->fetchExpiredMedicine()
#1 C:\xampp\htdocs\myLPU-HIMS\vendor\codeigniter\system\CodeIgniter.php(399): CodeIgniter\CodeIgniter->runController(Object(App\Controllers\Dashboard))
#2 C:\xampp\htdocs\myLPU-HIMS\vendor\codeigniter\system\CodeIgniter.php(317): CodeIgniter\CodeIgniter->handleRequest(NULL, Object(Config\Cache), false)
#3 C:\xampp\htdocs\myLPU-HIMS\clinic\public\index.php(37): CodeIgniter\CodeIgniter->run()
#4 {main}
CRITICAL - 2021-11-29 17:29:26 --> Unsupported operand types: string + string
#0 C:\xampp\htdocs\myLPU-HIMS\vendor\codeigniter\system\CodeIgniter.php(802): App\Controllers\Dashboard->fetchLowStockMedicine()
#1 C:\xampp\htdocs\myLPU-HIMS\vendor\codeigniter\system\CodeIgniter.php(399): CodeIgniter\CodeIgniter->runController(Object(App\Controllers\Dashboard))
#2 C:\xampp\htdocs\myLPU-HIMS\vendor\codeigniter\system\CodeIgniter.php(317): CodeIgniter\CodeIgniter->handleRequest(NULL, Object(Config\Cache), false)
#3 C:\xampp\htdocs\myLPU-HIMS\clinic\public\index.php(37): CodeIgniter\CodeIgniter->run()
#4 {main}
CRITICAL - 2021-11-29 17:29:26 --> Unsupported operand types: string + string
#0 C:\xampp\htdocs\myLPU-HIMS\vendor\codeigniter\system\CodeIgniter.php(802): App\Controllers\Dashboard->fetchExpiredMedicine()
#1 C:\xampp\htdocs\myLPU-HIMS\vendor\codeigniter\system\CodeIgniter.php(399): CodeIgniter\CodeIgniter->runController(Object(App\Controllers\Dashboard))
#2 C:\xampp\htdocs\myLPU-HIMS\vendor\codeigniter\system\CodeIgniter.php(317): CodeIgniter\CodeIgniter->handleRequest(NULL, Object(Config\Cache), false)
#3 C:\xampp\htdocs\myLPU-HIMS\clinic\public\index.php(37): CodeIgniter\CodeIgniter->run()
#4 {main}
CRITICAL - 2021-11-29 17:30:32 --> Unsupported operand types: string + string
#0 C:\xampp\htdocs\myLPU-HIMS\vendor\codeigniter\system\CodeIgniter.php(802): App\Controllers\Dashboard->fetchExpiredMedicine()
#1 C:\xampp\htdocs\myLPU-HIMS\vendor\codeigniter\system\CodeIgniter.php(399): CodeIgniter\CodeIgniter->runController(Object(App\Controllers\Dashboard))
#2 C:\xampp\htdocs\myLPU-HIMS\vendor\codeigniter\system\CodeIgniter.php(317): CodeIgniter\CodeIgniter->handleRequest(NULL, Object(Config\Cache), false)
#3 C:\xampp\htdocs\myLPU-HIMS\clinic\public\index.php(37): CodeIgniter\CodeIgniter->run()
#4 {main}
CRITICAL - 2021-11-29 17:30:32 --> Unsupported operand types: string + string
#0 C:\xampp\htdocs\myLPU-HIMS\vendor\codeigniter\system\CodeIgniter.php(802): App\Controllers\Dashboard->fetchLowStockMedicine()
#1 C:\xampp\htdocs\myLPU-HIMS\vendor\codeigniter\system\CodeIgniter.php(399): CodeIgniter\CodeIgniter->runController(Object(App\Controllers\Dashboard))
#2 C:\xampp\htdocs\myLPU-HIMS\vendor\codeigniter\system\CodeIgniter.php(317): CodeIgniter\CodeIgniter->handleRequest(NULL, Object(Config\Cache), false)
#3 C:\xampp\htdocs\myLPU-HIMS\clinic\public\index.php(37): CodeIgniter\CodeIgniter->run()
#4 {main}
CRITICAL - 2021-11-29 17:30:37 --> Unsupported operand types: string + string
#0 C:\xampp\htdocs\myLPU-HIMS\vendor\codeigniter\system\CodeIgniter.php(802): App\Controllers\Dashboard->fetchExpiredMedicine()
#1 C:\xampp\htdocs\myLPU-HIMS\vendor\codeigniter\system\CodeIgniter.php(399): CodeIgniter\CodeIgniter->runController(Object(App\Controllers\Dashboard))
#2 C:\xampp\htdocs\myLPU-HIMS\vendor\codeigniter\system\CodeIgniter.php(317): CodeIgniter\CodeIgniter->handleRequest(NULL, Object(Config\Cache), false)
#3 C:\xampp\htdocs\myLPU-HIMS\clinic\public\index.php(37): CodeIgniter\CodeIgniter->run()
#4 {main}
CRITICAL - 2021-11-29 17:30:37 --> Unsupported operand types: string + string
#0 C:\xampp\htdocs\myLPU-HIMS\vendor\codeigniter\system\CodeIgniter.php(802): App\Controllers\Dashboard->fetchLowStockMedicine()
#1 C:\xampp\htdocs\myLPU-HIMS\vendor\codeigniter\system\CodeIgniter.php(399): CodeIgniter\CodeIgniter->runController(Object(App\Controllers\Dashboard))
#2 C:\xampp\htdocs\myLPU-HIMS\vendor\codeigniter\system\CodeIgniter.php(317): CodeIgniter\CodeIgniter->handleRequest(NULL, Object(Config\Cache), false)
#3 C:\xampp\htdocs\myLPU-HIMS\clinic\public\index.php(37): CodeIgniter\CodeIgniter->run()
#4 {main}
CRITICAL - 2021-11-29 17:30:42 --> Unsupported operand types: string + string
#0 C:\xampp\htdocs\myLPU-HIMS\vendor\codeigniter\system\CodeIgniter.php(802): App\Controllers\Dashboard->fetchExpiredMedicine()
#1 C:\xampp\htdocs\myLPU-HIMS\vendor\codeigniter\system\CodeIgniter.php(399): CodeIgniter\CodeIgniter->runController(Object(App\Controllers\Dashboard))
#2 C:\xampp\htdocs\myLPU-HIMS\vendor\codeigniter\system\CodeIgniter.php(317): CodeIgniter\CodeIgniter->handleRequest(NULL, Object(Config\Cache), false)
#3 C:\xampp\htdocs\myLPU-HIMS\clinic\public\index.php(37): CodeIgniter\CodeIgniter->run()
#4 {main}
CRITICAL - 2021-11-29 17:30:42 --> Unsupported operand types: string + string
#0 C:\xampp\htdocs\myLPU-HIMS\vendor\codeigniter\system\CodeIgniter.php(802): App\Controllers\Dashboard->fetchLowStockMedicine()
#1 C:\xampp\htdocs\myLPU-HIMS\vendor\codeigniter\system\CodeIgniter.php(399): CodeIgniter\CodeIgniter->runController(Object(App\Controllers\Dashboard))
#2 C:\xampp\htdocs\myLPU-HIMS\vendor\codeigniter\system\CodeIgniter.php(317): CodeIgniter\CodeIgniter->handleRequest(NULL, Object(Config\Cache), false)
#3 C:\xampp\htdocs\myLPU-HIMS\clinic\public\index.php(37): CodeIgniter\CodeIgniter->run()
#4 {main}
CRITICAL - 2021-11-29 17:30:47 --> Unsupported operand types: string + string
#0 C:\xampp\htdocs\myLPU-HIMS\vendor\codeigniter\system\CodeIgniter.php(802): App\Controllers\Dashboard->fetchExpiredMedicine()
#1 C:\xampp\htdocs\myLPU-HIMS\vendor\codeigniter\system\CodeIgniter.php(399): CodeIgniter\CodeIgniter->runController(Object(App\Controllers\Dashboard))
#2 C:\xampp\htdocs\myLPU-HIMS\vendor\codeigniter\system\CodeIgniter.php(317): CodeIgniter\CodeIgniter->handleRequest(NULL, Object(Config\Cache), false)
#3 C:\xampp\htdocs\myLPU-HIMS\clinic\public\index.php(37): CodeIgniter\CodeIgniter->run()
#4 {main}
CRITICAL - 2021-11-29 17:30:47 --> Unsupported operand types: string + string
#0 C:\xampp\htdocs\myLPU-HIMS\vendor\codeigniter\system\CodeIgniter.php(802): App\Controllers\Dashboard->fetchLowStockMedicine()
#1 C:\xampp\htdocs\myLPU-HIMS\vendor\codeigniter\system\CodeIgniter.php(399): CodeIgniter\CodeIgniter->runController(Object(App\Controllers\Dashboard))
#2 C:\xampp\htdocs\myLPU-HIMS\vendor\codeigniter\system\CodeIgniter.php(317): CodeIgniter\CodeIgniter->handleRequest(NULL, Object(Config\Cache), false)
#3 C:\xampp\htdocs\myLPU-HIMS\clinic\public\index.php(37): CodeIgniter\CodeIgniter->run()
#4 {main}
CRITICAL - 2021-11-29 17:30:52 --> Unsupported operand types: string + string
#0 C:\xampp\htdocs\myLPU-HIMS\vendor\codeigniter\system\CodeIgniter.php(802): App\Controllers\Dashboard->fetchExpiredMedicine()
#1 C:\xampp\htdocs\myLPU-HIMS\vendor\codeigniter\system\CodeIgniter.php(399): CodeIgniter\CodeIgniter->runController(Object(App\Controllers\Dashboard))
#2 C:\xampp\htdocs\myLPU-HIMS\vendor\codeigniter\system\CodeIgniter.php(317): CodeIgniter\CodeIgniter->handleRequest(NULL, Object(Config\Cache), false)
#3 C:\xampp\htdocs\myLPU-HIMS\clinic\public\index.php(37): CodeIgniter\CodeIgniter->run()
#4 {main}
CRITICAL - 2021-11-29 17:30:52 --> Unsupported operand types: string + string
#0 C:\xampp\htdocs\myLPU-HIMS\vendor\codeigniter\system\CodeIgniter.php(802): App\Controllers\Dashboard->fetchLowStockMedicine()
#1 C:\xampp\htdocs\myLPU-HIMS\vendor\codeigniter\system\CodeIgniter.php(399): CodeIgniter\CodeIgniter->runController(Object(App\Controllers\Dashboard))
#2 C:\xampp\htdocs\myLPU-HIMS\vendor\codeigniter\system\CodeIgniter.php(317): CodeIgniter\CodeIgniter->handleRequest(NULL, Object(Config\Cache), false)
#3 C:\xampp\htdocs\myLPU-HIMS\clinic\public\index.php(37): CodeIgniter\CodeIgniter->run()
#4 {main}
CRITICAL - 2021-11-29 17:30:53 --> Unsupported operand types: string + string
#0 C:\xampp\htdocs\myLPU-HIMS\vendor\codeigniter\system\CodeIgniter.php(802): App\Controllers\Dashboard->fetchExpiredMedicine()
#1 C:\xampp\htdocs\myLPU-HIMS\vendor\codeigniter\system\CodeIgniter.php(399): CodeIgniter\CodeIgniter->runController(Object(App\Controllers\Dashboard))
#2 C:\xampp\htdocs\myLPU-HIMS\vendor\codeigniter\system\CodeIgniter.php(317): CodeIgniter\CodeIgniter->handleRequest(NULL, Object(Config\Cache), false)
#3 C:\xampp\htdocs\myLPU-HIMS\clinic\public\index.php(37): CodeIgniter\CodeIgniter->run()
#4 {main}
CRITICAL - 2021-11-29 17:31:45 --> Unsupported operand types: string + string
#0 C:\xampp\htdocs\myLPU-HIMS\vendor\codeigniter\system\CodeIgniter.php(802): App\Controllers\Dashboard->fetchExpiredMedicine()
#1 C:\xampp\htdocs\myLPU-HIMS\vendor\codeigniter\system\CodeIgniter.php(399): CodeIgniter\CodeIgniter->runController(Object(App\Controllers\Dashboard))
#2 C:\xampp\htdocs\myLPU-HIMS\vendor\codeigniter\system\CodeIgniter.php(317): CodeIgniter\CodeIgniter->handleRequest(NULL, Object(Config\Cache), false)
#3 C:\xampp\htdocs\myLPU-HIMS\clinic\public\index.php(37): CodeIgniter\CodeIgniter->run()
#4 {main}
CRITICAL - 2021-11-29 17:31:46 --> Unsupported operand types: string + string
#0 C:\xampp\htdocs\myLPU-HIMS\vendor\codeigniter\system\CodeIgniter.php(802): App\Controllers\Dashboard->fetchExpiredMedicine()
#1 C:\xampp\htdocs\myLPU-HIMS\vendor\codeigniter\system\CodeIgniter.php(399): CodeIgniter\CodeIgniter->runController(Object(App\Controllers\Dashboard))
#2 C:\xampp\htdocs\myLPU-HIMS\vendor\codeigniter\system\CodeIgniter.php(317): CodeIgniter\CodeIgniter->handleRequest(NULL, Object(Config\Cache), false)
#3 C:\xampp\htdocs\myLPU-HIMS\clinic\public\index.php(37): CodeIgniter\CodeIgniter->run()
#4 {main}
CRITICAL - 2021-11-29 17:31:46 --> Unsupported operand types: string + string
#0 C:\xampp\htdocs\myLPU-HIMS\vendor\codeigniter\system\CodeIgniter.php(802): App\Controllers\Dashboard->fetchExpiredMedicine()
#1 C:\xampp\htdocs\myLPU-HIMS\vendor\codeigniter\system\CodeIgniter.php(399): CodeIgniter\CodeIgniter->runController(Object(App\Controllers\Dashboard))
#2 C:\xampp\htdocs\myLPU-HIMS\vendor\codeigniter\system\CodeIgniter.php(317): CodeIgniter\CodeIgniter->handleRequest(NULL, Object(Config\Cache), false)
#3 C:\xampp\htdocs\myLPU-HIMS\clinic\public\index.php(37): CodeIgniter\CodeIgniter->run()
#4 {main}
CRITICAL - 2021-11-29 17:31:47 --> Unsupported operand types: string + string
#0 C:\xampp\htdocs\myLPU-HIMS\vendor\codeigniter\system\CodeIgniter.php(802): App\Controllers\Dashboard->fetchExpiredMedicine()
#1 C:\xampp\htdocs\myLPU-HIMS\vendor\codeigniter\system\CodeIgniter.php(399): CodeIgniter\CodeIgniter->runController(Object(App\Controllers\Dashboard))
#2 C:\xampp\htdocs\myLPU-HIMS\vendor\codeigniter\system\CodeIgniter.php(317): CodeIgniter\CodeIgniter->handleRequest(NULL, Object(Config\Cache), false)
#3 C:\xampp\htdocs\myLPU-HIMS\clinic\public\index.php(37): CodeIgniter\CodeIgniter->run()
#4 {main}
CRITICAL - 2021-11-29 17:31:47 --> Unsupported operand types: string + string
#0 C:\xampp\htdocs\myLPU-HIMS\vendor\codeigniter\system\CodeIgniter.php(802): App\Controllers\Dashboard->fetchExpiredMedicine()
#1 C:\xampp\htdocs\myLPU-HIMS\vendor\codeigniter\system\CodeIgniter.php(399): CodeIgniter\CodeIgniter->runController(Object(App\Controllers\Dashboard))
#2 C:\xampp\htdocs\myLPU-HIMS\vendor\codeigniter\system\CodeIgniter.php(317): CodeIgniter\CodeIgniter->handleRequest(NULL, Object(Config\Cache), false)
#3 C:\xampp\htdocs\myLPU-HIMS\clinic\public\index.php(37): CodeIgniter\CodeIgniter->run()
#4 {main}
