CRITICAL - 2021-11-10 23:29:16 --> Undefined variable $userInfo
#0 C:\xampp\htdocs\myLPU-HIMS\clinic\app\Views\components\profile.php(33): CodeIgniter\Debug\Exceptions->errorHandler(2, 'Undefined varia...', 'C:\\xampp\\htdocs...', 33)
#1 C:\xampp\htdocs\myLPU-HIMS\codeigniter\system\View\View.php(214): include('C:\\xampp\\htdocs...')
#2 C:\xampp\htdocs\myLPU-HIMS\codeigniter\system\View\View.php(217): CodeIgniter\View\View->CodeIgniter\View\{closure}()
#3 C:\xampp\htdocs\myLPU-HIMS\codeigniter\system\Common.php(1092): CodeIgniter\View\View->render('components/prof...', Array, true)
#4 C:\xampp\htdocs\myLPU-HIMS\clinic\app\Controllers\Profile.php(64): view('components/prof...', Array)
#5 C:\xampp\htdocs\myLPU-HIMS\codeigniter\system\CodeIgniter.php(802): App\Controllers\Profile->index()
#6 C:\xampp\htdocs\myLPU-HIMS\codeigniter\system\CodeIgniter.php(399): CodeIgniter\CodeIgniter->runController(Object(App\Controllers\Profile))
#7 C:\xampp\htdocs\myLPU-HIMS\codeigniter\system\CodeIgniter.php(317): CodeIgniter\CodeIgniter->handleRequest(NULL, Object(Config\Cache), false)
#8 C:\xampp\htdocs\myLPU-HIMS\clinic\public\index.php(37): CodeIgniter\CodeIgniter->run()
#9 {main}
CRITICAL - 2021-11-10 23:29:55 --> Undefined variable $userInfo
#0 C:\xampp\htdocs\myLPU-HIMS\clinic\app\Views\components\profile.php(33): CodeIgniter\Debug\Exceptions->errorHandler(2, 'Undefined varia...', 'C:\\xampp\\htdocs...', 33)
#1 C:\xampp\htdocs\myLPU-HIMS\codeigniter\system\View\View.php(214): include('C:\\xampp\\htdocs...')
#2 C:\xampp\htdocs\myLPU-HIMS\codeigniter\system\View\View.php(217): CodeIgniter\View\View->CodeIgniter\View\{closure}()
#3 C:\xampp\htdocs\myLPU-HIMS\codeigniter\system\Common.php(1092): CodeIgniter\View\View->render('components/prof...', Array, true)
#4 C:\xampp\htdocs\myLPU-HIMS\clinic\app\Controllers\Profile.php(64): view('components/prof...', Array)
#5 C:\xampp\htdocs\myLPU-HIMS\codeigniter\system\CodeIgniter.php(802): App\Controllers\Profile->index()
#6 C:\xampp\htdocs\myLPU-HIMS\codeigniter\system\CodeIgniter.php(399): CodeIgniter\CodeIgniter->runController(Object(App\Controllers\Profile))
#7 C:\xampp\htdocs\myLPU-HIMS\codeigniter\system\CodeIgniter.php(317): CodeIgniter\CodeIgniter->handleRequest(NULL, Object(Config\Cache), false)
#8 C:\xampp\htdocs\myLPU-HIMS\clinic\public\index.php(37): CodeIgniter\CodeIgniter->run()
#9 {main}
CRITICAL - 2021-11-10 23:30:11 --> Undefined variable $userInfo
#0 C:\xampp\htdocs\myLPU-HIMS\clinic\app\Views\components\profile.php(39): CodeIgniter\Debug\Exceptions->errorHandler(2, 'Undefined varia...', 'C:\\xampp\\htdocs...', 39)
#1 C:\xampp\htdocs\myLPU-HIMS\codeigniter\system\View\View.php(214): include('C:\\xampp\\htdocs...')
#2 C:\xampp\htdocs\myLPU-HIMS\codeigniter\system\View\View.php(217): CodeIgniter\View\View->CodeIgniter\View\{closure}()
#3 C:\xampp\htdocs\myLPU-HIMS\codeigniter\system\Common.php(1092): CodeIgniter\View\View->render('components/prof...', Array, true)
#4 C:\xampp\htdocs\myLPU-HIMS\clinic\app\Controllers\Profile.php(64): view('components/prof...', Array)
#5 C:\xampp\htdocs\myLPU-HIMS\codeigniter\system\CodeIgniter.php(802): App\Controllers\Profile->index()
#6 C:\xampp\htdocs\myLPU-HIMS\codeigniter\system\CodeIgniter.php(399): CodeIgniter\CodeIgniter->runController(Object(App\Controllers\Profile))
#7 C:\xampp\htdocs\myLPU-HIMS\codeigniter\system\CodeIgniter.php(317): CodeIgniter\CodeIgniter->handleRequest(NULL, Object(Config\Cache), false)
#8 C:\xampp\htdocs\myLPU-HIMS\clinic\public\index.php(37): CodeIgniter\CodeIgniter->run()
#9 {main}
CRITICAL - 2021-11-10 23:30:11 --> Undefined variable $userInfo
#0 C:\xampp\htdocs\myLPU-HIMS\clinic\app\Views\components\profile.php(39): CodeIgniter\Debug\Exceptions->errorHandler(2, 'Undefined varia...', 'C:\\xampp\\htdocs...', 39)
#1 C:\xampp\htdocs\myLPU-HIMS\codeigniter\system\View\View.php(214): include('C:\\xampp\\htdocs...')
#2 C:\xampp\htdocs\myLPU-HIMS\codeigniter\system\View\View.php(217): CodeIgniter\View\View->CodeIgniter\View\{closure}()
#3 C:\xampp\htdocs\myLPU-HIMS\codeigniter\system\Common.php(1092): CodeIgniter\View\View->render('components/prof...', Array, true)
#4 C:\xampp\htdocs\myLPU-HIMS\clinic\app\Controllers\Profile.php(64): view('components/prof...', Array)
#5 C:\xampp\htdocs\myLPU-HIMS\codeigniter\system\CodeIgniter.php(802): App\Controllers\Profile->index()
#6 C:\xampp\htdocs\myLPU-HIMS\codeigniter\system\CodeIgniter.php(399): CodeIgniter\CodeIgniter->runController(Object(App\Controllers\Profile))
#7 C:\xampp\htdocs\myLPU-HIMS\codeigniter\system\CodeIgniter.php(317): CodeIgniter\CodeIgniter->handleRequest(NULL, Object(Config\Cache), false)
#8 C:\xampp\htdocs\myLPU-HIMS\clinic\public\index.php(37): CodeIgniter\CodeIgniter->run()
#9 {main}
CRITICAL - 2021-11-10 23:30:12 --> Undefined variable $userInfo
#0 C:\xampp\htdocs\myLPU-HIMS\clinic\app\Views\components\profile.php(39): CodeIgniter\Debug\Exceptions->errorHandler(2, 'Undefined varia...', 'C:\\xampp\\htdocs...', 39)
#1 C:\xampp\htdocs\myLPU-HIMS\codeigniter\system\View\View.php(214): include('C:\\xampp\\htdocs...')
#2 C:\xampp\htdocs\myLPU-HIMS\codeigniter\system\View\View.php(217): CodeIgniter\View\View->CodeIgniter\View\{closure}()
#3 C:\xampp\htdocs\myLPU-HIMS\codeigniter\system\Common.php(1092): CodeIgniter\View\View->render('components/prof...', Array, true)
#4 C:\xampp\htdocs\myLPU-HIMS\clinic\app\Controllers\Profile.php(64): view('components/prof...', Array)
#5 C:\xampp\htdocs\myLPU-HIMS\codeigniter\system\CodeIgniter.php(802): App\Controllers\Profile->index()
#6 C:\xampp\htdocs\myLPU-HIMS\codeigniter\system\CodeIgniter.php(399): CodeIgniter\CodeIgniter->runController(Object(App\Controllers\Profile))
#7 C:\xampp\htdocs\myLPU-HIMS\codeigniter\system\CodeIgniter.php(317): CodeIgniter\CodeIgniter->handleRequest(NULL, Object(Config\Cache), false)
#8 C:\xampp\htdocs\myLPU-HIMS\clinic\public\index.php(37): CodeIgniter\CodeIgniter->run()
#9 {main}
CRITICAL - 2021-11-10 23:30:14 --> Undefined variable $userInfo
#0 C:\xampp\htdocs\myLPU-HIMS\clinic\app\Views\components\profile.php(39): CodeIgniter\Debug\Exceptions->errorHandler(2, 'Undefined varia...', 'C:\\xampp\\htdocs...', 39)
#1 C:\xampp\htdocs\myLPU-HIMS\codeigniter\system\View\View.php(214): include('C:\\xampp\\htdocs...')
#2 C:\xampp\htdocs\myLPU-HIMS\codeigniter\system\View\View.php(217): CodeIgniter\View\View->CodeIgniter\View\{closure}()
#3 C:\xampp\htdocs\myLPU-HIMS\codeigniter\system\Common.php(1092): CodeIgniter\View\View->render('components/prof...', Array, true)
#4 C:\xampp\htdocs\myLPU-HIMS\clinic\app\Controllers\Profile.php(64): view('components/prof...', Array)
#5 C:\xampp\htdocs\myLPU-HIMS\codeigniter\system\CodeIgniter.php(802): App\Controllers\Profile->index()
#6 C:\xampp\htdocs\myLPU-HIMS\codeigniter\system\CodeIgniter.php(399): CodeIgniter\CodeIgniter->runController(Object(App\Controllers\Profile))
#7 C:\xampp\htdocs\myLPU-HIMS\codeigniter\system\CodeIgniter.php(317): CodeIgniter\CodeIgniter->handleRequest(NULL, Object(Config\Cache), false)
#8 C:\xampp\htdocs\myLPU-HIMS\clinic\public\index.php(37): CodeIgniter\CodeIgniter->run()
#9 {main}
