<<<<<<< HEAD
CRITICAL - 2021-09-28 15:04:41 --> The framework needs the following extension(s) installed and loaded: intl.
#0 C:\xampp\htdocs\myLPU-HIMS\codeigniter\system\CodeIgniter.php(218): CodeIgniter\Exceptions\FrameworkException::forMissingExtension('intl')
#1 C:\xampp\htdocs\myLPU-HIMS\codeigniter\system\CodeIgniter.php(176): CodeIgniter\CodeIgniter->resolvePlatformExtensions()
#2 C:\xampp\htdocs\myLPU-HIMS\codeigniter\system\bootstrap.php(146): CodeIgniter\CodeIgniter->initialize()
#3 C:\xampp\htdocs\myLPU-HIMS\clinic\public\index.php(28): require('C:\\xampp\\htdocs...')
#4 {main}
CRITICAL - 2021-09-28 15:06:54 --> The framework needs the following extension(s) installed and loaded: intl.
#0 C:\xampp\htdocs\myLPU-HIMS\codeigniter\system\CodeIgniter.php(218): CodeIgniter\Exceptions\FrameworkException::forMissingExtension('intl')
#1 C:\xampp\htdocs\myLPU-HIMS\codeigniter\system\CodeIgniter.php(176): CodeIgniter\CodeIgniter->resolvePlatformExtensions()
#2 C:\xampp\htdocs\myLPU-HIMS\codeigniter\system\bootstrap.php(146): CodeIgniter\CodeIgniter->initialize()
#3 C:\xampp\htdocs\myLPU-HIMS\clinic\public\index.php(28): require('C:\\xampp\\htdocs...')
#4 {main}
CRITICAL - 2021-09-28 15:06:56 --> The framework needs the following extension(s) installed and loaded: intl.
#0 C:\xampp\htdocs\myLPU-HIMS\codeigniter\system\CodeIgniter.php(218): CodeIgniter\Exceptions\FrameworkException::forMissingExtension('intl')
#1 C:\xampp\htdocs\myLPU-HIMS\codeigniter\system\CodeIgniter.php(176): CodeIgniter\CodeIgniter->resolvePlatformExtensions()
#2 C:\xampp\htdocs\myLPU-HIMS\codeigniter\system\bootstrap.php(146): CodeIgniter\CodeIgniter->initialize()
#3 C:\xampp\htdocs\myLPU-HIMS\clinic\public\index.php(28): require('C:\\xampp\\htdocs...')
#4 {main}
CRITICAL - 2021-09-28 15:06:57 --> The framework needs the following extension(s) installed and loaded: intl.
#0 C:\xampp\htdocs\myLPU-HIMS\codeigniter\system\CodeIgniter.php(218): CodeIgniter\Exceptions\FrameworkException::forMissingExtension('intl')
#1 C:\xampp\htdocs\myLPU-HIMS\codeigniter\system\CodeIgniter.php(176): CodeIgniter\CodeIgniter->resolvePlatformExtensions()
#2 C:\xampp\htdocs\myLPU-HIMS\codeigniter\system\bootstrap.php(146): CodeIgniter\CodeIgniter->initialize()
#3 C:\xampp\htdocs\myLPU-HIMS\clinic\public\index.php(28): require('C:\\xampp\\htdocs...')
#4 {main}
CRITICAL - 2021-09-28 15:07:00 --> The framework needs the following extension(s) installed and loaded: intl.
#0 C:\xampp\htdocs\myLPU-HIMS\codeigniter\system\CodeIgniter.php(218): CodeIgniter\Exceptions\FrameworkException::forMissingExtension('intl')
#1 C:\xampp\htdocs\myLPU-HIMS\codeigniter\system\CodeIgniter.php(176): CodeIgniter\CodeIgniter->resolvePlatformExtensions()
#2 C:\xampp\htdocs\myLPU-HIMS\codeigniter\system\bootstrap.php(146): CodeIgniter\CodeIgniter->initialize()
#3 C:\xampp\htdocs\myLPU-HIMS\clinic\public\index.php(28): require('C:\\xampp\\htdocs...')
#4 {main}
ERROR - 2021-09-28 21:07:12 --> Error connecting to the database: Unknown database 'mylpuhims_db'
CRITICAL - 2021-09-28 21:07:12 --> Unable to connect to the database.
Main connection [MySQLi]: Unknown database 'mylpuhims_db'
#0 C:\xampp\htdocs\myLPU-HIMS\codeigniter\system\Database\BaseConnection.php(570): CodeIgniter\Database\BaseConnection->initialize()
#1 C:\xampp\htdocs\myLPU-HIMS\codeigniter\system\Database\BaseBuilder.php(1428): CodeIgniter\Database\BaseConnection->query('SELECT *\nFROM `...', Array, false)
#2 C:\xampp\htdocs\myLPU-HIMS\codeigniter\system\Model.php(210): CodeIgniter\Database\BaseBuilder->get()
#3 C:\xampp\htdocs\myLPU-HIMS\codeigniter\system\BaseModel.php(622): CodeIgniter\Model->doFirst()
#4 C:\xampp\htdocs\myLPU-HIMS\clinic\app\Filters\NotLoggedIn.php(14): CodeIgniter\BaseModel->first()
#5 C:\xampp\htdocs\myLPU-HIMS\codeigniter\system\Filters\Filters.php(169): App\Filters\NotLoggedIn->before(Object(CodeIgniter\HTTP\IncomingRequest), NULL)
#6 C:\xampp\htdocs\myLPU-HIMS\codeigniter\system\CodeIgniter.php(374): CodeIgniter\Filters\Filters->run('/', 'before')
#7 C:\xampp\htdocs\myLPU-HIMS\codeigniter\system\CodeIgniter.php(317): CodeIgniter\CodeIgniter->handleRequest(NULL, Object(Config\Cache), false)
#8 C:\xampp\htdocs\myLPU-HIMS\clinic\public\index.php(37): CodeIgniter\CodeIgniter->run()
#9 {main}
ERROR - 2021-09-28 21:07:14 --> Error connecting to the database: Unknown database 'mylpuhims_db'
CRITICAL - 2021-09-28 21:07:14 --> Unable to connect to the database.
Main connection [MySQLi]: Unknown database 'mylpuhims_db'
#0 C:\xampp\htdocs\myLPU-HIMS\codeigniter\system\Database\BaseConnection.php(570): CodeIgniter\Database\BaseConnection->initialize()
#1 C:\xampp\htdocs\myLPU-HIMS\codeigniter\system\Database\BaseBuilder.php(1428): CodeIgniter\Database\BaseConnection->query('SELECT *\nFROM `...', Array, false)
#2 C:\xampp\htdocs\myLPU-HIMS\codeigniter\system\Model.php(210): CodeIgniter\Database\BaseBuilder->get()
#3 C:\xampp\htdocs\myLPU-HIMS\codeigniter\system\BaseModel.php(622): CodeIgniter\Model->doFirst()
#4 C:\xampp\htdocs\myLPU-HIMS\clinic\app\Filters\NotLoggedIn.php(14): CodeIgniter\BaseModel->first()
#5 C:\xampp\htdocs\myLPU-HIMS\codeigniter\system\Filters\Filters.php(169): App\Filters\NotLoggedIn->before(Object(CodeIgniter\HTTP\IncomingRequest), NULL)
#6 C:\xampp\htdocs\myLPU-HIMS\codeigniter\system\CodeIgniter.php(374): CodeIgniter\Filters\Filters->run('/', 'before')
=======
CRITICAL - 2021-09-28 20:13:18 --> Undefined variable $username
#0 C:\xampp\htdocs\myLPU-HIMS\clinic\app\Views\change_password.php(38): CodeIgniter\Debug\Exceptions->errorHandler(2, 'Undefined varia...', 'C:\\xampp\\htdocs...', 38)
#1 C:\xampp\htdocs\myLPU-HIMS\codeigniter\system\View\View.php(214): include('C:\\xampp\\htdocs...')
#2 C:\xampp\htdocs\myLPU-HIMS\codeigniter\system\View\View.php(217): CodeIgniter\View\View->CodeIgniter\View\{closure}()
#3 C:\xampp\htdocs\myLPU-HIMS\codeigniter\system\Common.php(1092): CodeIgniter\View\View->render('change_password', Array, true)
#4 C:\xampp\htdocs\myLPU-HIMS\clinic\app\Controllers\ChangePassword.php(18): view('change_password', Array)
#5 C:\xampp\htdocs\myLPU-HIMS\codeigniter\system\CodeIgniter.php(802): App\Controllers\ChangePassword->index()
#6 C:\xampp\htdocs\myLPU-HIMS\codeigniter\system\CodeIgniter.php(399): CodeIgniter\CodeIgniter->runController(Object(App\Controllers\ChangePassword))
>>>>>>> f329aafd3940e7421421b0be0574a88b1a507a47
#7 C:\xampp\htdocs\myLPU-HIMS\codeigniter\system\CodeIgniter.php(317): CodeIgniter\CodeIgniter->handleRequest(NULL, Object(Config\Cache), false)
#8 C:\xampp\htdocs\myLPU-HIMS\clinic\public\index.php(37): CodeIgniter\CodeIgniter->run()
#9 {main}
CRITICAL - 2021-09-28 21:40:48 --> Undefined array key "current_password"
#0 C:\xampp\htdocs\myLPU-HIMS\clinic\app\Views\components\profile.php(80): CodeIgniter\Debug\Exceptions->errorHandler(2, 'Undefined array...', 'C:\\xampp\\htdocs...', 80)
#1 C:\xampp\htdocs\myLPU-HIMS\codeigniter\system\View\View.php(214): include('C:\\xampp\\htdocs...')
#2 C:\xampp\htdocs\myLPU-HIMS\codeigniter\system\View\View.php(217): CodeIgniter\View\View->CodeIgniter\View\{closure}()
#3 C:\xampp\htdocs\myLPU-HIMS\codeigniter\system\Common.php(1092): CodeIgniter\View\View->render('components/prof...', Array, true)
#4 C:\xampp\htdocs\myLPU-HIMS\clinic\app\Controllers\Profile.php(52): view('components/prof...', Array)
#5 C:\xampp\htdocs\myLPU-HIMS\codeigniter\system\CodeIgniter.php(802): App\Controllers\Profile->index()
#6 C:\xampp\htdocs\myLPU-HIMS\codeigniter\system\CodeIgniter.php(399): CodeIgniter\CodeIgniter->runController(Object(App\Controllers\Profile))
#7 C:\xampp\htdocs\myLPU-HIMS\codeigniter\system\CodeIgniter.php(317): CodeIgniter\CodeIgniter->handleRequest(NULL, Object(Config\Cache), false)
#8 C:\xampp\htdocs\myLPU-HIMS\clinic\public\index.php(37): CodeIgniter\CodeIgniter->run()
#9 {main}
CRITICAL - 2021-09-28 21:42:31 --> Undefined array key "current_password"
#0 C:\xampp\htdocs\myLPU-HIMS\clinic\app\Views\components\profile.php(80): CodeIgniter\Debug\Exceptions->errorHandler(2, 'Undefined array...', 'C:\\xampp\\htdocs...', 80)
#1 C:\xampp\htdocs\myLPU-HIMS\codeigniter\system\View\View.php(214): include('C:\\xampp\\htdocs...')
#2 C:\xampp\htdocs\myLPU-HIMS\codeigniter\system\View\View.php(217): CodeIgniter\View\View->CodeIgniter\View\{closure}()
#3 C:\xampp\htdocs\myLPU-HIMS\codeigniter\system\Common.php(1092): CodeIgniter\View\View->render('components/prof...', Array, true)
#4 C:\xampp\htdocs\myLPU-HIMS\clinic\app\Controllers\Profile.php(52): view('components/prof...', Array)
#5 C:\xampp\htdocs\myLPU-HIMS\codeigniter\system\CodeIgniter.php(802): App\Controllers\Profile->index()
#6 C:\xampp\htdocs\myLPU-HIMS\codeigniter\system\CodeIgniter.php(399): CodeIgniter\CodeIgniter->runController(Object(App\Controllers\Profile))
#7 C:\xampp\htdocs\myLPU-HIMS\codeigniter\system\CodeIgniter.php(317): CodeIgniter\CodeIgniter->handleRequest(NULL, Object(Config\Cache), false)
#8 C:\xampp\htdocs\myLPU-HIMS\clinic\public\index.php(37): CodeIgniter\CodeIgniter->run()
#9 {main}
CRITICAL - 2021-09-28 21:44:02 --> Undefined array key "current_password"
#0 C:\xampp\htdocs\myLPU-HIMS\clinic\app\Views\change_password.php(45): CodeIgniter\Debug\Exceptions->errorHandler(2, 'Undefined array...', 'C:\\xampp\\htdocs...', 45)
#1 C:\xampp\htdocs\myLPU-HIMS\codeigniter\system\View\View.php(214): include('C:\\xampp\\htdocs...')
#2 C:\xampp\htdocs\myLPU-HIMS\codeigniter\system\View\View.php(217): CodeIgniter\View\View->CodeIgniter\View\{closure}()
#3 C:\xampp\htdocs\myLPU-HIMS\codeigniter\system\Common.php(1092): CodeIgniter\View\View->render('change_password', Array, true)
#4 C:\xampp\htdocs\myLPU-HIMS\clinic\app\Controllers\ChangePassword.php(43): view('change_password', Array)
#5 C:\xampp\htdocs\myLPU-HIMS\codeigniter\system\CodeIgniter.php(802): App\Controllers\ChangePassword->index()
#6 C:\xampp\htdocs\myLPU-HIMS\codeigniter\system\CodeIgniter.php(399): CodeIgniter\CodeIgniter->runController(Object(App\Controllers\ChangePassword))
#7 C:\xampp\htdocs\myLPU-HIMS\codeigniter\system\CodeIgniter.php(317): CodeIgniter\CodeIgniter->handleRequest(NULL, Object(Config\Cache), false)
#8 C:\xampp\htdocs\myLPU-HIMS\clinic\public\index.php(37): CodeIgniter\CodeIgniter->run()
#9 {main}
CRITICAL - 2021-09-28 21:56:58 --> Class "App\Filters\DefaultPassword" not found
#0 C:\xampp\htdocs\myLPU-HIMS\codeigniter\system\CodeIgniter.php(374): CodeIgniter\Filters\Filters->run('changepassword', 'before')
#1 C:\xampp\htdocs\myLPU-HIMS\codeigniter\system\CodeIgniter.php(317): CodeIgniter\CodeIgniter->handleRequest(NULL, Object(Config\Cache), false)
#2 C:\xampp\htdocs\myLPU-HIMS\clinic\public\index.php(37): CodeIgniter\CodeIgniter->run()
#3 {main}
CRITICAL - 2021-09-28 22:29:51 --> Trying to access array offset on value of type null
#0 C:\xampp\htdocs\myLPU-HIMS\clinic\app\Filters\LoggedIn.php(27): CodeIgniter\Debug\Exceptions->errorHandler(2, 'Trying to acces...', 'C:\\xampp\\htdocs...', 27)
#1 C:\xampp\htdocs\myLPU-HIMS\codeigniter\system\Filters\Filters.php(192): App\Filters\LoggedIn->after(Object(CodeIgniter\HTTP\IncomingRequest), Object(CodeIgniter\HTTP\Response), NULL)
#2 C:\xampp\htdocs\myLPU-HIMS\codeigniter\system\CodeIgniter.php(414): CodeIgniter\Filters\Filters->run('dashboard', 'after')
#3 C:\xampp\htdocs\myLPU-HIMS\codeigniter\system\CodeIgniter.php(317): CodeIgniter\CodeIgniter->handleRequest(NULL, Object(Config\Cache), false)
#4 C:\xampp\htdocs\myLPU-HIMS\clinic\public\index.php(37): CodeIgniter\CodeIgniter->run()
#5 {main}
CRITICAL - 2021-09-28 22:30:27 --> Trying to access array offset on value of type null
#0 C:\xampp\htdocs\myLPU-HIMS\clinic\app\Filters\LoggedIn.php(27): CodeIgniter\Debug\Exceptions->errorHandler(2, 'Trying to acces...', 'C:\\xampp\\htdocs...', 27)
#1 C:\xampp\htdocs\myLPU-HIMS\codeigniter\system\Filters\Filters.php(192): App\Filters\LoggedIn->after(Object(CodeIgniter\HTTP\IncomingRequest), Object(CodeIgniter\HTTP\Response), NULL)
#2 C:\xampp\htdocs\myLPU-HIMS\codeigniter\system\CodeIgniter.php(414): CodeIgniter\Filters\Filters->run('dashboard', 'after')
#3 C:\xampp\htdocs\myLPU-HIMS\codeigniter\system\CodeIgniter.php(317): CodeIgniter\CodeIgniter->handleRequest(NULL, Object(Config\Cache), false)
#4 C:\xampp\htdocs\myLPU-HIMS\clinic\public\index.php(37): CodeIgniter\CodeIgniter->run()
#5 {main}
CRITICAL - 2021-09-28 22:32:46 --> Trying to access array offset on value of type null
#0 C:\xampp\htdocs\myLPU-HIMS\clinic\app\Controllers\ChangePassword.php(43): CodeIgniter\Debug\Exceptions->errorHandler(2, 'Trying to acces...', 'C:\\xampp\\htdocs...', 43)
#1 C:\xampp\htdocs\myLPU-HIMS\codeigniter\system\CodeIgniter.php(802): App\Controllers\ChangePassword->index()
#2 C:\xampp\htdocs\myLPU-HIMS\codeigniter\system\CodeIgniter.php(399): CodeIgniter\CodeIgniter->runController(Object(App\Controllers\ChangePassword))
#3 C:\xampp\htdocs\myLPU-HIMS\codeigniter\system\CodeIgniter.php(317): CodeIgniter\CodeIgniter->handleRequest(NULL, Object(Config\Cache), false)
#4 C:\xampp\htdocs\myLPU-HIMS\clinic\public\index.php(37): CodeIgniter\CodeIgniter->run()
#5 {main}
