CRITICAL - 2021-11-17 19:41:41 --> Undefined variable $userModel
#0 C:\xampp\htdocs\myLPU-HIMS\lycean\app\Views\components\dashboard.php(142): CodeIgniter\Debug\Exceptions->errorHandler(2, 'Undefined varia...', 'C:\\xampp\\htdocs...', 142)
#1 C:\xampp\htdocs\myLPU-HIMS\codeigniter\system\View\View.php(214): include('C:\\xampp\\htdocs...')
#2 C:\xampp\htdocs\myLPU-HIMS\codeigniter\system\View\View.php(217): CodeIgniter\View\View->CodeIgniter\View\{closure}()
#3 C:\xampp\htdocs\myLPU-HIMS\codeigniter\system\Common.php(1092): CodeIgniter\View\View->render('components/dash...', Array, true)
#4 C:\xampp\htdocs\myLPU-HIMS\lycean\app\Controllers\Dashboard.php(28): view('components/dash...', Array)
#5 C:\xampp\htdocs\myLPU-HIMS\codeigniter\system\CodeIgniter.php(802): App\Controllers\Dashboard->index()
#6 C:\xampp\htdocs\myLPU-HIMS\codeigniter\system\CodeIgniter.php(399): CodeIgniter\CodeIgniter->runController(Object(App\Controllers\Dashboard))
#7 C:\xampp\htdocs\myLPU-HIMS\codeigniter\system\CodeIgniter.php(317): CodeIgniter\CodeIgniter->handleRequest(NULL, Object(Config\Cache), false)
#8 C:\xampp\htdocs\myLPU-HIMS\lycean\public\index.php(37): CodeIgniter\CodeIgniter->run()
#9 {main}
CRITICAL - 2021-11-17 19:42:06 --> Undefined variable $userModel
#0 C:\xampp\htdocs\myLPU-HIMS\lycean\app\Views\components\dashboard.php(142): CodeIgniter\Debug\Exceptions->errorHandler(2, 'Undefined varia...', 'C:\\xampp\\htdocs...', 142)
#1 C:\xampp\htdocs\myLPU-HIMS\codeigniter\system\View\View.php(214): include('C:\\xampp\\htdocs...')
#2 C:\xampp\htdocs\myLPU-HIMS\codeigniter\system\View\View.php(217): CodeIgniter\View\View->CodeIgniter\View\{closure}()
#3 C:\xampp\htdocs\myLPU-HIMS\codeigniter\system\Common.php(1092): CodeIgniter\View\View->render('components/dash...', Array, true)
#4 C:\xampp\htdocs\myLPU-HIMS\lycean\app\Controllers\Dashboard.php(28): view('components/dash...', Array)
#5 C:\xampp\htdocs\myLPU-HIMS\codeigniter\system\CodeIgniter.php(802): App\Controllers\Dashboard->index()
#6 C:\xampp\htdocs\myLPU-HIMS\codeigniter\system\CodeIgniter.php(399): CodeIgniter\CodeIgniter->runController(Object(App\Controllers\Dashboard))
#7 C:\xampp\htdocs\myLPU-HIMS\codeigniter\system\CodeIgniter.php(317): CodeIgniter\CodeIgniter->handleRequest(NULL, Object(Config\Cache), false)
#8 C:\xampp\htdocs\myLPU-HIMS\lycean\public\index.php(37): CodeIgniter\CodeIgniter->run()
#9 {main}
CRITICAL - 2021-11-17 19:48:36 --> Undefined property: CodeIgniter\View\View::$userAccountModel
#0 C:\xampp\htdocs\myLPU-HIMS\lycean\app\Views\components\dashboard.php(142): CodeIgniter\Debug\Exceptions->errorHandler(2, 'Undefined prope...', 'C:\\xampp\\htdocs...', 142)
#1 C:\xampp\htdocs\myLPU-HIMS\codeigniter\system\View\View.php(214): include('C:\\xampp\\htdocs...')
#2 C:\xampp\htdocs\myLPU-HIMS\codeigniter\system\View\View.php(217): CodeIgniter\View\View->CodeIgniter\View\{closure}()
#3 C:\xampp\htdocs\myLPU-HIMS\codeigniter\system\Common.php(1092): CodeIgniter\View\View->render('components/dash...', Array, true)
#4 C:\xampp\htdocs\myLPU-HIMS\lycean\app\Controllers\Dashboard.php(28): view('components/dash...', Array)
#5 C:\xampp\htdocs\myLPU-HIMS\codeigniter\system\CodeIgniter.php(802): App\Controllers\Dashboard->index()
#6 C:\xampp\htdocs\myLPU-HIMS\codeigniter\system\CodeIgniter.php(399): CodeIgniter\CodeIgniter->runController(Object(App\Controllers\Dashboard))
#7 C:\xampp\htdocs\myLPU-HIMS\codeigniter\system\CodeIgniter.php(317): CodeIgniter\CodeIgniter->handleRequest(NULL, Object(Config\Cache), false)
#8 C:\xampp\htdocs\myLPU-HIMS\lycean\public\index.php(37): CodeIgniter\CodeIgniter->run()
#9 {main}
CRITICAL - 2021-11-17 19:48:51 --> Undefined property: CodeIgniter\View\View::$userAccountModel
#0 C:\xampp\htdocs\myLPU-HIMS\lycean\app\Views\components\dashboard.php(142): CodeIgniter\Debug\Exceptions->errorHandler(2, 'Undefined prope...', 'C:\\xampp\\htdocs...', 142)
#1 C:\xampp\htdocs\myLPU-HIMS\codeigniter\system\View\View.php(214): include('C:\\xampp\\htdocs...')
#2 C:\xampp\htdocs\myLPU-HIMS\codeigniter\system\View\View.php(217): CodeIgniter\View\View->CodeIgniter\View\{closure}()
#3 C:\xampp\htdocs\myLPU-HIMS\codeigniter\system\Common.php(1092): CodeIgniter\View\View->render('components/dash...', Array, true)
#4 C:\xampp\htdocs\myLPU-HIMS\lycean\app\Controllers\Dashboard.php(28): view('components/dash...', Array)
#5 C:\xampp\htdocs\myLPU-HIMS\codeigniter\system\CodeIgniter.php(802): App\Controllers\Dashboard->index()
#6 C:\xampp\htdocs\myLPU-HIMS\codeigniter\system\CodeIgniter.php(399): CodeIgniter\CodeIgniter->runController(Object(App\Controllers\Dashboard))
#7 C:\xampp\htdocs\myLPU-HIMS\codeigniter\system\CodeIgniter.php(317): CodeIgniter\CodeIgniter->handleRequest(NULL, Object(Config\Cache), false)
#8 C:\xampp\htdocs\myLPU-HIMS\lycean\public\index.php(37): CodeIgniter\CodeIgniter->run()
#9 {main}
CRITICAL - 2021-11-17 19:48:52 --> Undefined property: CodeIgniter\View\View::$userAccountModel
#0 C:\xampp\htdocs\myLPU-HIMS\lycean\app\Views\components\dashboard.php(142): CodeIgniter\Debug\Exceptions->errorHandler(2, 'Undefined prope...', 'C:\\xampp\\htdocs...', 142)
#1 C:\xampp\htdocs\myLPU-HIMS\codeigniter\system\View\View.php(214): include('C:\\xampp\\htdocs...')
#2 C:\xampp\htdocs\myLPU-HIMS\codeigniter\system\View\View.php(217): CodeIgniter\View\View->CodeIgniter\View\{closure}()
#3 C:\xampp\htdocs\myLPU-HIMS\codeigniter\system\Common.php(1092): CodeIgniter\View\View->render('components/dash...', Array, true)
#4 C:\xampp\htdocs\myLPU-HIMS\lycean\app\Controllers\Dashboard.php(28): view('components/dash...', Array)
#5 C:\xampp\htdocs\myLPU-HIMS\codeigniter\system\CodeIgniter.php(802): App\Controllers\Dashboard->index()
#6 C:\xampp\htdocs\myLPU-HIMS\codeigniter\system\CodeIgniter.php(399): CodeIgniter\CodeIgniter->runController(Object(App\Controllers\Dashboard))
#7 C:\xampp\htdocs\myLPU-HIMS\codeigniter\system\CodeIgniter.php(317): CodeIgniter\CodeIgniter->handleRequest(NULL, Object(Config\Cache), false)
#8 C:\xampp\htdocs\myLPU-HIMS\lycean\public\index.php(37): CodeIgniter\CodeIgniter->run()
#9 {main}
CRITICAL - 2021-11-17 19:48:53 --> Undefined property: CodeIgniter\View\View::$userAccountModel
#0 C:\xampp\htdocs\myLPU-HIMS\lycean\app\Views\components\dashboard.php(142): CodeIgniter\Debug\Exceptions->errorHandler(2, 'Undefined prope...', 'C:\\xampp\\htdocs...', 142)
#1 C:\xampp\htdocs\myLPU-HIMS\codeigniter\system\View\View.php(214): include('C:\\xampp\\htdocs...')
#2 C:\xampp\htdocs\myLPU-HIMS\codeigniter\system\View\View.php(217): CodeIgniter\View\View->CodeIgniter\View\{closure}()
#3 C:\xampp\htdocs\myLPU-HIMS\codeigniter\system\Common.php(1092): CodeIgniter\View\View->render('components/dash...', Array, true)
#4 C:\xampp\htdocs\myLPU-HIMS\lycean\app\Controllers\Dashboard.php(28): view('components/dash...', Array)
#5 C:\xampp\htdocs\myLPU-HIMS\codeigniter\system\CodeIgniter.php(802): App\Controllers\Dashboard->index()
#6 C:\xampp\htdocs\myLPU-HIMS\codeigniter\system\CodeIgniter.php(399): CodeIgniter\CodeIgniter->runController(Object(App\Controllers\Dashboard))
#7 C:\xampp\htdocs\myLPU-HIMS\codeigniter\system\CodeIgniter.php(317): CodeIgniter\CodeIgniter->handleRequest(NULL, Object(Config\Cache), false)
#8 C:\xampp\htdocs\myLPU-HIMS\lycean\public\index.php(37): CodeIgniter\CodeIgniter->run()
#9 {main}
CRITICAL - 2021-11-17 19:48:54 --> Undefined property: CodeIgniter\View\View::$userAccountModel
#0 C:\xampp\htdocs\myLPU-HIMS\lycean\app\Views\components\dashboard.php(142): CodeIgniter\Debug\Exceptions->errorHandler(2, 'Undefined prope...', 'C:\\xampp\\htdocs...', 142)
#1 C:\xampp\htdocs\myLPU-HIMS\codeigniter\system\View\View.php(214): include('C:\\xampp\\htdocs...')
#2 C:\xampp\htdocs\myLPU-HIMS\codeigniter\system\View\View.php(217): CodeIgniter\View\View->CodeIgniter\View\{closure}()
#3 C:\xampp\htdocs\myLPU-HIMS\codeigniter\system\Common.php(1092): CodeIgniter\View\View->render('components/dash...', Array, true)
#4 C:\xampp\htdocs\myLPU-HIMS\lycean\app\Controllers\Dashboard.php(28): view('components/dash...', Array)
#5 C:\xampp\htdocs\myLPU-HIMS\codeigniter\system\CodeIgniter.php(802): App\Controllers\Dashboard->index()
#6 C:\xampp\htdocs\myLPU-HIMS\codeigniter\system\CodeIgniter.php(399): CodeIgniter\CodeIgniter->runController(Object(App\Controllers\Dashboard))
#7 C:\xampp\htdocs\myLPU-HIMS\codeigniter\system\CodeIgniter.php(317): CodeIgniter\CodeIgniter->handleRequest(NULL, Object(Config\Cache), false)
#8 C:\xampp\htdocs\myLPU-HIMS\lycean\public\index.php(37): CodeIgniter\CodeIgniter->run()
#9 {main}
CRITICAL - 2021-11-17 19:48:56 --> Undefined property: CodeIgniter\View\View::$userAccountModel
#0 C:\xampp\htdocs\myLPU-HIMS\lycean\app\Views\components\dashboard.php(142): CodeIgniter\Debug\Exceptions->errorHandler(2, 'Undefined prope...', 'C:\\xampp\\htdocs...', 142)
#1 C:\xampp\htdocs\myLPU-HIMS\codeigniter\system\View\View.php(214): include('C:\\xampp\\htdocs...')
#2 C:\xampp\htdocs\myLPU-HIMS\codeigniter\system\View\View.php(217): CodeIgniter\View\View->CodeIgniter\View\{closure}()
#3 C:\xampp\htdocs\myLPU-HIMS\codeigniter\system\Common.php(1092): CodeIgniter\View\View->render('components/dash...', Array, true)
#4 C:\xampp\htdocs\myLPU-HIMS\lycean\app\Controllers\Dashboard.php(28): view('components/dash...', Array)
#5 C:\xampp\htdocs\myLPU-HIMS\codeigniter\system\CodeIgniter.php(802): App\Controllers\Dashboard->index()
#6 C:\xampp\htdocs\myLPU-HIMS\codeigniter\system\CodeIgniter.php(399): CodeIgniter\CodeIgniter->runController(Object(App\Controllers\Dashboard))
#7 C:\xampp\htdocs\myLPU-HIMS\codeigniter\system\CodeIgniter.php(317): CodeIgniter\CodeIgniter->handleRequest(NULL, Object(Config\Cache), false)
#8 C:\xampp\htdocs\myLPU-HIMS\lycean\public\index.php(37): CodeIgniter\CodeIgniter->run()
#9 {main}
