CRITICAL - 2021-11-23 00:29:03 --> Call to undefined function App\Controllers\siteurl()
#0 C:\xampp\htdocs\myLPU-HIMS\codeigniter\system\CodeIgniter.php(802): App\Controllers\Consultation->fetchPendingConsultation()
#1 C:\xampp\htdocs\myLPU-HIMS\codeigniter\system\CodeIgniter.php(399): CodeIgniter\CodeIgniter->runController(Object(App\Controllers\Consultation))
#2 C:\xampp\htdocs\myLPU-HIMS\codeigniter\system\CodeIgniter.php(317): CodeIgniter\CodeIgniter->handleRequest(NULL, Object(Config\Cache), false)
#3 C:\xampp\htdocs\myLPU-HIMS\lycean\public\index.php(37): CodeIgniter\CodeIgniter->run()
#4 {main}
CRITICAL - 2021-11-23 00:29:05 --> Call to undefined function App\Controllers\siteurl()
#0 C:\xampp\htdocs\myLPU-HIMS\codeigniter\system\CodeIgniter.php(802): App\Controllers\Consultation->fetchPendingConsultation()
#1 C:\xampp\htdocs\myLPU-HIMS\codeigniter\system\CodeIgniter.php(399): CodeIgniter\CodeIgniter->runController(Object(App\Controllers\Consultation))
#2 C:\xampp\htdocs\myLPU-HIMS\codeigniter\system\CodeIgniter.php(317): CodeIgniter\CodeIgniter->handleRequest(NULL, Object(Config\Cache), false)
#3 C:\xampp\htdocs\myLPU-HIMS\lycean\public\index.php(37): CodeIgniter\CodeIgniter->run()
#4 {main}
CRITICAL - 2021-11-23 00:29:34 --> Call to undefined function App\Controllers\siteurl()
#0 C:\xampp\htdocs\myLPU-HIMS\codeigniter\system\CodeIgniter.php(802): App\Controllers\Consultation->fetchPendingConsultation()
#1 C:\xampp\htdocs\myLPU-HIMS\codeigniter\system\CodeIgniter.php(399): CodeIgniter\CodeIgniter->runController(Object(App\Controllers\Consultation))
#2 C:\xampp\htdocs\myLPU-HIMS\codeigniter\system\CodeIgniter.php(317): CodeIgniter\CodeIgniter->handleRequest(NULL, Object(Config\Cache), false)
#3 C:\xampp\htdocs\myLPU-HIMS\lycean\public\index.php(37): CodeIgniter\CodeIgniter->run()
#4 {main}
ERROR - 2021-11-23 16:28:24 --> Error connecting to the database: MySQL server has gone away
CRITICAL - 2021-11-23 16:28:24 --> Unable to connect to the database.
Main connection [MySQLi]: MySQL server has gone away
#0 C:\xampp\htdocs\myLPU-HIMS\codeigniter\system\Database\BaseConnection.php(570): CodeIgniter\Database\BaseConnection->initialize()
#1 C:\xampp\htdocs\myLPU-HIMS\codeigniter\system\Database\BaseBuilder.php(1428): CodeIgniter\Database\BaseConnection->query('SELECT *\nFROM `...', Array, false)
#2 C:\xampp\htdocs\myLPU-HIMS\codeigniter\system\Model.php(210): CodeIgniter\Database\BaseBuilder->get()
#3 C:\xampp\htdocs\myLPU-HIMS\codeigniter\system\BaseModel.php(622): CodeIgniter\Model->doFirst()
#4 C:\xampp\htdocs\myLPU-HIMS\lycean\app\Helpers\useraccount_helper.php(39): CodeIgniter\BaseModel->first()
#5 C:\xampp\htdocs\myLPU-HIMS\lycean\app\Controllers\Notifications.php(102): getIdNo()
#6 C:\xampp\htdocs\myLPU-HIMS\codeigniter\system\CodeIgniter.php(802): App\Controllers\Notifications->setScheduleNotification()
#7 C:\xampp\htdocs\myLPU-HIMS\codeigniter\system\CodeIgniter.php(399): CodeIgniter\CodeIgniter->runController(Object(App\Controllers\Notifications))
#8 C:\xampp\htdocs\myLPU-HIMS\codeigniter\system\CodeIgniter.php(317): CodeIgniter\CodeIgniter->handleRequest(NULL, Object(Config\Cache), false)
#9 C:\xampp\htdocs\myLPU-HIMS\lycean\public\index.php(37): CodeIgniter\CodeIgniter->run()
#10 {main}
ERROR - 2021-11-23 16:28:24 --> Error connecting to the database: MySQL server has gone away
CRITICAL - 2021-11-23 16:28:24 --> Unable to connect to the database.
Main connection [MySQLi]: MySQL server has gone away
#0 C:\xampp\htdocs\myLPU-HIMS\codeigniter\system\Database\BaseConnection.php(570): CodeIgniter\Database\BaseConnection->initialize()
#1 C:\xampp\htdocs\myLPU-HIMS\codeigniter\system\Database\BaseBuilder.php(1428): CodeIgniter\Database\BaseConnection->query('SELECT *\nFROM `...', Array, false)
#2 C:\xampp\htdocs\myLPU-HIMS\codeigniter\system\Model.php(183): CodeIgniter\Database\BaseBuilder->get()
#3 C:\xampp\htdocs\myLPU-HIMS\codeigniter\system\BaseModel.php(584): CodeIgniter\Model->doFindAll(0, 0)
#4 C:\xampp\htdocs\myLPU-HIMS\lycean\app\Controllers\Notifications.php(21): CodeIgniter\BaseModel->findAll()
#5 C:\xampp\htdocs\myLPU-HIMS\codeigniter\system\CodeIgniter.php(802): App\Controllers\Notifications->fetchAllNotifications('2018-2-02181')
#6 C:\xampp\htdocs\myLPU-HIMS\codeigniter\system\CodeIgniter.php(399): CodeIgniter\CodeIgniter->runController(Object(App\Controllers\Notifications))
#7 C:\xampp\htdocs\myLPU-HIMS\codeigniter\system\CodeIgniter.php(317): CodeIgniter\CodeIgniter->handleRequest(NULL, Object(Config\Cache), false)
#8 C:\xampp\htdocs\myLPU-HIMS\lycean\public\index.php(37): CodeIgniter\CodeIgniter->run()
#9 {main}
CRITICAL - 2021-11-23 21:37:41 --> syntax error, unexpected variable "$data"
#0 C:\xampp\htdocs\myLPU-HIMS\codeigniter\system\Router\Router.php(160): CodeIgniter\Router\Router->autoRoute('consultation/fe...')
#1 C:\xampp\htdocs\myLPU-HIMS\codeigniter\system\CodeIgniter.php(702): CodeIgniter\Router\Router->handle('consultation/fe...')
#2 C:\xampp\htdocs\myLPU-HIMS\codeigniter\system\CodeIgniter.php(358): CodeIgniter\CodeIgniter->tryToRouteIt(Object(CodeIgniter\Router\RouteCollection))
#3 C:\xampp\htdocs\myLPU-HIMS\codeigniter\system\CodeIgniter.php(317): CodeIgniter\CodeIgniter->handleRequest(NULL, Object(Config\Cache), false)
#4 C:\xampp\htdocs\myLPU-HIMS\lycean\public\index.php(37): CodeIgniter\CodeIgniter->run()
#5 {main}
CRITICAL - 2021-11-23 21:37:41 --> syntax error, unexpected variable "$data"
#0 C:\xampp\htdocs\myLPU-HIMS\codeigniter\system\Router\Router.php(160): CodeIgniter\Router\Router->autoRoute('consultation/fe...')
#1 C:\xampp\htdocs\myLPU-HIMS\codeigniter\system\CodeIgniter.php(702): CodeIgniter\Router\Router->handle('consultation/fe...')
#2 C:\xampp\htdocs\myLPU-HIMS\codeigniter\system\CodeIgniter.php(358): CodeIgniter\CodeIgniter->tryToRouteIt(Object(CodeIgniter\Router\RouteCollection))
#3 C:\xampp\htdocs\myLPU-HIMS\codeigniter\system\CodeIgniter.php(317): CodeIgniter\CodeIgniter->handleRequest(NULL, Object(Config\Cache), false)
#4 C:\xampp\htdocs\myLPU-HIMS\lycean\public\index.php(37): CodeIgniter\CodeIgniter->run()
#5 {main}
CRITICAL - 2021-11-23 21:37:41 --> syntax error, unexpected variable "$data"
#0 C:\xampp\htdocs\myLPU-HIMS\codeigniter\system\Router\Router.php(160): CodeIgniter\Router\Router->autoRoute('consultation/fe...')
#1 C:\xampp\htdocs\myLPU-HIMS\codeigniter\system\CodeIgniter.php(702): CodeIgniter\Router\Router->handle('consultation/fe...')
#2 C:\xampp\htdocs\myLPU-HIMS\codeigniter\system\CodeIgniter.php(358): CodeIgniter\CodeIgniter->tryToRouteIt(Object(CodeIgniter\Router\RouteCollection))
#3 C:\xampp\htdocs\myLPU-HIMS\codeigniter\system\CodeIgniter.php(317): CodeIgniter\CodeIgniter->handleRequest(NULL, Object(Config\Cache), false)
#4 C:\xampp\htdocs\myLPU-HIMS\lycean\public\index.php(37): CodeIgniter\CodeIgniter->run()
#5 {main}
CRITICAL - 2021-11-23 21:37:41 --> syntax error, unexpected variable "$data"
#0 C:\xampp\htdocs\myLPU-HIMS\codeigniter\system\Router\Router.php(160): CodeIgniter\Router\Router->autoRoute('consultation/fe...')
#1 C:\xampp\htdocs\myLPU-HIMS\codeigniter\system\CodeIgniter.php(702): CodeIgniter\Router\Router->handle('consultation/fe...')
#2 C:\xampp\htdocs\myLPU-HIMS\codeigniter\system\CodeIgniter.php(358): CodeIgniter\CodeIgniter->tryToRouteIt(Object(CodeIgniter\Router\RouteCollection))
#3 C:\xampp\htdocs\myLPU-HIMS\codeigniter\system\CodeIgniter.php(317): CodeIgniter\CodeIgniter->handleRequest(NULL, Object(Config\Cache), false)
#4 C:\xampp\htdocs\myLPU-HIMS\lycean\public\index.php(37): CodeIgniter\CodeIgniter->run()
#5 {main}
CRITICAL - 2021-11-23 21:37:41 --> syntax error, unexpected variable "$data"
#0 C:\xampp\htdocs\myLPU-HIMS\codeigniter\system\Router\Router.php(160): CodeIgniter\Router\Router->autoRoute('consultation/fe...')
#1 C:\xampp\htdocs\myLPU-HIMS\codeigniter\system\CodeIgniter.php(702): CodeIgniter\Router\Router->handle('consultation/fe...')
#2 C:\xampp\htdocs\myLPU-HIMS\codeigniter\system\CodeIgniter.php(358): CodeIgniter\CodeIgniter->tryToRouteIt(Object(CodeIgniter\Router\RouteCollection))
#3 C:\xampp\htdocs\myLPU-HIMS\codeigniter\system\CodeIgniter.php(317): CodeIgniter\CodeIgniter->handleRequest(NULL, Object(Config\Cache), false)
#4 C:\xampp\htdocs\myLPU-HIMS\lycean\public\index.php(37): CodeIgniter\CodeIgniter->run()
#5 {main}
CRITICAL - 2021-11-23 21:37:41 --> syntax error, unexpected variable "$data"
#0 C:\xampp\htdocs\myLPU-HIMS\codeigniter\system\Router\Router.php(160): CodeIgniter\Router\Router->autoRoute('consultation/fe...')
#1 C:\xampp\htdocs\myLPU-HIMS\codeigniter\system\CodeIgniter.php(702): CodeIgniter\Router\Router->handle('consultation/fe...')
#2 C:\xampp\htdocs\myLPU-HIMS\codeigniter\system\CodeIgniter.php(358): CodeIgniter\CodeIgniter->tryToRouteIt(Object(CodeIgniter\Router\RouteCollection))
#3 C:\xampp\htdocs\myLPU-HIMS\codeigniter\system\CodeIgniter.php(317): CodeIgniter\CodeIgniter->handleRequest(NULL, Object(Config\Cache), false)
#4 C:\xampp\htdocs\myLPU-HIMS\lycean\public\index.php(37): CodeIgniter\CodeIgniter->run()
#5 {main}
CRITICAL - 2021-11-23 21:37:41 --> syntax error, unexpected variable "$data"
#0 C:\xampp\htdocs\myLPU-HIMS\codeigniter\system\Router\Router.php(160): CodeIgniter\Router\Router->autoRoute('consultation')
#1 C:\xampp\htdocs\myLPU-HIMS\codeigniter\system\CodeIgniter.php(702): CodeIgniter\Router\Router->handle('consultation')
#2 C:\xampp\htdocs\myLPU-HIMS\codeigniter\system\CodeIgniter.php(358): CodeIgniter\CodeIgniter->tryToRouteIt(Object(CodeIgniter\Router\RouteCollection))
#3 C:\xampp\htdocs\myLPU-HIMS\codeigniter\system\CodeIgniter.php(317): CodeIgniter\CodeIgniter->handleRequest(NULL, Object(Config\Cache), false)
#4 C:\xampp\htdocs\myLPU-HIMS\lycean\public\index.php(37): CodeIgniter\CodeIgniter->run()
#5 {main}
CRITICAL - 2021-11-23 23:06:44 --> Undefined property: App\Controllers\Consultation::$consulttionModel
#0 C:\xampp\htdocs\myLPU-HIMS\lycean\app\Controllers\Consultation.php(347): CodeIgniter\Debug\Exceptions->errorHandler(2, 'Undefined prope...', 'C:\\xampp\\htdocs...', 347)
#1 C:\xampp\htdocs\myLPU-HIMS\codeigniter\system\CodeIgniter.php(802): App\Controllers\Consultation->cancelRequest('0dvSYwUmbenhl5C...')
#2 C:\xampp\htdocs\myLPU-HIMS\codeigniter\system\CodeIgniter.php(399): CodeIgniter\CodeIgniter->runController(Object(App\Controllers\Consultation))
#3 C:\xampp\htdocs\myLPU-HIMS\codeigniter\system\CodeIgniter.php(317): CodeIgniter\CodeIgniter->handleRequest(NULL, Object(Config\Cache), false)
#4 C:\xampp\htdocs\myLPU-HIMS\lycean\public\index.php(37): CodeIgniter\CodeIgniter->run()
#5 {main}
CRITICAL - 2021-11-23 23:07:36 --> Undefined property: App\Controllers\Consultation::$consulttionModel
#0 C:\xampp\htdocs\myLPU-HIMS\lycean\app\Controllers\Consultation.php(347): CodeIgniter\Debug\Exceptions->errorHandler(2, 'Undefined prope...', 'C:\\xampp\\htdocs...', 347)
#1 C:\xampp\htdocs\myLPU-HIMS\codeigniter\system\CodeIgniter.php(802): App\Controllers\Consultation->cancelRequest('0dvSYwUmbenh')
#2 C:\xampp\htdocs\myLPU-HIMS\codeigniter\system\CodeIgniter.php(399): CodeIgniter\CodeIgniter->runController(Object(App\Controllers\Consultation))
#3 C:\xampp\htdocs\myLPU-HIMS\codeigniter\system\CodeIgniter.php(317): CodeIgniter\CodeIgniter->handleRequest(NULL, Object(Config\Cache), false)
#4 C:\xampp\htdocs\myLPU-HIMS\lycean\public\index.php(37): CodeIgniter\CodeIgniter->run()
#5 {main}
CRITICAL - 2021-11-23 23:07:56 --> Undefined variable $data
#0 C:\xampp\htdocs\myLPU-HIMS\lycean\app\Controllers\Consultation.php(352): CodeIgniter\Debug\Exceptions->errorHandler(2, 'Undefined varia...', 'C:\\xampp\\htdocs...', 352)
#1 C:\xampp\htdocs\myLPU-HIMS\codeigniter\system\CodeIgniter.php(802): App\Controllers\Consultation->cancelRequest('0dvSYwUmbenhl5C...')
#2 C:\xampp\htdocs\myLPU-HIMS\codeigniter\system\CodeIgniter.php(399): CodeIgniter\CodeIgniter->runController(Object(App\Controllers\Consultation))
#3 C:\xampp\htdocs\myLPU-HIMS\codeigniter\system\CodeIgniter.php(317): CodeIgniter\CodeIgniter->handleRequest(NULL, Object(Config\Cache), false)
#4 C:\xampp\htdocs\myLPU-HIMS\lycean\public\index.php(37): CodeIgniter\CodeIgniter->run()
#5 {main}
CRITICAL - 2021-11-23 23:08:38 --> Undefined variable $data
#0 C:\xampp\htdocs\myLPU-HIMS\lycean\app\Controllers\Consultation.php(352): CodeIgniter\Debug\Exceptions->errorHandler(2, 'Undefined varia...', 'C:\\xampp\\htdocs...', 352)
#1 C:\xampp\htdocs\myLPU-HIMS\codeigniter\system\CodeIgniter.php(802): App\Controllers\Consultation->cancelRequest('0dvSYwUmbenh')
#2 C:\xampp\htdocs\myLPU-HIMS\codeigniter\system\CodeIgniter.php(399): CodeIgniter\CodeIgniter->runController(Object(App\Controllers\Consultation))
#3 C:\xampp\htdocs\myLPU-HIMS\codeigniter\system\CodeIgniter.php(317): CodeIgniter\CodeIgniter->handleRequest(NULL, Object(Config\Cache), false)
#4 C:\xampp\htdocs\myLPU-HIMS\lycean\public\index.php(37): CodeIgniter\CodeIgniter->run()
#5 {main}
CRITICAL - 2021-11-23 23:09:09 --> Undefined property: App\Controllers\Consultation::$consultationModel
#0 C:\xampp\htdocs\myLPU-HIMS\lycean\app\Controllers\Consultation.php(347): CodeIgniter\Debug\Exceptions->errorHandler(2, 'Undefined prope...', 'C:\\xampp\\htdocs...', 347)
#1 C:\xampp\htdocs\myLPU-HIMS\codeigniter\system\CodeIgniter.php(802): App\Controllers\Consultation->cancelRequest('0dvSYwUmbenh')
#2 C:\xampp\htdocs\myLPU-HIMS\codeigniter\system\CodeIgniter.php(399): CodeIgniter\CodeIgniter->runController(Object(App\Controllers\Consultation))
#3 C:\xampp\htdocs\myLPU-HIMS\codeigniter\system\CodeIgniter.php(317): CodeIgniter\CodeIgniter->handleRequest(NULL, Object(Config\Cache), false)
#4 C:\xampp\htdocs\myLPU-HIMS\lycean\public\index.php(37): CodeIgniter\CodeIgniter->run()
#5 {main}
CRITICAL - 2021-11-23 23:09:26 --> Trying to access array offset on value of type null
#0 C:\xampp\htdocs\myLPU-HIMS\lycean\app\Controllers\Consultation.php(381): CodeIgniter\Debug\Exceptions->errorHandler(2, 'Trying to acces...', 'C:\\xampp\\htdocs...', 381)
#1 C:\xampp\htdocs\myLPU-HIMS\lycean\app\Controllers\Consultation.php(354): App\Controllers\Consultation->setNotification(NULL, 'cancelled')
#2 C:\xampp\htdocs\myLPU-HIMS\codeigniter\system\CodeIgniter.php(802): App\Controllers\Consultation->cancelRequest('0dvSYwUmbenh')
#3 C:\xampp\htdocs\myLPU-HIMS\codeigniter\system\CodeIgniter.php(399): CodeIgniter\CodeIgniter->runController(Object(App\Controllers\Consultation))
#4 C:\xampp\htdocs\myLPU-HIMS\codeigniter\system\CodeIgniter.php(317): CodeIgniter\CodeIgniter->handleRequest(NULL, Object(Config\Cache), false)
#5 C:\xampp\htdocs\myLPU-HIMS\lycean\public\index.php(37): CodeIgniter\CodeIgniter->run()
#6 {main}
CRITICAL - 2021-11-23 23:12:05 --> Trying to access array offset on value of type null
#0 C:\xampp\htdocs\myLPU-HIMS\lycean\app\Controllers\Consultation.php(381): CodeIgniter\Debug\Exceptions->errorHandler(2, 'Trying to acces...', 'C:\\xampp\\htdocs...', 381)
#1 C:\xampp\htdocs\myLPU-HIMS\lycean\app\Controllers\Consultation.php(354): App\Controllers\Consultation->setNotification(NULL, 'cancelled')
#2 C:\xampp\htdocs\myLPU-HIMS\codeigniter\system\CodeIgniter.php(802): App\Controllers\Consultation->cancelRequest('0dvSYwUmbenh')
#3 C:\xampp\htdocs\myLPU-HIMS\codeigniter\system\CodeIgniter.php(399): CodeIgniter\CodeIgniter->runController(Object(App\Controllers\Consultation))
#4 C:\xampp\htdocs\myLPU-HIMS\codeigniter\system\CodeIgniter.php(317): CodeIgniter\CodeIgniter->handleRequest(NULL, Object(Config\Cache), false)
#5 C:\xampp\htdocs\myLPU-HIMS\lycean\public\index.php(37): CodeIgniter\CodeIgniter->run()
#6 {main}
CRITICAL - 2021-11-23 23:33:50 --> syntax error, unexpected token "}"
#0 C:\xampp\htdocs\myLPU-HIMS\codeigniter\system\Autoloader\Autoloader.php(241): CodeIgniter\Autoloader\Autoloader->includeFile('C:\\xampp\\htdocs...')
#1 C:\xampp\htdocs\myLPU-HIMS\codeigniter\system\Autoloader\Autoloader.php(219): CodeIgniter\Autoloader\Autoloader->loadInNamespace('App\\Controllers...')
#2 C:\xampp\htdocs\myLPU-HIMS\lycean\app\Controllers\Notifications.php(7): CodeIgniter\Autoloader\Autoloader->loadClass('App\\Controllers...')
#3 C:\xampp\htdocs\myLPU-HIMS\codeigniter\system\Router\Router.php(491): include_once('C:\\xampp\\htdocs...')
#4 C:\xampp\htdocs\myLPU-HIMS\codeigniter\system\Router\Router.php(160): CodeIgniter\Router\Router->autoRoute('notifications/f...')
#5 C:\xampp\htdocs\myLPU-HIMS\codeigniter\system\CodeIgniter.php(702): CodeIgniter\Router\Router->handle('notifications/f...')
#6 C:\xampp\htdocs\myLPU-HIMS\codeigniter\system\CodeIgniter.php(358): CodeIgniter\CodeIgniter->tryToRouteIt(Object(CodeIgniter\Router\RouteCollection))
#7 C:\xampp\htdocs\myLPU-HIMS\codeigniter\system\CodeIgniter.php(317): CodeIgniter\CodeIgniter->handleRequest(NULL, Object(Config\Cache), false)
#8 C:\xampp\htdocs\myLPU-HIMS\lycean\public\index.php(37): CodeIgniter\CodeIgniter->run()
#9 {main}
CRITICAL - 2021-11-23 23:33:50 --> syntax error, unexpected token "}"
#0 C:\xampp\htdocs\myLPU-HIMS\codeigniter\system\Autoloader\Autoloader.php(241): CodeIgniter\Autoloader\Autoloader->includeFile('C:\\xampp\\htdocs...')
#1 C:\xampp\htdocs\myLPU-HIMS\codeigniter\system\Autoloader\Autoloader.php(219): CodeIgniter\Autoloader\Autoloader->loadInNamespace('App\\Controllers...')
#2 C:\xampp\htdocs\myLPU-HIMS\lycean\app\Controllers\Notifications.php(7): CodeIgniter\Autoloader\Autoloader->loadClass('App\\Controllers...')
#3 C:\xampp\htdocs\myLPU-HIMS\codeigniter\system\Router\Router.php(491): include_once('C:\\xampp\\htdocs...')
#4 C:\xampp\htdocs\myLPU-HIMS\codeigniter\system\Router\Router.php(160): CodeIgniter\Router\Router->autoRoute('notifications/s...')
#5 C:\xampp\htdocs\myLPU-HIMS\codeigniter\system\CodeIgniter.php(702): CodeIgniter\Router\Router->handle('notifications/s...')
#6 C:\xampp\htdocs\myLPU-HIMS\codeigniter\system\CodeIgniter.php(358): CodeIgniter\CodeIgniter->tryToRouteIt(Object(CodeIgniter\Router\RouteCollection))
#7 C:\xampp\htdocs\myLPU-HIMS\codeigniter\system\CodeIgniter.php(317): CodeIgniter\CodeIgniter->handleRequest(NULL, Object(Config\Cache), false)
#8 C:\xampp\htdocs\myLPU-HIMS\lycean\public\index.php(37): CodeIgniter\CodeIgniter->run()
#9 {main}
CRITICAL - 2021-11-23 23:33:51 --> syntax error, unexpected token "}"
#0 C:\xampp\htdocs\myLPU-HIMS\codeigniter\system\Autoloader\Autoloader.php(241): CodeIgniter\Autoloader\Autoloader->includeFile('C:\\xampp\\htdocs...')
#1 C:\xampp\htdocs\myLPU-HIMS\codeigniter\system\Autoloader\Autoloader.php(219): CodeIgniter\Autoloader\Autoloader->loadInNamespace('App\\Controllers...')
#2 C:\xampp\htdocs\myLPU-HIMS\lycean\app\Controllers\Notifications.php(7): CodeIgniter\Autoloader\Autoloader->loadClass('App\\Controllers...')
#3 C:\xampp\htdocs\myLPU-HIMS\codeigniter\system\Router\Router.php(491): include_once('C:\\xampp\\htdocs...')
#4 C:\xampp\htdocs\myLPU-HIMS\codeigniter\system\Router\Router.php(160): CodeIgniter\Router\Router->autoRoute('notifications/f...')
#5 C:\xampp\htdocs\myLPU-HIMS\codeigniter\system\CodeIgniter.php(702): CodeIgniter\Router\Router->handle('notifications/f...')
#6 C:\xampp\htdocs\myLPU-HIMS\codeigniter\system\CodeIgniter.php(358): CodeIgniter\CodeIgniter->tryToRouteIt(Object(CodeIgniter\Router\RouteCollection))
#7 C:\xampp\htdocs\myLPU-HIMS\codeigniter\system\CodeIgniter.php(317): CodeIgniter\CodeIgniter->handleRequest(NULL, Object(Config\Cache), false)
#8 C:\xampp\htdocs\myLPU-HIMS\lycean\public\index.php(37): CodeIgniter\CodeIgniter->run()
#9 {main}
CRITICAL - 2021-11-23 23:33:51 --> syntax error, unexpected token "}"
#0 C:\xampp\htdocs\myLPU-HIMS\codeigniter\system\Autoloader\Autoloader.php(241): CodeIgniter\Autoloader\Autoloader->includeFile('C:\\xampp\\htdocs...')
#1 C:\xampp\htdocs\myLPU-HIMS\codeigniter\system\Autoloader\Autoloader.php(219): CodeIgniter\Autoloader\Autoloader->loadInNamespace('App\\Controllers...')
#2 C:\xampp\htdocs\myLPU-HIMS\lycean\app\Controllers\Consultation.php(7): CodeIgniter\Autoloader\Autoloader->loadClass('App\\Controllers...')
#3 C:\xampp\htdocs\myLPU-HIMS\codeigniter\system\Router\Router.php(491): include_once('C:\\xampp\\htdocs...')
#4 C:\xampp\htdocs\myLPU-HIMS\codeigniter\system\Router\Router.php(160): CodeIgniter\Router\Router->autoRoute('consultation/fe...')
#5 C:\xampp\htdocs\myLPU-HIMS\codeigniter\system\CodeIgniter.php(702): CodeIgniter\Router\Router->handle('consultation/fe...')
#6 C:\xampp\htdocs\myLPU-HIMS\codeigniter\system\CodeIgniter.php(358): CodeIgniter\CodeIgniter->tryToRouteIt(Object(CodeIgniter\Router\RouteCollection))
#7 C:\xampp\htdocs\myLPU-HIMS\codeigniter\system\CodeIgniter.php(317): CodeIgniter\CodeIgniter->handleRequest(NULL, Object(Config\Cache), false)
#8 C:\xampp\htdocs\myLPU-HIMS\lycean\public\index.php(37): CodeIgniter\CodeIgniter->run()
#9 {main}
CRITICAL - 2021-11-23 23:33:51 --> syntax error, unexpected token "}"
#0 C:\xampp\htdocs\myLPU-HIMS\codeigniter\system\Autoloader\Autoloader.php(241): CodeIgniter\Autoloader\Autoloader->includeFile('C:\\xampp\\htdocs...')
#1 C:\xampp\htdocs\myLPU-HIMS\codeigniter\system\Autoloader\Autoloader.php(219): CodeIgniter\Autoloader\Autoloader->loadInNamespace('App\\Controllers...')
#2 C:\xampp\htdocs\myLPU-HIMS\lycean\app\Controllers\Consultation.php(7): CodeIgniter\Autoloader\Autoloader->loadClass('App\\Controllers...')
#3 C:\xampp\htdocs\myLPU-HIMS\codeigniter\system\Router\Router.php(491): include_once('C:\\xampp\\htdocs...')
#4 C:\xampp\htdocs\myLPU-HIMS\codeigniter\system\Router\Router.php(160): CodeIgniter\Router\Router->autoRoute('consultation/fe...')
#5 C:\xampp\htdocs\myLPU-HIMS\codeigniter\system\CodeIgniter.php(702): CodeIgniter\Router\Router->handle('consultation/fe...')
#6 C:\xampp\htdocs\myLPU-HIMS\codeigniter\system\CodeIgniter.php(358): CodeIgniter\CodeIgniter->tryToRouteIt(Object(CodeIgniter\Router\RouteCollection))
#7 C:\xampp\htdocs\myLPU-HIMS\codeigniter\system\CodeIgniter.php(317): CodeIgniter\CodeIgniter->handleRequest(NULL, Object(Config\Cache), false)
#8 C:\xampp\htdocs\myLPU-HIMS\lycean\public\index.php(37): CodeIgniter\CodeIgniter->run()
#9 {main}
CRITICAL - 2021-11-23 23:33:51 --> syntax error, unexpected token "}"
#0 C:\xampp\htdocs\myLPU-HIMS\codeigniter\system\Autoloader\Autoloader.php(241): CodeIgniter\Autoloader\Autoloader->includeFile('C:\\xampp\\htdocs...')
#1 C:\xampp\htdocs\myLPU-HIMS\codeigniter\system\Autoloader\Autoloader.php(219): CodeIgniter\Autoloader\Autoloader->loadInNamespace('App\\Controllers...')
#2 C:\xampp\htdocs\myLPU-HIMS\lycean\app\Controllers\Consultation.php(7): CodeIgniter\Autoloader\Autoloader->loadClass('App\\Controllers...')
#3 C:\xampp\htdocs\myLPU-HIMS\codeigniter\system\Router\Router.php(491): include_once('C:\\xampp\\htdocs...')
#4 C:\xampp\htdocs\myLPU-HIMS\codeigniter\system\Router\Router.php(160): CodeIgniter\Router\Router->autoRoute('consultation/fe...')
#5 C:\xampp\htdocs\myLPU-HIMS\codeigniter\system\CodeIgniter.php(702): CodeIgniter\Router\Router->handle('consultation/fe...')
#6 C:\xampp\htdocs\myLPU-HIMS\codeigniter\system\CodeIgniter.php(358): CodeIgniter\CodeIgniter->tryToRouteIt(Object(CodeIgniter\Router\RouteCollection))
#7 C:\xampp\htdocs\myLPU-HIMS\codeigniter\system\CodeIgniter.php(317): CodeIgniter\CodeIgniter->handleRequest(NULL, Object(Config\Cache), false)
#8 C:\xampp\htdocs\myLPU-HIMS\lycean\public\index.php(37): CodeIgniter\CodeIgniter->run()
#9 {main}
CRITICAL - 2021-11-23 23:33:51 --> syntax error, unexpected token "}"
#0 C:\xampp\htdocs\myLPU-HIMS\codeigniter\system\Autoloader\Autoloader.php(241): CodeIgniter\Autoloader\Autoloader->includeFile('C:\\xampp\\htdocs...')
#1 C:\xampp\htdocs\myLPU-HIMS\codeigniter\system\Autoloader\Autoloader.php(219): CodeIgniter\Autoloader\Autoloader->loadInNamespace('App\\Controllers...')
#2 C:\xampp\htdocs\myLPU-HIMS\lycean\app\Controllers\Consultation.php(7): CodeIgniter\Autoloader\Autoloader->loadClass('App\\Controllers...')
#3 C:\xampp\htdocs\myLPU-HIMS\codeigniter\system\Router\Router.php(491): include_once('C:\\xampp\\htdocs...')
#4 C:\xampp\htdocs\myLPU-HIMS\codeigniter\system\Router\Router.php(160): CodeIgniter\Router\Router->autoRoute('consultation/fe...')
#5 C:\xampp\htdocs\myLPU-HIMS\codeigniter\system\CodeIgniter.php(702): CodeIgniter\Router\Router->handle('consultation/fe...')
#6 C:\xampp\htdocs\myLPU-HIMS\codeigniter\system\CodeIgniter.php(358): CodeIgniter\CodeIgniter->tryToRouteIt(Object(CodeIgniter\Router\RouteCollection))
#7 C:\xampp\htdocs\myLPU-HIMS\codeigniter\system\CodeIgniter.php(317): CodeIgniter\CodeIgniter->handleRequest(NULL, Object(Config\Cache), false)
#8 C:\xampp\htdocs\myLPU-HIMS\lycean\public\index.php(37): CodeIgniter\CodeIgniter->run()
#9 {main}
CRITICAL - 2021-11-23 23:33:51 --> syntax error, unexpected token "}"
#0 C:\xampp\htdocs\myLPU-HIMS\codeigniter\system\Autoloader\Autoloader.php(241): CodeIgniter\Autoloader\Autoloader->includeFile('C:\\xampp\\htdocs...')
#1 C:\xampp\htdocs\myLPU-HIMS\codeigniter\system\Autoloader\Autoloader.php(219): CodeIgniter\Autoloader\Autoloader->loadInNamespace('App\\Controllers...')
#2 C:\xampp\htdocs\myLPU-HIMS\lycean\app\Controllers\Consultation.php(7): CodeIgniter\Autoloader\Autoloader->loadClass('App\\Controllers...')
#3 C:\xampp\htdocs\myLPU-HIMS\codeigniter\system\Router\Router.php(491): include_once('C:\\xampp\\htdocs...')
#4 C:\xampp\htdocs\myLPU-HIMS\codeigniter\system\Router\Router.php(160): CodeIgniter\Router\Router->autoRoute('consultation/fe...')
#5 C:\xampp\htdocs\myLPU-HIMS\codeigniter\system\CodeIgniter.php(702): CodeIgniter\Router\Router->handle('consultation/fe...')
#6 C:\xampp\htdocs\myLPU-HIMS\codeigniter\system\CodeIgniter.php(358): CodeIgniter\CodeIgniter->tryToRouteIt(Object(CodeIgniter\Router\RouteCollection))
#7 C:\xampp\htdocs\myLPU-HIMS\codeigniter\system\CodeIgniter.php(317): CodeIgniter\CodeIgniter->handleRequest(NULL, Object(Config\Cache), false)
#8 C:\xampp\htdocs\myLPU-HIMS\lycean\public\index.php(37): CodeIgniter\CodeIgniter->run()
#9 {main}
CRITICAL - 2021-11-23 23:33:51 --> syntax error, unexpected token "}"
#0 C:\xampp\htdocs\myLPU-HIMS\codeigniter\system\Autoloader\Autoloader.php(241): CodeIgniter\Autoloader\Autoloader->includeFile('C:\\xampp\\htdocs...')
#1 C:\xampp\htdocs\myLPU-HIMS\codeigniter\system\Autoloader\Autoloader.php(219): CodeIgniter\Autoloader\Autoloader->loadInNamespace('App\\Controllers...')
#2 C:\xampp\htdocs\myLPU-HIMS\lycean\app\Controllers\Consultation.php(7): CodeIgniter\Autoloader\Autoloader->loadClass('App\\Controllers...')
#3 C:\xampp\htdocs\myLPU-HIMS\codeigniter\system\Router\Router.php(491): include_once('C:\\xampp\\htdocs...')
#4 C:\xampp\htdocs\myLPU-HIMS\codeigniter\system\Router\Router.php(160): CodeIgniter\Router\Router->autoRoute('consultation/fe...')
#5 C:\xampp\htdocs\myLPU-HIMS\codeigniter\system\CodeIgniter.php(702): CodeIgniter\Router\Router->handle('consultation/fe...')
#6 C:\xampp\htdocs\myLPU-HIMS\codeigniter\system\CodeIgniter.php(358): CodeIgniter\CodeIgniter->tryToRouteIt(Object(CodeIgniter\Router\RouteCollection))
#7 C:\xampp\htdocs\myLPU-HIMS\codeigniter\system\CodeIgniter.php(317): CodeIgniter\CodeIgniter->handleRequest(NULL, Object(Config\Cache), false)
#8 C:\xampp\htdocs\myLPU-HIMS\lycean\public\index.php(37): CodeIgniter\CodeIgniter->run()
#9 {main}
CRITICAL - 2021-11-23 23:33:51 --> syntax error, unexpected token "}"
#0 C:\xampp\htdocs\myLPU-HIMS\codeigniter\system\Autoloader\Autoloader.php(241): CodeIgniter\Autoloader\Autoloader->includeFile('C:\\xampp\\htdocs...')
#1 C:\xampp\htdocs\myLPU-HIMS\codeigniter\system\Autoloader\Autoloader.php(219): CodeIgniter\Autoloader\Autoloader->loadInNamespace('App\\Controllers...')
#2 C:\xampp\htdocs\myLPU-HIMS\lycean\app\Controllers\Notifications.php(7): CodeIgniter\Autoloader\Autoloader->loadClass('App\\Controllers...')
#3 C:\xampp\htdocs\myLPU-HIMS\codeigniter\system\Router\Router.php(491): include_once('C:\\xampp\\htdocs...')
#4 C:\xampp\htdocs\myLPU-HIMS\codeigniter\system\Router\Router.php(160): CodeIgniter\Router\Router->autoRoute('notifications/s...')
#5 C:\xampp\htdocs\myLPU-HIMS\codeigniter\system\CodeIgniter.php(702): CodeIgniter\Router\Router->handle('notifications/s...')
#6 C:\xampp\htdocs\myLPU-HIMS\codeigniter\system\CodeIgniter.php(358): CodeIgniter\CodeIgniter->tryToRouteIt(Object(CodeIgniter\Router\RouteCollection))
#7 C:\xampp\htdocs\myLPU-HIMS\codeigniter\system\CodeIgniter.php(317): CodeIgniter\CodeIgniter->handleRequest(NULL, Object(Config\Cache), false)
#8 C:\xampp\htdocs\myLPU-HIMS\lycean\public\index.php(37): CodeIgniter\CodeIgniter->run()
#9 {main}
CRITICAL - 2021-11-23 23:33:51 --> syntax error, unexpected token "}"
#0 C:\xampp\htdocs\myLPU-HIMS\codeigniter\system\Autoloader\Autoloader.php(241): CodeIgniter\Autoloader\Autoloader->includeFile('C:\\xampp\\htdocs...')
#1 C:\xampp\htdocs\myLPU-HIMS\codeigniter\system\Autoloader\Autoloader.php(219): CodeIgniter\Autoloader\Autoloader->loadInNamespace('App\\Controllers...')
#2 C:\xampp\htdocs\myLPU-HIMS\lycean\app\Controllers\Notifications.php(7): CodeIgniter\Autoloader\Autoloader->loadClass('App\\Controllers...')
#3 C:\xampp\htdocs\myLPU-HIMS\codeigniter\system\Router\Router.php(491): include_once('C:\\xampp\\htdocs...')
#4 C:\xampp\htdocs\myLPU-HIMS\codeigniter\system\Router\Router.php(160): CodeIgniter\Router\Router->autoRoute('notifications/f...')
#5 C:\xampp\htdocs\myLPU-HIMS\codeigniter\system\CodeIgniter.php(702): CodeIgniter\Router\Router->handle('notifications/f...')
#6 C:\xampp\htdocs\myLPU-HIMS\codeigniter\system\CodeIgniter.php(358): CodeIgniter\CodeIgniter->tryToRouteIt(Object(CodeIgniter\Router\RouteCollection))
#7 C:\xampp\htdocs\myLPU-HIMS\codeigniter\system\CodeIgniter.php(317): CodeIgniter\CodeIgniter->handleRequest(NULL, Object(Config\Cache), false)
#8 C:\xampp\htdocs\myLPU-HIMS\lycean\public\index.php(37): CodeIgniter\CodeIgniter->run()
#9 {main}
CRITICAL - 2021-11-23 23:33:51 --> syntax error, unexpected token "}"
#0 C:\xampp\htdocs\myLPU-HIMS\codeigniter\system\Autoloader\Autoloader.php(241): CodeIgniter\Autoloader\Autoloader->includeFile('C:\\xampp\\htdocs...')
#1 C:\xampp\htdocs\myLPU-HIMS\codeigniter\system\Autoloader\Autoloader.php(219): CodeIgniter\Autoloader\Autoloader->loadInNamespace('App\\Controllers...')
#2 C:\xampp\htdocs\myLPU-HIMS\lycean\app\Controllers\Notifications.php(7): CodeIgniter\Autoloader\Autoloader->loadClass('App\\Controllers...')
#3 C:\xampp\htdocs\myLPU-HIMS\codeigniter\system\Router\Router.php(491): include_once('C:\\xampp\\htdocs...')
#4 C:\xampp\htdocs\myLPU-HIMS\codeigniter\system\Router\Router.php(160): CodeIgniter\Router\Router->autoRoute('notifications/s...')
#5 C:\xampp\htdocs\myLPU-HIMS\codeigniter\system\CodeIgniter.php(702): CodeIgniter\Router\Router->handle('notifications/s...')
#6 C:\xampp\htdocs\myLPU-HIMS\codeigniter\system\CodeIgniter.php(358): CodeIgniter\CodeIgniter->tryToRouteIt(Object(CodeIgniter\Router\RouteCollection))
#7 C:\xampp\htdocs\myLPU-HIMS\codeigniter\system\CodeIgniter.php(317): CodeIgniter\CodeIgniter->handleRequest(NULL, Object(Config\Cache), false)
#8 C:\xampp\htdocs\myLPU-HIMS\lycean\public\index.php(37): CodeIgniter\CodeIgniter->run()
#9 {main}
CRITICAL - 2021-11-23 23:33:52 --> syntax error, unexpected token "}"
#0 C:\xampp\htdocs\myLPU-HIMS\codeigniter\system\Autoloader\Autoloader.php(241): CodeIgniter\Autoloader\Autoloader->includeFile('C:\\xampp\\htdocs...')
#1 C:\xampp\htdocs\myLPU-HIMS\codeigniter\system\Autoloader\Autoloader.php(219): CodeIgniter\Autoloader\Autoloader->loadInNamespace('App\\Controllers...')
#2 C:\xampp\htdocs\myLPU-HIMS\lycean\app\Controllers\Notifications.php(7): CodeIgniter\Autoloader\Autoloader->loadClass('App\\Controllers...')
#3 C:\xampp\htdocs\myLPU-HIMS\codeigniter\system\Router\Router.php(491): include_once('C:\\xampp\\htdocs...')
#4 C:\xampp\htdocs\myLPU-HIMS\codeigniter\system\Router\Router.php(160): CodeIgniter\Router\Router->autoRoute('notifications/f...')
#5 C:\xampp\htdocs\myLPU-HIMS\codeigniter\system\CodeIgniter.php(702): CodeIgniter\Router\Router->handle('notifications/f...')
#6 C:\xampp\htdocs\myLPU-HIMS\codeigniter\system\CodeIgniter.php(358): CodeIgniter\CodeIgniter->tryToRouteIt(Object(CodeIgniter\Router\RouteCollection))
#7 C:\xampp\htdocs\myLPU-HIMS\codeigniter\system\CodeIgniter.php(317): CodeIgniter\CodeIgniter->handleRequest(NULL, Object(Config\Cache), false)
#8 C:\xampp\htdocs\myLPU-HIMS\lycean\public\index.php(37): CodeIgniter\CodeIgniter->run()
#9 {main}
CRITICAL - 2021-11-23 23:33:52 --> syntax error, unexpected token "}"
#0 C:\xampp\htdocs\myLPU-HIMS\codeigniter\system\Autoloader\Autoloader.php(241): CodeIgniter\Autoloader\Autoloader->includeFile('C:\\xampp\\htdocs...')
#1 C:\xampp\htdocs\myLPU-HIMS\codeigniter\system\Autoloader\Autoloader.php(219): CodeIgniter\Autoloader\Autoloader->loadInNamespace('App\\Controllers...')
#2 C:\xampp\htdocs\myLPU-HIMS\lycean\app\Controllers\Notifications.php(7): CodeIgniter\Autoloader\Autoloader->loadClass('App\\Controllers...')
#3 C:\xampp\htdocs\myLPU-HIMS\codeigniter\system\Router\Router.php(491): include_once('C:\\xampp\\htdocs...')
#4 C:\xampp\htdocs\myLPU-HIMS\codeigniter\system\Router\Router.php(160): CodeIgniter\Router\Router->autoRoute('notifications/s...')
#5 C:\xampp\htdocs\myLPU-HIMS\codeigniter\system\CodeIgniter.php(702): CodeIgniter\Router\Router->handle('notifications/s...')
#6 C:\xampp\htdocs\myLPU-HIMS\codeigniter\system\CodeIgniter.php(358): CodeIgniter\CodeIgniter->tryToRouteIt(Object(CodeIgniter\Router\RouteCollection))
#7 C:\xampp\htdocs\myLPU-HIMS\codeigniter\system\CodeIgniter.php(317): CodeIgniter\CodeIgniter->handleRequest(NULL, Object(Config\Cache), false)
#8 C:\xampp\htdocs\myLPU-HIMS\lycean\public\index.php(37): CodeIgniter\CodeIgniter->run()
#9 {main}
CRITICAL - 2021-11-23 23:33:52 --> syntax error, unexpected token "}"
#0 C:\xampp\htdocs\myLPU-HIMS\codeigniter\system\Autoloader\Autoloader.php(241): CodeIgniter\Autoloader\Autoloader->includeFile('C:\\xampp\\htdocs...')
#1 C:\xampp\htdocs\myLPU-HIMS\codeigniter\system\Autoloader\Autoloader.php(219): CodeIgniter\Autoloader\Autoloader->loadInNamespace('App\\Controllers...')
#2 C:\xampp\htdocs\myLPU-HIMS\lycean\app\Controllers\Notifications.php(7): CodeIgniter\Autoloader\Autoloader->loadClass('App\\Controllers...')
#3 C:\xampp\htdocs\myLPU-HIMS\codeigniter\system\Router\Router.php(491): include_once('C:\\xampp\\htdocs...')
#4 C:\xampp\htdocs\myLPU-HIMS\codeigniter\system\Router\Router.php(160): CodeIgniter\Router\Router->autoRoute('notifications/f...')
#5 C:\xampp\htdocs\myLPU-HIMS\codeigniter\system\CodeIgniter.php(702): CodeIgniter\Router\Router->handle('notifications/f...')
#6 C:\xampp\htdocs\myLPU-HIMS\codeigniter\system\CodeIgniter.php(358): CodeIgniter\CodeIgniter->tryToRouteIt(Object(CodeIgniter\Router\RouteCollection))
#7 C:\xampp\htdocs\myLPU-HIMS\codeigniter\system\CodeIgniter.php(317): CodeIgniter\CodeIgniter->handleRequest(NULL, Object(Config\Cache), false)
#8 C:\xampp\htdocs\myLPU-HIMS\lycean\public\index.php(37): CodeIgniter\CodeIgniter->run()
#9 {main}
CRITICAL - 2021-11-23 23:33:52 --> syntax error, unexpected token "}"
#0 C:\xampp\htdocs\myLPU-HIMS\codeigniter\system\Autoloader\Autoloader.php(241): CodeIgniter\Autoloader\Autoloader->includeFile('C:\\xampp\\htdocs...')
#1 C:\xampp\htdocs\myLPU-HIMS\codeigniter\system\Autoloader\Autoloader.php(219): CodeIgniter\Autoloader\Autoloader->loadInNamespace('App\\Controllers...')
#2 C:\xampp\htdocs\myLPU-HIMS\lycean\app\Controllers\Notifications.php(7): CodeIgniter\Autoloader\Autoloader->loadClass('App\\Controllers...')
#3 C:\xampp\htdocs\myLPU-HIMS\codeigniter\system\Router\Router.php(491): include_once('C:\\xampp\\htdocs...')
#4 C:\xampp\htdocs\myLPU-HIMS\codeigniter\system\Router\Router.php(160): CodeIgniter\Router\Router->autoRoute('notifications/s...')
#5 C:\xampp\htdocs\myLPU-HIMS\codeigniter\system\CodeIgniter.php(702): CodeIgniter\Router\Router->handle('notifications/s...')
#6 C:\xampp\htdocs\myLPU-HIMS\codeigniter\system\CodeIgniter.php(358): CodeIgniter\CodeIgniter->tryToRouteIt(Object(CodeIgniter\Router\RouteCollection))
#7 C:\xampp\htdocs\myLPU-HIMS\codeigniter\system\CodeIgniter.php(317): CodeIgniter\CodeIgniter->handleRequest(NULL, Object(Config\Cache), false)
#8 C:\xampp\htdocs\myLPU-HIMS\lycean\public\index.php(37): CodeIgniter\CodeIgniter->run()
#9 {main}
CRITICAL - 2021-11-23 23:36:06 --> syntax error, unexpected token ";", expecting "]"
#0 C:\xampp\htdocs\myLPU-HIMS\codeigniter\system\Router\Router.php(160): CodeIgniter\Router\Router->autoRoute('consultation/fe...')
#1 C:\xampp\htdocs\myLPU-HIMS\codeigniter\system\CodeIgniter.php(702): CodeIgniter\Router\Router->handle('consultation/fe...')
#2 C:\xampp\htdocs\myLPU-HIMS\codeigniter\system\CodeIgniter.php(358): CodeIgniter\CodeIgniter->tryToRouteIt(Object(CodeIgniter\Router\RouteCollection))
#3 C:\xampp\htdocs\myLPU-HIMS\codeigniter\system\CodeIgniter.php(317): CodeIgniter\CodeIgniter->handleRequest(NULL, Object(Config\Cache), false)
#4 C:\xampp\htdocs\myLPU-HIMS\lycean\public\index.php(37): CodeIgniter\CodeIgniter->run()
#5 {main}
CRITICAL - 2021-11-23 23:36:06 --> syntax error, unexpected token ";", expecting "]"
#0 C:\xampp\htdocs\myLPU-HIMS\codeigniter\system\Router\Router.php(160): CodeIgniter\Router\Router->autoRoute('consultation/fe...')
#1 C:\xampp\htdocs\myLPU-HIMS\codeigniter\system\CodeIgniter.php(702): CodeIgniter\Router\Router->handle('consultation/fe...')
#2 C:\xampp\htdocs\myLPU-HIMS\codeigniter\system\CodeIgniter.php(358): CodeIgniter\CodeIgniter->tryToRouteIt(Object(CodeIgniter\Router\RouteCollection))
#3 C:\xampp\htdocs\myLPU-HIMS\codeigniter\system\CodeIgniter.php(317): CodeIgniter\CodeIgniter->handleRequest(NULL, Object(Config\Cache), false)
#4 C:\xampp\htdocs\myLPU-HIMS\lycean\public\index.php(37): CodeIgniter\CodeIgniter->run()
#5 {main}
CRITICAL - 2021-11-23 23:36:06 --> syntax error, unexpected token ";", expecting "]"
#0 C:\xampp\htdocs\myLPU-HIMS\codeigniter\system\Router\Router.php(160): CodeIgniter\Router\Router->autoRoute('consultation/fe...')
#1 C:\xampp\htdocs\myLPU-HIMS\codeigniter\system\CodeIgniter.php(702): CodeIgniter\Router\Router->handle('consultation/fe...')
#2 C:\xampp\htdocs\myLPU-HIMS\codeigniter\system\CodeIgniter.php(358): CodeIgniter\CodeIgniter->tryToRouteIt(Object(CodeIgniter\Router\RouteCollection))
#3 C:\xampp\htdocs\myLPU-HIMS\codeigniter\system\CodeIgniter.php(317): CodeIgniter\CodeIgniter->handleRequest(NULL, Object(Config\Cache), false)
#4 C:\xampp\htdocs\myLPU-HIMS\lycean\public\index.php(37): CodeIgniter\CodeIgniter->run()
#5 {main}
CRITICAL - 2021-11-23 23:36:06 --> syntax error, unexpected token ";", expecting "]"
#0 C:\xampp\htdocs\myLPU-HIMS\codeigniter\system\Router\Router.php(160): CodeIgniter\Router\Router->autoRoute('consultation/fe...')
#1 C:\xampp\htdocs\myLPU-HIMS\codeigniter\system\CodeIgniter.php(702): CodeIgniter\Router\Router->handle('consultation/fe...')
#2 C:\xampp\htdocs\myLPU-HIMS\codeigniter\system\CodeIgniter.php(358): CodeIgniter\CodeIgniter->tryToRouteIt(Object(CodeIgniter\Router\RouteCollection))
#3 C:\xampp\htdocs\myLPU-HIMS\codeigniter\system\CodeIgniter.php(317): CodeIgniter\CodeIgniter->handleRequest(NULL, Object(Config\Cache), false)
#4 C:\xampp\htdocs\myLPU-HIMS\lycean\public\index.php(37): CodeIgniter\CodeIgniter->run()
#5 {main}
CRITICAL - 2021-11-23 23:36:06 --> syntax error, unexpected token ";", expecting "]"
#0 C:\xampp\htdocs\myLPU-HIMS\codeigniter\system\Router\Router.php(160): CodeIgniter\Router\Router->autoRoute('consultation/fe...')
#1 C:\xampp\htdocs\myLPU-HIMS\codeigniter\system\CodeIgniter.php(702): CodeIgniter\Router\Router->handle('consultation/fe...')
#2 C:\xampp\htdocs\myLPU-HIMS\codeigniter\system\CodeIgniter.php(358): CodeIgniter\CodeIgniter->tryToRouteIt(Object(CodeIgniter\Router\RouteCollection))
#3 C:\xampp\htdocs\myLPU-HIMS\codeigniter\system\CodeIgniter.php(317): CodeIgniter\CodeIgniter->handleRequest(NULL, Object(Config\Cache), false)
#4 C:\xampp\htdocs\myLPU-HIMS\lycean\public\index.php(37): CodeIgniter\CodeIgniter->run()
#5 {main}
CRITICAL - 2021-11-23 23:36:06 --> syntax error, unexpected token ";", expecting "]"
#0 C:\xampp\htdocs\myLPU-HIMS\codeigniter\system\Router\Router.php(160): CodeIgniter\Router\Router->autoRoute('consultation/fe...')
#1 C:\xampp\htdocs\myLPU-HIMS\codeigniter\system\CodeIgniter.php(702): CodeIgniter\Router\Router->handle('consultation/fe...')
#2 C:\xampp\htdocs\myLPU-HIMS\codeigniter\system\CodeIgniter.php(358): CodeIgniter\CodeIgniter->tryToRouteIt(Object(CodeIgniter\Router\RouteCollection))
#3 C:\xampp\htdocs\myLPU-HIMS\codeigniter\system\CodeIgniter.php(317): CodeIgniter\CodeIgniter->handleRequest(NULL, Object(Config\Cache), false)
#4 C:\xampp\htdocs\myLPU-HIMS\lycean\public\index.php(37): CodeIgniter\CodeIgniter->run()
#5 {main}
CRITICAL - 2021-11-23 23:36:09 --> syntax error, unexpected token ";", expecting "]"
#0 C:\xampp\htdocs\myLPU-HIMS\codeigniter\system\Router\Router.php(160): CodeIgniter\Router\Router->autoRoute('consultation/fe...')
#1 C:\xampp\htdocs\myLPU-HIMS\codeigniter\system\CodeIgniter.php(702): CodeIgniter\Router\Router->handle('consultation/fe...')
#2 C:\xampp\htdocs\myLPU-HIMS\codeigniter\system\CodeIgniter.php(358): CodeIgniter\CodeIgniter->tryToRouteIt(Object(CodeIgniter\Router\RouteCollection))
#3 C:\xampp\htdocs\myLPU-HIMS\codeigniter\system\CodeIgniter.php(317): CodeIgniter\CodeIgniter->handleRequest(NULL, Object(Config\Cache), false)
#4 C:\xampp\htdocs\myLPU-HIMS\lycean\public\index.php(37): CodeIgniter\CodeIgniter->run()
#5 {main}
CRITICAL - 2021-11-23 23:36:09 --> syntax error, unexpected token ";", expecting "]"
#0 C:\xampp\htdocs\myLPU-HIMS\codeigniter\system\Router\Router.php(160): CodeIgniter\Router\Router->autoRoute('consultation/fe...')
#1 C:\xampp\htdocs\myLPU-HIMS\codeigniter\system\CodeIgniter.php(702): CodeIgniter\Router\Router->handle('consultation/fe...')
#2 C:\xampp\htdocs\myLPU-HIMS\codeigniter\system\CodeIgniter.php(358): CodeIgniter\CodeIgniter->tryToRouteIt(Object(CodeIgniter\Router\RouteCollection))
#3 C:\xampp\htdocs\myLPU-HIMS\codeigniter\system\CodeIgniter.php(317): CodeIgniter\CodeIgniter->handleRequest(NULL, Object(Config\Cache), false)
#4 C:\xampp\htdocs\myLPU-HIMS\lycean\public\index.php(37): CodeIgniter\CodeIgniter->run()
#5 {main}
CRITICAL - 2021-11-23 23:36:09 --> syntax error, unexpected token ";", expecting "]"
#0 C:\xampp\htdocs\myLPU-HIMS\codeigniter\system\Router\Router.php(160): CodeIgniter\Router\Router->autoRoute('consultation/fe...')
#1 C:\xampp\htdocs\myLPU-HIMS\codeigniter\system\CodeIgniter.php(702): CodeIgniter\Router\Router->handle('consultation/fe...')
#2 C:\xampp\htdocs\myLPU-HIMS\codeigniter\system\CodeIgniter.php(358): CodeIgniter\CodeIgniter->tryToRouteIt(Object(CodeIgniter\Router\RouteCollection))
#3 C:\xampp\htdocs\myLPU-HIMS\codeigniter\system\CodeIgniter.php(317): CodeIgniter\CodeIgniter->handleRequest(NULL, Object(Config\Cache), false)
#4 C:\xampp\htdocs\myLPU-HIMS\lycean\public\index.php(37): CodeIgniter\CodeIgniter->run()
#5 {main}
CRITICAL - 2021-11-23 23:36:09 --> syntax error, unexpected token ";", expecting "]"
#0 C:\xampp\htdocs\myLPU-HIMS\codeigniter\system\Router\Router.php(160): CodeIgniter\Router\Router->autoRoute('consultation/fe...')
#1 C:\xampp\htdocs\myLPU-HIMS\codeigniter\system\CodeIgniter.php(702): CodeIgniter\Router\Router->handle('consultation/fe...')
#2 C:\xampp\htdocs\myLPU-HIMS\codeigniter\system\CodeIgniter.php(358): CodeIgniter\CodeIgniter->tryToRouteIt(Object(CodeIgniter\Router\RouteCollection))
#3 C:\xampp\htdocs\myLPU-HIMS\codeigniter\system\CodeIgniter.php(317): CodeIgniter\CodeIgniter->handleRequest(NULL, Object(Config\Cache), false)
#4 C:\xampp\htdocs\myLPU-HIMS\lycean\public\index.php(37): CodeIgniter\CodeIgniter->run()
#5 {main}
CRITICAL - 2021-11-23 23:36:09 --> syntax error, unexpected token ";", expecting "]"
#0 C:\xampp\htdocs\myLPU-HIMS\codeigniter\system\Router\Router.php(160): CodeIgniter\Router\Router->autoRoute('consultation/fe...')
#1 C:\xampp\htdocs\myLPU-HIMS\codeigniter\system\CodeIgniter.php(702): CodeIgniter\Router\Router->handle('consultation/fe...')
#2 C:\xampp\htdocs\myLPU-HIMS\codeigniter\system\CodeIgniter.php(358): CodeIgniter\CodeIgniter->tryToRouteIt(Object(CodeIgniter\Router\RouteCollection))
#3 C:\xampp\htdocs\myLPU-HIMS\codeigniter\system\CodeIgniter.php(317): CodeIgniter\CodeIgniter->handleRequest(NULL, Object(Config\Cache), false)
#4 C:\xampp\htdocs\myLPU-HIMS\lycean\public\index.php(37): CodeIgniter\CodeIgniter->run()
#5 {main}
CRITICAL - 2021-11-23 23:36:09 --> syntax error, unexpected token ";", expecting "]"
#0 C:\xampp\htdocs\myLPU-HIMS\codeigniter\system\Router\Router.php(160): CodeIgniter\Router\Router->autoRoute('consultation/fe...')
#1 C:\xampp\htdocs\myLPU-HIMS\codeigniter\system\CodeIgniter.php(702): CodeIgniter\Router\Router->handle('consultation/fe...')
#2 C:\xampp\htdocs\myLPU-HIMS\codeigniter\system\CodeIgniter.php(358): CodeIgniter\CodeIgniter->tryToRouteIt(Object(CodeIgniter\Router\RouteCollection))
#3 C:\xampp\htdocs\myLPU-HIMS\codeigniter\system\CodeIgniter.php(317): CodeIgniter\CodeIgniter->handleRequest(NULL, Object(Config\Cache), false)
#4 C:\xampp\htdocs\myLPU-HIMS\lycean\public\index.php(37): CodeIgniter\CodeIgniter->run()
#5 {main}
CRITICAL - 2021-11-23 23:36:12 --> syntax error, unexpected token ";", expecting "]"
#0 C:\xampp\htdocs\myLPU-HIMS\codeigniter\system\Router\Router.php(160): CodeIgniter\Router\Router->autoRoute('consultation/fe...')
#1 C:\xampp\htdocs\myLPU-HIMS\codeigniter\system\CodeIgniter.php(702): CodeIgniter\Router\Router->handle('consultation/fe...')
#2 C:\xampp\htdocs\myLPU-HIMS\codeigniter\system\CodeIgniter.php(358): CodeIgniter\CodeIgniter->tryToRouteIt(Object(CodeIgniter\Router\RouteCollection))
#3 C:\xampp\htdocs\myLPU-HIMS\codeigniter\system\CodeIgniter.php(317): CodeIgniter\CodeIgniter->handleRequest(NULL, Object(Config\Cache), false)
#4 C:\xampp\htdocs\myLPU-HIMS\lycean\public\index.php(37): CodeIgniter\CodeIgniter->run()
#5 {main}
CRITICAL - 2021-11-23 23:36:12 --> syntax error, unexpected token ";", expecting "]"
#0 C:\xampp\htdocs\myLPU-HIMS\codeigniter\system\Router\Router.php(160): CodeIgniter\Router\Router->autoRoute('consultation/fe...')
#1 C:\xampp\htdocs\myLPU-HIMS\codeigniter\system\CodeIgniter.php(702): CodeIgniter\Router\Router->handle('consultation/fe...')
#2 C:\xampp\htdocs\myLPU-HIMS\codeigniter\system\CodeIgniter.php(358): CodeIgniter\CodeIgniter->tryToRouteIt(Object(CodeIgniter\Router\RouteCollection))
#3 C:\xampp\htdocs\myLPU-HIMS\codeigniter\system\CodeIgniter.php(317): CodeIgniter\CodeIgniter->handleRequest(NULL, Object(Config\Cache), false)
#4 C:\xampp\htdocs\myLPU-HIMS\lycean\public\index.php(37): CodeIgniter\CodeIgniter->run()
#5 {main}
CRITICAL - 2021-11-23 23:36:12 --> syntax error, unexpected token ";", expecting "]"
#0 C:\xampp\htdocs\myLPU-HIMS\codeigniter\system\Router\Router.php(160): CodeIgniter\Router\Router->autoRoute('consultation/fe...')
#1 C:\xampp\htdocs\myLPU-HIMS\codeigniter\system\CodeIgniter.php(702): CodeIgniter\Router\Router->handle('consultation/fe...')
#2 C:\xampp\htdocs\myLPU-HIMS\codeigniter\system\CodeIgniter.php(358): CodeIgniter\CodeIgniter->tryToRouteIt(Object(CodeIgniter\Router\RouteCollection))
#3 C:\xampp\htdocs\myLPU-HIMS\codeigniter\system\CodeIgniter.php(317): CodeIgniter\CodeIgniter->handleRequest(NULL, Object(Config\Cache), false)
#4 C:\xampp\htdocs\myLPU-HIMS\lycean\public\index.php(37): CodeIgniter\CodeIgniter->run()
#5 {main}
CRITICAL - 2021-11-23 23:36:12 --> syntax error, unexpected token ";", expecting "]"
#0 C:\xampp\htdocs\myLPU-HIMS\codeigniter\system\Router\Router.php(160): CodeIgniter\Router\Router->autoRoute('consultation/fe...')
#1 C:\xampp\htdocs\myLPU-HIMS\codeigniter\system\CodeIgniter.php(702): CodeIgniter\Router\Router->handle('consultation/fe...')
#2 C:\xampp\htdocs\myLPU-HIMS\codeigniter\system\CodeIgniter.php(358): CodeIgniter\CodeIgniter->tryToRouteIt(Object(CodeIgniter\Router\RouteCollection))
#3 C:\xampp\htdocs\myLPU-HIMS\codeigniter\system\CodeIgniter.php(317): CodeIgniter\CodeIgniter->handleRequest(NULL, Object(Config\Cache), false)
#4 C:\xampp\htdocs\myLPU-HIMS\lycean\public\index.php(37): CodeIgniter\CodeIgniter->run()
#5 {main}
CRITICAL - 2021-11-23 23:36:12 --> syntax error, unexpected token ";", expecting "]"
#0 C:\xampp\htdocs\myLPU-HIMS\codeigniter\system\Router\Router.php(160): CodeIgniter\Router\Router->autoRoute('consultation/fe...')
#1 C:\xampp\htdocs\myLPU-HIMS\codeigniter\system\CodeIgniter.php(702): CodeIgniter\Router\Router->handle('consultation/fe...')
#2 C:\xampp\htdocs\myLPU-HIMS\codeigniter\system\CodeIgniter.php(358): CodeIgniter\CodeIgniter->tryToRouteIt(Object(CodeIgniter\Router\RouteCollection))
#3 C:\xampp\htdocs\myLPU-HIMS\codeigniter\system\CodeIgniter.php(317): CodeIgniter\CodeIgniter->handleRequest(NULL, Object(Config\Cache), false)
#4 C:\xampp\htdocs\myLPU-HIMS\lycean\public\index.php(37): CodeIgniter\CodeIgniter->run()
#5 {main}
CRITICAL - 2021-11-23 23:36:12 --> syntax error, unexpected token ";", expecting "]"
#0 C:\xampp\htdocs\myLPU-HIMS\codeigniter\system\Router\Router.php(160): CodeIgniter\Router\Router->autoRoute('consultation/fe...')
#1 C:\xampp\htdocs\myLPU-HIMS\codeigniter\system\CodeIgniter.php(702): CodeIgniter\Router\Router->handle('consultation/fe...')
#2 C:\xampp\htdocs\myLPU-HIMS\codeigniter\system\CodeIgniter.php(358): CodeIgniter\CodeIgniter->tryToRouteIt(Object(CodeIgniter\Router\RouteCollection))
#3 C:\xampp\htdocs\myLPU-HIMS\codeigniter\system\CodeIgniter.php(317): CodeIgniter\CodeIgniter->handleRequest(NULL, Object(Config\Cache), false)
#4 C:\xampp\htdocs\myLPU-HIMS\lycean\public\index.php(37): CodeIgniter\CodeIgniter->run()
#5 {main}
CRITICAL - 2021-11-23 23:36:15 --> syntax error, unexpected token ";", expecting "]"
#0 C:\xampp\htdocs\myLPU-HIMS\codeigniter\system\Router\Router.php(160): CodeIgniter\Router\Router->autoRoute('consultation/fe...')
#1 C:\xampp\htdocs\myLPU-HIMS\codeigniter\system\CodeIgniter.php(702): CodeIgniter\Router\Router->handle('consultation/fe...')
#2 C:\xampp\htdocs\myLPU-HIMS\codeigniter\system\CodeIgniter.php(358): CodeIgniter\CodeIgniter->tryToRouteIt(Object(CodeIgniter\Router\RouteCollection))
#3 C:\xampp\htdocs\myLPU-HIMS\codeigniter\system\CodeIgniter.php(317): CodeIgniter\CodeIgniter->handleRequest(NULL, Object(Config\Cache), false)
#4 C:\xampp\htdocs\myLPU-HIMS\lycean\public\index.php(37): CodeIgniter\CodeIgniter->run()
#5 {main}
CRITICAL - 2021-11-23 23:36:15 --> syntax error, unexpected token ";", expecting "]"
#0 C:\xampp\htdocs\myLPU-HIMS\codeigniter\system\Router\Router.php(160): CodeIgniter\Router\Router->autoRoute('consultation/fe...')
#1 C:\xampp\htdocs\myLPU-HIMS\codeigniter\system\CodeIgniter.php(702): CodeIgniter\Router\Router->handle('consultation/fe...')
#2 C:\xampp\htdocs\myLPU-HIMS\codeigniter\system\CodeIgniter.php(358): CodeIgniter\CodeIgniter->tryToRouteIt(Object(CodeIgniter\Router\RouteCollection))
#3 C:\xampp\htdocs\myLPU-HIMS\codeigniter\system\CodeIgniter.php(317): CodeIgniter\CodeIgniter->handleRequest(NULL, Object(Config\Cache), false)
#4 C:\xampp\htdocs\myLPU-HIMS\lycean\public\index.php(37): CodeIgniter\CodeIgniter->run()
#5 {main}
CRITICAL - 2021-11-23 23:36:15 --> syntax error, unexpected token ";", expecting "]"
#0 C:\xampp\htdocs\myLPU-HIMS\codeigniter\system\Router\Router.php(160): CodeIgniter\Router\Router->autoRoute('consultation/fe...')
#1 C:\xampp\htdocs\myLPU-HIMS\codeigniter\system\CodeIgniter.php(702): CodeIgniter\Router\Router->handle('consultation/fe...')
#2 C:\xampp\htdocs\myLPU-HIMS\codeigniter\system\CodeIgniter.php(358): CodeIgniter\CodeIgniter->tryToRouteIt(Object(CodeIgniter\Router\RouteCollection))
#3 C:\xampp\htdocs\myLPU-HIMS\codeigniter\system\CodeIgniter.php(317): CodeIgniter\CodeIgniter->handleRequest(NULL, Object(Config\Cache), false)
#4 C:\xampp\htdocs\myLPU-HIMS\lycean\public\index.php(37): CodeIgniter\CodeIgniter->run()
#5 {main}
CRITICAL - 2021-11-23 23:36:15 --> syntax error, unexpected token ";", expecting "]"
#0 C:\xampp\htdocs\myLPU-HIMS\codeigniter\system\Router\Router.php(160): CodeIgniter\Router\Router->autoRoute('consultation/fe...')
#1 C:\xampp\htdocs\myLPU-HIMS\codeigniter\system\CodeIgniter.php(702): CodeIgniter\Router\Router->handle('consultation/fe...')
#2 C:\xampp\htdocs\myLPU-HIMS\codeigniter\system\CodeIgniter.php(358): CodeIgniter\CodeIgniter->tryToRouteIt(Object(CodeIgniter\Router\RouteCollection))
#3 C:\xampp\htdocs\myLPU-HIMS\codeigniter\system\CodeIgniter.php(317): CodeIgniter\CodeIgniter->handleRequest(NULL, Object(Config\Cache), false)
#4 C:\xampp\htdocs\myLPU-HIMS\lycean\public\index.php(37): CodeIgniter\CodeIgniter->run()
#5 {main}
CRITICAL - 2021-11-23 23:36:15 --> syntax error, unexpected token ";", expecting "]"
#0 C:\xampp\htdocs\myLPU-HIMS\codeigniter\system\Router\Router.php(160): CodeIgniter\Router\Router->autoRoute('consultation/fe...')
#1 C:\xampp\htdocs\myLPU-HIMS\codeigniter\system\CodeIgniter.php(702): CodeIgniter\Router\Router->handle('consultation/fe...')
#2 C:\xampp\htdocs\myLPU-HIMS\codeigniter\system\CodeIgniter.php(358): CodeIgniter\CodeIgniter->tryToRouteIt(Object(CodeIgniter\Router\RouteCollection))
#3 C:\xampp\htdocs\myLPU-HIMS\codeigniter\system\CodeIgniter.php(317): CodeIgniter\CodeIgniter->handleRequest(NULL, Object(Config\Cache), false)
#4 C:\xampp\htdocs\myLPU-HIMS\lycean\public\index.php(37): CodeIgniter\CodeIgniter->run()
#5 {main}
CRITICAL - 2021-11-23 23:36:15 --> syntax error, unexpected token ";", expecting "]"
#0 C:\xampp\htdocs\myLPU-HIMS\codeigniter\system\Router\Router.php(160): CodeIgniter\Router\Router->autoRoute('consultation/fe...')
#1 C:\xampp\htdocs\myLPU-HIMS\codeigniter\system\CodeIgniter.php(702): CodeIgniter\Router\Router->handle('consultation/fe...')
#2 C:\xampp\htdocs\myLPU-HIMS\codeigniter\system\CodeIgniter.php(358): CodeIgniter\CodeIgniter->tryToRouteIt(Object(CodeIgniter\Router\RouteCollection))
#3 C:\xampp\htdocs\myLPU-HIMS\codeigniter\system\CodeIgniter.php(317): CodeIgniter\CodeIgniter->handleRequest(NULL, Object(Config\Cache), false)
#4 C:\xampp\htdocs\myLPU-HIMS\lycean\public\index.php(37): CodeIgniter\CodeIgniter->run()
#5 {main}
CRITICAL - 2021-11-23 23:36:18 --> syntax error, unexpected token ";", expecting "]"
#0 C:\xampp\htdocs\myLPU-HIMS\codeigniter\system\Router\Router.php(160): CodeIgniter\Router\Router->autoRoute('consultation/fe...')
#1 C:\xampp\htdocs\myLPU-HIMS\codeigniter\system\CodeIgniter.php(702): CodeIgniter\Router\Router->handle('consultation/fe...')
#2 C:\xampp\htdocs\myLPU-HIMS\codeigniter\system\CodeIgniter.php(358): CodeIgniter\CodeIgniter->tryToRouteIt(Object(CodeIgniter\Router\RouteCollection))
#3 C:\xampp\htdocs\myLPU-HIMS\codeigniter\system\CodeIgniter.php(317): CodeIgniter\CodeIgniter->handleRequest(NULL, Object(Config\Cache), false)
#4 C:\xampp\htdocs\myLPU-HIMS\lycean\public\index.php(37): CodeIgniter\CodeIgniter->run()
#5 {main}
CRITICAL - 2021-11-23 23:36:18 --> syntax error, unexpected token ";", expecting "]"
#0 C:\xampp\htdocs\myLPU-HIMS\codeigniter\system\Router\Router.php(160): CodeIgniter\Router\Router->autoRoute('consultation/fe...')
#1 C:\xampp\htdocs\myLPU-HIMS\codeigniter\system\CodeIgniter.php(702): CodeIgniter\Router\Router->handle('consultation/fe...')
#2 C:\xampp\htdocs\myLPU-HIMS\codeigniter\system\CodeIgniter.php(358): CodeIgniter\CodeIgniter->tryToRouteIt(Object(CodeIgniter\Router\RouteCollection))
#3 C:\xampp\htdocs\myLPU-HIMS\codeigniter\system\CodeIgniter.php(317): CodeIgniter\CodeIgniter->handleRequest(NULL, Object(Config\Cache), false)
#4 C:\xampp\htdocs\myLPU-HIMS\lycean\public\index.php(37): CodeIgniter\CodeIgniter->run()
#5 {main}
CRITICAL - 2021-11-23 23:36:18 --> syntax error, unexpected token ";", expecting "]"
#0 C:\xampp\htdocs\myLPU-HIMS\codeigniter\system\Router\Router.php(160): CodeIgniter\Router\Router->autoRoute('consultation/fe...')
#1 C:\xampp\htdocs\myLPU-HIMS\codeigniter\system\CodeIgniter.php(702): CodeIgniter\Router\Router->handle('consultation/fe...')
#2 C:\xampp\htdocs\myLPU-HIMS\codeigniter\system\CodeIgniter.php(358): CodeIgniter\CodeIgniter->tryToRouteIt(Object(CodeIgniter\Router\RouteCollection))
#3 C:\xampp\htdocs\myLPU-HIMS\codeigniter\system\CodeIgniter.php(317): CodeIgniter\CodeIgniter->handleRequest(NULL, Object(Config\Cache), false)
#4 C:\xampp\htdocs\myLPU-HIMS\lycean\public\index.php(37): CodeIgniter\CodeIgniter->run()
#5 {main}
CRITICAL - 2021-11-23 23:36:18 --> syntax error, unexpected token ";", expecting "]"
#0 C:\xampp\htdocs\myLPU-HIMS\codeigniter\system\Router\Router.php(160): CodeIgniter\Router\Router->autoRoute('consultation/fe...')
#1 C:\xampp\htdocs\myLPU-HIMS\codeigniter\system\CodeIgniter.php(702): CodeIgniter\Router\Router->handle('consultation/fe...')
#2 C:\xampp\htdocs\myLPU-HIMS\codeigniter\system\CodeIgniter.php(358): CodeIgniter\CodeIgniter->tryToRouteIt(Object(CodeIgniter\Router\RouteCollection))
#3 C:\xampp\htdocs\myLPU-HIMS\codeigniter\system\CodeIgniter.php(317): CodeIgniter\CodeIgniter->handleRequest(NULL, Object(Config\Cache), false)
#4 C:\xampp\htdocs\myLPU-HIMS\lycean\public\index.php(37): CodeIgniter\CodeIgniter->run()
#5 {main}
CRITICAL - 2021-11-23 23:36:18 --> syntax error, unexpected token ";", expecting "]"
#0 C:\xampp\htdocs\myLPU-HIMS\codeigniter\system\Router\Router.php(160): CodeIgniter\Router\Router->autoRoute('consultation/fe...')
#1 C:\xampp\htdocs\myLPU-HIMS\codeigniter\system\CodeIgniter.php(702): CodeIgniter\Router\Router->handle('consultation/fe...')
#2 C:\xampp\htdocs\myLPU-HIMS\codeigniter\system\CodeIgniter.php(358): CodeIgniter\CodeIgniter->tryToRouteIt(Object(CodeIgniter\Router\RouteCollection))
#3 C:\xampp\htdocs\myLPU-HIMS\codeigniter\system\CodeIgniter.php(317): CodeIgniter\CodeIgniter->handleRequest(NULL, Object(Config\Cache), false)
#4 C:\xampp\htdocs\myLPU-HIMS\lycean\public\index.php(37): CodeIgniter\CodeIgniter->run()
#5 {main}
CRITICAL - 2021-11-23 23:36:18 --> syntax error, unexpected token ";", expecting "]"
#0 C:\xampp\htdocs\myLPU-HIMS\codeigniter\system\Router\Router.php(160): CodeIgniter\Router\Router->autoRoute('consultation/fe...')
#1 C:\xampp\htdocs\myLPU-HIMS\codeigniter\system\CodeIgniter.php(702): CodeIgniter\Router\Router->handle('consultation/fe...')
#2 C:\xampp\htdocs\myLPU-HIMS\codeigniter\system\CodeIgniter.php(358): CodeIgniter\CodeIgniter->tryToRouteIt(Object(CodeIgniter\Router\RouteCollection))
#3 C:\xampp\htdocs\myLPU-HIMS\codeigniter\system\CodeIgniter.php(317): CodeIgniter\CodeIgniter->handleRequest(NULL, Object(Config\Cache), false)
#4 C:\xampp\htdocs\myLPU-HIMS\lycean\public\index.php(37): CodeIgniter\CodeIgniter->run()
#5 {main}
CRITICAL - 2021-11-23 23:36:21 --> syntax error, unexpected token ";", expecting "]"
#0 C:\xampp\htdocs\myLPU-HIMS\codeigniter\system\Router\Router.php(160): CodeIgniter\Router\Router->autoRoute('consultation/fe...')
#1 C:\xampp\htdocs\myLPU-HIMS\codeigniter\system\CodeIgniter.php(702): CodeIgniter\Router\Router->handle('consultation/fe...')
#2 C:\xampp\htdocs\myLPU-HIMS\codeigniter\system\CodeIgniter.php(358): CodeIgniter\CodeIgniter->tryToRouteIt(Object(CodeIgniter\Router\RouteCollection))
#3 C:\xampp\htdocs\myLPU-HIMS\codeigniter\system\CodeIgniter.php(317): CodeIgniter\CodeIgniter->handleRequest(NULL, Object(Config\Cache), false)
#4 C:\xampp\htdocs\myLPU-HIMS\lycean\public\index.php(37): CodeIgniter\CodeIgniter->run()
#5 {main}
CRITICAL - 2021-11-23 23:36:21 --> syntax error, unexpected token ";", expecting "]"
#0 C:\xampp\htdocs\myLPU-HIMS\codeigniter\system\Router\Router.php(160): CodeIgniter\Router\Router->autoRoute('consultation/fe...')
#1 C:\xampp\htdocs\myLPU-HIMS\codeigniter\system\CodeIgniter.php(702): CodeIgniter\Router\Router->handle('consultation/fe...')
#2 C:\xampp\htdocs\myLPU-HIMS\codeigniter\system\CodeIgniter.php(358): CodeIgniter\CodeIgniter->tryToRouteIt(Object(CodeIgniter\Router\RouteCollection))
#3 C:\xampp\htdocs\myLPU-HIMS\codeigniter\system\CodeIgniter.php(317): CodeIgniter\CodeIgniter->handleRequest(NULL, Object(Config\Cache), false)
#4 C:\xampp\htdocs\myLPU-HIMS\lycean\public\index.php(37): CodeIgniter\CodeIgniter->run()
#5 {main}
CRITICAL - 2021-11-23 23:36:21 --> syntax error, unexpected token ";", expecting "]"
#0 C:\xampp\htdocs\myLPU-HIMS\codeigniter\system\Router\Router.php(160): CodeIgniter\Router\Router->autoRoute('consultation/fe...')
#1 C:\xampp\htdocs\myLPU-HIMS\codeigniter\system\CodeIgniter.php(702): CodeIgniter\Router\Router->handle('consultation/fe...')
#2 C:\xampp\htdocs\myLPU-HIMS\codeigniter\system\CodeIgniter.php(358): CodeIgniter\CodeIgniter->tryToRouteIt(Object(CodeIgniter\Router\RouteCollection))
#3 C:\xampp\htdocs\myLPU-HIMS\codeigniter\system\CodeIgniter.php(317): CodeIgniter\CodeIgniter->handleRequest(NULL, Object(Config\Cache), false)
#4 C:\xampp\htdocs\myLPU-HIMS\lycean\public\index.php(37): CodeIgniter\CodeIgniter->run()
#5 {main}
CRITICAL - 2021-11-23 23:36:21 --> syntax error, unexpected token ";", expecting "]"
#0 C:\xampp\htdocs\myLPU-HIMS\codeigniter\system\Router\Router.php(160): CodeIgniter\Router\Router->autoRoute('consultation/fe...')
#1 C:\xampp\htdocs\myLPU-HIMS\codeigniter\system\CodeIgniter.php(702): CodeIgniter\Router\Router->handle('consultation/fe...')
#2 C:\xampp\htdocs\myLPU-HIMS\codeigniter\system\CodeIgniter.php(358): CodeIgniter\CodeIgniter->tryToRouteIt(Object(CodeIgniter\Router\RouteCollection))
#3 C:\xampp\htdocs\myLPU-HIMS\codeigniter\system\CodeIgniter.php(317): CodeIgniter\CodeIgniter->handleRequest(NULL, Object(Config\Cache), false)
#4 C:\xampp\htdocs\myLPU-HIMS\lycean\public\index.php(37): CodeIgniter\CodeIgniter->run()
#5 {main}
CRITICAL - 2021-11-23 23:36:21 --> syntax error, unexpected token ";", expecting "]"
#0 C:\xampp\htdocs\myLPU-HIMS\codeigniter\system\Router\Router.php(160): CodeIgniter\Router\Router->autoRoute('consultation/fe...')
#1 C:\xampp\htdocs\myLPU-HIMS\codeigniter\system\CodeIgniter.php(702): CodeIgniter\Router\Router->handle('consultation/fe...')
#2 C:\xampp\htdocs\myLPU-HIMS\codeigniter\system\CodeIgniter.php(358): CodeIgniter\CodeIgniter->tryToRouteIt(Object(CodeIgniter\Router\RouteCollection))
#3 C:\xampp\htdocs\myLPU-HIMS\codeigniter\system\CodeIgniter.php(317): CodeIgniter\CodeIgniter->handleRequest(NULL, Object(Config\Cache), false)
#4 C:\xampp\htdocs\myLPU-HIMS\lycean\public\index.php(37): CodeIgniter\CodeIgniter->run()
#5 {main}
CRITICAL - 2021-11-23 23:36:21 --> syntax error, unexpected token ";", expecting "]"
#0 C:\xampp\htdocs\myLPU-HIMS\codeigniter\system\Router\Router.php(160): CodeIgniter\Router\Router->autoRoute('consultation/fe...')
#1 C:\xampp\htdocs\myLPU-HIMS\codeigniter\system\CodeIgniter.php(702): CodeIgniter\Router\Router->handle('consultation/fe...')
#2 C:\xampp\htdocs\myLPU-HIMS\codeigniter\system\CodeIgniter.php(358): CodeIgniter\CodeIgniter->tryToRouteIt(Object(CodeIgniter\Router\RouteCollection))
#3 C:\xampp\htdocs\myLPU-HIMS\codeigniter\system\CodeIgniter.php(317): CodeIgniter\CodeIgniter->handleRequest(NULL, Object(Config\Cache), false)
#4 C:\xampp\htdocs\myLPU-HIMS\lycean\public\index.php(37): CodeIgniter\CodeIgniter->run()
#5 {main}
CRITICAL - 2021-11-23 23:36:24 --> syntax error, unexpected token ";", expecting "]"
#0 C:\xampp\htdocs\myLPU-HIMS\codeigniter\system\Router\Router.php(160): CodeIgniter\Router\Router->autoRoute('consultation/fe...')
#1 C:\xampp\htdocs\myLPU-HIMS\codeigniter\system\CodeIgniter.php(702): CodeIgniter\Router\Router->handle('consultation/fe...')
#2 C:\xampp\htdocs\myLPU-HIMS\codeigniter\system\CodeIgniter.php(358): CodeIgniter\CodeIgniter->tryToRouteIt(Object(CodeIgniter\Router\RouteCollection))
#3 C:\xampp\htdocs\myLPU-HIMS\codeigniter\system\CodeIgniter.php(317): CodeIgniter\CodeIgniter->handleRequest(NULL, Object(Config\Cache), false)
#4 C:\xampp\htdocs\myLPU-HIMS\lycean\public\index.php(37): CodeIgniter\CodeIgniter->run()
#5 {main}
CRITICAL - 2021-11-23 23:36:24 --> syntax error, unexpected token ";", expecting "]"
#0 C:\xampp\htdocs\myLPU-HIMS\codeigniter\system\Router\Router.php(160): CodeIgniter\Router\Router->autoRoute('consultation/fe...')
#1 C:\xampp\htdocs\myLPU-HIMS\codeigniter\system\CodeIgniter.php(702): CodeIgniter\Router\Router->handle('consultation/fe...')
#2 C:\xampp\htdocs\myLPU-HIMS\codeigniter\system\CodeIgniter.php(358): CodeIgniter\CodeIgniter->tryToRouteIt(Object(CodeIgniter\Router\RouteCollection))
#3 C:\xampp\htdocs\myLPU-HIMS\codeigniter\system\CodeIgniter.php(317): CodeIgniter\CodeIgniter->handleRequest(NULL, Object(Config\Cache), false)
#4 C:\xampp\htdocs\myLPU-HIMS\lycean\public\index.php(37): CodeIgniter\CodeIgniter->run()
#5 {main}
CRITICAL - 2021-11-23 23:36:24 --> syntax error, unexpected token ";", expecting "]"
#0 C:\xampp\htdocs\myLPU-HIMS\codeigniter\system\Router\Router.php(160): CodeIgniter\Router\Router->autoRoute('consultation/fe...')
#1 C:\xampp\htdocs\myLPU-HIMS\codeigniter\system\CodeIgniter.php(702): CodeIgniter\Router\Router->handle('consultation/fe...')
#2 C:\xampp\htdocs\myLPU-HIMS\codeigniter\system\CodeIgniter.php(358): CodeIgniter\CodeIgniter->tryToRouteIt(Object(CodeIgniter\Router\RouteCollection))
#3 C:\xampp\htdocs\myLPU-HIMS\codeigniter\system\CodeIgniter.php(317): CodeIgniter\CodeIgniter->handleRequest(NULL, Object(Config\Cache), false)
#4 C:\xampp\htdocs\myLPU-HIMS\lycean\public\index.php(37): CodeIgniter\CodeIgniter->run()
#5 {main}
CRITICAL - 2021-11-23 23:36:24 --> syntax error, unexpected token ";", expecting "]"
#0 C:\xampp\htdocs\myLPU-HIMS\codeigniter\system\Router\Router.php(160): CodeIgniter\Router\Router->autoRoute('consultation/fe...')
#1 C:\xampp\htdocs\myLPU-HIMS\codeigniter\system\CodeIgniter.php(702): CodeIgniter\Router\Router->handle('consultation/fe...')
#2 C:\xampp\htdocs\myLPU-HIMS\codeigniter\system\CodeIgniter.php(358): CodeIgniter\CodeIgniter->tryToRouteIt(Object(CodeIgniter\Router\RouteCollection))
#3 C:\xampp\htdocs\myLPU-HIMS\codeigniter\system\CodeIgniter.php(317): CodeIgniter\CodeIgniter->handleRequest(NULL, Object(Config\Cache), false)
#4 C:\xampp\htdocs\myLPU-HIMS\lycean\public\index.php(37): CodeIgniter\CodeIgniter->run()
#5 {main}
CRITICAL - 2021-11-23 23:36:24 --> syntax error, unexpected token ";", expecting "]"
#0 C:\xampp\htdocs\myLPU-HIMS\codeigniter\system\Router\Router.php(160): CodeIgniter\Router\Router->autoRoute('consultation/fe...')
#1 C:\xampp\htdocs\myLPU-HIMS\codeigniter\system\CodeIgniter.php(702): CodeIgniter\Router\Router->handle('consultation/fe...')
#2 C:\xampp\htdocs\myLPU-HIMS\codeigniter\system\CodeIgniter.php(358): CodeIgniter\CodeIgniter->tryToRouteIt(Object(CodeIgniter\Router\RouteCollection))
#3 C:\xampp\htdocs\myLPU-HIMS\codeigniter\system\CodeIgniter.php(317): CodeIgniter\CodeIgniter->handleRequest(NULL, Object(Config\Cache), false)
#4 C:\xampp\htdocs\myLPU-HIMS\lycean\public\index.php(37): CodeIgniter\CodeIgniter->run()
#5 {main}
CRITICAL - 2021-11-23 23:36:24 --> syntax error, unexpected token ";", expecting "]"
#0 C:\xampp\htdocs\myLPU-HIMS\codeigniter\system\Router\Router.php(160): CodeIgniter\Router\Router->autoRoute('consultation/fe...')
#1 C:\xampp\htdocs\myLPU-HIMS\codeigniter\system\CodeIgniter.php(702): CodeIgniter\Router\Router->handle('consultation/fe...')
#2 C:\xampp\htdocs\myLPU-HIMS\codeigniter\system\CodeIgniter.php(358): CodeIgniter\CodeIgniter->tryToRouteIt(Object(CodeIgniter\Router\RouteCollection))
#3 C:\xampp\htdocs\myLPU-HIMS\codeigniter\system\CodeIgniter.php(317): CodeIgniter\CodeIgniter->handleRequest(NULL, Object(Config\Cache), false)
#4 C:\xampp\htdocs\myLPU-HIMS\lycean\public\index.php(37): CodeIgniter\CodeIgniter->run()
#5 {main}
CRITICAL - 2021-11-23 23:36:27 --> syntax error, unexpected token ";", expecting "]"
#0 C:\xampp\htdocs\myLPU-HIMS\codeigniter\system\Router\Router.php(160): CodeIgniter\Router\Router->autoRoute('consultation/fe...')
#1 C:\xampp\htdocs\myLPU-HIMS\codeigniter\system\CodeIgniter.php(702): CodeIgniter\Router\Router->handle('consultation/fe...')
#2 C:\xampp\htdocs\myLPU-HIMS\codeigniter\system\CodeIgniter.php(358): CodeIgniter\CodeIgniter->tryToRouteIt(Object(CodeIgniter\Router\RouteCollection))
#3 C:\xampp\htdocs\myLPU-HIMS\codeigniter\system\CodeIgniter.php(317): CodeIgniter\CodeIgniter->handleRequest(NULL, Object(Config\Cache), false)
#4 C:\xampp\htdocs\myLPU-HIMS\lycean\public\index.php(37): CodeIgniter\CodeIgniter->run()
#5 {main}
CRITICAL - 2021-11-23 23:36:27 --> syntax error, unexpected token ";", expecting "]"
#0 C:\xampp\htdocs\myLPU-HIMS\codeigniter\system\Router\Router.php(160): CodeIgniter\Router\Router->autoRoute('consultation/fe...')
#1 C:\xampp\htdocs\myLPU-HIMS\codeigniter\system\CodeIgniter.php(702): CodeIgniter\Router\Router->handle('consultation/fe...')
#2 C:\xampp\htdocs\myLPU-HIMS\codeigniter\system\CodeIgniter.php(358): CodeIgniter\CodeIgniter->tryToRouteIt(Object(CodeIgniter\Router\RouteCollection))
#3 C:\xampp\htdocs\myLPU-HIMS\codeigniter\system\CodeIgniter.php(317): CodeIgniter\CodeIgniter->handleRequest(NULL, Object(Config\Cache), false)
#4 C:\xampp\htdocs\myLPU-HIMS\lycean\public\index.php(37): CodeIgniter\CodeIgniter->run()
#5 {main}
CRITICAL - 2021-11-23 23:36:27 --> syntax error, unexpected token ";", expecting "]"
#0 C:\xampp\htdocs\myLPU-HIMS\codeigniter\system\Router\Router.php(160): CodeIgniter\Router\Router->autoRoute('consultation/fe...')
#1 C:\xampp\htdocs\myLPU-HIMS\codeigniter\system\CodeIgniter.php(702): CodeIgniter\Router\Router->handle('consultation/fe...')
#2 C:\xampp\htdocs\myLPU-HIMS\codeigniter\system\CodeIgniter.php(358): CodeIgniter\CodeIgniter->tryToRouteIt(Object(CodeIgniter\Router\RouteCollection))
#3 C:\xampp\htdocs\myLPU-HIMS\codeigniter\system\CodeIgniter.php(317): CodeIgniter\CodeIgniter->handleRequest(NULL, Object(Config\Cache), false)
#4 C:\xampp\htdocs\myLPU-HIMS\lycean\public\index.php(37): CodeIgniter\CodeIgniter->run()
#5 {main}
CRITICAL - 2021-11-23 23:36:27 --> syntax error, unexpected token ";", expecting "]"
#0 C:\xampp\htdocs\myLPU-HIMS\codeigniter\system\Router\Router.php(160): CodeIgniter\Router\Router->autoRoute('consultation/fe...')
#1 C:\xampp\htdocs\myLPU-HIMS\codeigniter\system\CodeIgniter.php(702): CodeIgniter\Router\Router->handle('consultation/fe...')
#2 C:\xampp\htdocs\myLPU-HIMS\codeigniter\system\CodeIgniter.php(358): CodeIgniter\CodeIgniter->tryToRouteIt(Object(CodeIgniter\Router\RouteCollection))
#3 C:\xampp\htdocs\myLPU-HIMS\codeigniter\system\CodeIgniter.php(317): CodeIgniter\CodeIgniter->handleRequest(NULL, Object(Config\Cache), false)
#4 C:\xampp\htdocs\myLPU-HIMS\lycean\public\index.php(37): CodeIgniter\CodeIgniter->run()
#5 {main}
CRITICAL - 2021-11-23 23:36:27 --> syntax error, unexpected token ";", expecting "]"
#0 C:\xampp\htdocs\myLPU-HIMS\codeigniter\system\Router\Router.php(160): CodeIgniter\Router\Router->autoRoute('consultation/fe...')
#1 C:\xampp\htdocs\myLPU-HIMS\codeigniter\system\CodeIgniter.php(702): CodeIgniter\Router\Router->handle('consultation/fe...')
#2 C:\xampp\htdocs\myLPU-HIMS\codeigniter\system\CodeIgniter.php(358): CodeIgniter\CodeIgniter->tryToRouteIt(Object(CodeIgniter\Router\RouteCollection))
#3 C:\xampp\htdocs\myLPU-HIMS\codeigniter\system\CodeIgniter.php(317): CodeIgniter\CodeIgniter->handleRequest(NULL, Object(Config\Cache), false)
#4 C:\xampp\htdocs\myLPU-HIMS\lycean\public\index.php(37): CodeIgniter\CodeIgniter->run()
#5 {main}
CRITICAL - 2021-11-23 23:36:27 --> syntax error, unexpected token ";", expecting "]"
#0 C:\xampp\htdocs\myLPU-HIMS\codeigniter\system\Router\Router.php(160): CodeIgniter\Router\Router->autoRoute('consultation/fe...')
#1 C:\xampp\htdocs\myLPU-HIMS\codeigniter\system\CodeIgniter.php(702): CodeIgniter\Router\Router->handle('consultation/fe...')
#2 C:\xampp\htdocs\myLPU-HIMS\codeigniter\system\CodeIgniter.php(358): CodeIgniter\CodeIgniter->tryToRouteIt(Object(CodeIgniter\Router\RouteCollection))
#3 C:\xampp\htdocs\myLPU-HIMS\codeigniter\system\CodeIgniter.php(317): CodeIgniter\CodeIgniter->handleRequest(NULL, Object(Config\Cache), false)
#4 C:\xampp\htdocs\myLPU-HIMS\lycean\public\index.php(37): CodeIgniter\CodeIgniter->run()
#5 {main}
CRITICAL - 2021-11-23 23:36:30 --> syntax error, unexpected token ";", expecting "]"
#0 C:\xampp\htdocs\myLPU-HIMS\codeigniter\system\Router\Router.php(160): CodeIgniter\Router\Router->autoRoute('consultation/fe...')
#1 C:\xampp\htdocs\myLPU-HIMS\codeigniter\system\CodeIgniter.php(702): CodeIgniter\Router\Router->handle('consultation/fe...')
#2 C:\xampp\htdocs\myLPU-HIMS\codeigniter\system\CodeIgniter.php(358): CodeIgniter\CodeIgniter->tryToRouteIt(Object(CodeIgniter\Router\RouteCollection))
#3 C:\xampp\htdocs\myLPU-HIMS\codeigniter\system\CodeIgniter.php(317): CodeIgniter\CodeIgniter->handleRequest(NULL, Object(Config\Cache), false)
#4 C:\xampp\htdocs\myLPU-HIMS\lycean\public\index.php(37): CodeIgniter\CodeIgniter->run()
#5 {main}
CRITICAL - 2021-11-23 23:36:30 --> syntax error, unexpected token ";", expecting "]"
#0 C:\xampp\htdocs\myLPU-HIMS\codeigniter\system\Router\Router.php(160): CodeIgniter\Router\Router->autoRoute('consultation/fe...')
#1 C:\xampp\htdocs\myLPU-HIMS\codeigniter\system\CodeIgniter.php(702): CodeIgniter\Router\Router->handle('consultation/fe...')
#2 C:\xampp\htdocs\myLPU-HIMS\codeigniter\system\CodeIgniter.php(358): CodeIgniter\CodeIgniter->tryToRouteIt(Object(CodeIgniter\Router\RouteCollection))
#3 C:\xampp\htdocs\myLPU-HIMS\codeigniter\system\CodeIgniter.php(317): CodeIgniter\CodeIgniter->handleRequest(NULL, Object(Config\Cache), false)
#4 C:\xampp\htdocs\myLPU-HIMS\lycean\public\index.php(37): CodeIgniter\CodeIgniter->run()
#5 {main}
CRITICAL - 2021-11-23 23:36:30 --> syntax error, unexpected token ";", expecting "]"
#0 C:\xampp\htdocs\myLPU-HIMS\codeigniter\system\Router\Router.php(160): CodeIgniter\Router\Router->autoRoute('consultation/fe...')
#1 C:\xampp\htdocs\myLPU-HIMS\codeigniter\system\CodeIgniter.php(702): CodeIgniter\Router\Router->handle('consultation/fe...')
#2 C:\xampp\htdocs\myLPU-HIMS\codeigniter\system\CodeIgniter.php(358): CodeIgniter\CodeIgniter->tryToRouteIt(Object(CodeIgniter\Router\RouteCollection))
#3 C:\xampp\htdocs\myLPU-HIMS\codeigniter\system\CodeIgniter.php(317): CodeIgniter\CodeIgniter->handleRequest(NULL, Object(Config\Cache), false)
#4 C:\xampp\htdocs\myLPU-HIMS\lycean\public\index.php(37): CodeIgniter\CodeIgniter->run()
#5 {main}
CRITICAL - 2021-11-23 23:36:30 --> syntax error, unexpected token ";", expecting "]"
#0 C:\xampp\htdocs\myLPU-HIMS\codeigniter\system\Router\Router.php(160): CodeIgniter\Router\Router->autoRoute('consultation/fe...')
#1 C:\xampp\htdocs\myLPU-HIMS\codeigniter\system\CodeIgniter.php(702): CodeIgniter\Router\Router->handle('consultation/fe...')
#2 C:\xampp\htdocs\myLPU-HIMS\codeigniter\system\CodeIgniter.php(358): CodeIgniter\CodeIgniter->tryToRouteIt(Object(CodeIgniter\Router\RouteCollection))
#3 C:\xampp\htdocs\myLPU-HIMS\codeigniter\system\CodeIgniter.php(317): CodeIgniter\CodeIgniter->handleRequest(NULL, Object(Config\Cache), false)
#4 C:\xampp\htdocs\myLPU-HIMS\lycean\public\index.php(37): CodeIgniter\CodeIgniter->run()
#5 {main}
CRITICAL - 2021-11-23 23:36:30 --> syntax error, unexpected token ";", expecting "]"
#0 C:\xampp\htdocs\myLPU-HIMS\codeigniter\system\Router\Router.php(160): CodeIgniter\Router\Router->autoRoute('consultation/fe...')
#1 C:\xampp\htdocs\myLPU-HIMS\codeigniter\system\CodeIgniter.php(702): CodeIgniter\Router\Router->handle('consultation/fe...')
#2 C:\xampp\htdocs\myLPU-HIMS\codeigniter\system\CodeIgniter.php(358): CodeIgniter\CodeIgniter->tryToRouteIt(Object(CodeIgniter\Router\RouteCollection))
#3 C:\xampp\htdocs\myLPU-HIMS\codeigniter\system\CodeIgniter.php(317): CodeIgniter\CodeIgniter->handleRequest(NULL, Object(Config\Cache), false)
#4 C:\xampp\htdocs\myLPU-HIMS\lycean\public\index.php(37): CodeIgniter\CodeIgniter->run()
#5 {main}
CRITICAL - 2021-11-23 23:36:30 --> syntax error, unexpected token ";", expecting "]"
#0 C:\xampp\htdocs\myLPU-HIMS\codeigniter\system\Router\Router.php(160): CodeIgniter\Router\Router->autoRoute('consultation/fe...')
#1 C:\xampp\htdocs\myLPU-HIMS\codeigniter\system\CodeIgniter.php(702): CodeIgniter\Router\Router->handle('consultation/fe...')
#2 C:\xampp\htdocs\myLPU-HIMS\codeigniter\system\CodeIgniter.php(358): CodeIgniter\CodeIgniter->tryToRouteIt(Object(CodeIgniter\Router\RouteCollection))
#3 C:\xampp\htdocs\myLPU-HIMS\codeigniter\system\CodeIgniter.php(317): CodeIgniter\CodeIgniter->handleRequest(NULL, Object(Config\Cache), false)
#4 C:\xampp\htdocs\myLPU-HIMS\lycean\public\index.php(37): CodeIgniter\CodeIgniter->run()
#5 {main}
CRITICAL - 2021-11-23 23:36:33 --> syntax error, unexpected token ";", expecting "]"
#0 C:\xampp\htdocs\myLPU-HIMS\codeigniter\system\Router\Router.php(160): CodeIgniter\Router\Router->autoRoute('consultation/fe...')
#1 C:\xampp\htdocs\myLPU-HIMS\codeigniter\system\CodeIgniter.php(702): CodeIgniter\Router\Router->handle('consultation/fe...')
#2 C:\xampp\htdocs\myLPU-HIMS\codeigniter\system\CodeIgniter.php(358): CodeIgniter\CodeIgniter->tryToRouteIt(Object(CodeIgniter\Router\RouteCollection))
#3 C:\xampp\htdocs\myLPU-HIMS\codeigniter\system\CodeIgniter.php(317): CodeIgniter\CodeIgniter->handleRequest(NULL, Object(Config\Cache), false)
#4 C:\xampp\htdocs\myLPU-HIMS\lycean\public\index.php(37): CodeIgniter\CodeIgniter->run()
#5 {main}
CRITICAL - 2021-11-23 23:36:33 --> syntax error, unexpected token ";", expecting "]"
#0 C:\xampp\htdocs\myLPU-HIMS\codeigniter\system\Router\Router.php(160): CodeIgniter\Router\Router->autoRoute('consultation/fe...')
#1 C:\xampp\htdocs\myLPU-HIMS\codeigniter\system\CodeIgniter.php(702): CodeIgniter\Router\Router->handle('consultation/fe...')
#2 C:\xampp\htdocs\myLPU-HIMS\codeigniter\system\CodeIgniter.php(358): CodeIgniter\CodeIgniter->tryToRouteIt(Object(CodeIgniter\Router\RouteCollection))
#3 C:\xampp\htdocs\myLPU-HIMS\codeigniter\system\CodeIgniter.php(317): CodeIgniter\CodeIgniter->handleRequest(NULL, Object(Config\Cache), false)
#4 C:\xampp\htdocs\myLPU-HIMS\lycean\public\index.php(37): CodeIgniter\CodeIgniter->run()
#5 {main}
CRITICAL - 2021-11-23 23:36:33 --> syntax error, unexpected token ";", expecting "]"
#0 C:\xampp\htdocs\myLPU-HIMS\codeigniter\system\Router\Router.php(160): CodeIgniter\Router\Router->autoRoute('consultation/fe...')
#1 C:\xampp\htdocs\myLPU-HIMS\codeigniter\system\CodeIgniter.php(702): CodeIgniter\Router\Router->handle('consultation/fe...')
#2 C:\xampp\htdocs\myLPU-HIMS\codeigniter\system\CodeIgniter.php(358): CodeIgniter\CodeIgniter->tryToRouteIt(Object(CodeIgniter\Router\RouteCollection))
#3 C:\xampp\htdocs\myLPU-HIMS\codeigniter\system\CodeIgniter.php(317): CodeIgniter\CodeIgniter->handleRequest(NULL, Object(Config\Cache), false)
#4 C:\xampp\htdocs\myLPU-HIMS\lycean\public\index.php(37): CodeIgniter\CodeIgniter->run()
#5 {main}
CRITICAL - 2021-11-23 23:36:33 --> syntax error, unexpected token ";", expecting "]"
#0 C:\xampp\htdocs\myLPU-HIMS\codeigniter\system\Router\Router.php(160): CodeIgniter\Router\Router->autoRoute('consultation/fe...')
#1 C:\xampp\htdocs\myLPU-HIMS\codeigniter\system\CodeIgniter.php(702): CodeIgniter\Router\Router->handle('consultation/fe...')
#2 C:\xampp\htdocs\myLPU-HIMS\codeigniter\system\CodeIgniter.php(358): CodeIgniter\CodeIgniter->tryToRouteIt(Object(CodeIgniter\Router\RouteCollection))
#3 C:\xampp\htdocs\myLPU-HIMS\codeigniter\system\CodeIgniter.php(317): CodeIgniter\CodeIgniter->handleRequest(NULL, Object(Config\Cache), false)
#4 C:\xampp\htdocs\myLPU-HIMS\lycean\public\index.php(37): CodeIgniter\CodeIgniter->run()
#5 {main}
CRITICAL - 2021-11-23 23:36:33 --> syntax error, unexpected token ";", expecting "]"
#0 C:\xampp\htdocs\myLPU-HIMS\codeigniter\system\Router\Router.php(160): CodeIgniter\Router\Router->autoRoute('consultation/fe...')
#1 C:\xampp\htdocs\myLPU-HIMS\codeigniter\system\CodeIgniter.php(702): CodeIgniter\Router\Router->handle('consultation/fe...')
#2 C:\xampp\htdocs\myLPU-HIMS\codeigniter\system\CodeIgniter.php(358): CodeIgniter\CodeIgniter->tryToRouteIt(Object(CodeIgniter\Router\RouteCollection))
#3 C:\xampp\htdocs\myLPU-HIMS\codeigniter\system\CodeIgniter.php(317): CodeIgniter\CodeIgniter->handleRequest(NULL, Object(Config\Cache), false)
#4 C:\xampp\htdocs\myLPU-HIMS\lycean\public\index.php(37): CodeIgniter\CodeIgniter->run()
#5 {main}
CRITICAL - 2021-11-23 23:36:33 --> syntax error, unexpected token ";", expecting "]"
#0 C:\xampp\htdocs\myLPU-HIMS\codeigniter\system\Router\Router.php(160): CodeIgniter\Router\Router->autoRoute('consultation/fe...')
#1 C:\xampp\htdocs\myLPU-HIMS\codeigniter\system\CodeIgniter.php(702): CodeIgniter\Router\Router->handle('consultation/fe...')
#2 C:\xampp\htdocs\myLPU-HIMS\codeigniter\system\CodeIgniter.php(358): CodeIgniter\CodeIgniter->tryToRouteIt(Object(CodeIgniter\Router\RouteCollection))
#3 C:\xampp\htdocs\myLPU-HIMS\codeigniter\system\CodeIgniter.php(317): CodeIgniter\CodeIgniter->handleRequest(NULL, Object(Config\Cache), false)
#4 C:\xampp\htdocs\myLPU-HIMS\lycean\public\index.php(37): CodeIgniter\CodeIgniter->run()
#5 {main}
CRITICAL - 2021-11-23 23:36:36 --> syntax error, unexpected token ";", expecting "]"
#0 C:\xampp\htdocs\myLPU-HIMS\codeigniter\system\Router\Router.php(160): CodeIgniter\Router\Router->autoRoute('consultation/fe...')
#1 C:\xampp\htdocs\myLPU-HIMS\codeigniter\system\CodeIgniter.php(702): CodeIgniter\Router\Router->handle('consultation/fe...')
#2 C:\xampp\htdocs\myLPU-HIMS\codeigniter\system\CodeIgniter.php(358): CodeIgniter\CodeIgniter->tryToRouteIt(Object(CodeIgniter\Router\RouteCollection))
#3 C:\xampp\htdocs\myLPU-HIMS\codeigniter\system\CodeIgniter.php(317): CodeIgniter\CodeIgniter->handleRequest(NULL, Object(Config\Cache), false)
#4 C:\xampp\htdocs\myLPU-HIMS\lycean\public\index.php(37): CodeIgniter\CodeIgniter->run()
#5 {main}
CRITICAL - 2021-11-23 23:36:36 --> syntax error, unexpected token ";", expecting "]"
#0 C:\xampp\htdocs\myLPU-HIMS\codeigniter\system\Router\Router.php(160): CodeIgniter\Router\Router->autoRoute('consultation/fe...')
#1 C:\xampp\htdocs\myLPU-HIMS\codeigniter\system\CodeIgniter.php(702): CodeIgniter\Router\Router->handle('consultation/fe...')
#2 C:\xampp\htdocs\myLPU-HIMS\codeigniter\system\CodeIgniter.php(358): CodeIgniter\CodeIgniter->tryToRouteIt(Object(CodeIgniter\Router\RouteCollection))
#3 C:\xampp\htdocs\myLPU-HIMS\codeigniter\system\CodeIgniter.php(317): CodeIgniter\CodeIgniter->handleRequest(NULL, Object(Config\Cache), false)
#4 C:\xampp\htdocs\myLPU-HIMS\lycean\public\index.php(37): CodeIgniter\CodeIgniter->run()
#5 {main}
CRITICAL - 2021-11-23 23:36:36 --> syntax error, unexpected token ";", expecting "]"
#0 C:\xampp\htdocs\myLPU-HIMS\codeigniter\system\Router\Router.php(160): CodeIgniter\Router\Router->autoRoute('consultation/fe...')
#1 C:\xampp\htdocs\myLPU-HIMS\codeigniter\system\CodeIgniter.php(702): CodeIgniter\Router\Router->handle('consultation/fe...')
#2 C:\xampp\htdocs\myLPU-HIMS\codeigniter\system\CodeIgniter.php(358): CodeIgniter\CodeIgniter->tryToRouteIt(Object(CodeIgniter\Router\RouteCollection))
#3 C:\xampp\htdocs\myLPU-HIMS\codeigniter\system\CodeIgniter.php(317): CodeIgniter\CodeIgniter->handleRequest(NULL, Object(Config\Cache), false)
#4 C:\xampp\htdocs\myLPU-HIMS\lycean\public\index.php(37): CodeIgniter\CodeIgniter->run()
#5 {main}
CRITICAL - 2021-11-23 23:36:36 --> syntax error, unexpected token ";", expecting "]"
#0 C:\xampp\htdocs\myLPU-HIMS\codeigniter\system\Router\Router.php(160): CodeIgniter\Router\Router->autoRoute('consultation/fe...')
#1 C:\xampp\htdocs\myLPU-HIMS\codeigniter\system\CodeIgniter.php(702): CodeIgniter\Router\Router->handle('consultation/fe...')
#2 C:\xampp\htdocs\myLPU-HIMS\codeigniter\system\CodeIgniter.php(358): CodeIgniter\CodeIgniter->tryToRouteIt(Object(CodeIgniter\Router\RouteCollection))
#3 C:\xampp\htdocs\myLPU-HIMS\codeigniter\system\CodeIgniter.php(317): CodeIgniter\CodeIgniter->handleRequest(NULL, Object(Config\Cache), false)
#4 C:\xampp\htdocs\myLPU-HIMS\lycean\public\index.php(37): CodeIgniter\CodeIgniter->run()
#5 {main}
CRITICAL - 2021-11-23 23:36:36 --> syntax error, unexpected token ";", expecting "]"
#0 C:\xampp\htdocs\myLPU-HIMS\codeigniter\system\Router\Router.php(160): CodeIgniter\Router\Router->autoRoute('consultation/fe...')
#1 C:\xampp\htdocs\myLPU-HIMS\codeigniter\system\CodeIgniter.php(702): CodeIgniter\Router\Router->handle('consultation/fe...')
#2 C:\xampp\htdocs\myLPU-HIMS\codeigniter\system\CodeIgniter.php(358): CodeIgniter\CodeIgniter->tryToRouteIt(Object(CodeIgniter\Router\RouteCollection))
#3 C:\xampp\htdocs\myLPU-HIMS\codeigniter\system\CodeIgniter.php(317): CodeIgniter\CodeIgniter->handleRequest(NULL, Object(Config\Cache), false)
#4 C:\xampp\htdocs\myLPU-HIMS\lycean\public\index.php(37): CodeIgniter\CodeIgniter->run()
#5 {main}
CRITICAL - 2021-11-23 23:36:36 --> syntax error, unexpected token ";", expecting "]"
#0 C:\xampp\htdocs\myLPU-HIMS\codeigniter\system\Router\Router.php(160): CodeIgniter\Router\Router->autoRoute('consultation/fe...')
#1 C:\xampp\htdocs\myLPU-HIMS\codeigniter\system\CodeIgniter.php(702): CodeIgniter\Router\Router->handle('consultation/fe...')
#2 C:\xampp\htdocs\myLPU-HIMS\codeigniter\system\CodeIgniter.php(358): CodeIgniter\CodeIgniter->tryToRouteIt(Object(CodeIgniter\Router\RouteCollection))
#3 C:\xampp\htdocs\myLPU-HIMS\codeigniter\system\CodeIgniter.php(317): CodeIgniter\CodeIgniter->handleRequest(NULL, Object(Config\Cache), false)
#4 C:\xampp\htdocs\myLPU-HIMS\lycean\public\index.php(37): CodeIgniter\CodeIgniter->run()
#5 {main}
