CRITICAL - 2021-09-21 00:23:36 --> Array to string conversion
#0 C:\xampp\htdocs\myLPU-HIMS\clinic\app\Views\components\records\student.php(353): CodeIgniter\Debug\Exceptions->errorHandler(2, 'Array to string...', 'C:\\xampp\\htdocs...', 353)
#1 C:\xampp\htdocs\myLPU-HIMS\codeigniter\system\View\View.php(214): include('C:\\xampp\\htdocs...')
#2 C:\xampp\htdocs\myLPU-HIMS\codeigniter\system\View\View.php(217): CodeIgniter\View\View->CodeIgniter\View\{closure}()
#3 C:\xampp\htdocs\myLPU-HIMS\codeigniter\system\Common.php(1092): CodeIgniter\View\View->render('components/reco...', Array, true)
#4 C:\xampp\htdocs\myLPU-HIMS\clinic\app\Controllers\Records.php(41): view('components/reco...', Array)
#5 C:\xampp\htdocs\myLPU-HIMS\codeigniter\system\CodeIgniter.php(802): App\Controllers\Records->student()
#6 C:\xampp\htdocs\myLPU-HIMS\codeigniter\system\CodeIgniter.php(399): CodeIgniter\CodeIgniter->runController(Object(App\Controllers\Records))
#7 C:\xampp\htdocs\myLPU-HIMS\codeigniter\system\CodeIgniter.php(317): CodeIgniter\CodeIgniter->handleRequest(NULL, Object(Config\Cache), false)
#8 C:\xampp\htdocs\myLPU-HIMS\clinic\public\index.php(37): CodeIgniter\CodeIgniter->run()
#9 {main}
CRITICAL - 2021-09-21 00:24:01 --> Array to string conversion
#0 C:\xampp\htdocs\myLPU-HIMS\clinic\app\Views\components\records\student.php(353): CodeIgniter\Debug\Exceptions->errorHandler(2, 'Array to string...', 'C:\\xampp\\htdocs...', 353)
#1 C:\xampp\htdocs\myLPU-HIMS\codeigniter\system\View\View.php(214): include('C:\\xampp\\htdocs...')
#2 C:\xampp\htdocs\myLPU-HIMS\codeigniter\system\View\View.php(217): CodeIgniter\View\View->CodeIgniter\View\{closure}()
#3 C:\xampp\htdocs\myLPU-HIMS\codeigniter\system\Common.php(1092): CodeIgniter\View\View->render('components/reco...', Array, true)
#4 C:\xampp\htdocs\myLPU-HIMS\clinic\app\Controllers\Records.php(41): view('components/reco...', Array)
#5 C:\xampp\htdocs\myLPU-HIMS\codeigniter\system\CodeIgniter.php(802): App\Controllers\Records->student()
#6 C:\xampp\htdocs\myLPU-HIMS\codeigniter\system\CodeIgniter.php(399): CodeIgniter\CodeIgniter->runController(Object(App\Controllers\Records))
#7 C:\xampp\htdocs\myLPU-HIMS\codeigniter\system\CodeIgniter.php(317): CodeIgniter\CodeIgniter->handleRequest(NULL, Object(Config\Cache), false)
#8 C:\xampp\htdocs\myLPU-HIMS\clinic\public\index.php(37): CodeIgniter\CodeIgniter->run()
#9 {main}
