CRITICAL - 2021-10-11 14:53:57 --> Trying to access array offset on value of type null
#0 C:\xampp\htdocs\myLPU-HIMS\lycean\app\Helpers\useraccount_helper.php(20): CodeIgniter\Debug\Exceptions->errorHandler(2, 'Trying to acces...', 'C:\\xampp\\htdocs...', 20)
#1 C:\xampp\htdocs\myLPU-HIMS\lycean\app\Controllers\Consultation.php(15): getUserFullname()
#2 C:\xampp\htdocs\myLPU-HIMS\codeigniter\system\CodeIgniter.php(779): App\Controllers\Consultation->__construct()
#3 C:\xampp\htdocs\myLPU-HIMS\codeigniter\system\CodeIgniter.php(390): CodeIgniter\CodeIgniter->createController()
#4 C:\xampp\htdocs\myLPU-HIMS\codeigniter\system\CodeIgniter.php(317): CodeIgniter\CodeIgniter->handleRequest(NULL, Object(Config\Cache), false)
#5 C:\xampp\htdocs\myLPU-HIMS\lycean\public\index.php(37): CodeIgniter\CodeIgniter->run()
#6 {main}
CRITICAL - 2021-10-11 14:53:57 --> Trying to access array offset on value of type null
#0 C:\xampp\htdocs\myLPU-HIMS\lycean\app\Helpers\useraccount_helper.php(20): CodeIgniter\Debug\Exceptions->errorHandler(2, 'Trying to acces...', 'C:\\xampp\\htdocs...', 20)
#1 C:\xampp\htdocs\myLPU-HIMS\lycean\app\Controllers\Consultation.php(15): getUserFullname()
#2 C:\xampp\htdocs\myLPU-HIMS\codeigniter\system\CodeIgniter.php(779): App\Controllers\Consultation->__construct()
#3 C:\xampp\htdocs\myLPU-HIMS\codeigniter\system\CodeIgniter.php(390): CodeIgniter\CodeIgniter->createController()
#4 C:\xampp\htdocs\myLPU-HIMS\codeigniter\system\CodeIgniter.php(317): CodeIgniter\CodeIgniter->handleRequest(NULL, Object(Config\Cache), false)
#5 C:\xampp\htdocs\myLPU-HIMS\lycean\public\index.php(37): CodeIgniter\CodeIgniter->run()
#6 {main}
CRITICAL - 2021-10-11 14:53:57 --> Trying to access array offset on value of type null
#0 C:\xampp\htdocs\myLPU-HIMS\lycean\app\Helpers\useraccount_helper.php(20): CodeIgniter\Debug\Exceptions->errorHandler(2, 'Trying to acces...', 'C:\\xampp\\htdocs...', 20)
#1 C:\xampp\htdocs\myLPU-HIMS\lycean\app\Controllers\Consultation.php(15): getUserFullname()
#2 C:\xampp\htdocs\myLPU-HIMS\codeigniter\system\CodeIgniter.php(779): App\Controllers\Consultation->__construct()
#3 C:\xampp\htdocs\myLPU-HIMS\codeigniter\system\CodeIgniter.php(390): CodeIgniter\CodeIgniter->createController()
#4 C:\xampp\htdocs\myLPU-HIMS\codeigniter\system\CodeIgniter.php(317): CodeIgniter\CodeIgniter->handleRequest(NULL, Object(Config\Cache), false)
#5 C:\xampp\htdocs\myLPU-HIMS\lycean\public\index.php(37): CodeIgniter\CodeIgniter->run()
#6 {main}
CRITICAL - 2021-10-11 14:53:57 --> Trying to access array offset on value of type null
#0 C:\xampp\htdocs\myLPU-HIMS\lycean\app\Helpers\useraccount_helper.php(20): CodeIgniter\Debug\Exceptions->errorHandler(2, 'Trying to acces...', 'C:\\xampp\\htdocs...', 20)
#1 C:\xampp\htdocs\myLPU-HIMS\lycean\app\Controllers\Consultation.php(15): getUserFullname()
#2 C:\xampp\htdocs\myLPU-HIMS\codeigniter\system\CodeIgniter.php(779): App\Controllers\Consultation->__construct()
#3 C:\xampp\htdocs\myLPU-HIMS\codeigniter\system\CodeIgniter.php(390): CodeIgniter\CodeIgniter->createController()
#4 C:\xampp\htdocs\myLPU-HIMS\codeigniter\system\CodeIgniter.php(317): CodeIgniter\CodeIgniter->handleRequest(NULL, Object(Config\Cache), false)
#5 C:\xampp\htdocs\myLPU-HIMS\lycean\public\index.php(37): CodeIgniter\CodeIgniter->run()
#6 {main}
CRITICAL - 2021-10-11 14:53:58 --> Trying to access array offset on value of type null
#0 C:\xampp\htdocs\myLPU-HIMS\lycean\app\Helpers\useraccount_helper.php(20): CodeIgniter\Debug\Exceptions->errorHandler(2, 'Trying to acces...', 'C:\\xampp\\htdocs...', 20)
#1 C:\xampp\htdocs\myLPU-HIMS\lycean\app\Controllers\Consultation.php(15): getUserFullname()
#2 C:\xampp\htdocs\myLPU-HIMS\codeigniter\system\CodeIgniter.php(779): App\Controllers\Consultation->__construct()
#3 C:\xampp\htdocs\myLPU-HIMS\codeigniter\system\CodeIgniter.php(390): CodeIgniter\CodeIgniter->createController()
#4 C:\xampp\htdocs\myLPU-HIMS\codeigniter\system\CodeIgniter.php(317): CodeIgniter\CodeIgniter->handleRequest(NULL, Object(Config\Cache), false)
#5 C:\xampp\htdocs\myLPU-HIMS\lycean\public\index.php(37): CodeIgniter\CodeIgniter->run()
#6 {main}
CRITICAL - 2021-10-11 14:53:58 --> Trying to access array offset on value of type null
#0 C:\xampp\htdocs\myLPU-HIMS\lycean\app\Helpers\useraccount_helper.php(20): CodeIgniter\Debug\Exceptions->errorHandler(2, 'Trying to acces...', 'C:\\xampp\\htdocs...', 20)
#1 C:\xampp\htdocs\myLPU-HIMS\lycean\app\Controllers\Consultation.php(15): getUserFullname()
#2 C:\xampp\htdocs\myLPU-HIMS\codeigniter\system\CodeIgniter.php(779): App\Controllers\Consultation->__construct()
#3 C:\xampp\htdocs\myLPU-HIMS\codeigniter\system\CodeIgniter.php(390): CodeIgniter\CodeIgniter->createController()
#4 C:\xampp\htdocs\myLPU-HIMS\codeigniter\system\CodeIgniter.php(317): CodeIgniter\CodeIgniter->handleRequest(NULL, Object(Config\Cache), false)
#5 C:\xampp\htdocs\myLPU-HIMS\lycean\public\index.php(37): CodeIgniter\CodeIgniter->run()
#6 {main}
CRITICAL - 2021-10-11 14:53:58 --> Trying to access array offset on value of type null
#0 C:\xampp\htdocs\myLPU-HIMS\lycean\app\Helpers\useraccount_helper.php(20): CodeIgniter\Debug\Exceptions->errorHandler(2, 'Trying to acces...', 'C:\\xampp\\htdocs...', 20)
#1 C:\xampp\htdocs\myLPU-HIMS\lycean\app\Controllers\Consultation.php(15): getUserFullname()
#2 C:\xampp\htdocs\myLPU-HIMS\codeigniter\system\CodeIgniter.php(779): App\Controllers\Consultation->__construct()
#3 C:\xampp\htdocs\myLPU-HIMS\codeigniter\system\CodeIgniter.php(390): CodeIgniter\CodeIgniter->createController()
#4 C:\xampp\htdocs\myLPU-HIMS\codeigniter\system\CodeIgniter.php(317): CodeIgniter\CodeIgniter->handleRequest(NULL, Object(Config\Cache), false)
#5 C:\xampp\htdocs\myLPU-HIMS\lycean\public\index.php(37): CodeIgniter\CodeIgniter->run()
#6 {main}
CRITICAL - 2021-10-11 14:53:58 --> Trying to access array offset on value of type null
#0 C:\xampp\htdocs\myLPU-HIMS\lycean\app\Helpers\useraccount_helper.php(20): CodeIgniter\Debug\Exceptions->errorHandler(2, 'Trying to acces...', 'C:\\xampp\\htdocs...', 20)
#1 C:\xampp\htdocs\myLPU-HIMS\lycean\app\Controllers\Consultation.php(15): getUserFullname()
#2 C:\xampp\htdocs\myLPU-HIMS\codeigniter\system\CodeIgniter.php(779): App\Controllers\Consultation->__construct()
#3 C:\xampp\htdocs\myLPU-HIMS\codeigniter\system\CodeIgniter.php(390): CodeIgniter\CodeIgniter->createController()
#4 C:\xampp\htdocs\myLPU-HIMS\codeigniter\system\CodeIgniter.php(317): CodeIgniter\CodeIgniter->handleRequest(NULL, Object(Config\Cache), false)
#5 C:\xampp\htdocs\myLPU-HIMS\lycean\public\index.php(37): CodeIgniter\CodeIgniter->run()
#6 {main}
CRITICAL - 2021-10-11 14:53:58 --> Trying to access array offset on value of type null
#0 C:\xampp\htdocs\myLPU-HIMS\lycean\app\Helpers\useraccount_helper.php(20): CodeIgniter\Debug\Exceptions->errorHandler(2, 'Trying to acces...', 'C:\\xampp\\htdocs...', 20)
#1 C:\xampp\htdocs\myLPU-HIMS\lycean\app\Controllers\Consultation.php(15): getUserFullname()
#2 C:\xampp\htdocs\myLPU-HIMS\codeigniter\system\CodeIgniter.php(779): App\Controllers\Consultation->__construct()
#3 C:\xampp\htdocs\myLPU-HIMS\codeigniter\system\CodeIgniter.php(390): CodeIgniter\CodeIgniter->createController()
#4 C:\xampp\htdocs\myLPU-HIMS\codeigniter\system\CodeIgniter.php(317): CodeIgniter\CodeIgniter->handleRequest(NULL, Object(Config\Cache), false)
#5 C:\xampp\htdocs\myLPU-HIMS\lycean\public\index.php(37): CodeIgniter\CodeIgniter->run()
#6 {main}
CRITICAL - 2021-10-11 14:53:58 --> Trying to access array offset on value of type null
#0 C:\xampp\htdocs\myLPU-HIMS\lycean\app\Helpers\useraccount_helper.php(20): CodeIgniter\Debug\Exceptions->errorHandler(2, 'Trying to acces...', 'C:\\xampp\\htdocs...', 20)
#1 C:\xampp\htdocs\myLPU-HIMS\lycean\app\Controllers\Consultation.php(15): getUserFullname()
#2 C:\xampp\htdocs\myLPU-HIMS\codeigniter\system\CodeIgniter.php(779): App\Controllers\Consultation->__construct()
#3 C:\xampp\htdocs\myLPU-HIMS\codeigniter\system\CodeIgniter.php(390): CodeIgniter\CodeIgniter->createController()
#4 C:\xampp\htdocs\myLPU-HIMS\codeigniter\system\CodeIgniter.php(317): CodeIgniter\CodeIgniter->handleRequest(NULL, Object(Config\Cache), false)
#5 C:\xampp\htdocs\myLPU-HIMS\lycean\public\index.php(37): CodeIgniter\CodeIgniter->run()
#6 {main}
CRITICAL - 2021-10-11 14:53:58 --> Trying to access array offset on value of type null
#0 C:\xampp\htdocs\myLPU-HIMS\lycean\app\Helpers\useraccount_helper.php(20): CodeIgniter\Debug\Exceptions->errorHandler(2, 'Trying to acces...', 'C:\\xampp\\htdocs...', 20)
#1 C:\xampp\htdocs\myLPU-HIMS\lycean\app\Controllers\Consultation.php(15): getUserFullname()
#2 C:\xampp\htdocs\myLPU-HIMS\codeigniter\system\CodeIgniter.php(779): App\Controllers\Consultation->__construct()
#3 C:\xampp\htdocs\myLPU-HIMS\codeigniter\system\CodeIgniter.php(390): CodeIgniter\CodeIgniter->createController()
#4 C:\xampp\htdocs\myLPU-HIMS\codeigniter\system\CodeIgniter.php(317): CodeIgniter\CodeIgniter->handleRequest(NULL, Object(Config\Cache), false)
#5 C:\xampp\htdocs\myLPU-HIMS\lycean\public\index.php(37): CodeIgniter\CodeIgniter->run()
#6 {main}
CRITICAL - 2021-10-11 14:53:58 --> Trying to access array offset on value of type null
#0 C:\xampp\htdocs\myLPU-HIMS\lycean\app\Helpers\useraccount_helper.php(20): CodeIgniter\Debug\Exceptions->errorHandler(2, 'Trying to acces...', 'C:\\xampp\\htdocs...', 20)
#1 C:\xampp\htdocs\myLPU-HIMS\lycean\app\Controllers\Consultation.php(15): getUserFullname()
#2 C:\xampp\htdocs\myLPU-HIMS\codeigniter\system\CodeIgniter.php(779): App\Controllers\Consultation->__construct()
#3 C:\xampp\htdocs\myLPU-HIMS\codeigniter\system\CodeIgniter.php(390): CodeIgniter\CodeIgniter->createController()
#4 C:\xampp\htdocs\myLPU-HIMS\codeigniter\system\CodeIgniter.php(317): CodeIgniter\CodeIgniter->handleRequest(NULL, Object(Config\Cache), false)
#5 C:\xampp\htdocs\myLPU-HIMS\lycean\public\index.php(37): CodeIgniter\CodeIgniter->run()
#6 {main}
CRITICAL - 2021-10-11 14:53:59 --> Trying to access array offset on value of type null
#0 C:\xampp\htdocs\myLPU-HIMS\lycean\app\Helpers\useraccount_helper.php(20): CodeIgniter\Debug\Exceptions->errorHandler(2, 'Trying to acces...', 'C:\\xampp\\htdocs...', 20)
#1 C:\xampp\htdocs\myLPU-HIMS\lycean\app\Controllers\Consultation.php(15): getUserFullname()
#2 C:\xampp\htdocs\myLPU-HIMS\codeigniter\system\CodeIgniter.php(779): App\Controllers\Consultation->__construct()
#3 C:\xampp\htdocs\myLPU-HIMS\codeigniter\system\CodeIgniter.php(390): CodeIgniter\CodeIgniter->createController()
#4 C:\xampp\htdocs\myLPU-HIMS\codeigniter\system\CodeIgniter.php(317): CodeIgniter\CodeIgniter->handleRequest(NULL, Object(Config\Cache), false)
#5 C:\xampp\htdocs\myLPU-HIMS\lycean\public\index.php(37): CodeIgniter\CodeIgniter->run()
#6 {main}
CRITICAL - 2021-10-11 14:53:59 --> Trying to access array offset on value of type null
#0 C:\xampp\htdocs\myLPU-HIMS\lycean\app\Helpers\useraccount_helper.php(20): CodeIgniter\Debug\Exceptions->errorHandler(2, 'Trying to acces...', 'C:\\xampp\\htdocs...', 20)
#1 C:\xampp\htdocs\myLPU-HIMS\lycean\app\Controllers\Consultation.php(15): getUserFullname()
#2 C:\xampp\htdocs\myLPU-HIMS\codeigniter\system\CodeIgniter.php(779): App\Controllers\Consultation->__construct()
#3 C:\xampp\htdocs\myLPU-HIMS\codeigniter\system\CodeIgniter.php(390): CodeIgniter\CodeIgniter->createController()
#4 C:\xampp\htdocs\myLPU-HIMS\codeigniter\system\CodeIgniter.php(317): CodeIgniter\CodeIgniter->handleRequest(NULL, Object(Config\Cache), false)
#5 C:\xampp\htdocs\myLPU-HIMS\lycean\public\index.php(37): CodeIgniter\CodeIgniter->run()
#6 {main}
CRITICAL - 2021-10-11 14:53:59 --> Trying to access array offset on value of type null
#0 C:\xampp\htdocs\myLPU-HIMS\lycean\app\Helpers\useraccount_helper.php(20): CodeIgniter\Debug\Exceptions->errorHandler(2, 'Trying to acces...', 'C:\\xampp\\htdocs...', 20)
#1 C:\xampp\htdocs\myLPU-HIMS\lycean\app\Controllers\Consultation.php(15): getUserFullname()
#2 C:\xampp\htdocs\myLPU-HIMS\codeigniter\system\CodeIgniter.php(779): App\Controllers\Consultation->__construct()
#3 C:\xampp\htdocs\myLPU-HIMS\codeigniter\system\CodeIgniter.php(390): CodeIgniter\CodeIgniter->createController()
#4 C:\xampp\htdocs\myLPU-HIMS\codeigniter\system\CodeIgniter.php(317): CodeIgniter\CodeIgniter->handleRequest(NULL, Object(Config\Cache), false)
#5 C:\xampp\htdocs\myLPU-HIMS\lycean\public\index.php(37): CodeIgniter\CodeIgniter->run()
#6 {main}
CRITICAL - 2021-10-11 14:53:59 --> Trying to access array offset on value of type null
#0 C:\xampp\htdocs\myLPU-HIMS\lycean\app\Helpers\useraccount_helper.php(20): CodeIgniter\Debug\Exceptions->errorHandler(2, 'Trying to acces...', 'C:\\xampp\\htdocs...', 20)
#1 C:\xampp\htdocs\myLPU-HIMS\lycean\app\Controllers\Consultation.php(15): getUserFullname()
#2 C:\xampp\htdocs\myLPU-HIMS\codeigniter\system\CodeIgniter.php(779): App\Controllers\Consultation->__construct()
#3 C:\xampp\htdocs\myLPU-HIMS\codeigniter\system\CodeIgniter.php(390): CodeIgniter\CodeIgniter->createController()
#4 C:\xampp\htdocs\myLPU-HIMS\codeigniter\system\CodeIgniter.php(317): CodeIgniter\CodeIgniter->handleRequest(NULL, Object(Config\Cache), false)
#5 C:\xampp\htdocs\myLPU-HIMS\lycean\public\index.php(37): CodeIgniter\CodeIgniter->run()
#6 {main}
CRITICAL - 2021-10-11 14:55:52 --> Trying to access array offset on value of type null
#0 C:\xampp\htdocs\myLPU-HIMS\lycean\app\Helpers\useraccount_helper.php(20): CodeIgniter\Debug\Exceptions->errorHandler(2, 'Trying to acces...', 'C:\\xampp\\htdocs...', 20)
#1 C:\xampp\htdocs\myLPU-HIMS\lycean\app\Controllers\Consultation.php(15): getUserFullname()
#2 C:\xampp\htdocs\myLPU-HIMS\codeigniter\system\CodeIgniter.php(779): App\Controllers\Consultation->__construct()
#3 C:\xampp\htdocs\myLPU-HIMS\codeigniter\system\CodeIgniter.php(390): CodeIgniter\CodeIgniter->createController()
#4 C:\xampp\htdocs\myLPU-HIMS\codeigniter\system\CodeIgniter.php(317): CodeIgniter\CodeIgniter->handleRequest(NULL, Object(Config\Cache), false)
#5 C:\xampp\htdocs\myLPU-HIMS\lycean\public\index.php(37): CodeIgniter\CodeIgniter->run()
#6 {main}
CRITICAL - 2021-10-11 14:55:52 --> Trying to access array offset on value of type null
#0 C:\xampp\htdocs\myLPU-HIMS\lycean\app\Helpers\useraccount_helper.php(20): CodeIgniter\Debug\Exceptions->errorHandler(2, 'Trying to acces...', 'C:\\xampp\\htdocs...', 20)
#1 C:\xampp\htdocs\myLPU-HIMS\lycean\app\Controllers\Consultation.php(15): getUserFullname()
#2 C:\xampp\htdocs\myLPU-HIMS\codeigniter\system\CodeIgniter.php(779): App\Controllers\Consultation->__construct()
#3 C:\xampp\htdocs\myLPU-HIMS\codeigniter\system\CodeIgniter.php(390): CodeIgniter\CodeIgniter->createController()
#4 C:\xampp\htdocs\myLPU-HIMS\codeigniter\system\CodeIgniter.php(317): CodeIgniter\CodeIgniter->handleRequest(NULL, Object(Config\Cache), false)
#5 C:\xampp\htdocs\myLPU-HIMS\lycean\public\index.php(37): CodeIgniter\CodeIgniter->run()
#6 {main}
CRITICAL - 2021-10-11 14:55:52 --> Trying to access array offset on value of type null
#0 C:\xampp\htdocs\myLPU-HIMS\lycean\app\Helpers\useraccount_helper.php(20): CodeIgniter\Debug\Exceptions->errorHandler(2, 'Trying to acces...', 'C:\\xampp\\htdocs...', 20)
#1 C:\xampp\htdocs\myLPU-HIMS\lycean\app\Controllers\Consultation.php(15): getUserFullname()
#2 C:\xampp\htdocs\myLPU-HIMS\codeigniter\system\CodeIgniter.php(779): App\Controllers\Consultation->__construct()
#3 C:\xampp\htdocs\myLPU-HIMS\codeigniter\system\CodeIgniter.php(390): CodeIgniter\CodeIgniter->createController()
#4 C:\xampp\htdocs\myLPU-HIMS\codeigniter\system\CodeIgniter.php(317): CodeIgniter\CodeIgniter->handleRequest(NULL, Object(Config\Cache), false)
#5 C:\xampp\htdocs\myLPU-HIMS\lycean\public\index.php(37): CodeIgniter\CodeIgniter->run()
#6 {main}
CRITICAL - 2021-10-11 14:55:52 --> Trying to access array offset on value of type null
#0 C:\xampp\htdocs\myLPU-HIMS\lycean\app\Helpers\useraccount_helper.php(20): CodeIgniter\Debug\Exceptions->errorHandler(2, 'Trying to acces...', 'C:\\xampp\\htdocs...', 20)
#1 C:\xampp\htdocs\myLPU-HIMS\lycean\app\Controllers\Consultation.php(15): getUserFullname()
#2 C:\xampp\htdocs\myLPU-HIMS\codeigniter\system\CodeIgniter.php(779): App\Controllers\Consultation->__construct()
#3 C:\xampp\htdocs\myLPU-HIMS\codeigniter\system\CodeIgniter.php(390): CodeIgniter\CodeIgniter->createController()
#4 C:\xampp\htdocs\myLPU-HIMS\codeigniter\system\CodeIgniter.php(317): CodeIgniter\CodeIgniter->handleRequest(NULL, Object(Config\Cache), false)
#5 C:\xampp\htdocs\myLPU-HIMS\lycean\public\index.php(37): CodeIgniter\CodeIgniter->run()
#6 {main}
CRITICAL - 2021-10-11 14:55:53 --> Trying to access array offset on value of type null
#0 C:\xampp\htdocs\myLPU-HIMS\lycean\app\Helpers\useraccount_helper.php(20): CodeIgniter\Debug\Exceptions->errorHandler(2, 'Trying to acces...', 'C:\\xampp\\htdocs...', 20)
#1 C:\xampp\htdocs\myLPU-HIMS\lycean\app\Controllers\Consultation.php(15): getUserFullname()
#2 C:\xampp\htdocs\myLPU-HIMS\codeigniter\system\CodeIgniter.php(779): App\Controllers\Consultation->__construct()
#3 C:\xampp\htdocs\myLPU-HIMS\codeigniter\system\CodeIgniter.php(390): CodeIgniter\CodeIgniter->createController()
#4 C:\xampp\htdocs\myLPU-HIMS\codeigniter\system\CodeIgniter.php(317): CodeIgniter\CodeIgniter->handleRequest(NULL, Object(Config\Cache), false)
#5 C:\xampp\htdocs\myLPU-HIMS\lycean\public\index.php(37): CodeIgniter\CodeIgniter->run()
#6 {main}
CRITICAL - 2021-10-11 14:55:53 --> Trying to access array offset on value of type null
#0 C:\xampp\htdocs\myLPU-HIMS\lycean\app\Helpers\useraccount_helper.php(20): CodeIgniter\Debug\Exceptions->errorHandler(2, 'Trying to acces...', 'C:\\xampp\\htdocs...', 20)
#1 C:\xampp\htdocs\myLPU-HIMS\lycean\app\Controllers\Consultation.php(15): getUserFullname()
#2 C:\xampp\htdocs\myLPU-HIMS\codeigniter\system\CodeIgniter.php(779): App\Controllers\Consultation->__construct()
#3 C:\xampp\htdocs\myLPU-HIMS\codeigniter\system\CodeIgniter.php(390): CodeIgniter\CodeIgniter->createController()
#4 C:\xampp\htdocs\myLPU-HIMS\codeigniter\system\CodeIgniter.php(317): CodeIgniter\CodeIgniter->handleRequest(NULL, Object(Config\Cache), false)
#5 C:\xampp\htdocs\myLPU-HIMS\lycean\public\index.php(37): CodeIgniter\CodeIgniter->run()
#6 {main}
CRITICAL - 2021-10-11 14:55:53 --> Trying to access array offset on value of type null
#0 C:\xampp\htdocs\myLPU-HIMS\lycean\app\Helpers\useraccount_helper.php(20): CodeIgniter\Debug\Exceptions->errorHandler(2, 'Trying to acces...', 'C:\\xampp\\htdocs...', 20)
#1 C:\xampp\htdocs\myLPU-HIMS\lycean\app\Controllers\Consultation.php(15): getUserFullname()
#2 C:\xampp\htdocs\myLPU-HIMS\codeigniter\system\CodeIgniter.php(779): App\Controllers\Consultation->__construct()
#3 C:\xampp\htdocs\myLPU-HIMS\codeigniter\system\CodeIgniter.php(390): CodeIgniter\CodeIgniter->createController()
#4 C:\xampp\htdocs\myLPU-HIMS\codeigniter\system\CodeIgniter.php(317): CodeIgniter\CodeIgniter->handleRequest(NULL, Object(Config\Cache), false)
#5 C:\xampp\htdocs\myLPU-HIMS\lycean\public\index.php(37): CodeIgniter\CodeIgniter->run()
#6 {main}
CRITICAL - 2021-10-11 14:55:53 --> Trying to access array offset on value of type null
#0 C:\xampp\htdocs\myLPU-HIMS\lycean\app\Helpers\useraccount_helper.php(20): CodeIgniter\Debug\Exceptions->errorHandler(2, 'Trying to acces...', 'C:\\xampp\\htdocs...', 20)
#1 C:\xampp\htdocs\myLPU-HIMS\lycean\app\Controllers\Consultation.php(15): getUserFullname()
#2 C:\xampp\htdocs\myLPU-HIMS\codeigniter\system\CodeIgniter.php(779): App\Controllers\Consultation->__construct()
#3 C:\xampp\htdocs\myLPU-HIMS\codeigniter\system\CodeIgniter.php(390): CodeIgniter\CodeIgniter->createController()
#4 C:\xampp\htdocs\myLPU-HIMS\codeigniter\system\CodeIgniter.php(317): CodeIgniter\CodeIgniter->handleRequest(NULL, Object(Config\Cache), false)
#5 C:\xampp\htdocs\myLPU-HIMS\lycean\public\index.php(37): CodeIgniter\CodeIgniter->run()
#6 {main}
CRITICAL - 2021-10-11 14:55:53 --> Trying to access array offset on value of type null
#0 C:\xampp\htdocs\myLPU-HIMS\lycean\app\Helpers\useraccount_helper.php(20): CodeIgniter\Debug\Exceptions->errorHandler(2, 'Trying to acces...', 'C:\\xampp\\htdocs...', 20)
#1 C:\xampp\htdocs\myLPU-HIMS\lycean\app\Controllers\Consultation.php(15): getUserFullname()
#2 C:\xampp\htdocs\myLPU-HIMS\codeigniter\system\CodeIgniter.php(779): App\Controllers\Consultation->__construct()
#3 C:\xampp\htdocs\myLPU-HIMS\codeigniter\system\CodeIgniter.php(390): CodeIgniter\CodeIgniter->createController()
#4 C:\xampp\htdocs\myLPU-HIMS\codeigniter\system\CodeIgniter.php(317): CodeIgniter\CodeIgniter->handleRequest(NULL, Object(Config\Cache), false)
#5 C:\xampp\htdocs\myLPU-HIMS\lycean\public\index.php(37): CodeIgniter\CodeIgniter->run()
#6 {main}
CRITICAL - 2021-10-11 14:55:53 --> Trying to access array offset on value of type null
#0 C:\xampp\htdocs\myLPU-HIMS\lycean\app\Helpers\useraccount_helper.php(20): CodeIgniter\Debug\Exceptions->errorHandler(2, 'Trying to acces...', 'C:\\xampp\\htdocs...', 20)
#1 C:\xampp\htdocs\myLPU-HIMS\lycean\app\Controllers\Consultation.php(15): getUserFullname()
#2 C:\xampp\htdocs\myLPU-HIMS\codeigniter\system\CodeIgniter.php(779): App\Controllers\Consultation->__construct()
#3 C:\xampp\htdocs\myLPU-HIMS\codeigniter\system\CodeIgniter.php(390): CodeIgniter\CodeIgniter->createController()
#4 C:\xampp\htdocs\myLPU-HIMS\codeigniter\system\CodeIgniter.php(317): CodeIgniter\CodeIgniter->handleRequest(NULL, Object(Config\Cache), false)
#5 C:\xampp\htdocs\myLPU-HIMS\lycean\public\index.php(37): CodeIgniter\CodeIgniter->run()
#6 {main}
CRITICAL - 2021-10-11 14:55:53 --> Trying to access array offset on value of type null
#0 C:\xampp\htdocs\myLPU-HIMS\lycean\app\Helpers\useraccount_helper.php(20): CodeIgniter\Debug\Exceptions->errorHandler(2, 'Trying to acces...', 'C:\\xampp\\htdocs...', 20)
#1 C:\xampp\htdocs\myLPU-HIMS\lycean\app\Controllers\Consultation.php(15): getUserFullname()
#2 C:\xampp\htdocs\myLPU-HIMS\codeigniter\system\CodeIgniter.php(779): App\Controllers\Consultation->__construct()
#3 C:\xampp\htdocs\myLPU-HIMS\codeigniter\system\CodeIgniter.php(390): CodeIgniter\CodeIgniter->createController()
#4 C:\xampp\htdocs\myLPU-HIMS\codeigniter\system\CodeIgniter.php(317): CodeIgniter\CodeIgniter->handleRequest(NULL, Object(Config\Cache), false)
#5 C:\xampp\htdocs\myLPU-HIMS\lycean\public\index.php(37): CodeIgniter\CodeIgniter->run()
#6 {main}
CRITICAL - 2021-10-11 14:55:53 --> Trying to access array offset on value of type null
#0 C:\xampp\htdocs\myLPU-HIMS\lycean\app\Helpers\useraccount_helper.php(20): CodeIgniter\Debug\Exceptions->errorHandler(2, 'Trying to acces...', 'C:\\xampp\\htdocs...', 20)
#1 C:\xampp\htdocs\myLPU-HIMS\lycean\app\Controllers\Consultation.php(15): getUserFullname()
#2 C:\xampp\htdocs\myLPU-HIMS\codeigniter\system\CodeIgniter.php(779): App\Controllers\Consultation->__construct()
#3 C:\xampp\htdocs\myLPU-HIMS\codeigniter\system\CodeIgniter.php(390): CodeIgniter\CodeIgniter->createController()
#4 C:\xampp\htdocs\myLPU-HIMS\codeigniter\system\CodeIgniter.php(317): CodeIgniter\CodeIgniter->handleRequest(NULL, Object(Config\Cache), false)
#5 C:\xampp\htdocs\myLPU-HIMS\lycean\public\index.php(37): CodeIgniter\CodeIgniter->run()
#6 {main}
CRITICAL - 2021-10-11 14:55:54 --> Trying to access array offset on value of type null
#0 C:\xampp\htdocs\myLPU-HIMS\lycean\app\Helpers\useraccount_helper.php(20): CodeIgniter\Debug\Exceptions->errorHandler(2, 'Trying to acces...', 'C:\\xampp\\htdocs...', 20)
#1 C:\xampp\htdocs\myLPU-HIMS\lycean\app\Controllers\Consultation.php(15): getUserFullname()
#2 C:\xampp\htdocs\myLPU-HIMS\codeigniter\system\CodeIgniter.php(779): App\Controllers\Consultation->__construct()
#3 C:\xampp\htdocs\myLPU-HIMS\codeigniter\system\CodeIgniter.php(390): CodeIgniter\CodeIgniter->createController()
#4 C:\xampp\htdocs\myLPU-HIMS\codeigniter\system\CodeIgniter.php(317): CodeIgniter\CodeIgniter->handleRequest(NULL, Object(Config\Cache), false)
#5 C:\xampp\htdocs\myLPU-HIMS\lycean\public\index.php(37): CodeIgniter\CodeIgniter->run()
#6 {main}
CRITICAL - 2021-10-11 14:55:54 --> Trying to access array offset on value of type null
#0 C:\xampp\htdocs\myLPU-HIMS\lycean\app\Helpers\useraccount_helper.php(20): CodeIgniter\Debug\Exceptions->errorHandler(2, 'Trying to acces...', 'C:\\xampp\\htdocs...', 20)
#1 C:\xampp\htdocs\myLPU-HIMS\lycean\app\Controllers\Consultation.php(15): getUserFullname()
#2 C:\xampp\htdocs\myLPU-HIMS\codeigniter\system\CodeIgniter.php(779): App\Controllers\Consultation->__construct()
#3 C:\xampp\htdocs\myLPU-HIMS\codeigniter\system\CodeIgniter.php(390): CodeIgniter\CodeIgniter->createController()
#4 C:\xampp\htdocs\myLPU-HIMS\codeigniter\system\CodeIgniter.php(317): CodeIgniter\CodeIgniter->handleRequest(NULL, Object(Config\Cache), false)
#5 C:\xampp\htdocs\myLPU-HIMS\lycean\public\index.php(37): CodeIgniter\CodeIgniter->run()
#6 {main}
CRITICAL - 2021-10-11 14:55:54 --> Trying to access array offset on value of type null
#0 C:\xampp\htdocs\myLPU-HIMS\lycean\app\Helpers\useraccount_helper.php(20): CodeIgniter\Debug\Exceptions->errorHandler(2, 'Trying to acces...', 'C:\\xampp\\htdocs...', 20)
#1 C:\xampp\htdocs\myLPU-HIMS\lycean\app\Controllers\Consultation.php(15): getUserFullname()
#2 C:\xampp\htdocs\myLPU-HIMS\codeigniter\system\CodeIgniter.php(779): App\Controllers\Consultation->__construct()
#3 C:\xampp\htdocs\myLPU-HIMS\codeigniter\system\CodeIgniter.php(390): CodeIgniter\CodeIgniter->createController()
#4 C:\xampp\htdocs\myLPU-HIMS\codeigniter\system\CodeIgniter.php(317): CodeIgniter\CodeIgniter->handleRequest(NULL, Object(Config\Cache), false)
#5 C:\xampp\htdocs\myLPU-HIMS\lycean\public\index.php(37): CodeIgniter\CodeIgniter->run()
#6 {main}
CRITICAL - 2021-10-11 14:55:54 --> Trying to access array offset on value of type null
#0 C:\xampp\htdocs\myLPU-HIMS\lycean\app\Helpers\useraccount_helper.php(20): CodeIgniter\Debug\Exceptions->errorHandler(2, 'Trying to acces...', 'C:\\xampp\\htdocs...', 20)
#1 C:\xampp\htdocs\myLPU-HIMS\lycean\app\Controllers\Consultation.php(15): getUserFullname()
#2 C:\xampp\htdocs\myLPU-HIMS\codeigniter\system\CodeIgniter.php(779): App\Controllers\Consultation->__construct()
#3 C:\xampp\htdocs\myLPU-HIMS\codeigniter\system\CodeIgniter.php(390): CodeIgniter\CodeIgniter->createController()
#4 C:\xampp\htdocs\myLPU-HIMS\codeigniter\system\CodeIgniter.php(317): CodeIgniter\CodeIgniter->handleRequest(NULL, Object(Config\Cache), false)
#5 C:\xampp\htdocs\myLPU-HIMS\lycean\public\index.php(37): CodeIgniter\CodeIgniter->run()
#6 {main}
CRITICAL - 2021-10-11 14:55:54 --> Trying to access array offset on value of type null
#0 C:\xampp\htdocs\myLPU-HIMS\lycean\app\Helpers\useraccount_helper.php(20): CodeIgniter\Debug\Exceptions->errorHandler(2, 'Trying to acces...', 'C:\\xampp\\htdocs...', 20)
#1 C:\xampp\htdocs\myLPU-HIMS\lycean\app\Controllers\Consultation.php(15): getUserFullname()
#2 C:\xampp\htdocs\myLPU-HIMS\codeigniter\system\CodeIgniter.php(779): App\Controllers\Consultation->__construct()
#3 C:\xampp\htdocs\myLPU-HIMS\codeigniter\system\CodeIgniter.php(390): CodeIgniter\CodeIgniter->createController()
#4 C:\xampp\htdocs\myLPU-HIMS\codeigniter\system\CodeIgniter.php(317): CodeIgniter\CodeIgniter->handleRequest(NULL, Object(Config\Cache), false)
#5 C:\xampp\htdocs\myLPU-HIMS\lycean\public\index.php(37): CodeIgniter\CodeIgniter->run()
#6 {main}
CRITICAL - 2021-10-11 14:55:54 --> Trying to access array offset on value of type null
#0 C:\xampp\htdocs\myLPU-HIMS\lycean\app\Helpers\useraccount_helper.php(20): CodeIgniter\Debug\Exceptions->errorHandler(2, 'Trying to acces...', 'C:\\xampp\\htdocs...', 20)
#1 C:\xampp\htdocs\myLPU-HIMS\lycean\app\Controllers\Consultation.php(15): getUserFullname()
#2 C:\xampp\htdocs\myLPU-HIMS\codeigniter\system\CodeIgniter.php(779): App\Controllers\Consultation->__construct()
#3 C:\xampp\htdocs\myLPU-HIMS\codeigniter\system\CodeIgniter.php(390): CodeIgniter\CodeIgniter->createController()
#4 C:\xampp\htdocs\myLPU-HIMS\codeigniter\system\CodeIgniter.php(317): CodeIgniter\CodeIgniter->handleRequest(NULL, Object(Config\Cache), false)
#5 C:\xampp\htdocs\myLPU-HIMS\lycean\public\index.php(37): CodeIgniter\CodeIgniter->run()
#6 {main}
CRITICAL - 2021-10-11 14:55:54 --> Trying to access array offset on value of type null
#0 C:\xampp\htdocs\myLPU-HIMS\lycean\app\Helpers\useraccount_helper.php(20): CodeIgniter\Debug\Exceptions->errorHandler(2, 'Trying to acces...', 'C:\\xampp\\htdocs...', 20)
#1 C:\xampp\htdocs\myLPU-HIMS\lycean\app\Controllers\Consultation.php(15): getUserFullname()
#2 C:\xampp\htdocs\myLPU-HIMS\codeigniter\system\CodeIgniter.php(779): App\Controllers\Consultation->__construct()
#3 C:\xampp\htdocs\myLPU-HIMS\codeigniter\system\CodeIgniter.php(390): CodeIgniter\CodeIgniter->createController()
#4 C:\xampp\htdocs\myLPU-HIMS\codeigniter\system\CodeIgniter.php(317): CodeIgniter\CodeIgniter->handleRequest(NULL, Object(Config\Cache), false)
#5 C:\xampp\htdocs\myLPU-HIMS\lycean\public\index.php(37): CodeIgniter\CodeIgniter->run()
#6 {main}
CRITICAL - 2021-10-11 14:55:54 --> Trying to access array offset on value of type null
#0 C:\xampp\htdocs\myLPU-HIMS\lycean\app\Helpers\useraccount_helper.php(20): CodeIgniter\Debug\Exceptions->errorHandler(2, 'Trying to acces...', 'C:\\xampp\\htdocs...', 20)
#1 C:\xampp\htdocs\myLPU-HIMS\lycean\app\Controllers\Consultation.php(15): getUserFullname()
#2 C:\xampp\htdocs\myLPU-HIMS\codeigniter\system\CodeIgniter.php(779): App\Controllers\Consultation->__construct()
#3 C:\xampp\htdocs\myLPU-HIMS\codeigniter\system\CodeIgniter.php(390): CodeIgniter\CodeIgniter->createController()
#4 C:\xampp\htdocs\myLPU-HIMS\codeigniter\system\CodeIgniter.php(317): CodeIgniter\CodeIgniter->handleRequest(NULL, Object(Config\Cache), false)
#5 C:\xampp\htdocs\myLPU-HIMS\lycean\public\index.php(37): CodeIgniter\CodeIgniter->run()
#6 {main}
CRITICAL - 2021-10-11 19:55:09 --> Trying to access array offset on value of type null
#0 C:\xampp\htdocs\myLPU-HIMS\lycean\app\Helpers\useraccount_helper.php(20): CodeIgniter\Debug\Exceptions->errorHandler(2, 'Trying to acces...', 'C:\\xampp\\htdocs...', 20)
#1 C:\xampp\htdocs\myLPU-HIMS\lycean\app\Controllers\Consultation.php(15): getUserFullname()
#2 C:\xampp\htdocs\myLPU-HIMS\codeigniter\system\CodeIgniter.php(779): App\Controllers\Consultation->__construct()
#3 C:\xampp\htdocs\myLPU-HIMS\codeigniter\system\CodeIgniter.php(390): CodeIgniter\CodeIgniter->createController()
#4 C:\xampp\htdocs\myLPU-HIMS\codeigniter\system\CodeIgniter.php(317): CodeIgniter\CodeIgniter->handleRequest(NULL, Object(Config\Cache), false)
#5 C:\xampp\htdocs\myLPU-HIMS\lycean\public\index.php(37): CodeIgniter\CodeIgniter->run()
#6 {main}
CRITICAL - 2021-10-11 19:55:19 --> Trying to access array offset on value of type null
#0 C:\xampp\htdocs\myLPU-HIMS\lycean\app\Helpers\useraccount_helper.php(20): CodeIgniter\Debug\Exceptions->errorHandler(2, 'Trying to acces...', 'C:\\xampp\\htdocs...', 20)
#1 C:\xampp\htdocs\myLPU-HIMS\lycean\app\Controllers\Consultation.php(15): getUserFullname()
#2 C:\xampp\htdocs\myLPU-HIMS\codeigniter\system\CodeIgniter.php(779): App\Controllers\Consultation->__construct()
#3 C:\xampp\htdocs\myLPU-HIMS\codeigniter\system\CodeIgniter.php(390): CodeIgniter\CodeIgniter->createController()
#4 C:\xampp\htdocs\myLPU-HIMS\codeigniter\system\CodeIgniter.php(317): CodeIgniter\CodeIgniter->handleRequest(NULL, Object(Config\Cache), false)
#5 C:\xampp\htdocs\myLPU-HIMS\lycean\public\index.php(37): CodeIgniter\CodeIgniter->run()
#6 {main}
CRITICAL - 2021-10-11 19:55:20 --> Trying to access array offset on value of type null
#0 C:\xampp\htdocs\myLPU-HIMS\lycean\app\Helpers\useraccount_helper.php(20): CodeIgniter\Debug\Exceptions->errorHandler(2, 'Trying to acces...', 'C:\\xampp\\htdocs...', 20)
#1 C:\xampp\htdocs\myLPU-HIMS\lycean\app\Controllers\Consultation.php(15): getUserFullname()
#2 C:\xampp\htdocs\myLPU-HIMS\codeigniter\system\CodeIgniter.php(779): App\Controllers\Consultation->__construct()
#3 C:\xampp\htdocs\myLPU-HIMS\codeigniter\system\CodeIgniter.php(390): CodeIgniter\CodeIgniter->createController()
#4 C:\xampp\htdocs\myLPU-HIMS\codeigniter\system\CodeIgniter.php(317): CodeIgniter\CodeIgniter->handleRequest(NULL, Object(Config\Cache), false)
#5 C:\xampp\htdocs\myLPU-HIMS\lycean\public\index.php(37): CodeIgniter\CodeIgniter->run()
#6 {main}
CRITICAL - 2021-10-11 19:58:02 --> Trying to access array offset on value of type null
#0 C:\xampp\htdocs\myLPU-HIMS\lycean\app\Helpers\useraccount_helper.php(20): CodeIgniter\Debug\Exceptions->errorHandler(2, 'Trying to acces...', 'C:\\xampp\\htdocs...', 20)
#1 C:\xampp\htdocs\myLPU-HIMS\lycean\app\Controllers\Consultation.php(15): getUserFullname()
#2 C:\xampp\htdocs\myLPU-HIMS\codeigniter\system\CodeIgniter.php(779): App\Controllers\Consultation->__construct()
#3 C:\xampp\htdocs\myLPU-HIMS\codeigniter\system\CodeIgniter.php(390): CodeIgniter\CodeIgniter->createController()
#4 C:\xampp\htdocs\myLPU-HIMS\codeigniter\system\CodeIgniter.php(317): CodeIgniter\CodeIgniter->handleRequest(NULL, Object(Config\Cache), false)
#5 C:\xampp\htdocs\myLPU-HIMS\lycean\public\index.php(37): CodeIgniter\CodeIgniter->run()
#6 {main}
CRITICAL - 2021-10-11 19:58:04 --> Trying to access array offset on value of type null
#0 C:\xampp\htdocs\myLPU-HIMS\lycean\app\Helpers\useraccount_helper.php(20): CodeIgniter\Debug\Exceptions->errorHandler(2, 'Trying to acces...', 'C:\\xampp\\htdocs...', 20)
#1 C:\xampp\htdocs\myLPU-HIMS\lycean\app\Controllers\Consultation.php(15): getUserFullname()
#2 C:\xampp\htdocs\myLPU-HIMS\codeigniter\system\CodeIgniter.php(779): App\Controllers\Consultation->__construct()
#3 C:\xampp\htdocs\myLPU-HIMS\codeigniter\system\CodeIgniter.php(390): CodeIgniter\CodeIgniter->createController()
#4 C:\xampp\htdocs\myLPU-HIMS\codeigniter\system\CodeIgniter.php(317): CodeIgniter\CodeIgniter->handleRequest(NULL, Object(Config\Cache), false)
#5 C:\xampp\htdocs\myLPU-HIMS\lycean\public\index.php(37): CodeIgniter\CodeIgniter->run()
#6 {main}
CRITICAL - 2021-10-11 19:59:43 --> Trying to access array offset on value of type null
#0 C:\xampp\htdocs\myLPU-HIMS\lycean\app\Helpers\useraccount_helper.php(20): CodeIgniter\Debug\Exceptions->errorHandler(2, 'Trying to acces...', 'C:\\xampp\\htdocs...', 20)
#1 C:\xampp\htdocs\myLPU-HIMS\lycean\app\Controllers\Consultation.php(15): getUserFullname()
#2 C:\xampp\htdocs\myLPU-HIMS\codeigniter\system\CodeIgniter.php(779): App\Controllers\Consultation->__construct()
#3 C:\xampp\htdocs\myLPU-HIMS\codeigniter\system\CodeIgniter.php(390): CodeIgniter\CodeIgniter->createController()
#4 C:\xampp\htdocs\myLPU-HIMS\codeigniter\system\CodeIgniter.php(317): CodeIgniter\CodeIgniter->handleRequest(NULL, Object(Config\Cache), false)
#5 C:\xampp\htdocs\myLPU-HIMS\lycean\public\index.php(37): CodeIgniter\CodeIgniter->run()
#6 {main}
CRITICAL - 2021-10-11 19:59:43 --> Trying to access array offset on value of type null
#0 C:\xampp\htdocs\myLPU-HIMS\lycean\app\Helpers\useraccount_helper.php(20): CodeIgniter\Debug\Exceptions->errorHandler(2, 'Trying to acces...', 'C:\\xampp\\htdocs...', 20)
#1 C:\xampp\htdocs\myLPU-HIMS\lycean\app\Controllers\Consultation.php(15): getUserFullname()
#2 C:\xampp\htdocs\myLPU-HIMS\codeigniter\system\CodeIgniter.php(779): App\Controllers\Consultation->__construct()
#3 C:\xampp\htdocs\myLPU-HIMS\codeigniter\system\CodeIgniter.php(390): CodeIgniter\CodeIgniter->createController()
#4 C:\xampp\htdocs\myLPU-HIMS\codeigniter\system\CodeIgniter.php(317): CodeIgniter\CodeIgniter->handleRequest(NULL, Object(Config\Cache), false)
#5 C:\xampp\htdocs\myLPU-HIMS\lycean\public\index.php(37): CodeIgniter\CodeIgniter->run()
#6 {main}
CRITICAL - 2021-10-11 19:59:43 --> Trying to access array offset on value of type null
#0 C:\xampp\htdocs\myLPU-HIMS\lycean\app\Helpers\useraccount_helper.php(20): CodeIgniter\Debug\Exceptions->errorHandler(2, 'Trying to acces...', 'C:\\xampp\\htdocs...', 20)
#1 C:\xampp\htdocs\myLPU-HIMS\lycean\app\Controllers\Consultation.php(15): getUserFullname()
#2 C:\xampp\htdocs\myLPU-HIMS\codeigniter\system\CodeIgniter.php(779): App\Controllers\Consultation->__construct()
#3 C:\xampp\htdocs\myLPU-HIMS\codeigniter\system\CodeIgniter.php(390): CodeIgniter\CodeIgniter->createController()
#4 C:\xampp\htdocs\myLPU-HIMS\codeigniter\system\CodeIgniter.php(317): CodeIgniter\CodeIgniter->handleRequest(NULL, Object(Config\Cache), false)
#5 C:\xampp\htdocs\myLPU-HIMS\lycean\public\index.php(37): CodeIgniter\CodeIgniter->run()
#6 {main}
CRITICAL - 2021-10-11 19:59:43 --> Trying to access array offset on value of type null
#0 C:\xampp\htdocs\myLPU-HIMS\lycean\app\Helpers\useraccount_helper.php(20): CodeIgniter\Debug\Exceptions->errorHandler(2, 'Trying to acces...', 'C:\\xampp\\htdocs...', 20)
#1 C:\xampp\htdocs\myLPU-HIMS\lycean\app\Controllers\Consultation.php(15): getUserFullname()
#2 C:\xampp\htdocs\myLPU-HIMS\codeigniter\system\CodeIgniter.php(779): App\Controllers\Consultation->__construct()
#3 C:\xampp\htdocs\myLPU-HIMS\codeigniter\system\CodeIgniter.php(390): CodeIgniter\CodeIgniter->createController()
#4 C:\xampp\htdocs\myLPU-HIMS\codeigniter\system\CodeIgniter.php(317): CodeIgniter\CodeIgniter->handleRequest(NULL, Object(Config\Cache), false)
#5 C:\xampp\htdocs\myLPU-HIMS\lycean\public\index.php(37): CodeIgniter\CodeIgniter->run()
#6 {main}
CRITICAL - 2021-10-11 20:22:18 --> Trying to access array offset on value of type null
#0 C:\xampp\htdocs\myLPU-HIMS\lycean\app\Helpers\useraccount_helper.php(20): CodeIgniter\Debug\Exceptions->errorHandler(2, 'Trying to acces...', 'C:\\xampp\\htdocs...', 20)
#1 C:\xampp\htdocs\myLPU-HIMS\lycean\app\Controllers\Consultation.php(15): getUserFullname()
#2 C:\xampp\htdocs\myLPU-HIMS\codeigniter\system\CodeIgniter.php(779): App\Controllers\Consultation->__construct()
#3 C:\xampp\htdocs\myLPU-HIMS\codeigniter\system\CodeIgniter.php(390): CodeIgniter\CodeIgniter->createController()
#4 C:\xampp\htdocs\myLPU-HIMS\codeigniter\system\CodeIgniter.php(317): CodeIgniter\CodeIgniter->handleRequest(NULL, Object(Config\Cache), false)
#5 C:\xampp\htdocs\myLPU-HIMS\lycean\public\index.php(37): CodeIgniter\CodeIgniter->run()
#6 {main}
CRITICAL - 2021-10-11 20:22:23 --> Trying to access array offset on value of type null
#0 C:\xampp\htdocs\myLPU-HIMS\lycean\app\Helpers\useraccount_helper.php(20): CodeIgniter\Debug\Exceptions->errorHandler(2, 'Trying to acces...', 'C:\\xampp\\htdocs...', 20)
#1 C:\xampp\htdocs\myLPU-HIMS\lycean\app\Controllers\Consultation.php(15): getUserFullname()
#2 C:\xampp\htdocs\myLPU-HIMS\codeigniter\system\CodeIgniter.php(779): App\Controllers\Consultation->__construct()
#3 C:\xampp\htdocs\myLPU-HIMS\codeigniter\system\CodeIgniter.php(390): CodeIgniter\CodeIgniter->createController()
#4 C:\xampp\htdocs\myLPU-HIMS\codeigniter\system\CodeIgniter.php(317): CodeIgniter\CodeIgniter->handleRequest(NULL, Object(Config\Cache), false)
#5 C:\xampp\htdocs\myLPU-HIMS\lycean\public\index.php(37): CodeIgniter\CodeIgniter->run()
#6 {main}
CRITICAL - 2021-10-11 20:22:23 --> Trying to access array offset on value of type null
#0 C:\xampp\htdocs\myLPU-HIMS\lycean\app\Helpers\useraccount_helper.php(20): CodeIgniter\Debug\Exceptions->errorHandler(2, 'Trying to acces...', 'C:\\xampp\\htdocs...', 20)
#1 C:\xampp\htdocs\myLPU-HIMS\lycean\app\Controllers\Consultation.php(15): getUserFullname()
#2 C:\xampp\htdocs\myLPU-HIMS\codeigniter\system\CodeIgniter.php(779): App\Controllers\Consultation->__construct()
#3 C:\xampp\htdocs\myLPU-HIMS\codeigniter\system\CodeIgniter.php(390): CodeIgniter\CodeIgniter->createController()
#4 C:\xampp\htdocs\myLPU-HIMS\codeigniter\system\CodeIgniter.php(317): CodeIgniter\CodeIgniter->handleRequest(NULL, Object(Config\Cache), false)
#5 C:\xampp\htdocs\myLPU-HIMS\lycean\public\index.php(37): CodeIgniter\CodeIgniter->run()
#6 {main}
CRITICAL - 2021-10-11 20:22:23 --> Trying to access array offset on value of type null
#0 C:\xampp\htdocs\myLPU-HIMS\lycean\app\Helpers\useraccount_helper.php(20): CodeIgniter\Debug\Exceptions->errorHandler(2, 'Trying to acces...', 'C:\\xampp\\htdocs...', 20)
#1 C:\xampp\htdocs\myLPU-HIMS\lycean\app\Controllers\Consultation.php(15): getUserFullname()
#2 C:\xampp\htdocs\myLPU-HIMS\codeigniter\system\CodeIgniter.php(779): App\Controllers\Consultation->__construct()
#3 C:\xampp\htdocs\myLPU-HIMS\codeigniter\system\CodeIgniter.php(390): CodeIgniter\CodeIgniter->createController()
#4 C:\xampp\htdocs\myLPU-HIMS\codeigniter\system\CodeIgniter.php(317): CodeIgniter\CodeIgniter->handleRequest(NULL, Object(Config\Cache), false)
#5 C:\xampp\htdocs\myLPU-HIMS\lycean\public\index.php(37): CodeIgniter\CodeIgniter->run()
#6 {main}
CRITICAL - 2021-10-11 20:22:24 --> Trying to access array offset on value of type null
#0 C:\xampp\htdocs\myLPU-HIMS\lycean\app\Helpers\useraccount_helper.php(20): CodeIgniter\Debug\Exceptions->errorHandler(2, 'Trying to acces...', 'C:\\xampp\\htdocs...', 20)
#1 C:\xampp\htdocs\myLPU-HIMS\lycean\app\Controllers\Consultation.php(15): getUserFullname()
#2 C:\xampp\htdocs\myLPU-HIMS\codeigniter\system\CodeIgniter.php(779): App\Controllers\Consultation->__construct()
#3 C:\xampp\htdocs\myLPU-HIMS\codeigniter\system\CodeIgniter.php(390): CodeIgniter\CodeIgniter->createController()
#4 C:\xampp\htdocs\myLPU-HIMS\codeigniter\system\CodeIgniter.php(317): CodeIgniter\CodeIgniter->handleRequest(NULL, Object(Config\Cache), false)
#5 C:\xampp\htdocs\myLPU-HIMS\lycean\public\index.php(37): CodeIgniter\CodeIgniter->run()
#6 {main}
CRITICAL - 2021-10-11 20:23:32 --> Trying to access array offset on value of type null
#0 C:\xampp\htdocs\myLPU-HIMS\lycean\app\Helpers\useraccount_helper.php(20): CodeIgniter\Debug\Exceptions->errorHandler(2, 'Trying to acces...', 'C:\\xampp\\htdocs...', 20)
#1 C:\xampp\htdocs\myLPU-HIMS\lycean\app\Controllers\Consultation.php(15): getUserFullname()
#2 C:\xampp\htdocs\myLPU-HIMS\codeigniter\system\CodeIgniter.php(779): App\Controllers\Consultation->__construct()
#3 C:\xampp\htdocs\myLPU-HIMS\codeigniter\system\CodeIgniter.php(390): CodeIgniter\CodeIgniter->createController()
#4 C:\xampp\htdocs\myLPU-HIMS\codeigniter\system\CodeIgniter.php(317): CodeIgniter\CodeIgniter->handleRequest(NULL, Object(Config\Cache), false)
#5 C:\xampp\htdocs\myLPU-HIMS\lycean\public\index.php(37): CodeIgniter\CodeIgniter->run()
#6 {main}
CRITICAL - 2021-10-11 20:24:14 --> Trying to access array offset on value of type null
#0 C:\xampp\htdocs\myLPU-HIMS\lycean\app\Helpers\useraccount_helper.php(20): CodeIgniter\Debug\Exceptions->errorHandler(2, 'Trying to acces...', 'C:\\xampp\\htdocs...', 20)
#1 C:\xampp\htdocs\myLPU-HIMS\lycean\app\Controllers\Consultation.php(15): getUserFullname()
#2 C:\xampp\htdocs\myLPU-HIMS\codeigniter\system\CodeIgniter.php(779): App\Controllers\Consultation->__construct()
#3 C:\xampp\htdocs\myLPU-HIMS\codeigniter\system\CodeIgniter.php(390): CodeIgniter\CodeIgniter->createController()
#4 C:\xampp\htdocs\myLPU-HIMS\codeigniter\system\CodeIgniter.php(317): CodeIgniter\CodeIgniter->handleRequest(NULL, Object(Config\Cache), false)
#5 C:\xampp\htdocs\myLPU-HIMS\lycean\public\index.php(37): CodeIgniter\CodeIgniter->run()
#6 {main}
CRITICAL - 2021-10-11 20:24:29 --> Trying to access array offset on value of type null
#0 C:\xampp\htdocs\myLPU-HIMS\lycean\app\Helpers\useraccount_helper.php(20): CodeIgniter\Debug\Exceptions->errorHandler(2, 'Trying to acces...', 'C:\\xampp\\htdocs...', 20)
#1 C:\xampp\htdocs\myLPU-HIMS\lycean\app\Controllers\Consultation.php(15): getUserFullname()
#2 C:\xampp\htdocs\myLPU-HIMS\codeigniter\system\CodeIgniter.php(779): App\Controllers\Consultation->__construct()
#3 C:\xampp\htdocs\myLPU-HIMS\codeigniter\system\CodeIgniter.php(390): CodeIgniter\CodeIgniter->createController()
#4 C:\xampp\htdocs\myLPU-HIMS\codeigniter\system\CodeIgniter.php(317): CodeIgniter\CodeIgniter->handleRequest(NULL, Object(Config\Cache), false)
#5 C:\xampp\htdocs\myLPU-HIMS\lycean\public\index.php(37): CodeIgniter\CodeIgniter->run()
#6 {main}
CRITICAL - 2021-10-11 20:24:29 --> Trying to access array offset on value of type null
#0 C:\xampp\htdocs\myLPU-HIMS\lycean\app\Helpers\useraccount_helper.php(20): CodeIgniter\Debug\Exceptions->errorHandler(2, 'Trying to acces...', 'C:\\xampp\\htdocs...', 20)
#1 C:\xampp\htdocs\myLPU-HIMS\lycean\app\Controllers\Consultation.php(15): getUserFullname()
#2 C:\xampp\htdocs\myLPU-HIMS\codeigniter\system\CodeIgniter.php(779): App\Controllers\Consultation->__construct()
#3 C:\xampp\htdocs\myLPU-HIMS\codeigniter\system\CodeIgniter.php(390): CodeIgniter\CodeIgniter->createController()
#4 C:\xampp\htdocs\myLPU-HIMS\codeigniter\system\CodeIgniter.php(317): CodeIgniter\CodeIgniter->handleRequest(NULL, Object(Config\Cache), false)
#5 C:\xampp\htdocs\myLPU-HIMS\lycean\public\index.php(37): CodeIgniter\CodeIgniter->run()
#6 {main}
CRITICAL - 2021-10-11 20:24:29 --> Trying to access array offset on value of type null
#0 C:\xampp\htdocs\myLPU-HIMS\lycean\app\Helpers\useraccount_helper.php(20): CodeIgniter\Debug\Exceptions->errorHandler(2, 'Trying to acces...', 'C:\\xampp\\htdocs...', 20)
#1 C:\xampp\htdocs\myLPU-HIMS\lycean\app\Controllers\Consultation.php(15): getUserFullname()
#2 C:\xampp\htdocs\myLPU-HIMS\codeigniter\system\CodeIgniter.php(779): App\Controllers\Consultation->__construct()
#3 C:\xampp\htdocs\myLPU-HIMS\codeigniter\system\CodeIgniter.php(390): CodeIgniter\CodeIgniter->createController()
#4 C:\xampp\htdocs\myLPU-HIMS\codeigniter\system\CodeIgniter.php(317): CodeIgniter\CodeIgniter->handleRequest(NULL, Object(Config\Cache), false)
#5 C:\xampp\htdocs\myLPU-HIMS\lycean\public\index.php(37): CodeIgniter\CodeIgniter->run()
#6 {main}
CRITICAL - 2021-10-11 20:24:29 --> Trying to access array offset on value of type null
#0 C:\xampp\htdocs\myLPU-HIMS\lycean\app\Helpers\useraccount_helper.php(20): CodeIgniter\Debug\Exceptions->errorHandler(2, 'Trying to acces...', 'C:\\xampp\\htdocs...', 20)
#1 C:\xampp\htdocs\myLPU-HIMS\lycean\app\Controllers\Consultation.php(15): getUserFullname()
#2 C:\xampp\htdocs\myLPU-HIMS\codeigniter\system\CodeIgniter.php(779): App\Controllers\Consultation->__construct()
#3 C:\xampp\htdocs\myLPU-HIMS\codeigniter\system\CodeIgniter.php(390): CodeIgniter\CodeIgniter->createController()
#4 C:\xampp\htdocs\myLPU-HIMS\codeigniter\system\CodeIgniter.php(317): CodeIgniter\CodeIgniter->handleRequest(NULL, Object(Config\Cache), false)
#5 C:\xampp\htdocs\myLPU-HIMS\lycean\public\index.php(37): CodeIgniter\CodeIgniter->run()
#6 {main}
CRITICAL - 2021-10-11 20:24:29 --> Trying to access array offset on value of type null
#0 C:\xampp\htdocs\myLPU-HIMS\lycean\app\Helpers\useraccount_helper.php(20): CodeIgniter\Debug\Exceptions->errorHandler(2, 'Trying to acces...', 'C:\\xampp\\htdocs...', 20)
#1 C:\xampp\htdocs\myLPU-HIMS\lycean\app\Controllers\Consultation.php(15): getUserFullname()
#2 C:\xampp\htdocs\myLPU-HIMS\codeigniter\system\CodeIgniter.php(779): App\Controllers\Consultation->__construct()
#3 C:\xampp\htdocs\myLPU-HIMS\codeigniter\system\CodeIgniter.php(390): CodeIgniter\CodeIgniter->createController()
#4 C:\xampp\htdocs\myLPU-HIMS\codeigniter\system\CodeIgniter.php(317): CodeIgniter\CodeIgniter->handleRequest(NULL, Object(Config\Cache), false)
#5 C:\xampp\htdocs\myLPU-HIMS\lycean\public\index.php(37): CodeIgniter\CodeIgniter->run()
#6 {main}
CRITICAL - 2021-10-11 20:24:30 --> Trying to access array offset on value of type null
#0 C:\xampp\htdocs\myLPU-HIMS\lycean\app\Helpers\useraccount_helper.php(20): CodeIgniter\Debug\Exceptions->errorHandler(2, 'Trying to acces...', 'C:\\xampp\\htdocs...', 20)
#1 C:\xampp\htdocs\myLPU-HIMS\lycean\app\Controllers\Consultation.php(15): getUserFullname()
#2 C:\xampp\htdocs\myLPU-HIMS\codeigniter\system\CodeIgniter.php(779): App\Controllers\Consultation->__construct()
#3 C:\xampp\htdocs\myLPU-HIMS\codeigniter\system\CodeIgniter.php(390): CodeIgniter\CodeIgniter->createController()
#4 C:\xampp\htdocs\myLPU-HIMS\codeigniter\system\CodeIgniter.php(317): CodeIgniter\CodeIgniter->handleRequest(NULL, Object(Config\Cache), false)
#5 C:\xampp\htdocs\myLPU-HIMS\lycean\public\index.php(37): CodeIgniter\CodeIgniter->run()
#6 {main}
CRITICAL - 2021-10-11 20:24:30 --> Trying to access array offset on value of type null
#0 C:\xampp\htdocs\myLPU-HIMS\lycean\app\Helpers\useraccount_helper.php(20): CodeIgniter\Debug\Exceptions->errorHandler(2, 'Trying to acces...', 'C:\\xampp\\htdocs...', 20)
#1 C:\xampp\htdocs\myLPU-HIMS\lycean\app\Controllers\Consultation.php(15): getUserFullname()
#2 C:\xampp\htdocs\myLPU-HIMS\codeigniter\system\CodeIgniter.php(779): App\Controllers\Consultation->__construct()
#3 C:\xampp\htdocs\myLPU-HIMS\codeigniter\system\CodeIgniter.php(390): CodeIgniter\CodeIgniter->createController()
#4 C:\xampp\htdocs\myLPU-HIMS\codeigniter\system\CodeIgniter.php(317): CodeIgniter\CodeIgniter->handleRequest(NULL, Object(Config\Cache), false)
#5 C:\xampp\htdocs\myLPU-HIMS\lycean\public\index.php(37): CodeIgniter\CodeIgniter->run()
#6 {main}
CRITICAL - 2021-10-11 20:24:30 --> Trying to access array offset on value of type null
#0 C:\xampp\htdocs\myLPU-HIMS\lycean\app\Helpers\useraccount_helper.php(20): CodeIgniter\Debug\Exceptions->errorHandler(2, 'Trying to acces...', 'C:\\xampp\\htdocs...', 20)
#1 C:\xampp\htdocs\myLPU-HIMS\lycean\app\Controllers\Consultation.php(15): getUserFullname()
#2 C:\xampp\htdocs\myLPU-HIMS\codeigniter\system\CodeIgniter.php(779): App\Controllers\Consultation->__construct()
#3 C:\xampp\htdocs\myLPU-HIMS\codeigniter\system\CodeIgniter.php(390): CodeIgniter\CodeIgniter->createController()
#4 C:\xampp\htdocs\myLPU-HIMS\codeigniter\system\CodeIgniter.php(317): CodeIgniter\CodeIgniter->handleRequest(NULL, Object(Config\Cache), false)
#5 C:\xampp\htdocs\myLPU-HIMS\lycean\public\index.php(37): CodeIgniter\CodeIgniter->run()
#6 {main}
CRITICAL - 2021-10-11 20:24:30 --> Trying to access array offset on value of type null
#0 C:\xampp\htdocs\myLPU-HIMS\lycean\app\Helpers\useraccount_helper.php(20): CodeIgniter\Debug\Exceptions->errorHandler(2, 'Trying to acces...', 'C:\\xampp\\htdocs...', 20)
#1 C:\xampp\htdocs\myLPU-HIMS\lycean\app\Controllers\Consultation.php(15): getUserFullname()
#2 C:\xampp\htdocs\myLPU-HIMS\codeigniter\system\CodeIgniter.php(779): App\Controllers\Consultation->__construct()
#3 C:\xampp\htdocs\myLPU-HIMS\codeigniter\system\CodeIgniter.php(390): CodeIgniter\CodeIgniter->createController()
#4 C:\xampp\htdocs\myLPU-HIMS\codeigniter\system\CodeIgniter.php(317): CodeIgniter\CodeIgniter->handleRequest(NULL, Object(Config\Cache), false)
#5 C:\xampp\htdocs\myLPU-HIMS\lycean\public\index.php(37): CodeIgniter\CodeIgniter->run()
#6 {main}
CRITICAL - 2021-10-11 20:24:30 --> Trying to access array offset on value of type null
#0 C:\xampp\htdocs\myLPU-HIMS\lycean\app\Helpers\useraccount_helper.php(20): CodeIgniter\Debug\Exceptions->errorHandler(2, 'Trying to acces...', 'C:\\xampp\\htdocs...', 20)
#1 C:\xampp\htdocs\myLPU-HIMS\lycean\app\Controllers\Consultation.php(15): getUserFullname()
#2 C:\xampp\htdocs\myLPU-HIMS\codeigniter\system\CodeIgniter.php(779): App\Controllers\Consultation->__construct()
#3 C:\xampp\htdocs\myLPU-HIMS\codeigniter\system\CodeIgniter.php(390): CodeIgniter\CodeIgniter->createController()
#4 C:\xampp\htdocs\myLPU-HIMS\codeigniter\system\CodeIgniter.php(317): CodeIgniter\CodeIgniter->handleRequest(NULL, Object(Config\Cache), false)
#5 C:\xampp\htdocs\myLPU-HIMS\lycean\public\index.php(37): CodeIgniter\CodeIgniter->run()
#6 {main}
CRITICAL - 2021-10-11 20:24:30 --> Trying to access array offset on value of type null
#0 C:\xampp\htdocs\myLPU-HIMS\lycean\app\Helpers\useraccount_helper.php(20): CodeIgniter\Debug\Exceptions->errorHandler(2, 'Trying to acces...', 'C:\\xampp\\htdocs...', 20)
#1 C:\xampp\htdocs\myLPU-HIMS\lycean\app\Controllers\Consultation.php(15): getUserFullname()
#2 C:\xampp\htdocs\myLPU-HIMS\codeigniter\system\CodeIgniter.php(779): App\Controllers\Consultation->__construct()
#3 C:\xampp\htdocs\myLPU-HIMS\codeigniter\system\CodeIgniter.php(390): CodeIgniter\CodeIgniter->createController()
#4 C:\xampp\htdocs\myLPU-HIMS\codeigniter\system\CodeIgniter.php(317): CodeIgniter\CodeIgniter->handleRequest(NULL, Object(Config\Cache), false)
#5 C:\xampp\htdocs\myLPU-HIMS\lycean\public\index.php(37): CodeIgniter\CodeIgniter->run()
#6 {main}
CRITICAL - 2021-10-11 20:24:31 --> Trying to access array offset on value of type null
#0 C:\xampp\htdocs\myLPU-HIMS\lycean\app\Helpers\useraccount_helper.php(20): CodeIgniter\Debug\Exceptions->errorHandler(2, 'Trying to acces...', 'C:\\xampp\\htdocs...', 20)
#1 C:\xampp\htdocs\myLPU-HIMS\lycean\app\Controllers\Consultation.php(15): getUserFullname()
#2 C:\xampp\htdocs\myLPU-HIMS\codeigniter\system\CodeIgniter.php(779): App\Controllers\Consultation->__construct()
#3 C:\xampp\htdocs\myLPU-HIMS\codeigniter\system\CodeIgniter.php(390): CodeIgniter\CodeIgniter->createController()
#4 C:\xampp\htdocs\myLPU-HIMS\codeigniter\system\CodeIgniter.php(317): CodeIgniter\CodeIgniter->handleRequest(NULL, Object(Config\Cache), false)
#5 C:\xampp\htdocs\myLPU-HIMS\lycean\public\index.php(37): CodeIgniter\CodeIgniter->run()
#6 {main}
CRITICAL - 2021-10-11 20:24:31 --> Trying to access array offset on value of type null
#0 C:\xampp\htdocs\myLPU-HIMS\lycean\app\Helpers\useraccount_helper.php(20): CodeIgniter\Debug\Exceptions->errorHandler(2, 'Trying to acces...', 'C:\\xampp\\htdocs...', 20)
#1 C:\xampp\htdocs\myLPU-HIMS\lycean\app\Controllers\Consultation.php(15): getUserFullname()
#2 C:\xampp\htdocs\myLPU-HIMS\codeigniter\system\CodeIgniter.php(779): App\Controllers\Consultation->__construct()
#3 C:\xampp\htdocs\myLPU-HIMS\codeigniter\system\CodeIgniter.php(390): CodeIgniter\CodeIgniter->createController()
#4 C:\xampp\htdocs\myLPU-HIMS\codeigniter\system\CodeIgniter.php(317): CodeIgniter\CodeIgniter->handleRequest(NULL, Object(Config\Cache), false)
#5 C:\xampp\htdocs\myLPU-HIMS\lycean\public\index.php(37): CodeIgniter\CodeIgniter->run()
#6 {main}
CRITICAL - 2021-10-11 20:24:31 --> Trying to access array offset on value of type null
#0 C:\xampp\htdocs\myLPU-HIMS\lycean\app\Helpers\useraccount_helper.php(20): CodeIgniter\Debug\Exceptions->errorHandler(2, 'Trying to acces...', 'C:\\xampp\\htdocs...', 20)
#1 C:\xampp\htdocs\myLPU-HIMS\lycean\app\Controllers\Consultation.php(15): getUserFullname()
#2 C:\xampp\htdocs\myLPU-HIMS\codeigniter\system\CodeIgniter.php(779): App\Controllers\Consultation->__construct()
#3 C:\xampp\htdocs\myLPU-HIMS\codeigniter\system\CodeIgniter.php(390): CodeIgniter\CodeIgniter->createController()
#4 C:\xampp\htdocs\myLPU-HIMS\codeigniter\system\CodeIgniter.php(317): CodeIgniter\CodeIgniter->handleRequest(NULL, Object(Config\Cache), false)
#5 C:\xampp\htdocs\myLPU-HIMS\lycean\public\index.php(37): CodeIgniter\CodeIgniter->run()
#6 {main}
CRITICAL - 2021-10-11 20:24:31 --> Trying to access array offset on value of type null
#0 C:\xampp\htdocs\myLPU-HIMS\lycean\app\Helpers\useraccount_helper.php(20): CodeIgniter\Debug\Exceptions->errorHandler(2, 'Trying to acces...', 'C:\\xampp\\htdocs...', 20)
#1 C:\xampp\htdocs\myLPU-HIMS\lycean\app\Controllers\Consultation.php(15): getUserFullname()
#2 C:\xampp\htdocs\myLPU-HIMS\codeigniter\system\CodeIgniter.php(779): App\Controllers\Consultation->__construct()
#3 C:\xampp\htdocs\myLPU-HIMS\codeigniter\system\CodeIgniter.php(390): CodeIgniter\CodeIgniter->createController()
#4 C:\xampp\htdocs\myLPU-HIMS\codeigniter\system\CodeIgniter.php(317): CodeIgniter\CodeIgniter->handleRequest(NULL, Object(Config\Cache), false)
#5 C:\xampp\htdocs\myLPU-HIMS\lycean\public\index.php(37): CodeIgniter\CodeIgniter->run()
#6 {main}
CRITICAL - 2021-10-11 22:49:41 --> Trying to access array offset on value of type null
#0 C:\xampp\htdocs\myLPU-HIMS\lycean\app\Helpers\useraccount_helper.php(20): CodeIgniter\Debug\Exceptions->errorHandler(2, 'Trying to acces...', 'C:\\xampp\\htdocs...', 20)
#1 C:\xampp\htdocs\myLPU-HIMS\lycean\app\Controllers\Consultation.php(15): getUserFullname()
#2 C:\xampp\htdocs\myLPU-HIMS\codeigniter\system\CodeIgniter.php(779): App\Controllers\Consultation->__construct()
#3 C:\xampp\htdocs\myLPU-HIMS\codeigniter\system\CodeIgniter.php(390): CodeIgniter\CodeIgniter->createController()
#4 C:\xampp\htdocs\myLPU-HIMS\codeigniter\system\CodeIgniter.php(317): CodeIgniter\CodeIgniter->handleRequest(NULL, Object(Config\Cache), false)
#5 C:\xampp\htdocs\myLPU-HIMS\lycean\public\index.php(37): CodeIgniter\CodeIgniter->run()
#6 {main}
CRITICAL - 2021-10-11 22:49:48 --> Trying to access array offset on value of type null
#0 C:\xampp\htdocs\myLPU-HIMS\lycean\app\Helpers\useraccount_helper.php(20): CodeIgniter\Debug\Exceptions->errorHandler(2, 'Trying to acces...', 'C:\\xampp\\htdocs...', 20)
#1 C:\xampp\htdocs\myLPU-HIMS\lycean\app\Controllers\Consultation.php(15): getUserFullname()
#2 C:\xampp\htdocs\myLPU-HIMS\codeigniter\system\CodeIgniter.php(779): App\Controllers\Consultation->__construct()
#3 C:\xampp\htdocs\myLPU-HIMS\codeigniter\system\CodeIgniter.php(390): CodeIgniter\CodeIgniter->createController()
#4 C:\xampp\htdocs\myLPU-HIMS\codeigniter\system\CodeIgniter.php(317): CodeIgniter\CodeIgniter->handleRequest(NULL, Object(Config\Cache), false)
#5 C:\xampp\htdocs\myLPU-HIMS\lycean\public\index.php(37): CodeIgniter\CodeIgniter->run()
#6 {main}
CRITICAL - 2021-10-11 22:49:49 --> Trying to access array offset on value of type null
#0 C:\xampp\htdocs\myLPU-HIMS\lycean\app\Helpers\useraccount_helper.php(20): CodeIgniter\Debug\Exceptions->errorHandler(2, 'Trying to acces...', 'C:\\xampp\\htdocs...', 20)
#1 C:\xampp\htdocs\myLPU-HIMS\lycean\app\Controllers\Consultation.php(15): getUserFullname()
#2 C:\xampp\htdocs\myLPU-HIMS\codeigniter\system\CodeIgniter.php(779): App\Controllers\Consultation->__construct()
#3 C:\xampp\htdocs\myLPU-HIMS\codeigniter\system\CodeIgniter.php(390): CodeIgniter\CodeIgniter->createController()
#4 C:\xampp\htdocs\myLPU-HIMS\codeigniter\system\CodeIgniter.php(317): CodeIgniter\CodeIgniter->handleRequest(NULL, Object(Config\Cache), false)
#5 C:\xampp\htdocs\myLPU-HIMS\lycean\public\index.php(37): CodeIgniter\CodeIgniter->run()
#6 {main}
CRITICAL - 2021-10-11 22:49:49 --> Trying to access array offset on value of type null
#0 C:\xampp\htdocs\myLPU-HIMS\lycean\app\Helpers\useraccount_helper.php(20): CodeIgniter\Debug\Exceptions->errorHandler(2, 'Trying to acces...', 'C:\\xampp\\htdocs...', 20)
#1 C:\xampp\htdocs\myLPU-HIMS\lycean\app\Controllers\Consultation.php(15): getUserFullname()
#2 C:\xampp\htdocs\myLPU-HIMS\codeigniter\system\CodeIgniter.php(779): App\Controllers\Consultation->__construct()
#3 C:\xampp\htdocs\myLPU-HIMS\codeigniter\system\CodeIgniter.php(390): CodeIgniter\CodeIgniter->createController()
#4 C:\xampp\htdocs\myLPU-HIMS\codeigniter\system\CodeIgniter.php(317): CodeIgniter\CodeIgniter->handleRequest(NULL, Object(Config\Cache), false)
#5 C:\xampp\htdocs\myLPU-HIMS\lycean\public\index.php(37): CodeIgniter\CodeIgniter->run()
#6 {main}
CRITICAL - 2021-10-11 22:49:49 --> Trying to access array offset on value of type null
#0 C:\xampp\htdocs\myLPU-HIMS\lycean\app\Helpers\useraccount_helper.php(20): CodeIgniter\Debug\Exceptions->errorHandler(2, 'Trying to acces...', 'C:\\xampp\\htdocs...', 20)
#1 C:\xampp\htdocs\myLPU-HIMS\lycean\app\Controllers\Consultation.php(15): getUserFullname()
#2 C:\xampp\htdocs\myLPU-HIMS\codeigniter\system\CodeIgniter.php(779): App\Controllers\Consultation->__construct()
#3 C:\xampp\htdocs\myLPU-HIMS\codeigniter\system\CodeIgniter.php(390): CodeIgniter\CodeIgniter->createController()
#4 C:\xampp\htdocs\myLPU-HIMS\codeigniter\system\CodeIgniter.php(317): CodeIgniter\CodeIgniter->handleRequest(NULL, Object(Config\Cache), false)
#5 C:\xampp\htdocs\myLPU-HIMS\lycean\public\index.php(37): CodeIgniter\CodeIgniter->run()
#6 {main}
CRITICAL - 2021-10-11 22:49:50 --> Trying to access array offset on value of type null
#0 C:\xampp\htdocs\myLPU-HIMS\lycean\app\Helpers\useraccount_helper.php(20): CodeIgniter\Debug\Exceptions->errorHandler(2, 'Trying to acces...', 'C:\\xampp\\htdocs...', 20)
#1 C:\xampp\htdocs\myLPU-HIMS\lycean\app\Controllers\Consultation.php(15): getUserFullname()
#2 C:\xampp\htdocs\myLPU-HIMS\codeigniter\system\CodeIgniter.php(779): App\Controllers\Consultation->__construct()
#3 C:\xampp\htdocs\myLPU-HIMS\codeigniter\system\CodeIgniter.php(390): CodeIgniter\CodeIgniter->createController()
#4 C:\xampp\htdocs\myLPU-HIMS\codeigniter\system\CodeIgniter.php(317): CodeIgniter\CodeIgniter->handleRequest(NULL, Object(Config\Cache), false)
#5 C:\xampp\htdocs\myLPU-HIMS\lycean\public\index.php(37): CodeIgniter\CodeIgniter->run()
#6 {main}
CRITICAL - 2021-10-11 22:49:50 --> Trying to access array offset on value of type null
#0 C:\xampp\htdocs\myLPU-HIMS\lycean\app\Helpers\useraccount_helper.php(20): CodeIgniter\Debug\Exceptions->errorHandler(2, 'Trying to acces...', 'C:\\xampp\\htdocs...', 20)
#1 C:\xampp\htdocs\myLPU-HIMS\lycean\app\Controllers\Consultation.php(15): getUserFullname()
#2 C:\xampp\htdocs\myLPU-HIMS\codeigniter\system\CodeIgniter.php(779): App\Controllers\Consultation->__construct()
#3 C:\xampp\htdocs\myLPU-HIMS\codeigniter\system\CodeIgniter.php(390): CodeIgniter\CodeIgniter->createController()
#4 C:\xampp\htdocs\myLPU-HIMS\codeigniter\system\CodeIgniter.php(317): CodeIgniter\CodeIgniter->handleRequest(NULL, Object(Config\Cache), false)
#5 C:\xampp\htdocs\myLPU-HIMS\lycean\public\index.php(37): CodeIgniter\CodeIgniter->run()
#6 {main}
CRITICAL - 2021-10-11 22:49:50 --> Trying to access array offset on value of type null
#0 C:\xampp\htdocs\myLPU-HIMS\lycean\app\Helpers\useraccount_helper.php(20): CodeIgniter\Debug\Exceptions->errorHandler(2, 'Trying to acces...', 'C:\\xampp\\htdocs...', 20)
#1 C:\xampp\htdocs\myLPU-HIMS\lycean\app\Controllers\Consultation.php(15): getUserFullname()
#2 C:\xampp\htdocs\myLPU-HIMS\codeigniter\system\CodeIgniter.php(779): App\Controllers\Consultation->__construct()
#3 C:\xampp\htdocs\myLPU-HIMS\codeigniter\system\CodeIgniter.php(390): CodeIgniter\CodeIgniter->createController()
#4 C:\xampp\htdocs\myLPU-HIMS\codeigniter\system\CodeIgniter.php(317): CodeIgniter\CodeIgniter->handleRequest(NULL, Object(Config\Cache), false)
#5 C:\xampp\htdocs\myLPU-HIMS\lycean\public\index.php(37): CodeIgniter\CodeIgniter->run()
#6 {main}
CRITICAL - 2021-10-11 22:49:50 --> Trying to access array offset on value of type null
#0 C:\xampp\htdocs\myLPU-HIMS\lycean\app\Helpers\useraccount_helper.php(20): CodeIgniter\Debug\Exceptions->errorHandler(2, 'Trying to acces...', 'C:\\xampp\\htdocs...', 20)
#1 C:\xampp\htdocs\myLPU-HIMS\lycean\app\Controllers\Consultation.php(15): getUserFullname()
#2 C:\xampp\htdocs\myLPU-HIMS\codeigniter\system\CodeIgniter.php(779): App\Controllers\Consultation->__construct()
#3 C:\xampp\htdocs\myLPU-HIMS\codeigniter\system\CodeIgniter.php(390): CodeIgniter\CodeIgniter->createController()
#4 C:\xampp\htdocs\myLPU-HIMS\codeigniter\system\CodeIgniter.php(317): CodeIgniter\CodeIgniter->handleRequest(NULL, Object(Config\Cache), false)
#5 C:\xampp\htdocs\myLPU-HIMS\lycean\public\index.php(37): CodeIgniter\CodeIgniter->run()
#6 {main}
CRITICAL - 2021-10-11 22:49:51 --> Trying to access array offset on value of type null
#0 C:\xampp\htdocs\myLPU-HIMS\lycean\app\Helpers\useraccount_helper.php(20): CodeIgniter\Debug\Exceptions->errorHandler(2, 'Trying to acces...', 'C:\\xampp\\htdocs...', 20)
#1 C:\xampp\htdocs\myLPU-HIMS\lycean\app\Controllers\Consultation.php(15): getUserFullname()
#2 C:\xampp\htdocs\myLPU-HIMS\codeigniter\system\CodeIgniter.php(779): App\Controllers\Consultation->__construct()
#3 C:\xampp\htdocs\myLPU-HIMS\codeigniter\system\CodeIgniter.php(390): CodeIgniter\CodeIgniter->createController()
#4 C:\xampp\htdocs\myLPU-HIMS\codeigniter\system\CodeIgniter.php(317): CodeIgniter\CodeIgniter->handleRequest(NULL, Object(Config\Cache), false)
#5 C:\xampp\htdocs\myLPU-HIMS\lycean\public\index.php(37): CodeIgniter\CodeIgniter->run()
#6 {main}
CRITICAL - 2021-10-11 22:49:51 --> Trying to access array offset on value of type null
#0 C:\xampp\htdocs\myLPU-HIMS\lycean\app\Helpers\useraccount_helper.php(20): CodeIgniter\Debug\Exceptions->errorHandler(2, 'Trying to acces...', 'C:\\xampp\\htdocs...', 20)
#1 C:\xampp\htdocs\myLPU-HIMS\lycean\app\Controllers\Consultation.php(15): getUserFullname()
#2 C:\xampp\htdocs\myLPU-HIMS\codeigniter\system\CodeIgniter.php(779): App\Controllers\Consultation->__construct()
#3 C:\xampp\htdocs\myLPU-HIMS\codeigniter\system\CodeIgniter.php(390): CodeIgniter\CodeIgniter->createController()
#4 C:\xampp\htdocs\myLPU-HIMS\codeigniter\system\CodeIgniter.php(317): CodeIgniter\CodeIgniter->handleRequest(NULL, Object(Config\Cache), false)
#5 C:\xampp\htdocs\myLPU-HIMS\lycean\public\index.php(37): CodeIgniter\CodeIgniter->run()
#6 {main}
CRITICAL - 2021-10-11 22:49:51 --> Trying to access array offset on value of type null
#0 C:\xampp\htdocs\myLPU-HIMS\lycean\app\Helpers\useraccount_helper.php(20): CodeIgniter\Debug\Exceptions->errorHandler(2, 'Trying to acces...', 'C:\\xampp\\htdocs...', 20)
#1 C:\xampp\htdocs\myLPU-HIMS\lycean\app\Controllers\Consultation.php(15): getUserFullname()
#2 C:\xampp\htdocs\myLPU-HIMS\codeigniter\system\CodeIgniter.php(779): App\Controllers\Consultation->__construct()
#3 C:\xampp\htdocs\myLPU-HIMS\codeigniter\system\CodeIgniter.php(390): CodeIgniter\CodeIgniter->createController()
#4 C:\xampp\htdocs\myLPU-HIMS\codeigniter\system\CodeIgniter.php(317): CodeIgniter\CodeIgniter->handleRequest(NULL, Object(Config\Cache), false)
#5 C:\xampp\htdocs\myLPU-HIMS\lycean\public\index.php(37): CodeIgniter\CodeIgniter->run()
#6 {main}
CRITICAL - 2021-10-11 22:49:51 --> Trying to access array offset on value of type null
#0 C:\xampp\htdocs\myLPU-HIMS\lycean\app\Helpers\useraccount_helper.php(20): CodeIgniter\Debug\Exceptions->errorHandler(2, 'Trying to acces...', 'C:\\xampp\\htdocs...', 20)
#1 C:\xampp\htdocs\myLPU-HIMS\lycean\app\Controllers\Consultation.php(15): getUserFullname()
#2 C:\xampp\htdocs\myLPU-HIMS\codeigniter\system\CodeIgniter.php(779): App\Controllers\Consultation->__construct()
#3 C:\xampp\htdocs\myLPU-HIMS\codeigniter\system\CodeIgniter.php(390): CodeIgniter\CodeIgniter->createController()
#4 C:\xampp\htdocs\myLPU-HIMS\codeigniter\system\CodeIgniter.php(317): CodeIgniter\CodeIgniter->handleRequest(NULL, Object(Config\Cache), false)
#5 C:\xampp\htdocs\myLPU-HIMS\lycean\public\index.php(37): CodeIgniter\CodeIgniter->run()
#6 {main}
CRITICAL - 2021-10-11 22:49:51 --> Trying to access array offset on value of type null
#0 C:\xampp\htdocs\myLPU-HIMS\lycean\app\Helpers\useraccount_helper.php(20): CodeIgniter\Debug\Exceptions->errorHandler(2, 'Trying to acces...', 'C:\\xampp\\htdocs...', 20)
#1 C:\xampp\htdocs\myLPU-HIMS\lycean\app\Controllers\Consultation.php(15): getUserFullname()
#2 C:\xampp\htdocs\myLPU-HIMS\codeigniter\system\CodeIgniter.php(779): App\Controllers\Consultation->__construct()
#3 C:\xampp\htdocs\myLPU-HIMS\codeigniter\system\CodeIgniter.php(390): CodeIgniter\CodeIgniter->createController()
#4 C:\xampp\htdocs\myLPU-HIMS\codeigniter\system\CodeIgniter.php(317): CodeIgniter\CodeIgniter->handleRequest(NULL, Object(Config\Cache), false)
#5 C:\xampp\htdocs\myLPU-HIMS\lycean\public\index.php(37): CodeIgniter\CodeIgniter->run()
#6 {main}
