CRITICAL - 2021-12-04 14:58:24 --> Uncaught ErrorException: Undefined variable $page_title in C:\xampp\htdocs\myLPU-HIMS\lycean\app\Views\errors\html\error_404.php:8
Stack trace:
#0 C:\xampp\htdocs\myLPU-HIMS\lycean\app\Views\errors\html\error_404.php(8): CodeIgniter\Debug\Exceptions->errorHandler(2, 'Undefined varia...', 'C:\\xampp\\htdocs...', 8)
#1 C:\xampp\htdocs\myLPU-HIMS\vendor\codeigniter\system\Debug\Exceptions.php(235): include('C:\\xampp\\htdocs...')
#2 C:\xampp\htdocs\myLPU-HIMS\vendor\codeigniter\system\Debug\Exceptions.php(132): CodeIgniter\Debug\Exceptions->render(Object(CodeIgniter\Exceptions\PageNotFoundException), 404)
#3 [internal function]: CodeIgniter\Debug\Exceptions->exceptionHandler(Object(CodeIgniter\Exceptions\PageNotFoundException))
#4 {main}
  thrown
#0 [internal function]: CodeIgniter\Debug\Exceptions->shutdownHandler()
#1 {main}
CRITICAL - 2021-12-04 14:58:26 --> Uncaught ErrorException: Undefined variable $page_title in C:\xampp\htdocs\myLPU-HIMS\lycean\app\Views\errors\html\error_404.php:8
Stack trace:
#0 C:\xampp\htdocs\myLPU-HIMS\lycean\app\Views\errors\html\error_404.php(8): CodeIgniter\Debug\Exceptions->errorHandler(2, 'Undefined varia...', 'C:\\xampp\\htdocs...', 8)
#1 C:\xampp\htdocs\myLPU-HIMS\vendor\codeigniter\system\Debug\Exceptions.php(235): include('C:\\xampp\\htdocs...')
#2 C:\xampp\htdocs\myLPU-HIMS\vendor\codeigniter\system\Debug\Exceptions.php(132): CodeIgniter\Debug\Exceptions->render(Object(CodeIgniter\Exceptions\PageNotFoundException), 404)
#3 [internal function]: CodeIgniter\Debug\Exceptions->exceptionHandler(Object(CodeIgniter\Exceptions\PageNotFoundException))
#4 {main}
  thrown
#0 [internal function]: CodeIgniter\Debug\Exceptions->shutdownHandler()
#1 {main}
CRITICAL - 2021-12-04 17:20:08 --> Uncaught ErrorException: Undefined variable $fullname in C:\xampp\htdocs\myLPU-HIMS\lycean\app\Views\errors\html\error_404.php:48
Stack trace:
#0 C:\xampp\htdocs\myLPU-HIMS\lycean\app\Views\errors\html\error_404.php(48): CodeIgniter\Debug\Exceptions->errorHandler(2, 'Undefined varia...', 'C:\\xampp\\htdocs...', 48)
#1 C:\xampp\htdocs\myLPU-HIMS\vendor\codeigniter\system\Debug\Exceptions.php(235): include('C:\\xampp\\htdocs...')
#2 C:\xampp\htdocs\myLPU-HIMS\vendor\codeigniter\system\Debug\Exceptions.php(132): CodeIgniter\Debug\Exceptions->render(Object(CodeIgniter\Exceptions\PageNotFoundException), 404)
#3 [internal function]: CodeIgniter\Debug\Exceptions->exceptionHandler(Object(CodeIgniter\Exceptions\PageNotFoundException))
#4 {main}
  thrown
#0 [internal function]: CodeIgniter\Debug\Exceptions->shutdownHandler()
#1 {main}
CRITICAL - 2021-12-04 17:21:34 --> Uncaught ErrorException: Undefined variable $fullname in C:\xampp\htdocs\myLPU-HIMS\lycean\app\Views\errors\html\error_404.php:48
Stack trace:
#0 C:\xampp\htdocs\myLPU-HIMS\lycean\app\Views\errors\html\error_404.php(48): CodeIgniter\Debug\Exceptions->errorHandler(2, 'Undefined varia...', 'C:\\xampp\\htdocs...', 48)
#1 C:\xampp\htdocs\myLPU-HIMS\vendor\codeigniter\system\Debug\Exceptions.php(235): include('C:\\xampp\\htdocs...')
#2 C:\xampp\htdocs\myLPU-HIMS\vendor\codeigniter\system\Debug\Exceptions.php(132): CodeIgniter\Debug\Exceptions->render(Object(CodeIgniter\Exceptions\PageNotFoundException), 404)
#3 [internal function]: CodeIgniter\Debug\Exceptions->exceptionHandler(Object(CodeIgniter\Exceptions\PageNotFoundException))
#4 {main}
  thrown
#0 [internal function]: CodeIgniter\Debug\Exceptions->shutdownHandler()
#1 {main}
CRITICAL - 2021-12-04 17:21:51 --> Uncaught ErrorException: Undefined variable $fullname in C:\xampp\htdocs\myLPU-HIMS\lycean\app\Views\errors\html\error_404.php:48
Stack trace:
#0 C:\xampp\htdocs\myLPU-HIMS\lycean\app\Views\errors\html\error_404.php(48): CodeIgniter\Debug\Exceptions->errorHandler(2, 'Undefined varia...', 'C:\\xampp\\htdocs...', 48)
#1 C:\xampp\htdocs\myLPU-HIMS\vendor\codeigniter\system\Debug\Exceptions.php(235): include('C:\\xampp\\htdocs...')
#2 C:\xampp\htdocs\myLPU-HIMS\vendor\codeigniter\system\Debug\Exceptions.php(132): CodeIgniter\Debug\Exceptions->render(Object(CodeIgniter\Exceptions\PageNotFoundException), 404)
#3 [internal function]: CodeIgniter\Debug\Exceptions->exceptionHandler(Object(CodeIgniter\Exceptions\PageNotFoundException))
#4 {main}
  thrown
#0 [internal function]: CodeIgniter\Debug\Exceptions->shutdownHandler()
#1 {main}
CRITICAL - 2021-12-04 17:33:04 --> Uncaught ErrorException: Undefined variable $fullname in C:\xampp\htdocs\myLPU-HIMS\lycean\app\Views\errors\html\error_404.php:47
Stack trace:
#0 C:\xampp\htdocs\myLPU-HIMS\lycean\app\Views\errors\html\error_404.php(47): CodeIgniter\Debug\Exceptions->errorHandler(2, 'Undefined varia...', 'C:\\xampp\\htdocs...', 47)
#1 C:\xampp\htdocs\myLPU-HIMS\vendor\codeigniter\system\Debug\Exceptions.php(235): include('C:\\xampp\\htdocs...')
#2 C:\xampp\htdocs\myLPU-HIMS\vendor\codeigniter\system\Debug\Exceptions.php(132): CodeIgniter\Debug\Exceptions->render(Object(CodeIgniter\Exceptions\PageNotFoundException), 404)
#3 [internal function]: CodeIgniter\Debug\Exceptions->exceptionHandler(Object(CodeIgniter\Exceptions\PageNotFoundException))
#4 {main}
  thrown
#0 [internal function]: CodeIgniter\Debug\Exceptions->shutdownHandler()
#1 {main}
CRITICAL - 2021-12-04 17:33:04 --> Uncaught ErrorException: Undefined variable $fullname in C:\xampp\htdocs\myLPU-HIMS\lycean\app\Views\errors\html\error_404.php:47
Stack trace:
#0 C:\xampp\htdocs\myLPU-HIMS\lycean\app\Views\errors\html\error_404.php(47): CodeIgniter\Debug\Exceptions->errorHandler(2, 'Undefined varia...', 'C:\\xampp\\htdocs...', 47)
#1 C:\xampp\htdocs\myLPU-HIMS\vendor\codeigniter\system\Debug\Exceptions.php(235): include('C:\\xampp\\htdocs...')
#2 C:\xampp\htdocs\myLPU-HIMS\vendor\codeigniter\system\Debug\Exceptions.php(132): CodeIgniter\Debug\Exceptions->render(Object(CodeIgniter\Exceptions\PageNotFoundException), 404)
#3 [internal function]: CodeIgniter\Debug\Exceptions->exceptionHandler(Object(CodeIgniter\Exceptions\PageNotFoundException))
#4 {main}
  thrown
#0 [internal function]: CodeIgniter\Debug\Exceptions->shutdownHandler()
#1 {main}
CRITICAL - 2021-12-04 17:33:05 --> Uncaught ErrorException: Undefined variable $fullname in C:\xampp\htdocs\myLPU-HIMS\lycean\app\Views\errors\html\error_404.php:47
Stack trace:
#0 C:\xampp\htdocs\myLPU-HIMS\lycean\app\Views\errors\html\error_404.php(47): CodeIgniter\Debug\Exceptions->errorHandler(2, 'Undefined varia...', 'C:\\xampp\\htdocs...', 47)
#1 C:\xampp\htdocs\myLPU-HIMS\vendor\codeigniter\system\Debug\Exceptions.php(235): include('C:\\xampp\\htdocs...')
#2 C:\xampp\htdocs\myLPU-HIMS\vendor\codeigniter\system\Debug\Exceptions.php(132): CodeIgniter\Debug\Exceptions->render(Object(CodeIgniter\Exceptions\PageNotFoundException), 404)
#3 [internal function]: CodeIgniter\Debug\Exceptions->exceptionHandler(Object(CodeIgniter\Exceptions\PageNotFoundException))
#4 {main}
  thrown
#0 [internal function]: CodeIgniter\Debug\Exceptions->shutdownHandler()
#1 {main}
