ERROR - 2021-10-18 17:18:59 --> Table 'mylpuhims_db.health_personnels_accounts' doesn't exist
CRITICAL - 2021-10-18 17:18:59 --> Table 'mylpuhims_db.health_personnels_accounts' doesn't exist
#0 C:\xampp\htdocs\myLPU-HIMS\codeigniter\system\Database\MySQLi\Connection.php(280): mysqli->query('SELECT *\nFROM `...')
#1 C:\xampp\htdocs\myLPU-HIMS\codeigniter\system\Database\BaseConnection.php(663): CodeIgniter\Database\MySQLi\Connection->execute('SELECT *\nFROM `...')
#2 C:\xampp\htdocs\myLPU-HIMS\codeigniter\system\Database\BaseConnection.php(591): CodeIgniter\Database\BaseConnection->simpleQuery('SELECT *\nFROM `...')
#3 C:\xampp\htdocs\myLPU-HIMS\codeigniter\system\Database\BaseBuilder.php(1428): CodeIgniter\Database\BaseConnection->query('SELECT *\nFROM `...', Array, false)
#4 C:\xampp\htdocs\myLPU-HIMS\codeigniter\system\Model.php(145): CodeIgniter\Database\BaseBuilder->get()
#5 C:\xampp\htdocs\myLPU-HIMS\codeigniter\system\BaseModel.php(523): CodeIgniter\Model->doFind(false, NULL)
#6 C:\xampp\htdocs\myLPU-HIMS\lycean\app\Controllers\Consultation.php(292): CodeIgniter\BaseModel->find()
#7 C:\xampp\htdocs\myLPU-HIMS\codeigniter\system\CodeIgniter.php(802): App\Controllers\Consultation->fetchOnlinePersonnels()
#8 C:\xampp\htdocs\myLPU-HIMS\codeigniter\system\CodeIgniter.php(399): CodeIgniter\CodeIgniter->runController(Object(App\Controllers\Consultation))
#9 C:\xampp\htdocs\myLPU-HIMS\codeigniter\system\CodeIgniter.php(317): CodeIgniter\CodeIgniter->handleRequest(NULL, Object(Config\Cache), false)
#10 C:\xampp\htdocs\myLPU-HIMS\lycean\public\index.php(37): CodeIgniter\CodeIgniter->run()
#11 {main}
ERROR - 2021-10-18 21:03:40 --> Error connecting to the database: Unknown database 'mylpuhims_db'
CRITICAL - 2021-10-18 21:03:40 --> Unable to connect to the database.
Main connection [MySQLi]: Unknown database 'mylpuhims_db'
#0 C:\xampp\htdocs\myLPU-HIMS\codeigniter\system\Database\BaseConnection.php(570): CodeIgniter\Database\BaseConnection->initialize()
#1 C:\xampp\htdocs\myLPU-HIMS\codeigniter\system\Database\BaseBuilder.php(1428): CodeIgniter\Database\BaseConnection->query('SELECT *\nFROM `...', Array, false)
#2 C:\xampp\htdocs\myLPU-HIMS\codeigniter\system\Model.php(183): CodeIgniter\Database\BaseBuilder->get()
#3 C:\xampp\htdocs\myLPU-HIMS\codeigniter\system\BaseModel.php(584): CodeIgniter\Model->doFindAll(0, 0)
#4 C:\xampp\htdocs\myLPU-HIMS\lycean\app\Controllers\Notifications.php(21): CodeIgniter\BaseModel->findAll()
#5 C:\xampp\htdocs\myLPU-HIMS\codeigniter\system\CodeIgniter.php(802): App\Controllers\Notifications->fetchAllNotifications('2018-2-01509')
#6 C:\xampp\htdocs\myLPU-HIMS\codeigniter\system\CodeIgniter.php(399): CodeIgniter\CodeIgniter->runController(Object(App\Controllers\Notifications))
#7 C:\xampp\htdocs\myLPU-HIMS\codeigniter\system\CodeIgniter.php(317): CodeIgniter\CodeIgniter->handleRequest(NULL, Object(Config\Cache), false)
#8 C:\xampp\htdocs\myLPU-HIMS\lycean\public\index.php(37): CodeIgniter\CodeIgniter->run()
#9 {main}
ERROR - 2021-10-18 21:03:41 --> Error connecting to the database: Unknown database 'mylpuhims_db'
CRITICAL - 2021-10-18 21:03:41 --> Unable to connect to the database.
Main connection [MySQLi]: Unknown database 'mylpuhims_db'
#0 C:\xampp\htdocs\myLPU-HIMS\codeigniter\system\Database\BaseConnection.php(570): CodeIgniter\Database\BaseConnection->initialize()
#1 C:\xampp\htdocs\myLPU-HIMS\codeigniter\system\Database\BaseBuilder.php(1428): CodeIgniter\Database\BaseConnection->query('SELECT *\nFROM `...', Array, false)
#2 C:\xampp\htdocs\myLPU-HIMS\codeigniter\system\Model.php(183): CodeIgniter\Database\BaseBuilder->get()
#3 C:\xampp\htdocs\myLPU-HIMS\codeigniter\system\BaseModel.php(584): CodeIgniter\Model->doFindAll(0, 0)
#4 C:\xampp\htdocs\myLPU-HIMS\lycean\app\Controllers\Notifications.php(21): CodeIgniter\BaseModel->findAll()
#5 C:\xampp\htdocs\myLPU-HIMS\codeigniter\system\CodeIgniter.php(802): App\Controllers\Notifications->fetchAllNotifications('2018-2-01509')
#6 C:\xampp\htdocs\myLPU-HIMS\codeigniter\system\CodeIgniter.php(399): CodeIgniter\CodeIgniter->runController(Object(App\Controllers\Notifications))
#7 C:\xampp\htdocs\myLPU-HIMS\codeigniter\system\CodeIgniter.php(317): CodeIgniter\CodeIgniter->handleRequest(NULL, Object(Config\Cache), false)
#8 C:\xampp\htdocs\myLPU-HIMS\lycean\public\index.php(37): CodeIgniter\CodeIgniter->run()
#9 {main}
ERROR - 2021-10-18 21:03:42 --> Error connecting to the database: Unknown database 'mylpuhims_db'
CRITICAL - 2021-10-18 21:03:42 --> Unable to connect to the database.
Main connection [MySQLi]: Unknown database 'mylpuhims_db'
#0 C:\xampp\htdocs\myLPU-HIMS\codeigniter\system\Database\BaseConnection.php(570): CodeIgniter\Database\BaseConnection->initialize()
#1 C:\xampp\htdocs\myLPU-HIMS\codeigniter\system\Database\BaseBuilder.php(1428): CodeIgniter\Database\BaseConnection->query('SELECT *\nFROM `...', Array, false)
#2 C:\xampp\htdocs\myLPU-HIMS\codeigniter\system\Model.php(183): CodeIgniter\Database\BaseBuilder->get()
#3 C:\xampp\htdocs\myLPU-HIMS\codeigniter\system\BaseModel.php(584): CodeIgniter\Model->doFindAll(0, 0)
#4 C:\xampp\htdocs\myLPU-HIMS\lycean\app\Controllers\Notifications.php(21): CodeIgniter\BaseModel->findAll()
#5 C:\xampp\htdocs\myLPU-HIMS\codeigniter\system\CodeIgniter.php(802): App\Controllers\Notifications->fetchAllNotifications('2018-2-01509')
#6 C:\xampp\htdocs\myLPU-HIMS\codeigniter\system\CodeIgniter.php(399): CodeIgniter\CodeIgniter->runController(Object(App\Controllers\Notifications))
#7 C:\xampp\htdocs\myLPU-HIMS\codeigniter\system\CodeIgniter.php(317): CodeIgniter\CodeIgniter->handleRequest(NULL, Object(Config\Cache), false)
#8 C:\xampp\htdocs\myLPU-HIMS\lycean\public\index.php(37): CodeIgniter\CodeIgniter->run()
#9 {main}
ERROR - 2021-10-18 21:03:43 --> Error connecting to the database: Unknown database 'mylpuhims_db'
CRITICAL - 2021-10-18 21:03:43 --> Unable to connect to the database.
Main connection [MySQLi]: Unknown database 'mylpuhims_db'
#0 C:\xampp\htdocs\myLPU-HIMS\codeigniter\system\Database\BaseConnection.php(570): CodeIgniter\Database\BaseConnection->initialize()
#1 C:\xampp\htdocs\myLPU-HIMS\codeigniter\system\Database\BaseBuilder.php(1428): CodeIgniter\Database\BaseConnection->query('SELECT *\nFROM `...', Array, false)
#2 C:\xampp\htdocs\myLPU-HIMS\codeigniter\system\Model.php(183): CodeIgniter\Database\BaseBuilder->get()
#3 C:\xampp\htdocs\myLPU-HIMS\codeigniter\system\BaseModel.php(584): CodeIgniter\Model->doFindAll(0, 0)
#4 C:\xampp\htdocs\myLPU-HIMS\lycean\app\Controllers\Notifications.php(21): CodeIgniter\BaseModel->findAll()
#5 C:\xampp\htdocs\myLPU-HIMS\codeigniter\system\CodeIgniter.php(802): App\Controllers\Notifications->fetchAllNotifications('2018-2-01509')
#6 C:\xampp\htdocs\myLPU-HIMS\codeigniter\system\CodeIgniter.php(399): CodeIgniter\CodeIgniter->runController(Object(App\Controllers\Notifications))
#7 C:\xampp\htdocs\myLPU-HIMS\codeigniter\system\CodeIgniter.php(317): CodeIgniter\CodeIgniter->handleRequest(NULL, Object(Config\Cache), false)
#8 C:\xampp\htdocs\myLPU-HIMS\lycean\public\index.php(37): CodeIgniter\CodeIgniter->run()
#9 {main}
ERROR - 2021-10-18 21:03:44 --> Error connecting to the database: Unknown database 'mylpuhims_db'
CRITICAL - 2021-10-18 21:03:44 --> Unable to connect to the database.
Main connection [MySQLi]: Unknown database 'mylpuhims_db'
#0 C:\xampp\htdocs\myLPU-HIMS\codeigniter\system\Database\BaseConnection.php(570): CodeIgniter\Database\BaseConnection->initialize()
#1 C:\xampp\htdocs\myLPU-HIMS\codeigniter\system\Database\BaseBuilder.php(1428): CodeIgniter\Database\BaseConnection->query('SELECT *\nFROM `...', Array, false)
#2 C:\xampp\htdocs\myLPU-HIMS\codeigniter\system\Model.php(183): CodeIgniter\Database\BaseBuilder->get()
#3 C:\xampp\htdocs\myLPU-HIMS\codeigniter\system\BaseModel.php(584): CodeIgniter\Model->doFindAll(0, 0)
#4 C:\xampp\htdocs\myLPU-HIMS\lycean\app\Controllers\Notifications.php(21): CodeIgniter\BaseModel->findAll()
#5 C:\xampp\htdocs\myLPU-HIMS\codeigniter\system\CodeIgniter.php(802): App\Controllers\Notifications->fetchAllNotifications('2018-2-01509')
#6 C:\xampp\htdocs\myLPU-HIMS\codeigniter\system\CodeIgniter.php(399): CodeIgniter\CodeIgniter->runController(Object(App\Controllers\Notifications))
#7 C:\xampp\htdocs\myLPU-HIMS\codeigniter\system\CodeIgniter.php(317): CodeIgniter\CodeIgniter->handleRequest(NULL, Object(Config\Cache), false)
#8 C:\xampp\htdocs\myLPU-HIMS\lycean\public\index.php(37): CodeIgniter\CodeIgniter->run()
#9 {main}
ERROR - 2021-10-18 21:03:45 --> Error connecting to the database: Unknown database 'mylpuhims_db'
CRITICAL - 2021-10-18 21:03:45 --> Unable to connect to the database.
Main connection [MySQLi]: Unknown database 'mylpuhims_db'
#0 C:\xampp\htdocs\myLPU-HIMS\codeigniter\system\Database\BaseConnection.php(570): CodeIgniter\Database\BaseConnection->initialize()
#1 C:\xampp\htdocs\myLPU-HIMS\codeigniter\system\Database\BaseBuilder.php(1428): CodeIgniter\Database\BaseConnection->query('SELECT *\nFROM `...', Array, false)
#2 C:\xampp\htdocs\myLPU-HIMS\codeigniter\system\Model.php(183): CodeIgniter\Database\BaseBuilder->get()
#3 C:\xampp\htdocs\myLPU-HIMS\codeigniter\system\BaseModel.php(584): CodeIgniter\Model->doFindAll(0, 0)
#4 C:\xampp\htdocs\myLPU-HIMS\lycean\app\Controllers\Notifications.php(21): CodeIgniter\BaseModel->findAll()
#5 C:\xampp\htdocs\myLPU-HIMS\codeigniter\system\CodeIgniter.php(802): App\Controllers\Notifications->fetchAllNotifications('2018-2-01509')
#6 C:\xampp\htdocs\myLPU-HIMS\codeigniter\system\CodeIgniter.php(399): CodeIgniter\CodeIgniter->runController(Object(App\Controllers\Notifications))
#7 C:\xampp\htdocs\myLPU-HIMS\codeigniter\system\CodeIgniter.php(317): CodeIgniter\CodeIgniter->handleRequest(NULL, Object(Config\Cache), false)
#8 C:\xampp\htdocs\myLPU-HIMS\lycean\public\index.php(37): CodeIgniter\CodeIgniter->run()
#9 {main}
ERROR - 2021-10-18 21:03:46 --> Error connecting to the database: Unknown database 'mylpuhims_db'
CRITICAL - 2021-10-18 21:03:46 --> Unable to connect to the database.
Main connection [MySQLi]: Unknown database 'mylpuhims_db'
#0 C:\xampp\htdocs\myLPU-HIMS\codeigniter\system\Database\BaseConnection.php(570): CodeIgniter\Database\BaseConnection->initialize()
#1 C:\xampp\htdocs\myLPU-HIMS\codeigniter\system\Database\BaseBuilder.php(1428): CodeIgniter\Database\BaseConnection->query('SELECT *\nFROM `...', Array, false)
#2 C:\xampp\htdocs\myLPU-HIMS\codeigniter\system\Model.php(183): CodeIgniter\Database\BaseBuilder->get()
#3 C:\xampp\htdocs\myLPU-HIMS\codeigniter\system\BaseModel.php(584): CodeIgniter\Model->doFindAll(0, 0)
#4 C:\xampp\htdocs\myLPU-HIMS\lycean\app\Controllers\Notifications.php(21): CodeIgniter\BaseModel->findAll()
#5 C:\xampp\htdocs\myLPU-HIMS\codeigniter\system\CodeIgniter.php(802): App\Controllers\Notifications->fetchAllNotifications('2018-2-01509')
#6 C:\xampp\htdocs\myLPU-HIMS\codeigniter\system\CodeIgniter.php(399): CodeIgniter\CodeIgniter->runController(Object(App\Controllers\Notifications))
#7 C:\xampp\htdocs\myLPU-HIMS\codeigniter\system\CodeIgniter.php(317): CodeIgniter\CodeIgniter->handleRequest(NULL, Object(Config\Cache), false)
#8 C:\xampp\htdocs\myLPU-HIMS\lycean\public\index.php(37): CodeIgniter\CodeIgniter->run()
#9 {main}
ERROR - 2021-10-18 21:03:47 --> Error connecting to the database: Unknown database 'mylpuhims_db'
CRITICAL - 2021-10-18 21:03:47 --> Unable to connect to the database.
Main connection [MySQLi]: Unknown database 'mylpuhims_db'
#0 C:\xampp\htdocs\myLPU-HIMS\codeigniter\system\Database\BaseConnection.php(570): CodeIgniter\Database\BaseConnection->initialize()
#1 C:\xampp\htdocs\myLPU-HIMS\codeigniter\system\Database\BaseBuilder.php(1428): CodeIgniter\Database\BaseConnection->query('SELECT *\nFROM `...', Array, false)
#2 C:\xampp\htdocs\myLPU-HIMS\codeigniter\system\Model.php(183): CodeIgniter\Database\BaseBuilder->get()
#3 C:\xampp\htdocs\myLPU-HIMS\codeigniter\system\BaseModel.php(584): CodeIgniter\Model->doFindAll(0, 0)
#4 C:\xampp\htdocs\myLPU-HIMS\lycean\app\Controllers\Notifications.php(21): CodeIgniter\BaseModel->findAll()
#5 C:\xampp\htdocs\myLPU-HIMS\codeigniter\system\CodeIgniter.php(802): App\Controllers\Notifications->fetchAllNotifications('2018-2-01509')
#6 C:\xampp\htdocs\myLPU-HIMS\codeigniter\system\CodeIgniter.php(399): CodeIgniter\CodeIgniter->runController(Object(App\Controllers\Notifications))
#7 C:\xampp\htdocs\myLPU-HIMS\codeigniter\system\CodeIgniter.php(317): CodeIgniter\CodeIgniter->handleRequest(NULL, Object(Config\Cache), false)
#8 C:\xampp\htdocs\myLPU-HIMS\lycean\public\index.php(37): CodeIgniter\CodeIgniter->run()
#9 {main}
ERROR - 2021-10-18 21:03:48 --> Error connecting to the database: Unknown database 'mylpuhims_db'
CRITICAL - 2021-10-18 21:03:48 --> Unable to connect to the database.
Main connection [MySQLi]: Unknown database 'mylpuhims_db'
#0 C:\xampp\htdocs\myLPU-HIMS\codeigniter\system\Database\BaseConnection.php(570): CodeIgniter\Database\BaseConnection->initialize()
#1 C:\xampp\htdocs\myLPU-HIMS\codeigniter\system\Database\BaseBuilder.php(1428): CodeIgniter\Database\BaseConnection->query('SELECT *\nFROM `...', Array, false)
#2 C:\xampp\htdocs\myLPU-HIMS\codeigniter\system\Model.php(183): CodeIgniter\Database\BaseBuilder->get()
#3 C:\xampp\htdocs\myLPU-HIMS\codeigniter\system\BaseModel.php(584): CodeIgniter\Model->doFindAll(0, 0)
#4 C:\xampp\htdocs\myLPU-HIMS\lycean\app\Controllers\Notifications.php(21): CodeIgniter\BaseModel->findAll()
#5 C:\xampp\htdocs\myLPU-HIMS\codeigniter\system\CodeIgniter.php(802): App\Controllers\Notifications->fetchAllNotifications('2018-2-01509')
#6 C:\xampp\htdocs\myLPU-HIMS\codeigniter\system\CodeIgniter.php(399): CodeIgniter\CodeIgniter->runController(Object(App\Controllers\Notifications))
#7 C:\xampp\htdocs\myLPU-HIMS\codeigniter\system\CodeIgniter.php(317): CodeIgniter\CodeIgniter->handleRequest(NULL, Object(Config\Cache), false)
#8 C:\xampp\htdocs\myLPU-HIMS\lycean\public\index.php(37): CodeIgniter\CodeIgniter->run()
#9 {main}
ERROR - 2021-10-18 21:03:49 --> Error connecting to the database: Unknown database 'mylpuhims_db'
CRITICAL - 2021-10-18 21:03:49 --> Unable to connect to the database.
Main connection [MySQLi]: Unknown database 'mylpuhims_db'
#0 C:\xampp\htdocs\myLPU-HIMS\codeigniter\system\Database\BaseConnection.php(570): CodeIgniter\Database\BaseConnection->initialize()
#1 C:\xampp\htdocs\myLPU-HIMS\codeigniter\system\Database\BaseBuilder.php(1428): CodeIgniter\Database\BaseConnection->query('SELECT *\nFROM `...', Array, false)
#2 C:\xampp\htdocs\myLPU-HIMS\codeigniter\system\Model.php(183): CodeIgniter\Database\BaseBuilder->get()
#3 C:\xampp\htdocs\myLPU-HIMS\codeigniter\system\BaseModel.php(584): CodeIgniter\Model->doFindAll(0, 0)
#4 C:\xampp\htdocs\myLPU-HIMS\lycean\app\Controllers\Notifications.php(21): CodeIgniter\BaseModel->findAll()
#5 C:\xampp\htdocs\myLPU-HIMS\codeigniter\system\CodeIgniter.php(802): App\Controllers\Notifications->fetchAllNotifications('2018-2-01509')
#6 C:\xampp\htdocs\myLPU-HIMS\codeigniter\system\CodeIgniter.php(399): CodeIgniter\CodeIgniter->runController(Object(App\Controllers\Notifications))
#7 C:\xampp\htdocs\myLPU-HIMS\codeigniter\system\CodeIgniter.php(317): CodeIgniter\CodeIgniter->handleRequest(NULL, Object(Config\Cache), false)
#8 C:\xampp\htdocs\myLPU-HIMS\lycean\public\index.php(37): CodeIgniter\CodeIgniter->run()
#9 {main}
ERROR - 2021-10-18 21:03:50 --> Error connecting to the database: Unknown database 'mylpuhims_db'
CRITICAL - 2021-10-18 21:03:50 --> Unable to connect to the database.
Main connection [MySQLi]: Unknown database 'mylpuhims_db'
#0 C:\xampp\htdocs\myLPU-HIMS\codeigniter\system\Database\BaseConnection.php(570): CodeIgniter\Database\BaseConnection->initialize()
#1 C:\xampp\htdocs\myLPU-HIMS\codeigniter\system\Database\BaseBuilder.php(1428): CodeIgniter\Database\BaseConnection->query('SELECT *\nFROM `...', Array, false)
#2 C:\xampp\htdocs\myLPU-HIMS\codeigniter\system\Model.php(183): CodeIgniter\Database\BaseBuilder->get()
#3 C:\xampp\htdocs\myLPU-HIMS\codeigniter\system\BaseModel.php(584): CodeIgniter\Model->doFindAll(0, 0)
#4 C:\xampp\htdocs\myLPU-HIMS\lycean\app\Controllers\Notifications.php(21): CodeIgniter\BaseModel->findAll()
#5 C:\xampp\htdocs\myLPU-HIMS\codeigniter\system\CodeIgniter.php(802): App\Controllers\Notifications->fetchAllNotifications('2018-2-01509')
#6 C:\xampp\htdocs\myLPU-HIMS\codeigniter\system\CodeIgniter.php(399): CodeIgniter\CodeIgniter->runController(Object(App\Controllers\Notifications))
#7 C:\xampp\htdocs\myLPU-HIMS\codeigniter\system\CodeIgniter.php(317): CodeIgniter\CodeIgniter->handleRequest(NULL, Object(Config\Cache), false)
#8 C:\xampp\htdocs\myLPU-HIMS\lycean\public\index.php(37): CodeIgniter\CodeIgniter->run()
#9 {main}
ERROR - 2021-10-18 21:03:51 --> Error connecting to the database: Unknown database 'mylpuhims_db'
CRITICAL - 2021-10-18 21:03:51 --> Unable to connect to the database.
Main connection [MySQLi]: Unknown database 'mylpuhims_db'
#0 C:\xampp\htdocs\myLPU-HIMS\codeigniter\system\Database\BaseConnection.php(570): CodeIgniter\Database\BaseConnection->initialize()
#1 C:\xampp\htdocs\myLPU-HIMS\codeigniter\system\Database\BaseBuilder.php(1428): CodeIgniter\Database\BaseConnection->query('SELECT *\nFROM `...', Array, false)
#2 C:\xampp\htdocs\myLPU-HIMS\codeigniter\system\Model.php(183): CodeIgniter\Database\BaseBuilder->get()
#3 C:\xampp\htdocs\myLPU-HIMS\codeigniter\system\BaseModel.php(584): CodeIgniter\Model->doFindAll(0, 0)
#4 C:\xampp\htdocs\myLPU-HIMS\lycean\app\Controllers\Notifications.php(21): CodeIgniter\BaseModel->findAll()
#5 C:\xampp\htdocs\myLPU-HIMS\codeigniter\system\CodeIgniter.php(802): App\Controllers\Notifications->fetchAllNotifications('2018-2-01509')
#6 C:\xampp\htdocs\myLPU-HIMS\codeigniter\system\CodeIgniter.php(399): CodeIgniter\CodeIgniter->runController(Object(App\Controllers\Notifications))
#7 C:\xampp\htdocs\myLPU-HIMS\codeigniter\system\CodeIgniter.php(317): CodeIgniter\CodeIgniter->handleRequest(NULL, Object(Config\Cache), false)
#8 C:\xampp\htdocs\myLPU-HIMS\lycean\public\index.php(37): CodeIgniter\CodeIgniter->run()
#9 {main}
ERROR - 2021-10-18 21:03:52 --> Error connecting to the database: Unknown database 'mylpuhims_db'
CRITICAL - 2021-10-18 21:03:52 --> Unable to connect to the database.
Main connection [MySQLi]: Unknown database 'mylpuhims_db'
#0 C:\xampp\htdocs\myLPU-HIMS\codeigniter\system\Database\BaseConnection.php(570): CodeIgniter\Database\BaseConnection->initialize()
#1 C:\xampp\htdocs\myLPU-HIMS\codeigniter\system\Database\BaseBuilder.php(1428): CodeIgniter\Database\BaseConnection->query('SELECT *\nFROM `...', Array, false)
#2 C:\xampp\htdocs\myLPU-HIMS\codeigniter\system\Model.php(183): CodeIgniter\Database\BaseBuilder->get()
#3 C:\xampp\htdocs\myLPU-HIMS\codeigniter\system\BaseModel.php(584): CodeIgniter\Model->doFindAll(0, 0)
#4 C:\xampp\htdocs\myLPU-HIMS\lycean\app\Controllers\Notifications.php(21): CodeIgniter\BaseModel->findAll()
#5 C:\xampp\htdocs\myLPU-HIMS\codeigniter\system\CodeIgniter.php(802): App\Controllers\Notifications->fetchAllNotifications('2018-2-01509')
#6 C:\xampp\htdocs\myLPU-HIMS\codeigniter\system\CodeIgniter.php(399): CodeIgniter\CodeIgniter->runController(Object(App\Controllers\Notifications))
#7 C:\xampp\htdocs\myLPU-HIMS\codeigniter\system\CodeIgniter.php(317): CodeIgniter\CodeIgniter->handleRequest(NULL, Object(Config\Cache), false)
#8 C:\xampp\htdocs\myLPU-HIMS\lycean\public\index.php(37): CodeIgniter\CodeIgniter->run()
#9 {main}
ERROR - 2021-10-18 21:03:53 --> Error connecting to the database: Unknown database 'mylpuhims_db'
CRITICAL - 2021-10-18 21:03:53 --> Unable to connect to the database.
Main connection [MySQLi]: Unknown database 'mylpuhims_db'
#0 C:\xampp\htdocs\myLPU-HIMS\codeigniter\system\Database\BaseConnection.php(570): CodeIgniter\Database\BaseConnection->initialize()
#1 C:\xampp\htdocs\myLPU-HIMS\codeigniter\system\Database\BaseBuilder.php(1428): CodeIgniter\Database\BaseConnection->query('SELECT *\nFROM `...', Array, false)
#2 C:\xampp\htdocs\myLPU-HIMS\codeigniter\system\Model.php(183): CodeIgniter\Database\BaseBuilder->get()
#3 C:\xampp\htdocs\myLPU-HIMS\codeigniter\system\BaseModel.php(584): CodeIgniter\Model->doFindAll(0, 0)
#4 C:\xampp\htdocs\myLPU-HIMS\lycean\app\Controllers\Notifications.php(21): CodeIgniter\BaseModel->findAll()
#5 C:\xampp\htdocs\myLPU-HIMS\codeigniter\system\CodeIgniter.php(802): App\Controllers\Notifications->fetchAllNotifications('2018-2-01509')
#6 C:\xampp\htdocs\myLPU-HIMS\codeigniter\system\CodeIgniter.php(399): CodeIgniter\CodeIgniter->runController(Object(App\Controllers\Notifications))
#7 C:\xampp\htdocs\myLPU-HIMS\codeigniter\system\CodeIgniter.php(317): CodeIgniter\CodeIgniter->handleRequest(NULL, Object(Config\Cache), false)
#8 C:\xampp\htdocs\myLPU-HIMS\lycean\public\index.php(37): CodeIgniter\CodeIgniter->run()
#9 {main}
ERROR - 2021-10-18 21:03:54 --> Error connecting to the database: Unknown database 'mylpuhims_db'
CRITICAL - 2021-10-18 21:03:54 --> Unable to connect to the database.
Main connection [MySQLi]: Unknown database 'mylpuhims_db'
#0 C:\xampp\htdocs\myLPU-HIMS\codeigniter\system\Database\BaseConnection.php(570): CodeIgniter\Database\BaseConnection->initialize()
#1 C:\xampp\htdocs\myLPU-HIMS\codeigniter\system\Database\BaseBuilder.php(1428): CodeIgniter\Database\BaseConnection->query('SELECT *\nFROM `...', Array, false)
#2 C:\xampp\htdocs\myLPU-HIMS\codeigniter\system\Model.php(183): CodeIgniter\Database\BaseBuilder->get()
#3 C:\xampp\htdocs\myLPU-HIMS\codeigniter\system\BaseModel.php(584): CodeIgniter\Model->doFindAll(0, 0)
#4 C:\xampp\htdocs\myLPU-HIMS\lycean\app\Controllers\Notifications.php(21): CodeIgniter\BaseModel->findAll()
#5 C:\xampp\htdocs\myLPU-HIMS\codeigniter\system\CodeIgniter.php(802): App\Controllers\Notifications->fetchAllNotifications('2018-2-01509')
#6 C:\xampp\htdocs\myLPU-HIMS\codeigniter\system\CodeIgniter.php(399): CodeIgniter\CodeIgniter->runController(Object(App\Controllers\Notifications))
#7 C:\xampp\htdocs\myLPU-HIMS\codeigniter\system\CodeIgniter.php(317): CodeIgniter\CodeIgniter->handleRequest(NULL, Object(Config\Cache), false)
#8 C:\xampp\htdocs\myLPU-HIMS\lycean\public\index.php(37): CodeIgniter\CodeIgniter->run()
#9 {main}
ERROR - 2021-10-18 21:03:55 --> Error connecting to the database: Unknown database 'mylpuhims_db'
CRITICAL - 2021-10-18 21:03:55 --> Unable to connect to the database.
Main connection [MySQLi]: Unknown database 'mylpuhims_db'
#0 C:\xampp\htdocs\myLPU-HIMS\codeigniter\system\Database\BaseConnection.php(570): CodeIgniter\Database\BaseConnection->initialize()
#1 C:\xampp\htdocs\myLPU-HIMS\codeigniter\system\Database\BaseBuilder.php(1428): CodeIgniter\Database\BaseConnection->query('SELECT *\nFROM `...', Array, false)
#2 C:\xampp\htdocs\myLPU-HIMS\codeigniter\system\Model.php(183): CodeIgniter\Database\BaseBuilder->get()
#3 C:\xampp\htdocs\myLPU-HIMS\codeigniter\system\BaseModel.php(584): CodeIgniter\Model->doFindAll(0, 0)
#4 C:\xampp\htdocs\myLPU-HIMS\lycean\app\Controllers\Notifications.php(21): CodeIgniter\BaseModel->findAll()
#5 C:\xampp\htdocs\myLPU-HIMS\codeigniter\system\CodeIgniter.php(802): App\Controllers\Notifications->fetchAllNotifications('2018-2-01509')
#6 C:\xampp\htdocs\myLPU-HIMS\codeigniter\system\CodeIgniter.php(399): CodeIgniter\CodeIgniter->runController(Object(App\Controllers\Notifications))
#7 C:\xampp\htdocs\myLPU-HIMS\codeigniter\system\CodeIgniter.php(317): CodeIgniter\CodeIgniter->handleRequest(NULL, Object(Config\Cache), false)
#8 C:\xampp\htdocs\myLPU-HIMS\lycean\public\index.php(37): CodeIgniter\CodeIgniter->run()
#9 {main}
ERROR - 2021-10-18 21:03:56 --> Error connecting to the database: Unknown database 'mylpuhims_db'
CRITICAL - 2021-10-18 21:03:56 --> Unable to connect to the database.
Main connection [MySQLi]: Unknown database 'mylpuhims_db'
#0 C:\xampp\htdocs\myLPU-HIMS\codeigniter\system\Database\BaseConnection.php(570): CodeIgniter\Database\BaseConnection->initialize()
#1 C:\xampp\htdocs\myLPU-HIMS\codeigniter\system\Database\BaseBuilder.php(1428): CodeIgniter\Database\BaseConnection->query('SELECT *\nFROM `...', Array, false)
#2 C:\xampp\htdocs\myLPU-HIMS\codeigniter\system\Model.php(183): CodeIgniter\Database\BaseBuilder->get()
#3 C:\xampp\htdocs\myLPU-HIMS\codeigniter\system\BaseModel.php(584): CodeIgniter\Model->doFindAll(0, 0)
#4 C:\xampp\htdocs\myLPU-HIMS\lycean\app\Controllers\Notifications.php(21): CodeIgniter\BaseModel->findAll()
#5 C:\xampp\htdocs\myLPU-HIMS\codeigniter\system\CodeIgniter.php(802): App\Controllers\Notifications->fetchAllNotifications('2018-2-01509')
#6 C:\xampp\htdocs\myLPU-HIMS\codeigniter\system\CodeIgniter.php(399): CodeIgniter\CodeIgniter->runController(Object(App\Controllers\Notifications))
#7 C:\xampp\htdocs\myLPU-HIMS\codeigniter\system\CodeIgniter.php(317): CodeIgniter\CodeIgniter->handleRequest(NULL, Object(Config\Cache), false)
#8 C:\xampp\htdocs\myLPU-HIMS\lycean\public\index.php(37): CodeIgniter\CodeIgniter->run()
#9 {main}
ERROR - 2021-10-18 21:03:57 --> Error connecting to the database: Unknown database 'mylpuhims_db'
CRITICAL - 2021-10-18 21:03:57 --> Unable to connect to the database.
Main connection [MySQLi]: Unknown database 'mylpuhims_db'
#0 C:\xampp\htdocs\myLPU-HIMS\codeigniter\system\Database\BaseConnection.php(570): CodeIgniter\Database\BaseConnection->initialize()
#1 C:\xampp\htdocs\myLPU-HIMS\codeigniter\system\Database\BaseBuilder.php(1428): CodeIgniter\Database\BaseConnection->query('SELECT *\nFROM `...', Array, false)
#2 C:\xampp\htdocs\myLPU-HIMS\codeigniter\system\Model.php(183): CodeIgniter\Database\BaseBuilder->get()
#3 C:\xampp\htdocs\myLPU-HIMS\codeigniter\system\BaseModel.php(584): CodeIgniter\Model->doFindAll(0, 0)
#4 C:\xampp\htdocs\myLPU-HIMS\lycean\app\Controllers\Notifications.php(21): CodeIgniter\BaseModel->findAll()
#5 C:\xampp\htdocs\myLPU-HIMS\codeigniter\system\CodeIgniter.php(802): App\Controllers\Notifications->fetchAllNotifications('2018-2-01509')
#6 C:\xampp\htdocs\myLPU-HIMS\codeigniter\system\CodeIgniter.php(399): CodeIgniter\CodeIgniter->runController(Object(App\Controllers\Notifications))
#7 C:\xampp\htdocs\myLPU-HIMS\codeigniter\system\CodeIgniter.php(317): CodeIgniter\CodeIgniter->handleRequest(NULL, Object(Config\Cache), false)
#8 C:\xampp\htdocs\myLPU-HIMS\lycean\public\index.php(37): CodeIgniter\CodeIgniter->run()
#9 {main}
ERROR - 2021-10-18 21:03:58 --> Error connecting to the database: Unknown database 'mylpuhims_db'
CRITICAL - 2021-10-18 21:03:58 --> Unable to connect to the database.
Main connection [MySQLi]: Unknown database 'mylpuhims_db'
#0 C:\xampp\htdocs\myLPU-HIMS\codeigniter\system\Database\BaseConnection.php(570): CodeIgniter\Database\BaseConnection->initialize()
#1 C:\xampp\htdocs\myLPU-HIMS\codeigniter\system\Database\BaseBuilder.php(1428): CodeIgniter\Database\BaseConnection->query('SELECT *\nFROM `...', Array, false)
#2 C:\xampp\htdocs\myLPU-HIMS\codeigniter\system\Model.php(183): CodeIgniter\Database\BaseBuilder->get()
#3 C:\xampp\htdocs\myLPU-HIMS\codeigniter\system\BaseModel.php(584): CodeIgniter\Model->doFindAll(0, 0)
#4 C:\xampp\htdocs\myLPU-HIMS\lycean\app\Controllers\Notifications.php(21): CodeIgniter\BaseModel->findAll()
#5 C:\xampp\htdocs\myLPU-HIMS\codeigniter\system\CodeIgniter.php(802): App\Controllers\Notifications->fetchAllNotifications('2018-2-01509')
#6 C:\xampp\htdocs\myLPU-HIMS\codeigniter\system\CodeIgniter.php(399): CodeIgniter\CodeIgniter->runController(Object(App\Controllers\Notifications))
#7 C:\xampp\htdocs\myLPU-HIMS\codeigniter\system\CodeIgniter.php(317): CodeIgniter\CodeIgniter->handleRequest(NULL, Object(Config\Cache), false)
#8 C:\xampp\htdocs\myLPU-HIMS\lycean\public\index.php(37): CodeIgniter\CodeIgniter->run()
#9 {main}
ERROR - 2021-10-18 21:03:59 --> Error connecting to the database: Unknown database 'mylpuhims_db'
CRITICAL - 2021-10-18 21:03:59 --> Unable to connect to the database.
Main connection [MySQLi]: Unknown database 'mylpuhims_db'
#0 C:\xampp\htdocs\myLPU-HIMS\codeigniter\system\Database\BaseConnection.php(570): CodeIgniter\Database\BaseConnection->initialize()
#1 C:\xampp\htdocs\myLPU-HIMS\codeigniter\system\Database\BaseBuilder.php(1428): CodeIgniter\Database\BaseConnection->query('SELECT *\nFROM `...', Array, false)
#2 C:\xampp\htdocs\myLPU-HIMS\codeigniter\system\Model.php(183): CodeIgniter\Database\BaseBuilder->get()
#3 C:\xampp\htdocs\myLPU-HIMS\codeigniter\system\BaseModel.php(584): CodeIgniter\Model->doFindAll(0, 0)
#4 C:\xampp\htdocs\myLPU-HIMS\lycean\app\Controllers\Notifications.php(21): CodeIgniter\BaseModel->findAll()
#5 C:\xampp\htdocs\myLPU-HIMS\codeigniter\system\CodeIgniter.php(802): App\Controllers\Notifications->fetchAllNotifications('2018-2-01509')
#6 C:\xampp\htdocs\myLPU-HIMS\codeigniter\system\CodeIgniter.php(399): CodeIgniter\CodeIgniter->runController(Object(App\Controllers\Notifications))
#7 C:\xampp\htdocs\myLPU-HIMS\codeigniter\system\CodeIgniter.php(317): CodeIgniter\CodeIgniter->handleRequest(NULL, Object(Config\Cache), false)
#8 C:\xampp\htdocs\myLPU-HIMS\lycean\public\index.php(37): CodeIgniter\CodeIgniter->run()
#9 {main}
ERROR - 2021-10-18 21:04:00 --> Error connecting to the database: Unknown database 'mylpuhims_db'
CRITICAL - 2021-10-18 21:04:00 --> Unable to connect to the database.
Main connection [MySQLi]: Unknown database 'mylpuhims_db'
#0 C:\xampp\htdocs\myLPU-HIMS\codeigniter\system\Database\BaseConnection.php(570): CodeIgniter\Database\BaseConnection->initialize()
#1 C:\xampp\htdocs\myLPU-HIMS\codeigniter\system\Database\BaseBuilder.php(1428): CodeIgniter\Database\BaseConnection->query('SELECT *\nFROM `...', Array, false)
#2 C:\xampp\htdocs\myLPU-HIMS\codeigniter\system\Model.php(183): CodeIgniter\Database\BaseBuilder->get()
#3 C:\xampp\htdocs\myLPU-HIMS\codeigniter\system\BaseModel.php(584): CodeIgniter\Model->doFindAll(0, 0)
#4 C:\xampp\htdocs\myLPU-HIMS\lycean\app\Controllers\Notifications.php(21): CodeIgniter\BaseModel->findAll()
#5 C:\xampp\htdocs\myLPU-HIMS\codeigniter\system\CodeIgniter.php(802): App\Controllers\Notifications->fetchAllNotifications('2018-2-01509')
#6 C:\xampp\htdocs\myLPU-HIMS\codeigniter\system\CodeIgniter.php(399): CodeIgniter\CodeIgniter->runController(Object(App\Controllers\Notifications))
#7 C:\xampp\htdocs\myLPU-HIMS\codeigniter\system\CodeIgniter.php(317): CodeIgniter\CodeIgniter->handleRequest(NULL, Object(Config\Cache), false)
#8 C:\xampp\htdocs\myLPU-HIMS\lycean\public\index.php(37): CodeIgniter\CodeIgniter->run()
#9 {main}
ERROR - 2021-10-18 21:04:01 --> Error connecting to the database: Unknown database 'mylpuhims_db'
CRITICAL - 2021-10-18 21:04:01 --> Unable to connect to the database.
Main connection [MySQLi]: Unknown database 'mylpuhims_db'
#0 C:\xampp\htdocs\myLPU-HIMS\codeigniter\system\Database\BaseConnection.php(570): CodeIgniter\Database\BaseConnection->initialize()
#1 C:\xampp\htdocs\myLPU-HIMS\codeigniter\system\Database\BaseBuilder.php(1428): CodeIgniter\Database\BaseConnection->query('SELECT *\nFROM `...', Array, false)
#2 C:\xampp\htdocs\myLPU-HIMS\codeigniter\system\Model.php(183): CodeIgniter\Database\BaseBuilder->get()
#3 C:\xampp\htdocs\myLPU-HIMS\codeigniter\system\BaseModel.php(584): CodeIgniter\Model->doFindAll(0, 0)
#4 C:\xampp\htdocs\myLPU-HIMS\lycean\app\Controllers\Notifications.php(21): CodeIgniter\BaseModel->findAll()
#5 C:\xampp\htdocs\myLPU-HIMS\codeigniter\system\CodeIgniter.php(802): App\Controllers\Notifications->fetchAllNotifications('2018-2-01509')
#6 C:\xampp\htdocs\myLPU-HIMS\codeigniter\system\CodeIgniter.php(399): CodeIgniter\CodeIgniter->runController(Object(App\Controllers\Notifications))
#7 C:\xampp\htdocs\myLPU-HIMS\codeigniter\system\CodeIgniter.php(317): CodeIgniter\CodeIgniter->handleRequest(NULL, Object(Config\Cache), false)
#8 C:\xampp\htdocs\myLPU-HIMS\lycean\public\index.php(37): CodeIgniter\CodeIgniter->run()
#9 {main}
ERROR - 2021-10-18 21:04:02 --> Error connecting to the database: Unknown database 'mylpuhims_db'
CRITICAL - 2021-10-18 21:04:02 --> Unable to connect to the database.
Main connection [MySQLi]: Unknown database 'mylpuhims_db'
#0 C:\xampp\htdocs\myLPU-HIMS\codeigniter\system\Database\BaseConnection.php(570): CodeIgniter\Database\BaseConnection->initialize()
#1 C:\xampp\htdocs\myLPU-HIMS\codeigniter\system\Database\BaseBuilder.php(1428): CodeIgniter\Database\BaseConnection->query('SELECT *\nFROM `...', Array, false)
#2 C:\xampp\htdocs\myLPU-HIMS\codeigniter\system\Model.php(183): CodeIgniter\Database\BaseBuilder->get()
#3 C:\xampp\htdocs\myLPU-HIMS\codeigniter\system\BaseModel.php(584): CodeIgniter\Model->doFindAll(0, 0)
#4 C:\xampp\htdocs\myLPU-HIMS\lycean\app\Controllers\Notifications.php(21): CodeIgniter\BaseModel->findAll()
#5 C:\xampp\htdocs\myLPU-HIMS\codeigniter\system\CodeIgniter.php(802): App\Controllers\Notifications->fetchAllNotifications('2018-2-01509')
#6 C:\xampp\htdocs\myLPU-HIMS\codeigniter\system\CodeIgniter.php(399): CodeIgniter\CodeIgniter->runController(Object(App\Controllers\Notifications))
#7 C:\xampp\htdocs\myLPU-HIMS\codeigniter\system\CodeIgniter.php(317): CodeIgniter\CodeIgniter->handleRequest(NULL, Object(Config\Cache), false)
#8 C:\xampp\htdocs\myLPU-HIMS\lycean\public\index.php(37): CodeIgniter\CodeIgniter->run()
#9 {main}
